# JRE version: Java(TM) SE Runtime Environment (8.0_221-b11) (build 1.8.0_221-b11)
# Java VM: Java HotSpot(TM) 64-Bit Server VM (25.221-b11 mixed mode windows-amd64 compressed oops)
Heap:
 PSYoungGen      total 35840K, used 34364K [0x00000000d6180000, 0x00000000d9080000, 0x0000000100000000)
  eden space 29696K, 95% used [0x00000000d6180000,0x00000000d7d2c090,0x00000000d7e80000)
  from space 6144K, 98% used [0x00000000d7f00000,0x00000000d84e3090,0x00000000d8500000)
  to   space 9216K, 0% used [0x00000000d8780000,0x00000000d8780000,0x00000000d9080000)
 ParOldGen       total 65024K, used 9412K [0x0000000082400000, 0x0000000086380000, 0x00000000d6180000)
  object space 65024K, 14% used [0x0000000082400000,0x0000000082d31350,0x0000000086380000)
 Metaspace       used 25212K, capacity 25976K, committed 26240K, reserved 1073152K
  class space    used 2903K, capacity 3140K, committed 3200K, reserved 1048576K
GC Heap History (10 events):
Event: 369.377 GC heap before
{Heap before GC invocations=8 (full 1):
 PSYoungGen      total 34816K, used 34444K [0x00000000d6180000, 0x00000000d9b80000, 0x0000000100000000)
  eden space 32256K, 100% used [0x00000000d6180000,0x00000000d8100000,0x00000000d8100000)
  from space 2560K, 85% used [0x00000000d9900000,0x00000000d9b23190,0x00000000d9b80000)
  to   space 10752K, 0% used [0x00000000d8680000,0x00000000d8680000,0x00000000d9100000)
 ParOldGen       total 65024K, used 9380K [0x0000000082400000, 0x0000000086380000, 0x00000000d6180000)
  object space 65024K, 14% used [0x0000000082400000,0x0000000082d29350,0x0000000086380000)
 Metaspace       used 24414K, capacity 25098K, committed 25216K, reserved 1071104K
  class space    used 2879K, capacity 3111K, committed 3200K, reserved 1048576K
Event: 369.507 GC heap after
Heap after GC invocations=8 (full 1):
 PSYoungGen      total 34816K, used 3068K [0x00000000d6180000, 0x00000000d9980000, 0x0000000100000000)
  eden space 31744K, 0% used [0x00000000d6180000,0x00000000d6180000,0x00000000d8080000)
  from space 3072K, 99% used [0x00000000d8680000,0x00000000d897f048,0x00000000d8980000)
  to   space 10752K, 0% used [0x00000000d8f00000,0x00000000d8f00000,0x00000000d9980000)
 ParOldGen       total 65024K, used 9388K [0x0000000082400000, 0x0000000086380000, 0x00000000d6180000)
  object space 65024K, 14% used [0x0000000082400000,0x0000000082d2b350,0x0000000086380000)
 Metaspace       used 24414K, capacity 25098K, committed 25216K, reserved 1071104K
  class space    used 2879K, capacity 3111K, committed 3200K, reserved 1048576K
}
Event: 541.966 GC heap before
{Heap before GC invocations=9 (full 1):
 PSYoungGen      total 34816K, used 34812K [0x00000000d6180000, 0x00000000d9980000, 0x0000000100000000)
  eden space 31744K, 100% used [0x00000000d6180000,0x00000000d8080000,0x00000000d8080000)
  from space 3072K, 99% used [0x00000000d8680000,0x00000000d897f048,0x00000000d8980000)
  to   space 10752K, 0% used [0x00000000d8f00000,0x00000000d8f00000,0x00000000d9980000)
 ParOldGen       total 65024K, used 9388K [0x0000000082400000, 0x0000000086380000, 0x00000000d6180000)
  object space 65024K, 14% used [0x0000000082400000,0x0000000082d2b350,0x0000000086380000)
 Metaspace       used 24678K, capacity 25404K, committed 25728K, reserved 1071104K
  class space    used 2889K, capacity 3128K, committed 3200K, reserved 1048576K
Event: 542.245 GC heap after
Heap after GC invocations=9 (full 1):
 PSYoungGen      total 36352K, used 4078K [0x00000000d6180000, 0x00000000d9400000, 0x0000000100000000)
  eden space 31232K, 0% used [0x00000000d6180000,0x00000000d6180000,0x00000000d8000000)
  from space 5120K, 79% used [0x00000000d8f00000,0x00000000d92fbb50,0x00000000d9400000)
  to   space 10240K, 0% used [0x00000000d8000000,0x00000000d8000000,0x00000000d8a00000)
 ParOldGen       total 65024K, used 9396K [0x0000000082400000, 0x0000000086380000, 0x00000000d6180000)
  object space 65024K, 14% used [0x0000000082400000,0x0000000082d2d350,0x0000000086380000)
 Metaspace       used 24678K, capacity 25404K, committed 25728K, reserved 1071104K
  class space    used 2889K, capacity 3128K, committed 3200K, reserved 1048576K
}
Event: 741.427 GC heap before
{Heap before GC invocations=10 (full 1):
 PSYoungGen      total 36352K, used 35310K [0x00000000d6180000, 0x00000000d9400000, 0x0000000100000000)
  eden space 31232K, 100% used [0x00000000d6180000,0x00000000d8000000,0x00000000d8000000)
  from space 5120K, 79% used [0x00000000d8f00000,0x00000000d92fbb50,0x00000000d9400000)
  to   space 10240K, 0% used [0x00000000d8000000,0x00000000d8000000,0x00000000d8a00000)
 ParOldGen       total 65024K, used 9396K [0x0000000082400000, 0x0000000086380000, 0x00000000d6180000)
  object space 65024K, 14% used [0x0000000082400000,0x0000000082d2d350,0x0000000086380000)
 Metaspace       used 24812K, capacity 25544K, committed 25728K, reserved 1071104K
  class space    used 2890K, capacity 3130K, committed 3200K, reserved 1048576K
Event: 741.785 GC heap after
Heap after GC invocations=10 (full 1):
 PSYoungGen      total 35328K, used 4523K [0x00000000d6180000, 0x00000000d9280000, 0x0000000100000000)
  eden space 30720K, 0% used [0x00000000d6180000,0x00000000d6180000,0x00000000d7f80000)
  from space 4608K, 98% used [0x00000000d8000000,0x00000000d846af80,0x00000000d8480000)
  to   space 9728K, 0% used [0x00000000d8900000,0x00000000d8900000,0x00000000d9280000)
 ParOldGen       total 65024K, used 9404K [0x0000000082400000, 0x0000000086380000, 0x00000000d6180000)
  object space 65024K, 14% used [0x0000000082400000,0x0000000082d2f350,0x0000000086380000)
 Metaspace       used 24812K, capacity 25544K, committed 25728K, reserved 1071104K
  class space    used 2890K, capacity 3130K, committed 3200K, reserved 1048576K
}
Event: 1023.178 GC heap before
{Heap before GC invocations=11 (full 1):
 PSYoungGen      total 35328K, used 35243K [0x00000000d6180000, 0x00000000d9280000, 0x0000000100000000)
  eden space 30720K, 100% used [0x00000000d6180000,0x00000000d7f80000,0x00000000d7f80000)
  from space 4608K, 98% used [0x00000000d8000000,0x00000000d846af80,0x00000000d8480000)
  to   space 9728K, 0% used [0x00000000d8900000,0x00000000d8900000,0x00000000d9280000)
 ParOldGen       total 65024K, used 9404K [0x0000000082400000, 0x0000000086380000, 0x00000000d6180000)
  object space 65024K, 14% used [0x0000000082400000,0x0000000082d2f350,0x0000000086380000)
 Metaspace       used 24959K, capacity 25680K, committed 25984K, reserved 1073152K
  class space    used 2890K, capacity 3130K, committed 3200K, reserved 1048576K
Event: 1023.564 GC heap after
Heap after GC invocations=11 (full 1):
 PSYoungGen      total 38400K, used 5277K [0x00000000d6180000, 0x00000000d9100000, 0x0000000100000000)
  eden space 30208K, 0% used [0x00000000d6180000,0x00000000d6180000,0x00000000d7f00000)
  from space 8192K, 64% used [0x00000000d8900000,0x00000000d8e276e8,0x00000000d9100000)
  to   space 9216K, 0% used [0x00000000d7f00000,0x00000000d7f00000,0x00000000d8800000)
 ParOldGen       total 65024K, used 9404K [0x0000000082400000, 0x0000000086380000, 0x00000000d6180000)
  object space 65024K, 14% used [0x0000000082400000,0x0000000082d2f350,0x0000000086380000)
 Metaspace       used 24959K, capacity 25680K, committed 25984K, reserved 1073152K
  class space    used 2890K, capacity 3130K, committed 3200K, reserved 1048576K
}
Event: 1492.014 GC heap before
{Heap before GC invocations=12 (full 1):
 PSYoungGen      total 38400K, used 35485K [0x00000000d6180000, 0x00000000d9100000, 0x0000000100000000)
  eden space 30208K, 100% used [0x00000000d6180000,0x00000000d7f00000,0x00000000d7f00000)
  from space 8192K, 64% used [0x00000000d8900000,0x00000000d8e276e8,0x00000000d9100000)
  to   space 9216K, 0% used [0x00000000d7f00000,0x00000000d7f00000,0x00000000d8800000)
 ParOldGen       total 65024K, used 9404K [0x0000000082400000, 0x0000000086380000, 0x00000000d6180000)
  object space 65024K, 14% used [0x0000000082400000,0x0000000082d2f350,0x0000000086380000)
 Metaspace       used 25142K, capacity 25848K, committed 25984K, reserved 1073152K
  class space    used 2903K, capacity 3140K, committed 3200K, reserved 1048576K
Event: 1493.190 GC heap after
Heap after GC invocations=12 (full 1):
 PSYoungGen      total 35840K, used 6028K [0x00000000d6180000, 0x00000000d9080000, 0x0000000100000000)
  eden space 29696K, 0% used [0x00000000d6180000,0x00000000d6180000,0x00000000d7e80000)
  from space 6144K, 98% used [0x00000000d7f00000,0x00000000d84e3090,0x00000000d8500000)
  to   space 9216K, 0% used [0x00000000d8780000,0x00000000d8780000,0x00000000d9080000)
 ParOldGen       total 65024K, used 9412K [0x0000000082400000, 0x0000000086380000, 0x00000000d6180000)
  object space 65024K, 14% used [0x0000000082400000,0x0000000082d31350,0x0000000086380000)
 Metaspace       used 25142K, capacity 25848K, committed 25984K, reserved 1073152K
  class space    used 2903K, capacity 3140K, committed 3200K, reserved 1048576K
}

