<?xml version="1.0" encoding="UTF-8"?>
<!-- Generated by org.testng.reporters.JUnitXMLReporter -->
<testsuite hostname="sramamo1" ignored="0" name="Lemonade Test Cases" tests="190" failures="0" timestamp="2021-05-26T18:33:07 IST" time="1589.047" errors="0">
  <testcase name="TC04_SVIDS_Admin_Flow" time="0.516" classname="com.att.lemonade.testcases.TC04_SVIDS_Admin">
    <skipped/>
  </testcase> <!-- TC04_SVIDS_Admin_Flow -->
  <testcase name="TC02_My_Accounts_Flow" time="1.283" classname="com.att.lemonade.testcases.TC02_My_Accounts">
    <skipped/>
  </testcase> <!-- TC02_My_Accounts_Flow -->
  <testcase name="TC08_Contacts_Admin_Flow" time="1.287" classname="com.att.lemonade.testcases.TC08_Contacts_Admin">
    <skipped/>
  </testcase> <!-- TC08_Contacts_Admin_Flow -->
  <testcase name="TC04_SVIDS_Admin_Flow" time="0.001" classname="com.att.lemonade.testcases.TC04_SVIDS_Admin">
    <skipped/>
  </testcase> <!-- TC04_SVIDS_Admin_Flow -->
  <testcase name="TC07_My_Contacts_Flow" time="1.29" classname="com.att.lemonade.testcases.TC07_My_Contacts">
    <skipped/>
  </testcase> <!-- TC07_My_Contacts_Flow -->
  <testcase name="TC01_Accounts_Admin_Flow" time="1.287" classname="com.att.lemonade.testcases.TC01_Accounts_Admin">
    <skipped/>
  </testcase> <!-- TC01_Accounts_Admin_Flow -->
  <testcase name="TC04_SVIDS_Admin_Flow" time="0.001" classname="com.att.lemonade.testcases.TC04_SVIDS_Admin">
    <skipped/>
  </testcase> <!-- TC04_SVIDS_Admin_Flow -->
  <testcase name="TC02_My_Accounts_Flow" time="0.001" classname="com.att.lemonade.testcases.TC02_My_Accounts">
    <skipped/>
  </testcase> <!-- TC02_My_Accounts_Flow -->
  <testcase name="TC07_My_Contacts_Flow" time="0.319" classname="com.att.lemonade.testcases.TC07_My_Contacts">
    <skipped/>
  </testcase> <!-- TC07_My_Contacts_Flow -->
  <testcase name="TC02_My_Accounts_Flow" time="0.146" classname="com.att.lemonade.testcases.TC02_My_Accounts">
    <skipped/>
  </testcase> <!-- TC02_My_Accounts_Flow -->
  <testcase name="TC08_Contacts_Admin_Flow" time="0.317" classname="com.att.lemonade.testcases.TC08_Contacts_Admin">
    <skipped/>
  </testcase> <!-- TC08_Contacts_Admin_Flow -->
  <testcase name="TC04_SVIDS_Admin_Flow" time="0.005" classname="com.att.lemonade.testcases.TC04_SVIDS_Admin">
    <skipped/>
  </testcase> <!-- TC04_SVIDS_Admin_Flow -->
  <testcase name="TC01_Accounts_Admin_Flow" time="0.235" classname="com.att.lemonade.testcases.TC01_Accounts_Admin">
    <skipped/>
  </testcase> <!-- TC01_Accounts_Admin_Flow -->
  <testcase name="TC02_My_Accounts_Flow" time="0.118" classname="com.att.lemonade.testcases.TC02_My_Accounts">
    <skipped/>
  </testcase> <!-- TC02_My_Accounts_Flow -->
  <testcase name="TC07_My_Contacts_Flow" time="0.004" classname="com.att.lemonade.testcases.TC07_My_Contacts">
    <skipped/>
  </testcase> <!-- TC07_My_Contacts_Flow -->
  <testcase name="TC04_SVIDS_Admin_Flow" time="0.199" classname="com.att.lemonade.testcases.TC04_SVIDS_Admin">
    <skipped/>
  </testcase> <!-- TC04_SVIDS_Admin_Flow -->
  <testcase name="TC02_My_Accounts_Flow" time="0.001" classname="com.att.lemonade.testcases.TC02_My_Accounts">
    <skipped/>
  </testcase> <!-- TC02_My_Accounts_Flow -->
  <testcase name="TC01_Accounts_Admin_Flow" time="0.288" classname="com.att.lemonade.testcases.TC01_Accounts_Admin">
    <skipped/>
  </testcase> <!-- TC01_Accounts_Admin_Flow -->
  <testcase name="TC08_Contacts_Admin_Flow" time="0.155" classname="com.att.lemonade.testcases.TC08_Contacts_Admin">
    <skipped/>
  </testcase> <!-- TC08_Contacts_Admin_Flow -->
  <testcase name="TC02_My_Accounts_Flow" time="0.168" classname="com.att.lemonade.testcases.TC02_My_Accounts">
    <skipped/>
  </testcase> <!-- TC02_My_Accounts_Flow -->
  <testcase name="TC04_SVIDS_Admin_Flow" time="0.133" classname="com.att.lemonade.testcases.TC04_SVIDS_Admin">
    <skipped/>
  </testcase> <!-- TC04_SVIDS_Admin_Flow -->
  <testcase name="TC07_My_Contacts_Flow" time="0.229" classname="com.att.lemonade.testcases.TC07_My_Contacts">
    <skipped/>
  </testcase> <!-- TC07_My_Contacts_Flow -->
  <testcase name="TC08_Contacts_Admin_Flow" time="0.041" classname="com.att.lemonade.testcases.TC08_Contacts_Admin">
    <skipped/>
  </testcase> <!-- TC08_Contacts_Admin_Flow -->
  <testcase name="TC01_Accounts_Admin_Flow" time="0.121" classname="com.att.lemonade.testcases.TC01_Accounts_Admin">
    <skipped/>
  </testcase> <!-- TC01_Accounts_Admin_Flow -->
  <testcase name="TC04_SVIDS_Admin_Flow" time="0.187" classname="com.att.lemonade.testcases.TC04_SVIDS_Admin">
    <skipped/>
  </testcase> <!-- TC04_SVIDS_Admin_Flow -->
  <testcase name="TC07_My_Contacts_Flow" time="0.12" classname="com.att.lemonade.testcases.TC07_My_Contacts">
    <skipped/>
  </testcase> <!-- TC07_My_Contacts_Flow -->
  <testcase name="TC02_My_Accounts_Flow" time="0.079" classname="com.att.lemonade.testcases.TC02_My_Accounts">
    <skipped/>
  </testcase> <!-- TC02_My_Accounts_Flow -->
  <testcase name="TC08_Contacts_Admin_Flow" time="0.005" classname="com.att.lemonade.testcases.TC08_Contacts_Admin">
    <skipped/>
  </testcase> <!-- TC08_Contacts_Admin_Flow -->
  <testcase name="TC01_Accounts_Admin_Flow" time="0.089" classname="com.att.lemonade.testcases.TC01_Accounts_Admin">
    <skipped/>
  </testcase> <!-- TC01_Accounts_Admin_Flow -->
  <testcase name="TC02_My_Accounts_Flow" time="0.039" classname="com.att.lemonade.testcases.TC02_My_Accounts">
    <skipped/>
  </testcase> <!-- TC02_My_Accounts_Flow -->
  <testcase name="TC08_Contacts_Admin_Flow" time="0.079" classname="com.att.lemonade.testcases.TC08_Contacts_Admin">
    <skipped/>
  </testcase> <!-- TC08_Contacts_Admin_Flow -->
  <testcase name="TC04_SVIDS_Admin_Flow" time="0.22" classname="com.att.lemonade.testcases.TC04_SVIDS_Admin">
    <skipped/>
  </testcase> <!-- TC04_SVIDS_Admin_Flow -->
  <testcase name="TC01_Accounts_Admin_Flow" time="0.183" classname="com.att.lemonade.testcases.TC01_Accounts_Admin">
    <skipped/>
  </testcase> <!-- TC01_Accounts_Admin_Flow -->
  <testcase name="TC07_My_Contacts_Flow" time="0.024" classname="com.att.lemonade.testcases.TC07_My_Contacts">
    <skipped/>
  </testcase> <!-- TC07_My_Contacts_Flow -->
  <testcase name="TC01_Accounts_Admin_Flow" time="0.153" classname="com.att.lemonade.testcases.TC01_Accounts_Admin">
    <skipped/>
  </testcase> <!-- TC01_Accounts_Admin_Flow -->
  <testcase name="TC02_My_Accounts_Flow" time="0.452" classname="com.att.lemonade.testcases.TC02_My_Accounts">
    <skipped/>
  </testcase> <!-- TC02_My_Accounts_Flow -->
  <testcase name="TC01_Accounts_Admin_Flow" time="0.122" classname="com.att.lemonade.testcases.TC01_Accounts_Admin">
    <skipped/>
  </testcase> <!-- TC01_Accounts_Admin_Flow -->
  <testcase name="TC08_Contacts_Admin_Flow" time="0.245" classname="com.att.lemonade.testcases.TC08_Contacts_Admin">
    <skipped/>
  </testcase> <!-- TC08_Contacts_Admin_Flow -->
  <testcase name="TC04_SVIDS_Admin_Flow" time="0.385" classname="com.att.lemonade.testcases.TC04_SVIDS_Admin">
    <skipped/>
  </testcase> <!-- TC04_SVIDS_Admin_Flow -->
  <testcase name="TC07_My_Contacts_Flow" time="0.086" classname="com.att.lemonade.testcases.TC07_My_Contacts">
    <skipped/>
  </testcase> <!-- TC07_My_Contacts_Flow -->
  <testcase name="TC02_My_Accounts_Flow" time="0.154" classname="com.att.lemonade.testcases.TC02_My_Accounts">
    <skipped/>
  </testcase> <!-- TC02_My_Accounts_Flow -->
  <testcase name="TC08_Contacts_Admin_Flow" time="0.116" classname="com.att.lemonade.testcases.TC08_Contacts_Admin">
    <skipped/>
  </testcase> <!-- TC08_Contacts_Admin_Flow -->
  <testcase name="TC04_SVIDS_Admin_Flow" time="0.096" classname="com.att.lemonade.testcases.TC04_SVIDS_Admin">
    <skipped/>
  </testcase> <!-- TC04_SVIDS_Admin_Flow -->
  <testcase name="TC01_Accounts_Admin_Flow" time="0.247" classname="com.att.lemonade.testcases.TC01_Accounts_Admin">
    <skipped/>
  </testcase> <!-- TC01_Accounts_Admin_Flow -->
  <testcase name="TC07_My_Contacts_Flow" time="0.131" classname="com.att.lemonade.testcases.TC07_My_Contacts">
    <skipped/>
  </testcase> <!-- TC07_My_Contacts_Flow -->
  <testcase name="TC02_My_Accounts_Flow" time="0.232" classname="com.att.lemonade.testcases.TC02_My_Accounts">
    <skipped/>
  </testcase> <!-- TC02_My_Accounts_Flow -->
  <testcase name="TC04_SVIDS_Admin_Flow" time="0.059" classname="com.att.lemonade.testcases.TC04_SVIDS_Admin">
    <skipped/>
  </testcase> <!-- TC04_SVIDS_Admin_Flow -->
  <testcase name="TC08_Contacts_Admin_Flow" time="0.18" classname="com.att.lemonade.testcases.TC08_Contacts_Admin">
    <skipped/>
  </testcase> <!-- TC08_Contacts_Admin_Flow -->
  <testcase name="TC07_My_Contacts_Flow" time="0.047" classname="com.att.lemonade.testcases.TC07_My_Contacts">
    <skipped/>
  </testcase> <!-- TC07_My_Contacts_Flow -->
  <testcase name="TC01_Accounts_Admin_Flow" time="0.176" classname="com.att.lemonade.testcases.TC01_Accounts_Admin">
    <skipped/>
  </testcase> <!-- TC01_Accounts_Admin_Flow -->
  <testcase name="TC04_SVIDS_Admin_Flow" time="0.138" classname="com.att.lemonade.testcases.TC04_SVIDS_Admin">
    <skipped/>
  </testcase> <!-- TC04_SVIDS_Admin_Flow -->
  <testcase name="TC02_My_Accounts_Flow" time="0.323" classname="com.att.lemonade.testcases.TC02_My_Accounts">
    <skipped/>
  </testcase> <!-- TC02_My_Accounts_Flow -->
  <testcase name="TC01_Accounts_Admin_Flow" time="0.001" classname="com.att.lemonade.testcases.TC01_Accounts_Admin">
    <skipped/>
  </testcase> <!-- TC01_Accounts_Admin_Flow -->
  <testcase name="TC07_My_Contacts_Flow" time="0.055" classname="com.att.lemonade.testcases.TC07_My_Contacts">
    <skipped/>
  </testcase> <!-- TC07_My_Contacts_Flow -->
  <testcase name="TC08_Contacts_Admin_Flow" time="0.212" classname="com.att.lemonade.testcases.TC08_Contacts_Admin">
    <skipped/>
  </testcase> <!-- TC08_Contacts_Admin_Flow -->
  <testcase name="TC04_SVIDS_Admin_Flow" time="0.0" classname="com.att.lemonade.testcases.TC04_SVIDS_Admin">
    <skipped/>
  </testcase> <!-- TC04_SVIDS_Admin_Flow -->
  <testcase name="TC02_My_Accounts_Flow" time="0.124" classname="com.att.lemonade.testcases.TC02_My_Accounts">
    <skipped/>
  </testcase> <!-- TC02_My_Accounts_Flow -->
  <testcase name="TC02_My_Accounts_Flow" time="0.117" classname="com.att.lemonade.testcases.TC02_My_Accounts">
    <skipped/>
  </testcase> <!-- TC02_My_Accounts_Flow -->
  <testcase name="TC01_Accounts_Admin_Flow" time="0.251" classname="com.att.lemonade.testcases.TC01_Accounts_Admin">
    <skipped/>
  </testcase> <!-- TC01_Accounts_Admin_Flow -->
  <testcase name="TC07_My_Contacts_Flow" time="0.192" classname="com.att.lemonade.testcases.TC07_My_Contacts">
    <skipped/>
  </testcase> <!-- TC07_My_Contacts_Flow -->
  <testcase name="TC01_Accounts_Admin_Flow" time="0.001" classname="com.att.lemonade.testcases.TC01_Accounts_Admin">
    <skipped/>
  </testcase> <!-- TC01_Accounts_Admin_Flow -->
  <testcase name="TC08_Contacts_Admin_Flow" time="0.042" classname="com.att.lemonade.testcases.TC08_Contacts_Admin">
    <skipped/>
  </testcase> <!-- TC08_Contacts_Admin_Flow -->
  <testcase name="TC04_SVIDS_Admin_Flow" time="0.135" classname="com.att.lemonade.testcases.TC04_SVIDS_Admin">
    <skipped/>
  </testcase> <!-- TC04_SVIDS_Admin_Flow -->
  <testcase name="TC01_Accounts_Admin_Flow" time="0.103" classname="com.att.lemonade.testcases.TC01_Accounts_Admin">
    <skipped/>
  </testcase> <!-- TC01_Accounts_Admin_Flow -->
  <testcase name="TC07_My_Contacts_Flow" time="0.192" classname="com.att.lemonade.testcases.TC07_My_Contacts">
    <skipped/>
  </testcase> <!-- TC07_My_Contacts_Flow -->
  <testcase name="TC02_My_Accounts_Flow" time="0.307" classname="com.att.lemonade.testcases.TC02_My_Accounts">
    <skipped/>
  </testcase> <!-- TC02_My_Accounts_Flow -->
  <testcase name="TC08_Contacts_Admin_Flow" time="0.05" classname="com.att.lemonade.testcases.TC08_Contacts_Admin">
    <skipped/>
  </testcase> <!-- TC08_Contacts_Admin_Flow -->
  <testcase name="TC04_SVIDS_Admin_Flow" time="0.211" classname="com.att.lemonade.testcases.TC04_SVIDS_Admin">
    <skipped/>
  </testcase> <!-- TC04_SVIDS_Admin_Flow -->
  <testcase name="TC01_Accounts_Admin_Flow" time="0.057" classname="com.att.lemonade.testcases.TC01_Accounts_Admin">
    <skipped/>
  </testcase> <!-- TC01_Accounts_Admin_Flow -->
  <testcase name="TC02_My_Accounts_Flow" time="0.001" classname="com.att.lemonade.testcases.TC02_My_Accounts">
    <skipped/>
  </testcase> <!-- TC02_My_Accounts_Flow -->
  <testcase name="TC07_My_Contacts_Flow" time="0.237" classname="com.att.lemonade.testcases.TC07_My_Contacts">
    <skipped/>
  </testcase> <!-- TC07_My_Contacts_Flow -->
  <testcase name="TC02_My_Accounts_Flow" time="0.135" classname="com.att.lemonade.testcases.TC02_My_Accounts">
    <skipped/>
  </testcase> <!-- TC02_My_Accounts_Flow -->
  <testcase name="TC08_Contacts_Admin_Flow" time="0.259" classname="com.att.lemonade.testcases.TC08_Contacts_Admin">
    <skipped/>
  </testcase> <!-- TC08_Contacts_Admin_Flow -->
  <testcase name="TC04_SVIDS_Admin_Flow" time="0.148" classname="com.att.lemonade.testcases.TC04_SVIDS_Admin">
    <skipped/>
  </testcase> <!-- TC04_SVIDS_Admin_Flow -->
  <testcase name="TC01_Accounts_Admin_Flow" time="0.126" classname="com.att.lemonade.testcases.TC01_Accounts_Admin">
    <skipped/>
  </testcase> <!-- TC01_Accounts_Admin_Flow -->
  <testcase name="TC07_My_Contacts_Flow" time="0.103" classname="com.att.lemonade.testcases.TC07_My_Contacts">
    <skipped/>
  </testcase> <!-- TC07_My_Contacts_Flow -->
  <testcase name="TC02_My_Accounts_Flow" time="0.139" classname="com.att.lemonade.testcases.TC02_My_Accounts">
    <skipped/>
  </testcase> <!-- TC02_My_Accounts_Flow -->
  <testcase name="TC01_Accounts_Admin_Flow" time="0.102" classname="com.att.lemonade.testcases.TC01_Accounts_Admin">
    <skipped/>
  </testcase> <!-- TC01_Accounts_Admin_Flow -->
  <testcase name="TC02_My_Accounts_Flow" time="0.001" classname="com.att.lemonade.testcases.TC02_My_Accounts">
    <skipped/>
  </testcase> <!-- TC02_My_Accounts_Flow -->
  <testcase name="TC08_Contacts_Admin_Flow" time="0.302" classname="com.att.lemonade.testcases.TC08_Contacts_Admin">
    <skipped/>
  </testcase> <!-- TC08_Contacts_Admin_Flow -->
  <testcase name="TC07_My_Contacts_Flow" time="0.24" classname="com.att.lemonade.testcases.TC07_My_Contacts">
    <skipped/>
  </testcase> <!-- TC07_My_Contacts_Flow -->
  <testcase name="TC04_SVIDS_Admin_Flow" time="0.294" classname="com.att.lemonade.testcases.TC04_SVIDS_Admin">
    <skipped/>
  </testcase> <!-- TC04_SVIDS_Admin_Flow -->
  <testcase name="TC02_My_Accounts_Flow" time="0.103" classname="com.att.lemonade.testcases.TC02_My_Accounts">
    <skipped/>
  </testcase> <!-- TC02_My_Accounts_Flow -->
  <testcase name="TC08_Contacts_Admin_Flow" time="0.047" classname="com.att.lemonade.testcases.TC08_Contacts_Admin">
    <skipped/>
  </testcase> <!-- TC08_Contacts_Admin_Flow -->
  <testcase name="TC01_Accounts_Admin_Flow" time="0.088" classname="com.att.lemonade.testcases.TC01_Accounts_Admin">
    <skipped/>
  </testcase> <!-- TC01_Accounts_Admin_Flow -->
  <testcase name="TC04_SVIDS_Admin_Flow" time="0.098" classname="com.att.lemonade.testcases.TC04_SVIDS_Admin">
    <skipped/>
  </testcase> <!-- TC04_SVIDS_Admin_Flow -->
  <testcase name="TC07_My_Contacts_Flow" time="0.194" classname="com.att.lemonade.testcases.TC07_My_Contacts">
    <skipped/>
  </testcase> <!-- TC07_My_Contacts_Flow -->
  <testcase name="TC02_My_Accounts_Flow" time="0.045" classname="com.att.lemonade.testcases.TC02_My_Accounts">
    <skipped/>
  </testcase> <!-- TC02_My_Accounts_Flow -->
  <testcase name="TC08_Contacts_Admin_Flow" time="0.228" classname="com.att.lemonade.testcases.TC08_Contacts_Admin">
    <skipped/>
  </testcase> <!-- TC08_Contacts_Admin_Flow -->
  <testcase name="TC01_Accounts_Admin_Flow" time="0.104" classname="com.att.lemonade.testcases.TC01_Accounts_Admin">
    <skipped/>
  </testcase> <!-- TC01_Accounts_Admin_Flow -->
  <testcase name="TC07_My_Contacts_Flow" time="0.064" classname="com.att.lemonade.testcases.TC07_My_Contacts">
    <skipped/>
  </testcase> <!-- TC07_My_Contacts_Flow -->
  <testcase name="TC04_SVIDS_Admin_Flow" time="0.05" classname="com.att.lemonade.testcases.TC04_SVIDS_Admin">
    <skipped/>
  </testcase> <!-- TC04_SVIDS_Admin_Flow -->
  <testcase name="TC02_My_Accounts_Flow" time="0.124" classname="com.att.lemonade.testcases.TC02_My_Accounts">
    <skipped/>
  </testcase> <!-- TC02_My_Accounts_Flow -->
  <testcase name="TC01_Accounts_Admin_Flow" time="0.118" classname="com.att.lemonade.testcases.TC01_Accounts_Admin">
    <skipped/>
  </testcase> <!-- TC01_Accounts_Admin_Flow -->
  <testcase name="TC04_SVIDS_Admin_Flow" time="0.062" classname="com.att.lemonade.testcases.TC04_SVIDS_Admin">
    <skipped/>
  </testcase> <!-- TC04_SVIDS_Admin_Flow -->
  <testcase name="TC08_Contacts_Admin_Flow" time="0.222" classname="com.att.lemonade.testcases.TC08_Contacts_Admin">
    <skipped/>
  </testcase> <!-- TC08_Contacts_Admin_Flow -->
  <testcase name="TC07_My_Contacts_Flow" time="0.069" classname="com.att.lemonade.testcases.TC07_My_Contacts">
    <skipped/>
  </testcase> <!-- TC07_My_Contacts_Flow -->
  <testcase name="TC02_My_Accounts_Flow" time="0.117" classname="com.att.lemonade.testcases.TC02_My_Accounts">
    <skipped/>
  </testcase> <!-- TC02_My_Accounts_Flow -->
  <testcase name="TC01_Accounts_Admin_Flow" time="0.271" classname="com.att.lemonade.testcases.TC01_Accounts_Admin">
    <skipped/>
  </testcase> <!-- TC01_Accounts_Admin_Flow -->
  <testcase name="TC02_My_Accounts_Flow" time="0.144" classname="com.att.lemonade.testcases.TC02_My_Accounts">
    <skipped/>
  </testcase> <!-- TC02_My_Accounts_Flow -->
  <testcase name="TC04_SVIDS_Admin_Flow" time="0.2" classname="com.att.lemonade.testcases.TC04_SVIDS_Admin">
    <skipped/>
  </testcase> <!-- TC04_SVIDS_Admin_Flow -->
  <testcase name="TC07_My_Contacts_Flow" time="0.059" classname="com.att.lemonade.testcases.TC07_My_Contacts">
    <skipped/>
  </testcase> <!-- TC07_My_Contacts_Flow -->
  <testcase name="TC08_Contacts_Admin_Flow" time="0.062" classname="com.att.lemonade.testcases.TC08_Contacts_Admin">
    <skipped/>
  </testcase> <!-- TC08_Contacts_Admin_Flow -->
  <testcase name="TC04_SVIDS_Admin_Flow" time="0.096" classname="com.att.lemonade.testcases.TC04_SVIDS_Admin">
    <skipped/>
  </testcase> <!-- TC04_SVIDS_Admin_Flow -->
  <testcase name="TC04_SVIDS_Admin_Flow" time="0.0" classname="com.att.lemonade.testcases.TC04_SVIDS_Admin">
    <skipped/>
  </testcase> <!-- TC04_SVIDS_Admin_Flow -->
  <testcase name="TC02_My_Accounts_Flow" time="0.235" classname="com.att.lemonade.testcases.TC02_My_Accounts">
    <skipped/>
  </testcase> <!-- TC02_My_Accounts_Flow -->
  <testcase name="TC08_Contacts_Admin_Flow" time="0.048" classname="com.att.lemonade.testcases.TC08_Contacts_Admin">
    <skipped/>
  </testcase> <!-- TC08_Contacts_Admin_Flow -->
  <testcase name="TC07_My_Contacts_Flow" time="0.349" classname="com.att.lemonade.testcases.TC07_My_Contacts">
    <skipped/>
  </testcase> <!-- TC07_My_Contacts_Flow -->
  <testcase name="TC04_SVIDS_Admin_Flow" time="0.136" classname="com.att.lemonade.testcases.TC04_SVIDS_Admin">
    <skipped/>
  </testcase> <!-- TC04_SVIDS_Admin_Flow -->
  <testcase name="TC02_My_Accounts_Flow" time="0.09" classname="com.att.lemonade.testcases.TC02_My_Accounts">
    <skipped/>
  </testcase> <!-- TC02_My_Accounts_Flow -->
  <testcase name="TC07_My_Contacts_Flow" time="0.163" classname="com.att.lemonade.testcases.TC07_My_Contacts">
    <skipped/>
  </testcase> <!-- TC07_My_Contacts_Flow -->
  <testcase name="TC04_SVIDS_Admin_Flow" time="0.144" classname="com.att.lemonade.testcases.TC04_SVIDS_Admin">
    <skipped/>
  </testcase> <!-- TC04_SVIDS_Admin_Flow -->
  <testcase name="TC08_Contacts_Admin_Flow" time="0.075" classname="com.att.lemonade.testcases.TC08_Contacts_Admin">
    <skipped/>
  </testcase> <!-- TC08_Contacts_Admin_Flow -->
  <testcase name="TC07_My_Contacts_Flow" time="0.074" classname="com.att.lemonade.testcases.TC07_My_Contacts">
    <skipped/>
  </testcase> <!-- TC07_My_Contacts_Flow -->
  <testcase name="TC02_My_Accounts_Flow" time="0.152" classname="com.att.lemonade.testcases.TC02_My_Accounts">
    <skipped/>
  </testcase> <!-- TC02_My_Accounts_Flow -->
  <testcase name="TC07_My_Contacts_Flow" time="0.054" classname="com.att.lemonade.testcases.TC07_My_Contacts">
    <skipped/>
  </testcase> <!-- TC07_My_Contacts_Flow -->
  <testcase name="TC08_Contacts_Admin_Flow" time="0.144" classname="com.att.lemonade.testcases.TC08_Contacts_Admin">
    <skipped/>
  </testcase> <!-- TC08_Contacts_Admin_Flow -->
  <testcase name="TC02_My_Accounts_Flow" time="0.001" classname="com.att.lemonade.testcases.TC02_My_Accounts">
    <skipped/>
  </testcase> <!-- TC02_My_Accounts_Flow -->
  <testcase name="TC04_SVIDS_Admin_Flow" time="0.048" classname="com.att.lemonade.testcases.TC04_SVIDS_Admin">
    <skipped/>
  </testcase> <!-- TC04_SVIDS_Admin_Flow -->
  <testcase name="TC04_SVIDS_Admin_Flow" time="0.001" classname="com.att.lemonade.testcases.TC04_SVIDS_Admin">
    <skipped/>
  </testcase> <!-- TC04_SVIDS_Admin_Flow -->
  <testcase name="TC07_My_Contacts_Flow" time="0.178" classname="com.att.lemonade.testcases.TC07_My_Contacts">
    <skipped/>
  </testcase> <!-- TC07_My_Contacts_Flow -->
  <testcase name="TC08_Contacts_Admin_Flow" time="0.122" classname="com.att.lemonade.testcases.TC08_Contacts_Admin">
    <skipped/>
  </testcase> <!-- TC08_Contacts_Admin_Flow -->
  <testcase name="TC02_My_Accounts_Flow" time="0.247" classname="com.att.lemonade.testcases.TC02_My_Accounts">
    <skipped/>
  </testcase> <!-- TC02_My_Accounts_Flow -->
  <testcase name="TC04_SVIDS_Admin_Flow" time="0.045" classname="com.att.lemonade.testcases.TC04_SVIDS_Admin">
    <skipped/>
  </testcase> <!-- TC04_SVIDS_Admin_Flow -->
  <testcase name="TC07_My_Contacts_Flow" time="0.116" classname="com.att.lemonade.testcases.TC07_My_Contacts">
    <skipped/>
  </testcase> <!-- TC07_My_Contacts_Flow -->
  <testcase name="TC08_Contacts_Admin_Flow" time="0.093" classname="com.att.lemonade.testcases.TC08_Contacts_Admin">
    <skipped/>
  </testcase> <!-- TC08_Contacts_Admin_Flow -->
  <testcase name="TC02_My_Accounts_Flow" time="0.214" classname="com.att.lemonade.testcases.TC02_My_Accounts">
    <skipped/>
  </testcase> <!-- TC02_My_Accounts_Flow -->
  <testcase name="TC04_SVIDS_Admin_Flow" time="0.034" classname="com.att.lemonade.testcases.TC04_SVIDS_Admin">
    <skipped/>
  </testcase> <!-- TC04_SVIDS_Admin_Flow -->
  <testcase name="TC08_Contacts_Admin_Flow" time="0.066" classname="com.att.lemonade.testcases.TC08_Contacts_Admin">
    <skipped/>
  </testcase> <!-- TC08_Contacts_Admin_Flow -->
  <testcase name="TC02_My_Accounts_Flow" time="0.049" classname="com.att.lemonade.testcases.TC02_My_Accounts">
    <skipped/>
  </testcase> <!-- TC02_My_Accounts_Flow -->
  <testcase name="TC04_SVIDS_Admin_Flow" time="0.068" classname="com.att.lemonade.testcases.TC04_SVIDS_Admin">
    <skipped/>
  </testcase> <!-- TC04_SVIDS_Admin_Flow -->
  <testcase name="TC08_Contacts_Admin_Flow" time="0.08" classname="com.att.lemonade.testcases.TC08_Contacts_Admin">
    <skipped/>
  </testcase> <!-- TC08_Contacts_Admin_Flow -->
  <testcase name="TC02_My_Accounts_Flow" time="0.075" classname="com.att.lemonade.testcases.TC02_My_Accounts">
    <skipped/>
  </testcase> <!-- TC02_My_Accounts_Flow -->
  <testcase name="TC08_Contacts_Admin_Flow" time="0.0" classname="com.att.lemonade.testcases.TC08_Contacts_Admin">
    <skipped/>
  </testcase> <!-- TC08_Contacts_Admin_Flow -->
  <testcase name="TC04_SVIDS_Admin_Flow" time="0.061" classname="com.att.lemonade.testcases.TC04_SVIDS_Admin">
    <skipped/>
  </testcase> <!-- TC04_SVIDS_Admin_Flow -->
  <testcase name="TC02_My_Accounts_Flow" time="0.061" classname="com.att.lemonade.testcases.TC02_My_Accounts">
    <skipped/>
  </testcase> <!-- TC02_My_Accounts_Flow -->
  <testcase name="TC08_Contacts_Admin_Flow" time="0.137" classname="com.att.lemonade.testcases.TC08_Contacts_Admin">
    <skipped/>
  </testcase> <!-- TC08_Contacts_Admin_Flow -->
  <testcase name="TC04_SVIDS_Admin_Flow" time="0.062" classname="com.att.lemonade.testcases.TC04_SVIDS_Admin">
    <skipped/>
  </testcase> <!-- TC04_SVIDS_Admin_Flow -->
  <testcase name="TC02_My_Accounts_Flow" time="0.049" classname="com.att.lemonade.testcases.TC02_My_Accounts">
    <skipped/>
  </testcase> <!-- TC02_My_Accounts_Flow -->
  <testcase name="TC08_Contacts_Admin_Flow" time="0.112" classname="com.att.lemonade.testcases.TC08_Contacts_Admin">
    <skipped/>
  </testcase> <!-- TC08_Contacts_Admin_Flow -->
  <testcase name="TC02_My_Accounts_Flow" time="0.065" classname="com.att.lemonade.testcases.TC02_My_Accounts">
    <skipped/>
  </testcase> <!-- TC02_My_Accounts_Flow -->
  <testcase name="TC04_SVIDS_Admin_Flow" time="0.198" classname="com.att.lemonade.testcases.TC04_SVIDS_Admin">
    <skipped/>
  </testcase> <!-- TC04_SVIDS_Admin_Flow -->
  <testcase name="TC08_Contacts_Admin_Flow" time="0.108" classname="com.att.lemonade.testcases.TC08_Contacts_Admin">
    <skipped/>
  </testcase> <!-- TC08_Contacts_Admin_Flow -->
  <testcase name="TC02_My_Accounts_Flow" time="0.052" classname="com.att.lemonade.testcases.TC02_My_Accounts">
    <skipped/>
  </testcase> <!-- TC02_My_Accounts_Flow -->
  <testcase name="TC04_SVIDS_Admin_Flow" time="0.074" classname="com.att.lemonade.testcases.TC04_SVIDS_Admin">
    <skipped/>
  </testcase> <!-- TC04_SVIDS_Admin_Flow -->
  <testcase name="TC02_My_Accounts_Flow" time="0.12" classname="com.att.lemonade.testcases.TC02_My_Accounts">
    <skipped/>
  </testcase> <!-- TC02_My_Accounts_Flow -->
  <testcase name="TC04_SVIDS_Admin_Flow" time="0.062" classname="com.att.lemonade.testcases.TC04_SVIDS_Admin">
    <skipped/>
  </testcase> <!-- TC04_SVIDS_Admin_Flow -->
  <testcase name="TC02_My_Accounts_Flow" time="0.065" classname="com.att.lemonade.testcases.TC02_My_Accounts">
    <skipped/>
  </testcase> <!-- TC02_My_Accounts_Flow -->
  <testcase name="TC04_SVIDS_Admin_Flow" time="0.065" classname="com.att.lemonade.testcases.TC04_SVIDS_Admin">
    <skipped/>
  </testcase> <!-- TC04_SVIDS_Admin_Flow -->
  <testcase name="TC02_My_Accounts_Flow" time="0.064" classname="com.att.lemonade.testcases.TC02_My_Accounts">
    <skipped/>
  </testcase> <!-- TC02_My_Accounts_Flow -->
  <testcase name="TC04_SVIDS_Admin_Flow" time="0.071" classname="com.att.lemonade.testcases.TC04_SVIDS_Admin">
    <skipped/>
  </testcase> <!-- TC04_SVIDS_Admin_Flow -->
  <testcase name="TC02_My_Accounts_Flow" time="0.001" classname="com.att.lemonade.testcases.TC02_My_Accounts">
    <skipped/>
  </testcase> <!-- TC02_My_Accounts_Flow -->
  <testcase name="TC02_My_Accounts_Flow" time="0.058" classname="com.att.lemonade.testcases.TC02_My_Accounts">
    <skipped/>
  </testcase> <!-- TC02_My_Accounts_Flow -->
  <testcase name="TC04_SVIDS_Admin_Flow" time="0.091" classname="com.att.lemonade.testcases.TC04_SVIDS_Admin">
    <skipped/>
  </testcase> <!-- TC04_SVIDS_Admin_Flow -->
  <testcase name="TC02_My_Accounts_Flow" time="0.093" classname="com.att.lemonade.testcases.TC02_My_Accounts">
    <skipped/>
  </testcase> <!-- TC02_My_Accounts_Flow -->
  <testcase name="TC04_SVIDS_Admin_Flow" time="0.114" classname="com.att.lemonade.testcases.TC04_SVIDS_Admin">
    <skipped/>
  </testcase> <!-- TC04_SVIDS_Admin_Flow -->
  <testcase name="TC04_SVIDS_Admin_Flow" time="0.005" classname="com.att.lemonade.testcases.TC04_SVIDS_Admin">
    <skipped/>
  </testcase> <!-- TC04_SVIDS_Admin_Flow -->
  <testcase name="TC04_SVIDS_Admin_Flow" time="0.0" classname="com.att.lemonade.testcases.TC04_SVIDS_Admin">
    <skipped/>
  </testcase> <!-- TC04_SVIDS_Admin_Flow -->
  <testcase name="TC04_SVIDS_Admin_Flow" time="0.001" classname="com.att.lemonade.testcases.TC04_SVIDS_Admin">
    <skipped/>
  </testcase> <!-- TC04_SVIDS_Admin_Flow -->
  <testcase name="TC04_SVIDS_Admin_Flow" time="0.0" classname="com.att.lemonade.testcases.TC04_SVIDS_Admin">
    <skipped/>
  </testcase> <!-- TC04_SVIDS_Admin_Flow -->
  <testcase name="TC04_SVIDS_Admin_Flow" time="0.003" classname="com.att.lemonade.testcases.TC04_SVIDS_Admin">
    <skipped/>
  </testcase> <!-- TC04_SVIDS_Admin_Flow -->
  <testcase name="TC04_SVIDS_Admin_Flow" time="0.001" classname="com.att.lemonade.testcases.TC04_SVIDS_Admin">
    <skipped/>
  </testcase> <!-- TC04_SVIDS_Admin_Flow -->
  <testcase name="TC04_SVIDS_Admin_Flow" time="0.0" classname="com.att.lemonade.testcases.TC04_SVIDS_Admin">
    <skipped/>
  </testcase> <!-- TC04_SVIDS_Admin_Flow -->
  <testcase name="TC04_SVIDS_Admin_Flow" time="0.0" classname="com.att.lemonade.testcases.TC04_SVIDS_Admin">
    <skipped/>
  </testcase> <!-- TC04_SVIDS_Admin_Flow -->
  <testcase name="TC04_SVIDS_Admin_Flow" time="0.001" classname="com.att.lemonade.testcases.TC04_SVIDS_Admin">
    <skipped/>
  </testcase> <!-- TC04_SVIDS_Admin_Flow -->
  <testcase name="TC04_SVIDS_Admin_Flow" time="0.0" classname="com.att.lemonade.testcases.TC04_SVIDS_Admin">
    <skipped/>
  </testcase> <!-- TC04_SVIDS_Admin_Flow -->
  <testcase name="TC04_SVIDS_Admin_Flow" time="0.001" classname="com.att.lemonade.testcases.TC04_SVIDS_Admin">
    <skipped/>
  </testcase> <!-- TC04_SVIDS_Admin_Flow -->
  <testcase name="TC04_SVIDS_Admin_Flow" time="0.001" classname="com.att.lemonade.testcases.TC04_SVIDS_Admin">
    <skipped/>
  </testcase> <!-- TC04_SVIDS_Admin_Flow -->
  <testcase name="TC04_SVIDS_Admin_Flow" time="0.001" classname="com.att.lemonade.testcases.TC04_SVIDS_Admin">
    <skipped/>
  </testcase> <!-- TC04_SVIDS_Admin_Flow -->
  <testcase name="TC04_SVIDS_Admin_Flow" time="0.001" classname="com.att.lemonade.testcases.TC04_SVIDS_Admin">
    <skipped/>
  </testcase> <!-- TC04_SVIDS_Admin_Flow -->
  <testcase name="TC04_SVIDS_Admin_Flow" time="0.001" classname="com.att.lemonade.testcases.TC04_SVIDS_Admin">
    <skipped/>
  </testcase> <!-- TC04_SVIDS_Admin_Flow -->
  <testcase name="TC04_SVIDS_Admin_Flow" time="0.001" classname="com.att.lemonade.testcases.TC04_SVIDS_Admin">
    <skipped/>
  </testcase> <!-- TC04_SVIDS_Admin_Flow -->
  <testcase name="TC04_SVIDS_Admin_Flow" time="0.0" classname="com.att.lemonade.testcases.TC04_SVIDS_Admin">
    <skipped/>
  </testcase> <!-- TC04_SVIDS_Admin_Flow -->
  <testcase name="TC04_SVIDS_Admin_Flow" time="0.001" classname="com.att.lemonade.testcases.TC04_SVIDS_Admin">
    <skipped/>
  </testcase> <!-- TC04_SVIDS_Admin_Flow -->
  <testcase name="TC04_SVIDS_Admin_Flow" time="0.001" classname="com.att.lemonade.testcases.TC04_SVIDS_Admin">
    <skipped/>
  </testcase> <!-- TC04_SVIDS_Admin_Flow -->
  <testcase name="TC05_My_SVIDS_Flow" time="83.081" classname="com.att.lemonade.testcases.TC05_My_SVIDS"/>
  <testcase name="TC05_My_SVIDS_Flow" time="79.523" classname="com.att.lemonade.testcases.TC05_My_SVIDS"/>
  <testcase name="TC05_My_SVIDS_Flow" time="79.209" classname="com.att.lemonade.testcases.TC05_My_SVIDS"/>
  <testcase name="TC05_My_SVIDS_Flow" time="80.156" classname="com.att.lemonade.testcases.TC05_My_SVIDS"/>
  <testcase name="TC05_My_SVIDS_Flow" time="73.012" classname="com.att.lemonade.testcases.TC05_My_SVIDS"/>
  <testcase name="TC05_My_SVIDS_Flow" time="78.152" classname="com.att.lemonade.testcases.TC05_My_SVIDS"/>
  <testcase name="TC05_My_SVIDS_Flow" time="78.961" classname="com.att.lemonade.testcases.TC05_My_SVIDS"/>
  <testcase name="TC05_My_SVIDS_Flow" time="78.374" classname="com.att.lemonade.testcases.TC05_My_SVIDS"/>
  <testcase name="TC05_My_SVIDS_Flow" time="175.447" classname="com.att.lemonade.testcases.TC05_My_SVIDS"/>
  <testcase name="TC05_My_SVIDS_Flow" time="79.743" classname="com.att.lemonade.testcases.TC05_My_SVIDS"/>
  <testcase name="TC05_My_SVIDS_Flow" time="79.002" classname="com.att.lemonade.testcases.TC05_My_SVIDS"/>
  <testcase name="TC05_My_SVIDS_Flow" time="175.248" classname="com.att.lemonade.testcases.TC05_My_SVIDS"/>
  <testcase name="TC05_My_SVIDS_Flow" time="85.745" classname="com.att.lemonade.testcases.TC05_My_SVIDS"/>
  <testcase name="TC05_My_SVIDS_Flow" time="179.681" classname="com.att.lemonade.testcases.TC05_My_SVIDS"/>
  <testcase name="TC05_My_SVIDS_Flow" time="180.761" classname="com.att.lemonade.testcases.TC05_My_SVIDS"/>
</testsuite> <!-- Lemonade Test Cases -->
