<?xml version="1.0" encoding="UTF-8"?>
<testng-results skipped="175" failed="0" ignored="0" total="190" passed="15">
  <reporter-output>
  </reporter-output>
  <suite name="Lemonade Flow Testing" duration-ms="1589047" started-at="2021-05-26T18:06:38 IST" finished-at="2021-05-26T18:33:07 IST">
    <groups>
    </groups>
    <test name="Lemonade Test Cases" duration-ms="1589047" started-at="2021-05-26T18:06:38 IST" finished-at="2021-05-26T18:33:07 IST">
      <class name="com.att.lemonade.testcases.TC05_My_SVIDS">
        <test-method status="PASS" signature="TC05_My_SVIDS_Flow(java.util.Hashtable)[pri:0, instance:com.att.lemonade.testcases.TC05_My_SVIDS@22fcf7ab]" name="TC05_My_SVIDS_Flow" duration-ms="83081" started-at="2021-05-26T18:06:39 IST" data-provider="getGenericTestData" finished-at="2021-05-26T18:08:02 IST">
          <params>
            <param index="0">
              <value>
                <![CDATA[{2={SICCode=, password=December@2019, ownerName=, svidName=, primaryCountry=, recordCount=, priorYearTBRMaxValue=, successMessage=Wireline, SICDescription=, username=sr644a, nAICSDescription=, responseTime=, DomSubAcct=, SVID=, DUNSNumber=, primaryState=, primaryCity=, nAICSCode=, description=Global Search, globalSearch=CAPITAL ONE, priorYearTBRMinValue=, runmode=Y}}]]>
              </value>
            </param>
          </params>
          <reporter-output>
          </reporter-output>
        </test-method> <!-- TC05_My_SVIDS_Flow -->
        <test-method status="PASS" signature="TC05_My_SVIDS_Flow(java.util.Hashtable)[pri:0, instance:com.att.lemonade.testcases.TC05_My_SVIDS@22fcf7ab]" name="TC05_My_SVIDS_Flow" duration-ms="79523" started-at="2021-05-26T18:08:02 IST" data-provider="getGenericTestData" finished-at="2021-05-26T18:09:22 IST">
          <params>
            <param index="0">
              <value>
                <![CDATA[{3={SICCode=, password=December@2019, ownerName=, svidName=Celestica, primaryCountry=, recordCount=, priorYearTBRMaxValue=, successMessage=Wireline, SICDescription=, username=sr644a, nAICSDescription=, responseTime=, DomSubAcct=, SVID=, DUNSNumber=, primaryState=, primaryCity=, nAICSCode=, description=Field Level search, globalSearch=, priorYearTBRMinValue=, runmode=Y}}]]>
              </value>
            </param>
          </params>
          <reporter-output>
          </reporter-output>
        </test-method> <!-- TC05_My_SVIDS_Flow -->
        <test-method status="PASS" signature="TC05_My_SVIDS_Flow(java.util.Hashtable)[pri:0, instance:com.att.lemonade.testcases.TC05_My_SVIDS@22fcf7ab]" name="TC05_My_SVIDS_Flow" duration-ms="79209" started-at="2021-05-26T18:09:22 IST" data-provider="getGenericTestData" finished-at="2021-05-26T18:10:41 IST">
          <params>
            <param index="0">
              <value>
                <![CDATA[{4={SICCode=, password=December@2019, ownerName=, svidName=, primaryCountry=, recordCount=, priorYearTBRMaxValue=, successMessage=Wireline, SICDescription=, username=sr644a, nAICSDescription=, responseTime=, DomSubAcct=, SVID=CNJME7, DUNSNumber=, primaryState=, primaryCity=, nAICSCode=, description=Field Level search, globalSearch=, priorYearTBRMinValue=, runmode=Y}}]]>
              </value>
            </param>
          </params>
          <reporter-output>
          </reporter-output>
        </test-method> <!-- TC05_My_SVIDS_Flow -->
        <test-method status="PASS" signature="TC05_My_SVIDS_Flow(java.util.Hashtable)[pri:0, instance:com.att.lemonade.testcases.TC05_My_SVIDS@22fcf7ab]" name="TC05_My_SVIDS_Flow" duration-ms="80156" started-at="2021-05-26T18:10:41 IST" data-provider="getGenericTestData" finished-at="2021-05-26T18:12:01 IST">
          <params>
            <param index="0">
              <value>
                <![CDATA[{5={SICCode=, password=December@2019, ownerName=KEVIN WILLIAMS, svidName=, primaryCountry=, recordCount=, priorYearTBRMaxValue=, successMessage=Wireline, SICDescription=, username=sr644a, nAICSDescription=, responseTime=, DomSubAcct=, SVID=, DUNSNumber=, primaryState=, primaryCity=, nAICSCode=, description=Field Level search, globalSearch=, priorYearTBRMinValue=, runmode=Y}}]]>
              </value>
            </param>
          </params>
          <reporter-output>
          </reporter-output>
        </test-method> <!-- TC05_My_SVIDS_Flow -->
        <test-method status="PASS" signature="TC05_My_SVIDS_Flow(java.util.Hashtable)[pri:0, instance:com.att.lemonade.testcases.TC05_My_SVIDS@22fcf7ab]" name="TC05_My_SVIDS_Flow" duration-ms="73012" started-at="2021-05-26T18:12:01 IST" data-provider="getGenericTestData" finished-at="2021-05-26T18:13:14 IST">
          <params>
            <param index="0">
              <value>
                <![CDATA[{6={SICCode=, password=December@2019, ownerName=, svidName=, primaryCountry=, recordCount=, priorYearTBRMaxValue=, successMessage=Wireline, SICDescription=, username=sr644a, nAICSDescription=, responseTime=, DomSubAcct=, SVID=, DUNSNumber=, primaryState=, primaryCity=, nAICSCode=, description=Global Search, globalSearch=T002RW, priorYearTBRMinValue=, runmode=Y}}]]>
              </value>
            </param>
          </params>
          <reporter-output>
          </reporter-output>
        </test-method> <!-- TC05_My_SVIDS_Flow -->
        <test-method status="PASS" signature="TC05_My_SVIDS_Flow(java.util.Hashtable)[pri:0, instance:com.att.lemonade.testcases.TC05_My_SVIDS@22fcf7ab]" name="TC05_My_SVIDS_Flow" duration-ms="78152" started-at="2021-05-26T18:13:14 IST" data-provider="getGenericTestData" finished-at="2021-05-26T18:14:33 IST">
          <params>
            <param index="0">
              <value>
                <![CDATA[{7={SICCode=, password=December@2019, ownerName=, svidName=, primaryCountry=, recordCount=, priorYearTBRMaxValue=1000000.0, successMessage=Wireline, SICDescription=, username=sr644a, nAICSDescription=, responseTime=, DomSubAcct=, SVID=, DUNSNumber=, primaryState=, primaryCity=, nAICSCode=, description=Field Level search, globalSearch=, priorYearTBRMinValue=10000.0, runmode=Y}}]]>
              </value>
            </param>
          </params>
          <reporter-output>
          </reporter-output>
        </test-method> <!-- TC05_My_SVIDS_Flow -->
        <test-method status="PASS" signature="TC05_My_SVIDS_Flow(java.util.Hashtable)[pri:0, instance:com.att.lemonade.testcases.TC05_My_SVIDS@22fcf7ab]" name="TC05_My_SVIDS_Flow" duration-ms="78961" started-at="2021-05-26T18:14:33 IST" data-provider="getGenericTestData" finished-at="2021-05-26T18:15:52 IST">
          <params>
            <param index="0">
              <value>
                <![CDATA[{8={SICCode=, password=December@2019, ownerName=, svidName=, primaryCountry=, recordCount=, priorYearTBRMaxValue=, successMessage=Wireline, SICDescription=, username=sr644a, nAICSDescription=, responseTime=, DomSubAcct=SF7CZ0, SVID=, DUNSNumber=, primaryState=, primaryCity=, nAICSCode=, description=Field Level search, globalSearch=, priorYearTBRMinValue=, runmode=Y}}]]>
              </value>
            </param>
          </params>
          <reporter-output>
          </reporter-output>
        </test-method> <!-- TC05_My_SVIDS_Flow -->
        <test-method status="PASS" signature="TC05_My_SVIDS_Flow(java.util.Hashtable)[pri:0, instance:com.att.lemonade.testcases.TC05_My_SVIDS@22fcf7ab]" name="TC05_My_SVIDS_Flow" duration-ms="78374" started-at="2021-05-26T18:15:52 IST" data-provider="getGenericTestData" finished-at="2021-05-26T18:17:10 IST">
          <params>
            <param index="0">
              <value>
                <![CDATA[{9={SICCode=, password=December@2019, ownerName=, svidName=, primaryCountry=, recordCount=, priorYearTBRMaxValue=, successMessage=Wireline, SICDescription=Holding and Other, username=sr644a, nAICSDescription=, responseTime=, DomSubAcct=, SVID=, DUNSNumber=, primaryState=, primaryCity=, nAICSCode=, description=Field Level search, globalSearch=, priorYearTBRMinValue=, runmode=Y}}]]>
              </value>
            </param>
          </params>
          <reporter-output>
          </reporter-output>
        </test-method> <!-- TC05_My_SVIDS_Flow -->
        <test-method status="PASS" signature="TC05_My_SVIDS_Flow(java.util.Hashtable)[pri:0, instance:com.att.lemonade.testcases.TC05_My_SVIDS@22fcf7ab]" name="TC05_My_SVIDS_Flow" duration-ms="175447" started-at="2021-05-26T18:17:10 IST" data-provider="getGenericTestData" finished-at="2021-05-26T18:20:06 IST">
          <params>
            <param index="0">
              <value>
                <![CDATA[{10={SICCode=, password=December@2019, ownerName=, svidName=, primaryCountry=, recordCount=, priorYearTBRMaxValue=, successMessage=Wireline, SICDescription=, username=sr644a, nAICSDescription=, responseTime=, DomSubAcct=, SVID=, DUNSNumber=, primaryState=NY, primaryCity=, nAICSCode=, description=Field Level search, globalSearch=, priorYearTBRMinValue=, runmode=Y}}]]>
              </value>
            </param>
          </params>
          <reporter-output>
          </reporter-output>
        </test-method> <!-- TC05_My_SVIDS_Flow -->
        <test-method status="PASS" signature="TC05_My_SVIDS_Flow(java.util.Hashtable)[pri:0, instance:com.att.lemonade.testcases.TC05_My_SVIDS@22fcf7ab]" name="TC05_My_SVIDS_Flow" duration-ms="79743" started-at="2021-05-26T18:20:06 IST" data-provider="getGenericTestData" finished-at="2021-05-26T18:21:26 IST">
          <params>
            <param index="0">
              <value>
                <![CDATA[{11={SICCode=, password=December@2019, ownerName=, svidName=, primaryCountry=, recordCount=, priorYearTBRMaxValue=, successMessage=Wireline, SICDescription=, username=sr644a, nAICSDescription=Janitorial Services, responseTime=, DomSubAcct=, SVID=, DUNSNumber=, primaryState=, primaryCity=, nAICSCode=, description=Field Level search, globalSearch=, priorYearTBRMinValue=, runmode=Y}}]]>
              </value>
            </param>
          </params>
          <reporter-output>
          </reporter-output>
        </test-method> <!-- TC05_My_SVIDS_Flow -->
        <test-method status="PASS" signature="TC05_My_SVIDS_Flow(java.util.Hashtable)[pri:0, instance:com.att.lemonade.testcases.TC05_My_SVIDS@22fcf7ab]" name="TC05_My_SVIDS_Flow" duration-ms="79002" started-at="2021-05-26T18:21:26 IST" data-provider="getGenericTestData" finished-at="2021-05-26T18:22:45 IST">
          <params>
            <param index="0">
              <value>
                <![CDATA[{12={SICCode=, password=December@2019, ownerName=, svidName=, primaryCountry=, recordCount=, priorYearTBRMaxValue=, successMessage=Wireline, SICDescription=, username=sr644a, nAICSDescription=, responseTime=, DomSubAcct=, SVID=, DUNSNumber=1.47304091E8, primaryState=, primaryCity=, nAICSCode=, description=Field Level search, globalSearch=, priorYearTBRMinValue=, runmode=Y}}]]>
              </value>
            </param>
          </params>
          <reporter-output>
          </reporter-output>
        </test-method> <!-- TC05_My_SVIDS_Flow -->
        <test-method status="PASS" signature="TC05_My_SVIDS_Flow(java.util.Hashtable)[pri:0, instance:com.att.lemonade.testcases.TC05_My_SVIDS@22fcf7ab]" name="TC05_My_SVIDS_Flow" duration-ms="175248" started-at="2021-05-26T18:22:45 IST" data-provider="getGenericTestData" finished-at="2021-05-26T18:25:40 IST">
          <params>
            <param index="0">
              <value>
                <![CDATA[{13={SICCode=, password=December@2019, ownerName=, svidName=, primaryCountry=, recordCount=, priorYearTBRMaxValue=, successMessage=Wireline, SICDescription=, username=sr644a, nAICSDescription=, responseTime=, DomSubAcct=, SVID=, DUNSNumber=, primaryState=, primaryCity=New York, nAICSCode=, description=Field Level search, globalSearch=, priorYearTBRMinValue=, runmode=Y}}]]>
              </value>
            </param>
          </params>
          <reporter-output>
          </reporter-output>
        </test-method> <!-- TC05_My_SVIDS_Flow -->
        <test-method status="PASS" signature="TC05_My_SVIDS_Flow(java.util.Hashtable)[pri:0, instance:com.att.lemonade.testcases.TC05_My_SVIDS@22fcf7ab]" name="TC05_My_SVIDS_Flow" duration-ms="85745" started-at="2021-05-26T18:25:40 IST" data-provider="getGenericTestData" finished-at="2021-05-26T18:27:06 IST">
          <params>
            <param index="0">
              <value>
                <![CDATA[{14={SICCode=, password=December@2019, ownerName=, svidName=, primaryCountry=USA, recordCount=, priorYearTBRMaxValue=, successMessage=Wireline, SICDescription=, username=sr644a, nAICSDescription=, responseTime=, DomSubAcct=, SVID=, DUNSNumber=, primaryState=, primaryCity=, nAICSCode=, description=Field Level search, globalSearch=, priorYearTBRMinValue=, runmode=Y}}]]>
              </value>
            </param>
          </params>
          <reporter-output>
          </reporter-output>
        </test-method> <!-- TC05_My_SVIDS_Flow -->
        <test-method status="PASS" signature="TC05_My_SVIDS_Flow(java.util.Hashtable)[pri:0, instance:com.att.lemonade.testcases.TC05_My_SVIDS@22fcf7ab]" name="TC05_My_SVIDS_Flow" duration-ms="179681" started-at="2021-05-26T18:27:06 IST" data-provider="getGenericTestData" finished-at="2021-05-26T18:30:06 IST">
          <params>
            <param index="0">
              <value>
                <![CDATA[{15={SICCode=4212.0, password=December@2020, ownerName=, svidName=, primaryCountry=, recordCount=, priorYearTBRMaxValue=, successMessage=Wireline, SICDescription=, username=sr644a, nAICSDescription=, responseTime=, DomSubAcct=, SVID=, DUNSNumber=, primaryState=, primaryCity=, nAICSCode=, description=Field Level search, globalSearch=, priorYearTBRMinValue=, runmode=Y}}]]>
              </value>
            </param>
          </params>
          <reporter-output>
          </reporter-output>
        </test-method> <!-- TC05_My_SVIDS_Flow -->
        <test-method status="PASS" signature="TC05_My_SVIDS_Flow(java.util.Hashtable)[pri:0, instance:com.att.lemonade.testcases.TC05_My_SVIDS@22fcf7ab]" name="TC05_My_SVIDS_Flow" duration-ms="180761" started-at="2021-05-26T18:30:06 IST" data-provider="getGenericTestData" finished-at="2021-05-26T18:33:07 IST">
          <params>
            <param index="0">
              <value>
                <![CDATA[{16={SICCode=, password=December@2021, ownerName=, svidName=, primaryCountry=, recordCount=, priorYearTBRMaxValue=, successMessage=Wireline, SICDescription=, username=sr644a, nAICSDescription=, responseTime=, DomSubAcct=, SVID=, DUNSNumber=, primaryState=, primaryCity=, nAICSCode=Construction, description=Field Level search, globalSearch=, priorYearTBRMinValue=, runmode=Y}}]]>
              </value>
            </param>
          </params>
          <reporter-output>
          </reporter-output>
        </test-method> <!-- TC05_My_SVIDS_Flow -->
      </class> <!-- com.att.lemonade.testcases.TC05_My_SVIDS -->
      <class name="com.att.lemonade.testcases.TC02_My_Accounts">
        <test-method status="SKIP" signature="TC02_My_Accounts_Flow(java.util.Hashtable)[pri:0, instance:com.att.lemonade.testcases.TC02_My_Accounts@587e5365]" name="TC02_My_Accounts_Flow" duration-ms="1283" started-at="2021-05-26T18:06:39 IST" data-provider="getGenericTestData" finished-at="2021-05-26T18:06:40 IST">
          <params>
            <param index="0">
              <value>
                <![CDATA[{2={accountName=, SICCode=, password=December@2019, ownerName=, svidName=, recordCount=173 records, priorYearTBRMaxValue=, SICDescription=, successMessage=Wireline, username=sr644a, nAICSDescription=, FNIndicator=, responseTime=66 Milliseconds, SVID=, primaryState=, percentageFiber=, primaryCity=, primaryPhone=, fiberEligible=, accountStatus=, nAICSCode=, description=Global search, globalSearch=New, priorYearTBRMinValue=, primaryZip=, primaryStreet=, subAcctId=, runmode=N, NoOfOpptys=}}]]>
              </value>
            </param>
          </params>
          <exception class="org.testng.SkipException">
            <message>
              <![CDATA[Test Case[TC02_MY_ACCOUNTS_FLOW:data-row-2]==>is disabled]]>
            </message>
            <full-stacktrace>
              <![CDATA[org.testng.SkipException: Test Case[TC02_MY_ACCOUNTS_FLOW:data-row-2]==>is disabled
at com.att.lemonade.listeners.CustomListeners.onTestStart(CustomListeners.java:88)
at org.testng.internal.TestListenerHelper.runTestListeners(TestListenerHelper.java:103)
at org.testng.internal.TestInvoker.runTestResultListener(TestInvoker.java:220)
at org.testng.internal.TestInvoker.invokeMethod(TestInvoker.java:572)
at org.testng.internal.TestInvoker.invokeTestMethod(TestInvoker.java:174)
at org.testng.internal.MethodRunner.runInSequence(MethodRunner.java:46)
at org.testng.internal.TestInvoker$MethodInvocationAgent.invoke(TestInvoker.java:822)
at org.testng.internal.TestInvoker.invokeTestMethods(TestInvoker.java:147)
at org.testng.internal.TestMethodWorker.invokeTestMethods(TestMethodWorker.java:146)
at org.testng.internal.TestMethodWorker.run(TestMethodWorker.java:128)
at java.util.concurrent.ThreadPoolExecutor.runWorker(ThreadPoolExecutor.java:1149)
at java.util.concurrent.ThreadPoolExecutor$Worker.run(ThreadPoolExecutor.java:624)
at java.lang.Thread.run(Thread.java:748)
Caused by: java.lang.Throwable: Test Case[TC02_MY_ACCOUNTS_FLOW:data-row-2]==>is disabled
... 13 more
]]>
            </full-stacktrace>
          </exception> <!-- org.testng.SkipException -->
          <reporter-output>
          </reporter-output>
        </test-method> <!-- TC02_My_Accounts_Flow -->
        <test-method status="SKIP" signature="TC02_My_Accounts_Flow(java.util.Hashtable)[pri:0, instance:com.att.lemonade.testcases.TC02_My_Accounts@587e5365]" name="TC02_My_Accounts_Flow" duration-ms="1" started-at="2021-05-26T18:06:40 IST" data-provider="getGenericTestData" finished-at="2021-05-26T18:06:40 IST">
          <params>
            <param index="0">
              <value>
                <![CDATA[{3={accountName=, SICCode=, password=December@2019, ownerName=, svidName=, recordCount=400 records, priorYearTBRMaxValue=, SICDescription=, successMessage=Wireline, username=sr644a, nAICSDescription=, FNIndicator=, responseTime=1158 Milliseconds, SVID=, primaryState=, percentageFiber=, primaryCity=, primaryPhone=, fiberEligible=, accountStatus=, nAICSCode=, description=Global search, globalSearch=, priorYearTBRMinValue=100.0, primaryZip=, primaryStreet=, subAcctId=, runmode=N, NoOfOpptys=}}]]>
              </value>
            </param>
          </params>
          <exception class="org.testng.SkipException">
            <message>
              <![CDATA[Test Case[TC02_MY_ACCOUNTS_FLOW:data-row-3]==>is disabled]]>
            </message>
            <full-stacktrace>
              <![CDATA[org.testng.SkipException: Test Case[TC02_MY_ACCOUNTS_FLOW:data-row-3]==>is disabled
at com.att.lemonade.listeners.CustomListeners.onTestStart(CustomListeners.java:88)
at org.testng.internal.TestListenerHelper.runTestListeners(TestListenerHelper.java:103)
at org.testng.internal.TestInvoker.runTestResultListener(TestInvoker.java:220)
at org.testng.internal.TestInvoker.invokeMethod(TestInvoker.java:572)
at org.testng.internal.TestInvoker.invokeTestMethod(TestInvoker.java:174)
at org.testng.internal.MethodRunner.runInSequence(MethodRunner.java:46)
at org.testng.internal.TestInvoker$MethodInvocationAgent.invoke(TestInvoker.java:822)
at org.testng.internal.TestInvoker.invokeTestMethods(TestInvoker.java:147)
at org.testng.internal.TestMethodWorker.invokeTestMethods(TestMethodWorker.java:146)
at org.testng.internal.TestMethodWorker.run(TestMethodWorker.java:128)
at java.util.concurrent.ThreadPoolExecutor.runWorker(ThreadPoolExecutor.java:1149)
at java.util.concurrent.ThreadPoolExecutor$Worker.run(ThreadPoolExecutor.java:624)
at java.lang.Thread.run(Thread.java:748)
Caused by: java.lang.Throwable: Test Case[TC02_MY_ACCOUNTS_FLOW:data-row-3]==>is disabled
... 13 more
]]>
            </full-stacktrace>
          </exception> <!-- org.testng.SkipException -->
          <reporter-output>
          </reporter-output>
        </test-method> <!-- TC02_My_Accounts_Flow -->
        <test-method status="SKIP" signature="TC02_My_Accounts_Flow(java.util.Hashtable)[pri:0, instance:com.att.lemonade.testcases.TC02_My_Accounts@587e5365]" name="TC02_My_Accounts_Flow" duration-ms="146" started-at="2021-05-26T18:06:40 IST" data-provider="getGenericTestData" finished-at="2021-05-26T18:06:41 IST">
          <params>
            <param index="0">
              <value>
                <![CDATA[{4={accountName=, SICCode=, password=December@2019, ownerName=, svidName=, recordCount=400 records, priorYearTBRMaxValue=2.0, SICDescription=, successMessage=Wireline, username=sr644a, nAICSDescription=, FNIndicator=, responseTime=134 Milliseconds, SVID=, primaryState=, percentageFiber=, primaryCity=, primaryPhone=, fiberEligible=, accountStatus=, nAICSCode=, description=Global search, globalSearch=, priorYearTBRMinValue=, primaryZip=, primaryStreet=, subAcctId=, runmode=N, NoOfOpptys=}}]]>
              </value>
            </param>
          </params>
          <exception class="org.testng.SkipException">
            <message>
              <![CDATA[Test Case[TC02_MY_ACCOUNTS_FLOW:data-row-4]==>is disabled]]>
            </message>
            <full-stacktrace>
              <![CDATA[org.testng.SkipException: Test Case[TC02_MY_ACCOUNTS_FLOW:data-row-4]==>is disabled
at com.att.lemonade.listeners.CustomListeners.onTestStart(CustomListeners.java:88)
at org.testng.internal.TestListenerHelper.runTestListeners(TestListenerHelper.java:103)
at org.testng.internal.TestInvoker.runTestResultListener(TestInvoker.java:220)
at org.testng.internal.TestInvoker.invokeMethod(TestInvoker.java:572)
at org.testng.internal.TestInvoker.invokeTestMethod(TestInvoker.java:174)
at org.testng.internal.MethodRunner.runInSequence(MethodRunner.java:46)
at org.testng.internal.TestInvoker$MethodInvocationAgent.invoke(TestInvoker.java:822)
at org.testng.internal.TestInvoker.invokeTestMethods(TestInvoker.java:147)
at org.testng.internal.TestMethodWorker.invokeTestMethods(TestMethodWorker.java:146)
at org.testng.internal.TestMethodWorker.run(TestMethodWorker.java:128)
at java.util.concurrent.ThreadPoolExecutor.runWorker(ThreadPoolExecutor.java:1149)
at java.util.concurrent.ThreadPoolExecutor$Worker.run(ThreadPoolExecutor.java:624)
at java.lang.Thread.run(Thread.java:748)
Caused by: java.lang.Throwable: Test Case[TC02_MY_ACCOUNTS_FLOW:data-row-4]==>is disabled
... 13 more
]]>
            </full-stacktrace>
          </exception> <!-- org.testng.SkipException -->
          <reporter-output>
          </reporter-output>
        </test-method> <!-- TC02_My_Accounts_Flow -->
        <test-method status="SKIP" signature="TC02_My_Accounts_Flow(java.util.Hashtable)[pri:0, instance:com.att.lemonade.testcases.TC02_My_Accounts@587e5365]" name="TC02_My_Accounts_Flow" duration-ms="118" started-at="2021-05-26T18:06:41 IST" data-provider="getGenericTestData" finished-at="2021-05-26T18:06:41 IST">
          <params>
            <param index="0">
              <value>
                <![CDATA[{5={accountName=, SICCode=, password=December@2019, ownerName=, svidName=, recordCount=400 records, priorYearTBRMaxValue=, SICDescription=, successMessage=Wireline, username=sr644a, nAICSDescription=, FNIndicator=, responseTime=1122 Milliseconds, SVID=, primaryState=, percentageFiber=, primaryCity=, primaryPhone=, fiberEligible=, accountStatus=Prospect, nAICSCode=, description=Global search, globalSearch=, priorYearTBRMinValue=, primaryZip=, primaryStreet=, subAcctId=, runmode=N, NoOfOpptys=}}]]>
              </value>
            </param>
          </params>
          <exception class="org.testng.SkipException">
            <message>
              <![CDATA[Test Case[TC02_MY_ACCOUNTS_FLOW:data-row-5]==>is disabled]]>
            </message>
            <full-stacktrace>
              <![CDATA[org.testng.SkipException: Test Case[TC02_MY_ACCOUNTS_FLOW:data-row-5]==>is disabled
at com.att.lemonade.listeners.CustomListeners.onTestStart(CustomListeners.java:88)
at org.testng.internal.TestListenerHelper.runTestListeners(TestListenerHelper.java:103)
at org.testng.internal.TestInvoker.runTestResultListener(TestInvoker.java:220)
at org.testng.internal.TestInvoker.invokeMethod(TestInvoker.java:572)
at org.testng.internal.TestInvoker.invokeTestMethod(TestInvoker.java:174)
at org.testng.internal.MethodRunner.runInSequence(MethodRunner.java:46)
at org.testng.internal.TestInvoker$MethodInvocationAgent.invoke(TestInvoker.java:822)
at org.testng.internal.TestInvoker.invokeTestMethods(TestInvoker.java:147)
at org.testng.internal.TestMethodWorker.invokeTestMethods(TestMethodWorker.java:146)
at org.testng.internal.TestMethodWorker.run(TestMethodWorker.java:128)
at java.util.concurrent.ThreadPoolExecutor.runWorker(ThreadPoolExecutor.java:1149)
at java.util.concurrent.ThreadPoolExecutor$Worker.run(ThreadPoolExecutor.java:624)
at java.lang.Thread.run(Thread.java:748)
Caused by: java.lang.Throwable: Test Case[TC02_MY_ACCOUNTS_FLOW:data-row-5]==>is disabled
... 13 more
]]>
            </full-stacktrace>
          </exception> <!-- org.testng.SkipException -->
          <reporter-output>
          </reporter-output>
        </test-method> <!-- TC02_My_Accounts_Flow -->
        <test-method status="SKIP" signature="TC02_My_Accounts_Flow(java.util.Hashtable)[pri:0, instance:com.att.lemonade.testcases.TC02_My_Accounts@587e5365]" name="TC02_My_Accounts_Flow" duration-ms="1" started-at="2021-05-26T18:06:41 IST" data-provider="getGenericTestData" finished-at="2021-05-26T18:06:41 IST">
          <params>
            <param index="0">
              <value>
                <![CDATA[{6={accountName=, SICCode=, password=December@2019, ownerName=, svidName=, recordCount=400 records, priorYearTBRMaxValue=, SICDescription=, successMessage=Wireline, username=sr644a, nAICSDescription=, FNIndicator=, responseTime=981 Milliseconds, SVID=, primaryState=, percentageFiber=, primaryCity=, primaryPhone=, fiberEligible=, accountStatus=Active, nAICSCode=, description=Global search, globalSearch=, priorYearTBRMinValue=, primaryZip=, primaryStreet=, subAcctId=, runmode=N, NoOfOpptys=}}]]>
              </value>
            </param>
          </params>
          <exception class="org.testng.SkipException">
            <message>
              <![CDATA[Test Case[TC02_MY_ACCOUNTS_FLOW:data-row-6]==>is disabled]]>
            </message>
            <full-stacktrace>
              <![CDATA[org.testng.SkipException: Test Case[TC02_MY_ACCOUNTS_FLOW:data-row-6]==>is disabled
at com.att.lemonade.listeners.CustomListeners.onTestStart(CustomListeners.java:88)
at org.testng.internal.TestListenerHelper.runTestListeners(TestListenerHelper.java:103)
at org.testng.internal.TestInvoker.runTestResultListener(TestInvoker.java:220)
at org.testng.internal.TestInvoker.invokeMethod(TestInvoker.java:572)
at org.testng.internal.TestInvoker.invokeTestMethod(TestInvoker.java:174)
at org.testng.internal.MethodRunner.runInSequence(MethodRunner.java:46)
at org.testng.internal.TestInvoker$MethodInvocationAgent.invoke(TestInvoker.java:822)
at org.testng.internal.TestInvoker.invokeTestMethods(TestInvoker.java:147)
at org.testng.internal.TestMethodWorker.invokeTestMethods(TestMethodWorker.java:146)
at org.testng.internal.TestMethodWorker.run(TestMethodWorker.java:128)
at java.util.concurrent.ThreadPoolExecutor.runWorker(ThreadPoolExecutor.java:1149)
at java.util.concurrent.ThreadPoolExecutor$Worker.run(ThreadPoolExecutor.java:624)
at java.lang.Thread.run(Thread.java:748)
Caused by: java.lang.Throwable: Test Case[TC02_MY_ACCOUNTS_FLOW:data-row-6]==>is disabled
... 13 more
]]>
            </full-stacktrace>
          </exception> <!-- org.testng.SkipException -->
          <reporter-output>
          </reporter-output>
        </test-method> <!-- TC02_My_Accounts_Flow -->
        <test-method status="SKIP" signature="TC02_My_Accounts_Flow(java.util.Hashtable)[pri:0, instance:com.att.lemonade.testcases.TC02_My_Accounts@587e5365]" name="TC02_My_Accounts_Flow" duration-ms="168" started-at="2021-05-26T18:06:41 IST" data-provider="getGenericTestData" finished-at="2021-05-26T18:06:41 IST">
          <params>
            <param index="0">
              <value>
                <![CDATA[{7={accountName=, SICCode=, password=December@2019, ownerName=, svidName=, recordCount=400 records, priorYearTBRMaxValue=, SICDescription=, successMessage=Wireline, username=sr644a, nAICSDescription=, FNIndicator=, responseTime=614 Milliseconds, SVID=, primaryState=, percentageFiber=, primaryCity=, primaryPhone=, fiberEligible=, accountStatus=Inactive, nAICSCode=, description=Global search, globalSearch=, priorYearTBRMinValue=, primaryZip=, primaryStreet=, subAcctId=, runmode=N, NoOfOpptys=}}]]>
              </value>
            </param>
          </params>
          <exception class="org.testng.SkipException">
            <message>
              <![CDATA[Test Case[TC02_MY_ACCOUNTS_FLOW:data-row-7]==>is disabled]]>
            </message>
            <full-stacktrace>
              <![CDATA[org.testng.SkipException: Test Case[TC02_MY_ACCOUNTS_FLOW:data-row-7]==>is disabled
at com.att.lemonade.listeners.CustomListeners.onTestStart(CustomListeners.java:88)
at org.testng.internal.TestListenerHelper.runTestListeners(TestListenerHelper.java:103)
at org.testng.internal.TestInvoker.runTestResultListener(TestInvoker.java:220)
at org.testng.internal.TestInvoker.invokeMethod(TestInvoker.java:572)
at org.testng.internal.TestInvoker.invokeTestMethod(TestInvoker.java:174)
at org.testng.internal.MethodRunner.runInSequence(MethodRunner.java:46)
at org.testng.internal.TestInvoker$MethodInvocationAgent.invoke(TestInvoker.java:822)
at org.testng.internal.TestInvoker.invokeTestMethods(TestInvoker.java:147)
at org.testng.internal.TestMethodWorker.invokeTestMethods(TestMethodWorker.java:146)
at org.testng.internal.TestMethodWorker.run(TestMethodWorker.java:128)
at java.util.concurrent.ThreadPoolExecutor.runWorker(ThreadPoolExecutor.java:1149)
at java.util.concurrent.ThreadPoolExecutor$Worker.run(ThreadPoolExecutor.java:624)
at java.lang.Thread.run(Thread.java:748)
Caused by: java.lang.Throwable: Test Case[TC02_MY_ACCOUNTS_FLOW:data-row-7]==>is disabled
... 13 more
]]>
            </full-stacktrace>
          </exception> <!-- org.testng.SkipException -->
          <reporter-output>
          </reporter-output>
        </test-method> <!-- TC02_My_Accounts_Flow -->
        <test-method status="SKIP" signature="TC02_My_Accounts_Flow(java.util.Hashtable)[pri:0, instance:com.att.lemonade.testcases.TC02_My_Accounts@587e5365]" name="TC02_My_Accounts_Flow" duration-ms="79" started-at="2021-05-26T18:06:42 IST" data-provider="getGenericTestData" finished-at="2021-05-26T18:06:42 IST">
          <params>
            <param index="0">
              <value>
                <![CDATA[{8={accountName=, SICCode=, password=December@2019, ownerName=, svidName=, recordCount=400 records, priorYearTBRMaxValue=, SICDescription=, successMessage=Wireline, username=sr644a, nAICSDescription=, FNIndicator=, responseTime=911 Milliseconds, SVID=, primaryState=, percentageFiber=, primaryCity=, primaryPhone=, fiberEligible=, accountStatus=, nAICSCode=, description=Global search, globalSearch=, priorYearTBRMinValue=, primaryZip=, primaryStreet=, subAcctId=, runmode=N, NoOfOpptys=0.0}}]]>
              </value>
            </param>
          </params>
          <exception class="org.testng.SkipException">
            <message>
              <![CDATA[Test Case[TC02_MY_ACCOUNTS_FLOW:data-row-8]==>is disabled]]>
            </message>
            <full-stacktrace>
              <![CDATA[org.testng.SkipException: Test Case[TC02_MY_ACCOUNTS_FLOW:data-row-8]==>is disabled
at com.att.lemonade.listeners.CustomListeners.onTestStart(CustomListeners.java:88)
at org.testng.internal.TestListenerHelper.runTestListeners(TestListenerHelper.java:103)
at org.testng.internal.TestInvoker.runTestResultListener(TestInvoker.java:220)
at org.testng.internal.TestInvoker.invokeMethod(TestInvoker.java:572)
at org.testng.internal.TestInvoker.invokeTestMethod(TestInvoker.java:174)
at org.testng.internal.MethodRunner.runInSequence(MethodRunner.java:46)
at org.testng.internal.TestInvoker$MethodInvocationAgent.invoke(TestInvoker.java:822)
at org.testng.internal.TestInvoker.invokeTestMethods(TestInvoker.java:147)
at org.testng.internal.TestMethodWorker.invokeTestMethods(TestMethodWorker.java:146)
at org.testng.internal.TestMethodWorker.run(TestMethodWorker.java:128)
at java.util.concurrent.ThreadPoolExecutor.runWorker(ThreadPoolExecutor.java:1149)
at java.util.concurrent.ThreadPoolExecutor$Worker.run(ThreadPoolExecutor.java:624)
at java.lang.Thread.run(Thread.java:748)
Caused by: java.lang.Throwable: Test Case[TC02_MY_ACCOUNTS_FLOW:data-row-8]==>is disabled
... 13 more
]]>
            </full-stacktrace>
          </exception> <!-- org.testng.SkipException -->
          <reporter-output>
          </reporter-output>
        </test-method> <!-- TC02_My_Accounts_Flow -->
        <test-method status="SKIP" signature="TC02_My_Accounts_Flow(java.util.Hashtable)[pri:0, instance:com.att.lemonade.testcases.TC02_My_Accounts@587e5365]" name="TC02_My_Accounts_Flow" duration-ms="39" started-at="2021-05-26T18:06:42 IST" data-provider="getGenericTestData" finished-at="2021-05-26T18:06:42 IST">
          <params>
            <param index="0">
              <value>
                <![CDATA[{9={accountName=, SICCode=, password=December@2019, ownerName=, svidName=, recordCount=45 records, priorYearTBRMaxValue=, SICDescription=, successMessage=Wireline, username=sr644a, nAICSDescription=, FNIndicator=, responseTime=712 Milliseconds, SVID=, primaryState=, percentageFiber=, primaryCity=, primaryPhone=, fiberEligible=, accountStatus=, nAICSCode=, description=Global search, globalSearch=, priorYearTBRMinValue=, primaryZip=, primaryStreet=, subAcctId=, runmode=N, NoOfOpptys=2.0}}]]>
              </value>
            </param>
          </params>
          <exception class="org.testng.SkipException">
            <message>
              <![CDATA[Test Case[TC02_MY_ACCOUNTS_FLOW:data-row-9]==>is disabled]]>
            </message>
            <full-stacktrace>
              <![CDATA[org.testng.SkipException: Test Case[TC02_MY_ACCOUNTS_FLOW:data-row-9]==>is disabled
at com.att.lemonade.listeners.CustomListeners.onTestStart(CustomListeners.java:88)
at org.testng.internal.TestListenerHelper.runTestListeners(TestListenerHelper.java:103)
at org.testng.internal.TestInvoker.runTestResultListener(TestInvoker.java:220)
at org.testng.internal.TestInvoker.invokeMethod(TestInvoker.java:572)
at org.testng.internal.TestInvoker.invokeTestMethod(TestInvoker.java:174)
at org.testng.internal.MethodRunner.runInSequence(MethodRunner.java:46)
at org.testng.internal.TestInvoker$MethodInvocationAgent.invoke(TestInvoker.java:822)
at org.testng.internal.TestInvoker.invokeTestMethods(TestInvoker.java:147)
at org.testng.internal.TestMethodWorker.invokeTestMethods(TestMethodWorker.java:146)
at org.testng.internal.TestMethodWorker.run(TestMethodWorker.java:128)
at java.util.concurrent.ThreadPoolExecutor.runWorker(ThreadPoolExecutor.java:1149)
at java.util.concurrent.ThreadPoolExecutor$Worker.run(ThreadPoolExecutor.java:624)
at java.lang.Thread.run(Thread.java:748)
Caused by: java.lang.Throwable: Test Case[TC02_MY_ACCOUNTS_FLOW:data-row-9]==>is disabled
... 13 more
]]>
            </full-stacktrace>
          </exception> <!-- org.testng.SkipException -->
          <reporter-output>
          </reporter-output>
        </test-method> <!-- TC02_My_Accounts_Flow -->
        <test-method status="SKIP" signature="TC02_My_Accounts_Flow(java.util.Hashtable)[pri:0, instance:com.att.lemonade.testcases.TC02_My_Accounts@587e5365]" name="TC02_My_Accounts_Flow" duration-ms="452" started-at="2021-05-26T18:06:42 IST" data-provider="getGenericTestData" finished-at="2021-05-26T18:06:42 IST">
          <params>
            <param index="0">
              <value>
                <![CDATA[{10={accountName=, SICCode=, password=December@2019, ownerName=, svidName=, recordCount=87 records, priorYearTBRMaxValue=, SICDescription=, successMessage=Wireline, username=sr644a, nAICSDescription=, FNIndicator=, responseTime=632 Milliseconds, SVID=, primaryState=, percentageFiber=, primaryCity=, primaryPhone=, fiberEligible=, accountStatus=, nAICSCode=, description=Global search, globalSearch=, priorYearTBRMinValue=, primaryZip=, primaryStreet=, subAcctId=, runmode=Y, NoOfOpptys=1.0}}]]>
              </value>
            </param>
          </params>
          <exception class="org.testng.SkipException">
            <message>
              <![CDATA[Test Case[TC02_MY_ACCOUNTS_FLOW:data-row-10]==>is disabled]]>
            </message>
            <full-stacktrace>
              <![CDATA[org.testng.SkipException: Test Case[TC02_MY_ACCOUNTS_FLOW:data-row-10]==>is disabled
at com.att.lemonade.listeners.CustomListeners.onTestStart(CustomListeners.java:88)
at org.testng.internal.TestListenerHelper.runTestListeners(TestListenerHelper.java:103)
at org.testng.internal.TestInvoker.runTestResultListener(TestInvoker.java:220)
at org.testng.internal.TestInvoker.invokeMethod(TestInvoker.java:572)
at org.testng.internal.TestInvoker.invokeTestMethod(TestInvoker.java:174)
at org.testng.internal.MethodRunner.runInSequence(MethodRunner.java:46)
at org.testng.internal.TestInvoker$MethodInvocationAgent.invoke(TestInvoker.java:822)
at org.testng.internal.TestInvoker.invokeTestMethods(TestInvoker.java:147)
at org.testng.internal.TestMethodWorker.invokeTestMethods(TestMethodWorker.java:146)
at org.testng.internal.TestMethodWorker.run(TestMethodWorker.java:128)
at java.util.concurrent.ThreadPoolExecutor.runWorker(ThreadPoolExecutor.java:1149)
at java.util.concurrent.ThreadPoolExecutor$Worker.run(ThreadPoolExecutor.java:624)
at java.lang.Thread.run(Thread.java:748)
Caused by: java.lang.Throwable: Test Case[TC02_MY_ACCOUNTS_FLOW:data-row-10]==>is disabled
... 13 more
]]>
            </full-stacktrace>
          </exception> <!-- org.testng.SkipException -->
          <reporter-output>
          </reporter-output>
        </test-method> <!-- TC02_My_Accounts_Flow -->
        <test-method status="SKIP" signature="TC02_My_Accounts_Flow(java.util.Hashtable)[pri:0, instance:com.att.lemonade.testcases.TC02_My_Accounts@587e5365]" name="TC02_My_Accounts_Flow" duration-ms="154" started-at="2021-05-26T18:06:42 IST" data-provider="getGenericTestData" finished-at="2021-05-26T18:06:43 IST">
          <params>
            <param index="0">
              <value>
                <![CDATA[{11={accountName=, SICCode=, password=December@2019, ownerName=, svidName=, recordCount=No data found, priorYearTBRMaxValue=, SICDescription=, successMessage=Wireline, username=sr644a, nAICSDescription=, FNIndicator=, responseTime=No data found, SVID=, primaryState=, percentageFiber=, primaryCity=, primaryPhone=, fiberEligible=, accountStatus=, nAICSCode=, description=Global search, globalSearch=, priorYearTBRMinValue=, primaryZip=, primaryStreet=, subAcctId=SEALL6, runmode=Y, NoOfOpptys=}}]]>
              </value>
            </param>
          </params>
          <exception class="org.testng.SkipException">
            <message>
              <![CDATA[Test Case[TC02_MY_ACCOUNTS_FLOW:data-row-11]==>is disabled]]>
            </message>
            <full-stacktrace>
              <![CDATA[org.testng.SkipException: Test Case[TC02_MY_ACCOUNTS_FLOW:data-row-11]==>is disabled
at com.att.lemonade.listeners.CustomListeners.onTestStart(CustomListeners.java:88)
at org.testng.internal.TestListenerHelper.runTestListeners(TestListenerHelper.java:103)
at org.testng.internal.TestInvoker.runTestResultListener(TestInvoker.java:220)
at org.testng.internal.TestInvoker.invokeMethod(TestInvoker.java:572)
at org.testng.internal.TestInvoker.invokeTestMethod(TestInvoker.java:174)
at org.testng.internal.MethodRunner.runInSequence(MethodRunner.java:46)
at org.testng.internal.TestInvoker$MethodInvocationAgent.invoke(TestInvoker.java:822)
at org.testng.internal.TestInvoker.invokeTestMethods(TestInvoker.java:147)
at org.testng.internal.TestMethodWorker.invokeTestMethods(TestMethodWorker.java:146)
at org.testng.internal.TestMethodWorker.run(TestMethodWorker.java:128)
at java.util.concurrent.ThreadPoolExecutor.runWorker(ThreadPoolExecutor.java:1149)
at java.util.concurrent.ThreadPoolExecutor$Worker.run(ThreadPoolExecutor.java:624)
at java.lang.Thread.run(Thread.java:748)
Caused by: java.lang.Throwable: Test Case[TC02_MY_ACCOUNTS_FLOW:data-row-11]==>is disabled
... 13 more
]]>
            </full-stacktrace>
          </exception> <!-- org.testng.SkipException -->
          <reporter-output>
          </reporter-output>
        </test-method> <!-- TC02_My_Accounts_Flow -->
        <test-method status="SKIP" signature="TC02_My_Accounts_Flow(java.util.Hashtable)[pri:0, instance:com.att.lemonade.testcases.TC02_My_Accounts@587e5365]" name="TC02_My_Accounts_Flow" duration-ms="232" started-at="2021-05-26T18:06:43 IST" data-provider="getGenericTestData" finished-at="2021-05-26T18:06:43 IST">
          <params>
            <param index="0">
              <value>
                <![CDATA[{12={accountName=, SICCode=, password=December@2019, ownerName=, svidName=, recordCount=33 records, priorYearTBRMaxValue=, SICDescription=, successMessage=Wireline, username=sr644a, nAICSDescription=, FNIndicator=, responseTime=442 Milliseconds, SVID=, primaryState=, percentageFiber=, primaryCity=Memphis, primaryPhone=, fiberEligible=, accountStatus=, nAICSCode=, description=Global search, globalSearch=, priorYearTBRMinValue=, primaryZip=, primaryStreet=, subAcctId=, runmode=Y, NoOfOpptys=}}]]>
              </value>
            </param>
          </params>
          <exception class="org.testng.SkipException">
            <message>
              <![CDATA[Test Case[TC02_MY_ACCOUNTS_FLOW:data-row-12]==>is disabled]]>
            </message>
            <full-stacktrace>
              <![CDATA[org.testng.SkipException: Test Case[TC02_MY_ACCOUNTS_FLOW:data-row-12]==>is disabled
at com.att.lemonade.listeners.CustomListeners.onTestStart(CustomListeners.java:88)
at org.testng.internal.TestListenerHelper.runTestListeners(TestListenerHelper.java:103)
at org.testng.internal.TestInvoker.runTestResultListener(TestInvoker.java:220)
at org.testng.internal.TestInvoker.invokeMethod(TestInvoker.java:572)
at org.testng.internal.TestInvoker.invokeTestMethod(TestInvoker.java:174)
at org.testng.internal.MethodRunner.runInSequence(MethodRunner.java:46)
at org.testng.internal.TestInvoker$MethodInvocationAgent.invoke(TestInvoker.java:822)
at org.testng.internal.TestInvoker.invokeTestMethods(TestInvoker.java:147)
at org.testng.internal.TestMethodWorker.invokeTestMethods(TestMethodWorker.java:146)
at org.testng.internal.TestMethodWorker.run(TestMethodWorker.java:128)
at java.util.concurrent.ThreadPoolExecutor.runWorker(ThreadPoolExecutor.java:1149)
at java.util.concurrent.ThreadPoolExecutor$Worker.run(ThreadPoolExecutor.java:624)
at java.lang.Thread.run(Thread.java:748)
Caused by: java.lang.Throwable: Test Case[TC02_MY_ACCOUNTS_FLOW:data-row-12]==>is disabled
... 13 more
]]>
            </full-stacktrace>
          </exception> <!-- org.testng.SkipException -->
          <reporter-output>
          </reporter-output>
        </test-method> <!-- TC02_My_Accounts_Flow -->
        <test-method status="SKIP" signature="TC02_My_Accounts_Flow(java.util.Hashtable)[pri:0, instance:com.att.lemonade.testcases.TC02_My_Accounts@587e5365]" name="TC02_My_Accounts_Flow" duration-ms="323" started-at="2021-05-26T18:06:43 IST" data-provider="getGenericTestData" finished-at="2021-05-26T18:06:43 IST">
          <params>
            <param index="0">
              <value>
                <![CDATA[{13={accountName=JPMORGAN CHASE BANK NA, SICCode=, password=December@2019, ownerName=, svidName=, recordCount=No data found, priorYearTBRMaxValue=, SICDescription=, successMessage=Wireline, username=sr644a, nAICSDescription=, FNIndicator=, responseTime=No data found, SVID=, primaryState=, percentageFiber=, primaryCity=, primaryPhone=, fiberEligible=, accountStatus=, nAICSCode=, description=Global search, globalSearch=, priorYearTBRMinValue=, primaryZip=, primaryStreet=, subAcctId=, runmode=Y, NoOfOpptys=}}]]>
              </value>
            </param>
          </params>
          <exception class="org.testng.SkipException">
            <message>
              <![CDATA[Test Case[TC02_MY_ACCOUNTS_FLOW:data-row-13]==>is disabled]]>
            </message>
            <full-stacktrace>
              <![CDATA[org.testng.SkipException: Test Case[TC02_MY_ACCOUNTS_FLOW:data-row-13]==>is disabled
at com.att.lemonade.listeners.CustomListeners.onTestStart(CustomListeners.java:88)
at org.testng.internal.TestListenerHelper.runTestListeners(TestListenerHelper.java:103)
at org.testng.internal.TestInvoker.runTestResultListener(TestInvoker.java:220)
at org.testng.internal.TestInvoker.invokeMethod(TestInvoker.java:572)
at org.testng.internal.TestInvoker.invokeTestMethod(TestInvoker.java:174)
at org.testng.internal.MethodRunner.runInSequence(MethodRunner.java:46)
at org.testng.internal.TestInvoker$MethodInvocationAgent.invoke(TestInvoker.java:822)
at org.testng.internal.TestInvoker.invokeTestMethods(TestInvoker.java:147)
at org.testng.internal.TestMethodWorker.invokeTestMethods(TestMethodWorker.java:146)
at org.testng.internal.TestMethodWorker.run(TestMethodWorker.java:128)
at java.util.concurrent.ThreadPoolExecutor.runWorker(ThreadPoolExecutor.java:1149)
at java.util.concurrent.ThreadPoolExecutor$Worker.run(ThreadPoolExecutor.java:624)
at java.lang.Thread.run(Thread.java:748)
Caused by: java.lang.Throwable: Test Case[TC02_MY_ACCOUNTS_FLOW:data-row-13]==>is disabled
... 13 more
]]>
            </full-stacktrace>
          </exception> <!-- org.testng.SkipException -->
          <reporter-output>
          </reporter-output>
        </test-method> <!-- TC02_My_Accounts_Flow -->
        <test-method status="SKIP" signature="TC02_My_Accounts_Flow(java.util.Hashtable)[pri:0, instance:com.att.lemonade.testcases.TC02_My_Accounts@587e5365]" name="TC02_My_Accounts_Flow" duration-ms="124" started-at="2021-05-26T18:06:44 IST" data-provider="getGenericTestData" finished-at="2021-05-26T18:06:44 IST">
          <params>
            <param index="0">
              <value>
                <![CDATA[{14={accountName=, SICCode=, password=December@2019, ownerName=, svidName=, recordCount=No data found, priorYearTBRMaxValue=, SICDescription=, successMessage=Wireline, username=sr644a, nAICSDescription=, FNIndicator=, responseTime=No data found, SVID=, primaryState=, percentageFiber=, primaryCity=, primaryPhone=, fiberEligible=, accountStatus=, nAICSCode=, description=Global search, globalSearch=, priorYearTBRMinValue=, primaryZip=, primaryStreet=60 Wall St, subAcctId=, runmode=Y, NoOfOpptys=}}]]>
              </value>
            </param>
          </params>
          <exception class="org.testng.SkipException">
            <message>
              <![CDATA[Test Case[TC02_MY_ACCOUNTS_FLOW:data-row-14]==>is disabled]]>
            </message>
            <full-stacktrace>
              <![CDATA[org.testng.SkipException: Test Case[TC02_MY_ACCOUNTS_FLOW:data-row-14]==>is disabled
at com.att.lemonade.listeners.CustomListeners.onTestStart(CustomListeners.java:88)
at org.testng.internal.TestListenerHelper.runTestListeners(TestListenerHelper.java:103)
at org.testng.internal.TestInvoker.runTestResultListener(TestInvoker.java:220)
at org.testng.internal.TestInvoker.invokeMethod(TestInvoker.java:572)
at org.testng.internal.TestInvoker.invokeTestMethod(TestInvoker.java:174)
at org.testng.internal.MethodRunner.runInSequence(MethodRunner.java:46)
at org.testng.internal.TestInvoker$MethodInvocationAgent.invoke(TestInvoker.java:822)
at org.testng.internal.TestInvoker.invokeTestMethods(TestInvoker.java:147)
at org.testng.internal.TestMethodWorker.invokeTestMethods(TestMethodWorker.java:146)
at org.testng.internal.TestMethodWorker.run(TestMethodWorker.java:128)
at java.util.concurrent.ThreadPoolExecutor.runWorker(ThreadPoolExecutor.java:1149)
at java.util.concurrent.ThreadPoolExecutor$Worker.run(ThreadPoolExecutor.java:624)
at java.lang.Thread.run(Thread.java:748)
Caused by: java.lang.Throwable: Test Case[TC02_MY_ACCOUNTS_FLOW:data-row-14]==>is disabled
... 13 more
]]>
            </full-stacktrace>
          </exception> <!-- org.testng.SkipException -->
          <reporter-output>
          </reporter-output>
        </test-method> <!-- TC02_My_Accounts_Flow -->
        <test-method status="SKIP" signature="TC02_My_Accounts_Flow(java.util.Hashtable)[pri:0, instance:com.att.lemonade.testcases.TC02_My_Accounts@587e5365]" name="TC02_My_Accounts_Flow" duration-ms="117" started-at="2021-05-26T18:06:44 IST" data-provider="getGenericTestData" finished-at="2021-05-26T18:06:44 IST">
          <params>
            <param index="0">
              <value>
                <![CDATA[{15={accountName=, SICCode=, password=December@2019, ownerName=, svidName=, recordCount=No data found, priorYearTBRMaxValue=, SICDescription=, successMessage=Wireline, username=sr644a, nAICSDescription=, FNIndicator=, responseTime=No data found, SVID=, primaryState=, percentageFiber=, primaryCity=, primaryPhone=, fiberEligible=, accountStatus=, nAICSCode=, description=Global search, globalSearch=, priorYearTBRMinValue=, primaryZip=, primaryStreet=111 Polaris Pkwy, subAcctId=, runmode=Y, NoOfOpptys=}}]]>
              </value>
            </param>
          </params>
          <exception class="org.testng.SkipException">
            <message>
              <![CDATA[Test Case[TC02_MY_ACCOUNTS_FLOW:data-row-15]==>is disabled]]>
            </message>
            <full-stacktrace>
              <![CDATA[org.testng.SkipException: Test Case[TC02_MY_ACCOUNTS_FLOW:data-row-15]==>is disabled
at com.att.lemonade.listeners.CustomListeners.onTestStart(CustomListeners.java:88)
at org.testng.internal.TestListenerHelper.runTestListeners(TestListenerHelper.java:103)
at org.testng.internal.TestInvoker.runTestResultListener(TestInvoker.java:220)
at org.testng.internal.TestInvoker.invokeMethod(TestInvoker.java:572)
at org.testng.internal.TestInvoker.invokeTestMethod(TestInvoker.java:174)
at org.testng.internal.MethodRunner.runInSequence(MethodRunner.java:46)
at org.testng.internal.TestInvoker$MethodInvocationAgent.invoke(TestInvoker.java:822)
at org.testng.internal.TestInvoker.invokeTestMethods(TestInvoker.java:147)
at org.testng.internal.TestMethodWorker.invokeTestMethods(TestMethodWorker.java:146)
at org.testng.internal.TestMethodWorker.run(TestMethodWorker.java:128)
at java.util.concurrent.ThreadPoolExecutor.runWorker(ThreadPoolExecutor.java:1149)
at java.util.concurrent.ThreadPoolExecutor$Worker.run(ThreadPoolExecutor.java:624)
at java.lang.Thread.run(Thread.java:748)
Caused by: java.lang.Throwable: Test Case[TC02_MY_ACCOUNTS_FLOW:data-row-15]==>is disabled
... 13 more
]]>
            </full-stacktrace>
          </exception> <!-- org.testng.SkipException -->
          <reporter-output>
          </reporter-output>
        </test-method> <!-- TC02_My_Accounts_Flow -->
        <test-method status="SKIP" signature="TC02_My_Accounts_Flow(java.util.Hashtable)[pri:0, instance:com.att.lemonade.testcases.TC02_My_Accounts@587e5365]" name="TC02_My_Accounts_Flow" duration-ms="307" started-at="2021-05-26T18:06:44 IST" data-provider="getGenericTestData" finished-at="2021-05-26T18:06:44 IST">
          <params>
            <param index="0">
              <value>
                <![CDATA[{16={accountName=, SICCode=, password=December@2019, ownerName=, svidName=, recordCount=25 records, priorYearTBRMaxValue=, SICDescription=, successMessage=Wireline, username=sr644a, nAICSDescription=, FNIndicator=, responseTime=511 Milliseconds, SVID=, primaryState=MS, percentageFiber=, primaryCity=, primaryPhone=, fiberEligible=, accountStatus=, nAICSCode=, description=Global search, globalSearch=, priorYearTBRMinValue=, primaryZip=, primaryStreet=, subAcctId=, runmode=Y, NoOfOpptys=}}]]>
              </value>
            </param>
          </params>
          <exception class="org.testng.SkipException">
            <message>
              <![CDATA[Test Case[TC02_MY_ACCOUNTS_FLOW:data-row-16]==>is disabled]]>
            </message>
            <full-stacktrace>
              <![CDATA[org.testng.SkipException: Test Case[TC02_MY_ACCOUNTS_FLOW:data-row-16]==>is disabled
at com.att.lemonade.listeners.CustomListeners.onTestStart(CustomListeners.java:88)
at org.testng.internal.TestListenerHelper.runTestListeners(TestListenerHelper.java:103)
at org.testng.internal.TestInvoker.runTestResultListener(TestInvoker.java:220)
at org.testng.internal.TestInvoker.invokeMethod(TestInvoker.java:572)
at org.testng.internal.TestInvoker.invokeTestMethod(TestInvoker.java:174)
at org.testng.internal.MethodRunner.runInSequence(MethodRunner.java:46)
at org.testng.internal.TestInvoker$MethodInvocationAgent.invoke(TestInvoker.java:822)
at org.testng.internal.TestInvoker.invokeTestMethods(TestInvoker.java:147)
at org.testng.internal.TestMethodWorker.invokeTestMethods(TestMethodWorker.java:146)
at org.testng.internal.TestMethodWorker.run(TestMethodWorker.java:128)
at java.util.concurrent.ThreadPoolExecutor.runWorker(ThreadPoolExecutor.java:1149)
at java.util.concurrent.ThreadPoolExecutor$Worker.run(ThreadPoolExecutor.java:624)
at java.lang.Thread.run(Thread.java:748)
Caused by: java.lang.Throwable: Test Case[TC02_MY_ACCOUNTS_FLOW:data-row-16]==>is disabled
... 13 more
]]>
            </full-stacktrace>
          </exception> <!-- org.testng.SkipException -->
          <reporter-output>
          </reporter-output>
        </test-method> <!-- TC02_My_Accounts_Flow -->
        <test-method status="SKIP" signature="TC02_My_Accounts_Flow(java.util.Hashtable)[pri:0, instance:com.att.lemonade.testcases.TC02_My_Accounts@587e5365]" name="TC02_My_Accounts_Flow" duration-ms="1" started-at="2021-05-26T18:06:45 IST" data-provider="getGenericTestData" finished-at="2021-05-26T18:06:45 IST">
          <params>
            <param index="0">
              <value>
                <![CDATA[{17={accountName=, SICCode=, password=December@2019, ownerName=, svidName=, recordCount=69 records, priorYearTBRMaxValue=, SICDescription=, successMessage=Wireline, username=sr644a, nAICSDescription=, FNIndicator=, responseTime=613 Milliseconds, SVID=, primaryState=TN, percentageFiber=, primaryCity=, primaryPhone=, fiberEligible=, accountStatus=, nAICSCode=, description=Global search, globalSearch=, priorYearTBRMinValue=, primaryZip=, primaryStreet=, subAcctId=, runmode=Y, NoOfOpptys=}}]]>
              </value>
            </param>
          </params>
          <exception class="org.testng.SkipException">
            <message>
              <![CDATA[Test Case[TC02_MY_ACCOUNTS_FLOW:data-row-17]==>is disabled]]>
            </message>
            <full-stacktrace>
              <![CDATA[org.testng.SkipException: Test Case[TC02_MY_ACCOUNTS_FLOW:data-row-17]==>is disabled
at com.att.lemonade.listeners.CustomListeners.onTestStart(CustomListeners.java:88)
at org.testng.internal.TestListenerHelper.runTestListeners(TestListenerHelper.java:103)
at org.testng.internal.TestInvoker.runTestResultListener(TestInvoker.java:220)
at org.testng.internal.TestInvoker.invokeMethod(TestInvoker.java:572)
at org.testng.internal.TestInvoker.invokeTestMethod(TestInvoker.java:174)
at org.testng.internal.MethodRunner.runInSequence(MethodRunner.java:46)
at org.testng.internal.TestInvoker$MethodInvocationAgent.invoke(TestInvoker.java:822)
at org.testng.internal.TestInvoker.invokeTestMethods(TestInvoker.java:147)
at org.testng.internal.TestMethodWorker.invokeTestMethods(TestMethodWorker.java:146)
at org.testng.internal.TestMethodWorker.run(TestMethodWorker.java:128)
at java.util.concurrent.ThreadPoolExecutor.runWorker(ThreadPoolExecutor.java:1149)
at java.util.concurrent.ThreadPoolExecutor$Worker.run(ThreadPoolExecutor.java:624)
at java.lang.Thread.run(Thread.java:748)
Caused by: java.lang.Throwable: Test Case[TC02_MY_ACCOUNTS_FLOW:data-row-17]==>is disabled
... 13 more
]]>
            </full-stacktrace>
          </exception> <!-- org.testng.SkipException -->
          <reporter-output>
          </reporter-output>
        </test-method> <!-- TC02_My_Accounts_Flow -->
        <test-method status="SKIP" signature="TC02_My_Accounts_Flow(java.util.Hashtable)[pri:0, instance:com.att.lemonade.testcases.TC02_My_Accounts@587e5365]" name="TC02_My_Accounts_Flow" duration-ms="135" started-at="2021-05-26T18:06:45 IST" data-provider="getGenericTestData" finished-at="2021-05-26T18:06:45 IST">
          <params>
            <param index="0">
              <value>
                <![CDATA[{18={accountName=, SICCode=, password=December@2019, ownerName=, svidName=, recordCount=134 records, priorYearTBRMaxValue=, SICDescription=, successMessage=Wireline, username=sr644a, nAICSDescription=, FNIndicator=, responseTime=571 Milliseconds, SVID=, primaryState=PA, percentageFiber=, primaryCity=, primaryPhone=, fiberEligible=, accountStatus=, nAICSCode=, description=Global search, globalSearch=, priorYearTBRMinValue=, primaryZip=, primaryStreet=, subAcctId=, runmode=Y, NoOfOpptys=}}]]>
              </value>
            </param>
          </params>
          <exception class="org.testng.SkipException">
            <message>
              <![CDATA[Test Case[TC02_MY_ACCOUNTS_FLOW:data-row-18]==>is disabled]]>
            </message>
            <full-stacktrace>
              <![CDATA[org.testng.SkipException: Test Case[TC02_MY_ACCOUNTS_FLOW:data-row-18]==>is disabled
at com.att.lemonade.listeners.CustomListeners.onTestStart(CustomListeners.java:88)
at org.testng.internal.TestListenerHelper.runTestListeners(TestListenerHelper.java:103)
at org.testng.internal.TestInvoker.runTestResultListener(TestInvoker.java:220)
at org.testng.internal.TestInvoker.invokeMethod(TestInvoker.java:572)
at org.testng.internal.TestInvoker.invokeTestMethod(TestInvoker.java:174)
at org.testng.internal.MethodRunner.runInSequence(MethodRunner.java:46)
at org.testng.internal.TestInvoker$MethodInvocationAgent.invoke(TestInvoker.java:822)
at org.testng.internal.TestInvoker.invokeTestMethods(TestInvoker.java:147)
at org.testng.internal.TestMethodWorker.invokeTestMethods(TestMethodWorker.java:146)
at org.testng.internal.TestMethodWorker.run(TestMethodWorker.java:128)
at java.util.concurrent.ThreadPoolExecutor.runWorker(ThreadPoolExecutor.java:1149)
at java.util.concurrent.ThreadPoolExecutor$Worker.run(ThreadPoolExecutor.java:624)
at java.lang.Thread.run(Thread.java:748)
Caused by: java.lang.Throwable: Test Case[TC02_MY_ACCOUNTS_FLOW:data-row-18]==>is disabled
... 13 more
]]>
            </full-stacktrace>
          </exception> <!-- org.testng.SkipException -->
          <reporter-output>
          </reporter-output>
        </test-method> <!-- TC02_My_Accounts_Flow -->
        <test-method status="SKIP" signature="TC02_My_Accounts_Flow(java.util.Hashtable)[pri:0, instance:com.att.lemonade.testcases.TC02_My_Accounts@587e5365]" name="TC02_My_Accounts_Flow" duration-ms="139" started-at="2021-05-26T18:06:45 IST" data-provider="getGenericTestData" finished-at="2021-05-26T18:06:45 IST">
          <params>
            <param index="0">
              <value>
                <![CDATA[{19={accountName=, SICCode=6211.0, password=December@2019, ownerName=, svidName=, recordCount=57 records, priorYearTBRMaxValue=, SICDescription=, successMessage=Wireline, username=sr644a, nAICSDescription=, FNIndicator=, responseTime=736 Milliseconds, SVID=, primaryState=, percentageFiber=, primaryCity=, primaryPhone=, fiberEligible=, accountStatus=, nAICSCode=, description=Global search, globalSearch=, priorYearTBRMinValue=, primaryZip=, primaryStreet=, subAcctId=, runmode=Y, NoOfOpptys=}}]]>
              </value>
            </param>
          </params>
          <exception class="org.testng.SkipException">
            <message>
              <![CDATA[Test Case[TC02_MY_ACCOUNTS_FLOW:data-row-19]==>is disabled]]>
            </message>
            <full-stacktrace>
              <![CDATA[org.testng.SkipException: Test Case[TC02_MY_ACCOUNTS_FLOW:data-row-19]==>is disabled
at com.att.lemonade.listeners.CustomListeners.onTestStart(CustomListeners.java:88)
at org.testng.internal.TestListenerHelper.runTestListeners(TestListenerHelper.java:103)
at org.testng.internal.TestInvoker.runTestResultListener(TestInvoker.java:220)
at org.testng.internal.TestInvoker.invokeMethod(TestInvoker.java:572)
at org.testng.internal.TestInvoker.invokeTestMethod(TestInvoker.java:174)
at org.testng.internal.MethodRunner.runInSequence(MethodRunner.java:46)
at org.testng.internal.TestInvoker$MethodInvocationAgent.invoke(TestInvoker.java:822)
at org.testng.internal.TestInvoker.invokeTestMethods(TestInvoker.java:147)
at org.testng.internal.TestMethodWorker.invokeTestMethods(TestMethodWorker.java:146)
at org.testng.internal.TestMethodWorker.run(TestMethodWorker.java:128)
at java.util.concurrent.ThreadPoolExecutor.runWorker(ThreadPoolExecutor.java:1149)
at java.util.concurrent.ThreadPoolExecutor$Worker.run(ThreadPoolExecutor.java:624)
at java.lang.Thread.run(Thread.java:748)
Caused by: java.lang.Throwable: Test Case[TC02_MY_ACCOUNTS_FLOW:data-row-19]==>is disabled
... 13 more
]]>
            </full-stacktrace>
          </exception> <!-- org.testng.SkipException -->
          <reporter-output>
          </reporter-output>
        </test-method> <!-- TC02_My_Accounts_Flow -->
        <test-method status="SKIP" signature="TC02_My_Accounts_Flow(java.util.Hashtable)[pri:0, instance:com.att.lemonade.testcases.TC02_My_Accounts@587e5365]" name="TC02_My_Accounts_Flow" duration-ms="1" started-at="2021-05-26T18:06:45 IST" data-provider="getGenericTestData" finished-at="2021-05-26T18:06:45 IST">
          <params>
            <param index="0">
              <value>
                <![CDATA[{20={accountName=, SICCode=6221.0, password=December@2019, ownerName=, svidName=, recordCount=No data found, priorYearTBRMaxValue=, SICDescription=, successMessage=Wireline, username=sr644a, nAICSDescription=, FNIndicator=, responseTime=No data found, SVID=, primaryState=, percentageFiber=, primaryCity=, primaryPhone=, fiberEligible=, accountStatus=, nAICSCode=, description=Global search, globalSearch=, priorYearTBRMinValue=, primaryZip=, primaryStreet=, subAcctId=, runmode=Y, NoOfOpptys=}}]]>
              </value>
            </param>
          </params>
          <exception class="org.testng.SkipException">
            <message>
              <![CDATA[Test Case[TC02_MY_ACCOUNTS_FLOW:data-row-20]==>is disabled]]>
            </message>
            <full-stacktrace>
              <![CDATA[org.testng.SkipException: Test Case[TC02_MY_ACCOUNTS_FLOW:data-row-20]==>is disabled
at com.att.lemonade.listeners.CustomListeners.onTestStart(CustomListeners.java:88)
at org.testng.internal.TestListenerHelper.runTestListeners(TestListenerHelper.java:103)
at org.testng.internal.TestInvoker.runTestResultListener(TestInvoker.java:220)
at org.testng.internal.TestInvoker.invokeMethod(TestInvoker.java:572)
at org.testng.internal.TestInvoker.invokeTestMethod(TestInvoker.java:174)
at org.testng.internal.MethodRunner.runInSequence(MethodRunner.java:46)
at org.testng.internal.TestInvoker$MethodInvocationAgent.invoke(TestInvoker.java:822)
at org.testng.internal.TestInvoker.invokeTestMethods(TestInvoker.java:147)
at org.testng.internal.TestMethodWorker.invokeTestMethods(TestMethodWorker.java:146)
at org.testng.internal.TestMethodWorker.run(TestMethodWorker.java:128)
at java.util.concurrent.ThreadPoolExecutor.runWorker(ThreadPoolExecutor.java:1149)
at java.util.concurrent.ThreadPoolExecutor$Worker.run(ThreadPoolExecutor.java:624)
at java.lang.Thread.run(Thread.java:748)
Caused by: java.lang.Throwable: Test Case[TC02_MY_ACCOUNTS_FLOW:data-row-20]==>is disabled
... 13 more
]]>
            </full-stacktrace>
          </exception> <!-- org.testng.SkipException -->
          <reporter-output>
          </reporter-output>
        </test-method> <!-- TC02_My_Accounts_Flow -->
        <test-method status="SKIP" signature="TC02_My_Accounts_Flow(java.util.Hashtable)[pri:0, instance:com.att.lemonade.testcases.TC02_My_Accounts@587e5365]" name="TC02_My_Accounts_Flow" duration-ms="103" started-at="2021-05-26T18:06:45 IST" data-provider="getGenericTestData" finished-at="2021-05-26T18:06:45 IST">
          <params>
            <param index="0">
              <value>
                <![CDATA[{21={accountName=, SICCode=, password=December@2019, ownerName=, svidName=, recordCount=4 records, priorYearTBRMaxValue=, SICDescription=Retail, successMessage=Wireline, username=sr644a, nAICSDescription=, FNIndicator=, responseTime=401 Milliseconds, SVID=, primaryState=, percentageFiber=, primaryCity=, primaryPhone=, fiberEligible=, accountStatus=, nAICSCode=, description=Global search, globalSearch=, priorYearTBRMinValue=, primaryZip=, primaryStreet=, subAcctId=, runmode=Y, NoOfOpptys=}}]]>
              </value>
            </param>
          </params>
          <exception class="org.testng.SkipException">
            <message>
              <![CDATA[Test Case[TC02_MY_ACCOUNTS_FLOW:data-row-21]==>is disabled]]>
            </message>
            <full-stacktrace>
              <![CDATA[org.testng.SkipException: Test Case[TC02_MY_ACCOUNTS_FLOW:data-row-21]==>is disabled
at com.att.lemonade.listeners.CustomListeners.onTestStart(CustomListeners.java:88)
at org.testng.internal.TestListenerHelper.runTestListeners(TestListenerHelper.java:103)
at org.testng.internal.TestInvoker.runTestResultListener(TestInvoker.java:220)
at org.testng.internal.TestInvoker.invokeMethod(TestInvoker.java:572)
at org.testng.internal.TestInvoker.invokeTestMethod(TestInvoker.java:174)
at org.testng.internal.MethodRunner.runInSequence(MethodRunner.java:46)
at org.testng.internal.TestInvoker$MethodInvocationAgent.invoke(TestInvoker.java:822)
at org.testng.internal.TestInvoker.invokeTestMethods(TestInvoker.java:147)
at org.testng.internal.TestMethodWorker.invokeTestMethods(TestMethodWorker.java:146)
at org.testng.internal.TestMethodWorker.run(TestMethodWorker.java:128)
at java.util.concurrent.ThreadPoolExecutor.runWorker(ThreadPoolExecutor.java:1149)
at java.util.concurrent.ThreadPoolExecutor$Worker.run(ThreadPoolExecutor.java:624)
at java.lang.Thread.run(Thread.java:748)
Caused by: java.lang.Throwable: Test Case[TC02_MY_ACCOUNTS_FLOW:data-row-21]==>is disabled
... 13 more
]]>
            </full-stacktrace>
          </exception> <!-- org.testng.SkipException -->
          <reporter-output>
          </reporter-output>
        </test-method> <!-- TC02_My_Accounts_Flow -->
        <test-method status="SKIP" signature="TC02_My_Accounts_Flow(java.util.Hashtable)[pri:0, instance:com.att.lemonade.testcases.TC02_My_Accounts@587e5365]" name="TC02_My_Accounts_Flow" duration-ms="45" started-at="2021-05-26T18:06:46 IST" data-provider="getGenericTestData" finished-at="2021-05-26T18:06:46 IST">
          <params>
            <param index="0">
              <value>
                <![CDATA[{22={accountName=, SICCode=, password=December@2019, ownerName=, svidName=, recordCount=19 records, priorYearTBRMaxValue=, SICDescription=Organizations, successMessage=Wireline, username=sr644a, nAICSDescription=, FNIndicator=, responseTime=420 Milliseconds, SVID=, primaryState=, percentageFiber=, primaryCity=, primaryPhone=, fiberEligible=, accountStatus=, nAICSCode=, description=Global search, globalSearch=, priorYearTBRMinValue=, primaryZip=, primaryStreet=, subAcctId=, runmode=Y, NoOfOpptys=}}]]>
              </value>
            </param>
          </params>
          <exception class="org.testng.SkipException">
            <message>
              <![CDATA[Test Case[TC02_MY_ACCOUNTS_FLOW:data-row-22]==>is disabled]]>
            </message>
            <full-stacktrace>
              <![CDATA[org.testng.SkipException: Test Case[TC02_MY_ACCOUNTS_FLOW:data-row-22]==>is disabled
at com.att.lemonade.listeners.CustomListeners.onTestStart(CustomListeners.java:88)
at org.testng.internal.TestListenerHelper.runTestListeners(TestListenerHelper.java:103)
at org.testng.internal.TestInvoker.runTestResultListener(TestInvoker.java:220)
at org.testng.internal.TestInvoker.invokeMethod(TestInvoker.java:572)
at org.testng.internal.TestInvoker.invokeTestMethod(TestInvoker.java:174)
at org.testng.internal.MethodRunner.runInSequence(MethodRunner.java:46)
at org.testng.internal.TestInvoker$MethodInvocationAgent.invoke(TestInvoker.java:822)
at org.testng.internal.TestInvoker.invokeTestMethods(TestInvoker.java:147)
at org.testng.internal.TestMethodWorker.invokeTestMethods(TestMethodWorker.java:146)
at org.testng.internal.TestMethodWorker.run(TestMethodWorker.java:128)
at java.util.concurrent.ThreadPoolExecutor.runWorker(ThreadPoolExecutor.java:1149)
at java.util.concurrent.ThreadPoolExecutor$Worker.run(ThreadPoolExecutor.java:624)
at java.lang.Thread.run(Thread.java:748)
Caused by: java.lang.Throwable: Test Case[TC02_MY_ACCOUNTS_FLOW:data-row-22]==>is disabled
... 13 more
]]>
            </full-stacktrace>
          </exception> <!-- org.testng.SkipException -->
          <reporter-output>
          </reporter-output>
        </test-method> <!-- TC02_My_Accounts_Flow -->
        <test-method status="SKIP" signature="TC02_My_Accounts_Flow(java.util.Hashtable)[pri:0, instance:com.att.lemonade.testcases.TC02_My_Accounts@587e5365]" name="TC02_My_Accounts_Flow" duration-ms="124" started-at="2021-05-26T18:06:46 IST" data-provider="getGenericTestData" finished-at="2021-05-26T18:06:46 IST">
          <params>
            <param index="0">
              <value>
                <![CDATA[{23={accountName=, SICCode=, password=December@2019, ownerName=, svidName=, recordCount=5 records, priorYearTBRMaxValue=, SICDescription=Miscellaneous, successMessage=Wireline, username=sr644a, nAICSDescription=, FNIndicator=, responseTime=316 Milliseconds, SVID=, primaryState=, percentageFiber=, primaryCity=, primaryPhone=, fiberEligible=, accountStatus=, nAICSCode=, description=Global search, globalSearch=, priorYearTBRMinValue=, primaryZip=, primaryStreet=, subAcctId=, runmode=Y, NoOfOpptys=}}]]>
              </value>
            </param>
          </params>
          <exception class="org.testng.SkipException">
            <message>
              <![CDATA[Test Case[TC02_MY_ACCOUNTS_FLOW:data-row-23]==>is disabled]]>
            </message>
            <full-stacktrace>
              <![CDATA[org.testng.SkipException: Test Case[TC02_MY_ACCOUNTS_FLOW:data-row-23]==>is disabled
at com.att.lemonade.listeners.CustomListeners.onTestStart(CustomListeners.java:88)
at org.testng.internal.TestListenerHelper.runTestListeners(TestListenerHelper.java:103)
at org.testng.internal.TestInvoker.runTestResultListener(TestInvoker.java:220)
at org.testng.internal.TestInvoker.invokeMethod(TestInvoker.java:572)
at org.testng.internal.TestInvoker.invokeTestMethod(TestInvoker.java:174)
at org.testng.internal.MethodRunner.runInSequence(MethodRunner.java:46)
at org.testng.internal.TestInvoker$MethodInvocationAgent.invoke(TestInvoker.java:822)
at org.testng.internal.TestInvoker.invokeTestMethods(TestInvoker.java:147)
at org.testng.internal.TestMethodWorker.invokeTestMethods(TestMethodWorker.java:146)
at org.testng.internal.TestMethodWorker.run(TestMethodWorker.java:128)
at java.util.concurrent.ThreadPoolExecutor.runWorker(ThreadPoolExecutor.java:1149)
at java.util.concurrent.ThreadPoolExecutor$Worker.run(ThreadPoolExecutor.java:624)
at java.lang.Thread.run(Thread.java:748)
Caused by: java.lang.Throwable: Test Case[TC02_MY_ACCOUNTS_FLOW:data-row-23]==>is disabled
... 13 more
]]>
            </full-stacktrace>
          </exception> <!-- org.testng.SkipException -->
          <reporter-output>
          </reporter-output>
        </test-method> <!-- TC02_My_Accounts_Flow -->
        <test-method status="SKIP" signature="TC02_My_Accounts_Flow(java.util.Hashtable)[pri:0, instance:com.att.lemonade.testcases.TC02_My_Accounts@587e5365]" name="TC02_My_Accounts_Flow" duration-ms="117" started-at="2021-05-26T18:06:46 IST" data-provider="getGenericTestData" finished-at="2021-05-26T18:06:46 IST">
          <params>
            <param index="0">
              <value>
                <![CDATA[{24={accountName=, SICCode=, password=December@2019, ownerName=, svidName=, recordCount=2 records, priorYearTBRMaxValue=, SICDescription=, successMessage=Wireline, username=sr644a, nAICSDescription=Professional, Scientific, Tech. Services, FNIndicator=, responseTime=292 Milliseconds, SVID=, primaryState=, percentageFiber=, primaryCity=, primaryPhone=, fiberEligible=, accountStatus=, nAICSCode=, description=Global search, globalSearch=, priorYearTBRMinValue=, primaryZip=, primaryStreet=, subAcctId=, runmode=Y, NoOfOpptys=}}]]>
              </value>
            </param>
          </params>
          <exception class="org.testng.SkipException">
            <message>
              <![CDATA[Test Case[TC02_MY_ACCOUNTS_FLOW:data-row-24]==>is disabled]]>
            </message>
            <full-stacktrace>
              <![CDATA[org.testng.SkipException: Test Case[TC02_MY_ACCOUNTS_FLOW:data-row-24]==>is disabled
at com.att.lemonade.listeners.CustomListeners.onTestStart(CustomListeners.java:88)
at org.testng.internal.TestListenerHelper.runTestListeners(TestListenerHelper.java:103)
at org.testng.internal.TestInvoker.runTestResultListener(TestInvoker.java:220)
at org.testng.internal.TestInvoker.invokeMethod(TestInvoker.java:572)
at org.testng.internal.TestInvoker.invokeTestMethod(TestInvoker.java:174)
at org.testng.internal.MethodRunner.runInSequence(MethodRunner.java:46)
at org.testng.internal.TestInvoker$MethodInvocationAgent.invoke(TestInvoker.java:822)
at org.testng.internal.TestInvoker.invokeTestMethods(TestInvoker.java:147)
at org.testng.internal.TestMethodWorker.invokeTestMethods(TestMethodWorker.java:146)
at org.testng.internal.TestMethodWorker.run(TestMethodWorker.java:128)
at java.util.concurrent.ThreadPoolExecutor.runWorker(ThreadPoolExecutor.java:1149)
at java.util.concurrent.ThreadPoolExecutor$Worker.run(ThreadPoolExecutor.java:624)
at java.lang.Thread.run(Thread.java:748)
Caused by: java.lang.Throwable: Test Case[TC02_MY_ACCOUNTS_FLOW:data-row-24]==>is disabled
... 13 more
]]>
            </full-stacktrace>
          </exception> <!-- org.testng.SkipException -->
          <reporter-output>
          </reporter-output>
        </test-method> <!-- TC02_My_Accounts_Flow -->
        <test-method status="SKIP" signature="TC02_My_Accounts_Flow(java.util.Hashtable)[pri:0, instance:com.att.lemonade.testcases.TC02_My_Accounts@587e5365]" name="TC02_My_Accounts_Flow" duration-ms="144" started-at="2021-05-26T18:06:46 IST" data-provider="getGenericTestData" finished-at="2021-05-26T18:06:46 IST">
          <params>
            <param index="0">
              <value>
                <![CDATA[{25={accountName=, SICCode=, password=December@2019, ownerName=, svidName=, recordCount=No data found, priorYearTBRMaxValue=, SICDescription=, successMessage=Wireline, username=sr644a, nAICSDescription=Manufacturing-Metal,Machinery,Computer,Electronic,Electrical,Appliance, FNIndicator=, responseTime=No data found, SVID=, primaryState=, percentageFiber=, primaryCity=, primaryPhone=, fiberEligible=, accountStatus=, nAICSCode=, description=Global search, globalSearch=, priorYearTBRMinValue=, primaryZip=, primaryStreet=, subAcctId=, runmode=Y, NoOfOpptys=}}]]>
              </value>
            </param>
          </params>
          <exception class="org.testng.SkipException">
            <message>
              <![CDATA[Test Case[TC02_MY_ACCOUNTS_FLOW:data-row-25]==>is disabled]]>
            </message>
            <full-stacktrace>
              <![CDATA[org.testng.SkipException: Test Case[TC02_MY_ACCOUNTS_FLOW:data-row-25]==>is disabled
at com.att.lemonade.listeners.CustomListeners.onTestStart(CustomListeners.java:88)
at org.testng.internal.TestListenerHelper.runTestListeners(TestListenerHelper.java:103)
at org.testng.internal.TestInvoker.runTestResultListener(TestInvoker.java:220)
at org.testng.internal.TestInvoker.invokeMethod(TestInvoker.java:572)
at org.testng.internal.TestInvoker.invokeTestMethod(TestInvoker.java:174)
at org.testng.internal.MethodRunner.runInSequence(MethodRunner.java:46)
at org.testng.internal.TestInvoker$MethodInvocationAgent.invoke(TestInvoker.java:822)
at org.testng.internal.TestInvoker.invokeTestMethods(TestInvoker.java:147)
at org.testng.internal.TestMethodWorker.invokeTestMethods(TestMethodWorker.java:146)
at org.testng.internal.TestMethodWorker.run(TestMethodWorker.java:128)
at java.util.concurrent.ThreadPoolExecutor.runWorker(ThreadPoolExecutor.java:1149)
at java.util.concurrent.ThreadPoolExecutor$Worker.run(ThreadPoolExecutor.java:624)
at java.lang.Thread.run(Thread.java:748)
Caused by: java.lang.Throwable: Test Case[TC02_MY_ACCOUNTS_FLOW:data-row-25]==>is disabled
... 13 more
]]>
            </full-stacktrace>
          </exception> <!-- org.testng.SkipException -->
          <reporter-output>
          </reporter-output>
        </test-method> <!-- TC02_My_Accounts_Flow -->
        <test-method status="SKIP" signature="TC02_My_Accounts_Flow(java.util.Hashtable)[pri:0, instance:com.att.lemonade.testcases.TC02_My_Accounts@587e5365]" name="TC02_My_Accounts_Flow" duration-ms="235" started-at="2021-05-26T18:06:47 IST" data-provider="getGenericTestData" finished-at="2021-05-26T18:06:47 IST">
          <params>
            <param index="0">
              <value>
                <![CDATA[{26={accountName=, SICCode=, password=December@2019, ownerName=, svidName=, recordCount=No data found, priorYearTBRMaxValue=, SICDescription=, successMessage=Wireline, username=sr644a, nAICSDescription=Accommodation and Food Services, FNIndicator=, responseTime=No data found, SVID=, primaryState=, percentageFiber=, primaryCity=, primaryPhone=, fiberEligible=, accountStatus=, nAICSCode=, description=Global search, globalSearch=, priorYearTBRMinValue=, primaryZip=, primaryStreet=, subAcctId=, runmode=Y, NoOfOpptys=}}]]>
              </value>
            </param>
          </params>
          <exception class="org.testng.SkipException">
            <message>
              <![CDATA[Test Case[TC02_MY_ACCOUNTS_FLOW:data-row-26]==>is disabled]]>
            </message>
            <full-stacktrace>
              <![CDATA[org.testng.SkipException: Test Case[TC02_MY_ACCOUNTS_FLOW:data-row-26]==>is disabled
at com.att.lemonade.listeners.CustomListeners.onTestStart(CustomListeners.java:88)
at org.testng.internal.TestListenerHelper.runTestListeners(TestListenerHelper.java:103)
at org.testng.internal.TestInvoker.runTestResultListener(TestInvoker.java:220)
at org.testng.internal.TestInvoker.invokeMethod(TestInvoker.java:572)
at org.testng.internal.TestInvoker.invokeTestMethod(TestInvoker.java:174)
at org.testng.internal.MethodRunner.runInSequence(MethodRunner.java:46)
at org.testng.internal.TestInvoker$MethodInvocationAgent.invoke(TestInvoker.java:822)
at org.testng.internal.TestInvoker.invokeTestMethods(TestInvoker.java:147)
at org.testng.internal.TestMethodWorker.invokeTestMethods(TestMethodWorker.java:146)
at org.testng.internal.TestMethodWorker.run(TestMethodWorker.java:128)
at java.util.concurrent.ThreadPoolExecutor.runWorker(ThreadPoolExecutor.java:1149)
at java.util.concurrent.ThreadPoolExecutor$Worker.run(ThreadPoolExecutor.java:624)
at java.lang.Thread.run(Thread.java:748)
Caused by: java.lang.Throwable: Test Case[TC02_MY_ACCOUNTS_FLOW:data-row-26]==>is disabled
... 13 more
]]>
            </full-stacktrace>
          </exception> <!-- org.testng.SkipException -->
          <reporter-output>
          </reporter-output>
        </test-method> <!-- TC02_My_Accounts_Flow -->
[...]
              </value>
            </param>
          </params>
          <exception class="org.testng.SkipException">
            <message>
              <![CDATA[Test Case[TC08_CONTACTS_ADMIN_FLOW:data-row-23]==>is disabled]]>
            </message>
            <full-stacktrace>
              <![CDATA[org.testng.SkipException: Test Case[TC08_CONTACTS_ADMIN_FLOW:data-row-23]==>is disabled
at com.att.lemonade.listeners.CustomListeners.onTestStart(CustomListeners.java:88)
at org.testng.internal.TestListenerHelper.runTestListeners(TestListenerHelper.java:103)
at org.testng.internal.TestInvoker.runTestResultListener(TestInvoker.java:220)
at org.testng.internal.TestInvoker.invokeMethod(TestInvoker.java:572)
at org.testng.internal.TestInvoker.invokeTestMethod(TestInvoker.java:174)
at org.testng.internal.MethodRunner.runInSequence(MethodRunner.java:46)
at org.testng.internal.TestInvoker$MethodInvocationAgent.invoke(TestInvoker.java:822)
at org.testng.internal.TestInvoker.invokeTestMethods(TestInvoker.java:147)
at org.testng.internal.TestMethodWorker.invokeTestMethods(TestMethodWorker.java:146)
at org.testng.internal.TestMethodWorker.run(TestMethodWorker.java:128)
at java.util.concurrent.ThreadPoolExecutor.runWorker(ThreadPoolExecutor.java:1149)
at java.util.concurrent.ThreadPoolExecutor$Worker.run(ThreadPoolExecutor.java:624)
at java.lang.Thread.run(Thread.java:748)
Caused by: java.lang.Throwable: Test Case[TC08_CONTACTS_ADMIN_FLOW:data-row-23]==>is disabled
... 13 more
]]>
            </full-stacktrace>
          </exception> <!-- org.testng.SkipException -->
          <reporter-output>
          </reporter-output>
        </test-method> <!-- TC08_Contacts_Admin_Flow -->
        <test-method status="SKIP" signature="TC08_Contacts_Admin_Flow(java.util.Hashtable)[pri:0, instance:com.att.lemonade.testcases.TC08_Contacts_Admin@c0c2f8d]" name="TC08_Contacts_Admin_Flow" duration-ms="93" started-at="2021-05-26T18:06:48 IST" data-provider="getGenericTestData" finished-at="2021-05-26T18:06:48 IST">
          <params>
            <param index="0">
              <value>
                <![CDATA[{24={attuid=, accountName=, firstName=, password=December@2038, svidName=, primaryCountry=, recordCount=400 records, columnDisplayVisible=, successMessage=Wireline, username=sr644a, responseTime=558 Milliseconds, filterOnEmailAndPhone=, SVID=, primaryState=, primaryCity=, primaryPhone=, lastName=, managementLevel=, description=FieldSearch, department=IT & IS, globalSearch=, primaryZip=, subAcctId=, runmode=Y, title=}}]]>
              </value>
            </param>
          </params>
          <exception class="org.testng.SkipException">
            <message>
              <![CDATA[Test Case[TC08_CONTACTS_ADMIN_FLOW:data-row-24]==>is disabled]]>
            </message>
            <full-stacktrace>
              <![CDATA[org.testng.SkipException: Test Case[TC08_CONTACTS_ADMIN_FLOW:data-row-24]==>is disabled
at com.att.lemonade.listeners.CustomListeners.onTestStart(CustomListeners.java:88)
at org.testng.internal.TestListenerHelper.runTestListeners(TestListenerHelper.java:103)
at org.testng.internal.TestInvoker.runTestResultListener(TestInvoker.java:220)
at org.testng.internal.TestInvoker.invokeMethod(TestInvoker.java:572)
at org.testng.internal.TestInvoker.invokeTestMethod(TestInvoker.java:174)
at org.testng.internal.MethodRunner.runInSequence(MethodRunner.java:46)
at org.testng.internal.TestInvoker$MethodInvocationAgent.invoke(TestInvoker.java:822)
at org.testng.internal.TestInvoker.invokeTestMethods(TestInvoker.java:147)
at org.testng.internal.TestMethodWorker.invokeTestMethods(TestMethodWorker.java:146)
at org.testng.internal.TestMethodWorker.run(TestMethodWorker.java:128)
at java.util.concurrent.ThreadPoolExecutor.runWorker(ThreadPoolExecutor.java:1149)
at java.util.concurrent.ThreadPoolExecutor$Worker.run(ThreadPoolExecutor.java:624)
at java.lang.Thread.run(Thread.java:748)
Caused by: java.lang.Throwable: Test Case[TC08_CONTACTS_ADMIN_FLOW:data-row-24]==>is disabled
... 13 more
]]>
            </full-stacktrace>
          </exception> <!-- org.testng.SkipException -->
          <reporter-output>
          </reporter-output>
        </test-method> <!-- TC08_Contacts_Admin_Flow -->
        <test-method status="SKIP" signature="TC08_Contacts_Admin_Flow(java.util.Hashtable)[pri:0, instance:com.att.lemonade.testcases.TC08_Contacts_Admin@c0c2f8d]" name="TC08_Contacts_Admin_Flow" duration-ms="66" started-at="2021-05-26T18:06:48 IST" data-provider="getGenericTestData" finished-at="2021-05-26T18:06:48 IST">
          <params>
            <param index="0">
              <value>
                <![CDATA[{25={attuid=, accountName=, firstName=, password=December@2039, svidName=, primaryCountry=, recordCount=400 records, columnDisplayVisible=, successMessage=Wireline, username=sr644a, responseTime=529 Milliseconds, filterOnEmailAndPhone=, SVID=, primaryState=, primaryCity=, primaryPhone=, lastName=, managementLevel=PROFESSIONAL, description=FieldSearch, department=, globalSearch=, primaryZip=, subAcctId=, runmode=Y, title=}}]]>
              </value>
            </param>
          </params>
          <exception class="org.testng.SkipException">
            <message>
              <![CDATA[Test Case[TC08_CONTACTS_ADMIN_FLOW:data-row-25]==>is disabled]]>
            </message>
            <full-stacktrace>
              <![CDATA[org.testng.SkipException: Test Case[TC08_CONTACTS_ADMIN_FLOW:data-row-25]==>is disabled
at com.att.lemonade.listeners.CustomListeners.onTestStart(CustomListeners.java:88)
at org.testng.internal.TestListenerHelper.runTestListeners(TestListenerHelper.java:103)
at org.testng.internal.TestInvoker.runTestResultListener(TestInvoker.java:220)
at org.testng.internal.TestInvoker.invokeMethod(TestInvoker.java:572)
at org.testng.internal.TestInvoker.invokeTestMethod(TestInvoker.java:174)
at org.testng.internal.MethodRunner.runInSequence(MethodRunner.java:46)
at org.testng.internal.TestInvoker$MethodInvocationAgent.invoke(TestInvoker.java:822)
at org.testng.internal.TestInvoker.invokeTestMethods(TestInvoker.java:147)
at org.testng.internal.TestMethodWorker.invokeTestMethods(TestMethodWorker.java:146)
at org.testng.internal.TestMethodWorker.run(TestMethodWorker.java:128)
at java.util.concurrent.ThreadPoolExecutor.runWorker(ThreadPoolExecutor.java:1149)
at java.util.concurrent.ThreadPoolExecutor$Worker.run(ThreadPoolExecutor.java:624)
at java.lang.Thread.run(Thread.java:748)
Caused by: java.lang.Throwable: Test Case[TC08_CONTACTS_ADMIN_FLOW:data-row-25]==>is disabled
... 13 more
]]>
            </full-stacktrace>
          </exception> <!-- org.testng.SkipException -->
          <reporter-output>
          </reporter-output>
        </test-method> <!-- TC08_Contacts_Admin_Flow -->
        <test-method status="SKIP" signature="TC08_Contacts_Admin_Flow(java.util.Hashtable)[pri:0, instance:com.att.lemonade.testcases.TC08_Contacts_Admin@c0c2f8d]" name="TC08_Contacts_Admin_Flow" duration-ms="80" started-at="2021-05-26T18:06:49 IST" data-provider="getGenericTestData" finished-at="2021-05-26T18:06:49 IST">
          <params>
            <param index="0">
              <value>
                <![CDATA[{26={attuid=, accountName=, firstName=, password=December@2040, svidName=, primaryCountry=, recordCount=400 records, columnDisplayVisible=, successMessage=Wireline, username=sr644a, responseTime=665 Milliseconds, filterOnEmailAndPhone=, SVID=, primaryState=, primaryCity=, primaryPhone=, lastName=, managementLevel=, description=FieldSearch, department=, globalSearch=, primaryZip=, subAcctId=, runmode=Y, title=}}]]>
              </value>
            </param>
          </params>
          <exception class="org.testng.SkipException">
            <message>
              <![CDATA[Test Case[TC08_CONTACTS_ADMIN_FLOW:data-row-26]==>is disabled]]>
            </message>
            <full-stacktrace>
              <![CDATA[org.testng.SkipException: Test Case[TC08_CONTACTS_ADMIN_FLOW:data-row-26]==>is disabled
at com.att.lemonade.listeners.CustomListeners.onTestStart(CustomListeners.java:88)
at org.testng.internal.TestListenerHelper.runTestListeners(TestListenerHelper.java:103)
at org.testng.internal.TestInvoker.runTestResultListener(TestInvoker.java:220)
at org.testng.internal.TestInvoker.invokeMethod(TestInvoker.java:572)
at org.testng.internal.TestInvoker.invokeTestMethod(TestInvoker.java:174)
at org.testng.internal.MethodRunner.runInSequence(MethodRunner.java:46)
at org.testng.internal.TestInvoker$MethodInvocationAgent.invoke(TestInvoker.java:822)
at org.testng.internal.TestInvoker.invokeTestMethods(TestInvoker.java:147)
at org.testng.internal.TestMethodWorker.invokeTestMethods(TestMethodWorker.java:146)
at org.testng.internal.TestMethodWorker.run(TestMethodWorker.java:128)
at java.util.concurrent.ThreadPoolExecutor.runWorker(ThreadPoolExecutor.java:1149)
at java.util.concurrent.ThreadPoolExecutor$Worker.run(ThreadPoolExecutor.java:624)
at java.lang.Thread.run(Thread.java:748)
Caused by: java.lang.Throwable: Test Case[TC08_CONTACTS_ADMIN_FLOW:data-row-26]==>is disabled
... 13 more
]]>
            </full-stacktrace>
          </exception> <!-- org.testng.SkipException -->
          <reporter-output>
          </reporter-output>
        </test-method> <!-- TC08_Contacts_Admin_Flow -->
        <test-method status="SKIP" signature="TC08_Contacts_Admin_Flow(java.util.Hashtable)[pri:0, instance:com.att.lemonade.testcases.TC08_Contacts_Admin@c0c2f8d]" name="TC08_Contacts_Admin_Flow" duration-ms="0" started-at="2021-05-26T18:06:49 IST" data-provider="getGenericTestData" finished-at="2021-05-26T18:06:49 IST">
          <params>
            <param index="0">
              <value>
                <![CDATA[{27={attuid=, accountName=, firstName=, password=December@2041, svidName=, primaryCountry=, recordCount=400 records, columnDisplayVisible=, successMessage=Wireline, username=sr644a, responseTime=424 Milliseconds, filterOnEmailAndPhone=, SVID=, primaryState=, primaryCity=SEATTLE, primaryPhone=, lastName=, managementLevel=, description=FieldSearch, department=, globalSearch=, primaryZip=, subAcctId=, runmode=Y, title=}}]]>
              </value>
            </param>
          </params>
          <exception class="org.testng.SkipException">
            <message>
              <![CDATA[Test Case[TC08_CONTACTS_ADMIN_FLOW:data-row-27]==>is disabled]]>
            </message>
            <full-stacktrace>
              <![CDATA[org.testng.SkipException: Test Case[TC08_CONTACTS_ADMIN_FLOW:data-row-27]==>is disabled
at com.att.lemonade.listeners.CustomListeners.onTestStart(CustomListeners.java:88)
at org.testng.internal.TestListenerHelper.runTestListeners(TestListenerHelper.java:103)
at org.testng.internal.TestInvoker.runTestResultListener(TestInvoker.java:220)
at org.testng.internal.TestInvoker.invokeMethod(TestInvoker.java:572)
at org.testng.internal.TestInvoker.invokeTestMethod(TestInvoker.java:174)
at org.testng.internal.MethodRunner.runInSequence(MethodRunner.java:46)
at org.testng.internal.TestInvoker$MethodInvocationAgent.invoke(TestInvoker.java:822)
at org.testng.internal.TestInvoker.invokeTestMethods(TestInvoker.java:147)
at org.testng.internal.TestMethodWorker.invokeTestMethods(TestMethodWorker.java:146)
at org.testng.internal.TestMethodWorker.run(TestMethodWorker.java:128)
at java.util.concurrent.ThreadPoolExecutor.runWorker(ThreadPoolExecutor.java:1149)
at java.util.concurrent.ThreadPoolExecutor$Worker.run(ThreadPoolExecutor.java:624)
at java.lang.Thread.run(Thread.java:748)
Caused by: java.lang.Throwable: Test Case[TC08_CONTACTS_ADMIN_FLOW:data-row-27]==>is disabled
... 13 more
]]>
            </full-stacktrace>
          </exception> <!-- org.testng.SkipException -->
          <reporter-output>
          </reporter-output>
        </test-method> <!-- TC08_Contacts_Admin_Flow -->
        <test-method status="SKIP" signature="TC08_Contacts_Admin_Flow(java.util.Hashtable)[pri:0, instance:com.att.lemonade.testcases.TC08_Contacts_Admin@c0c2f8d]" name="TC08_Contacts_Admin_Flow" duration-ms="137" started-at="2021-05-26T18:06:49 IST" data-provider="getGenericTestData" finished-at="2021-05-26T18:06:49 IST">
          <params>
            <param index="0">
              <value>
                <![CDATA[{28={attuid=, accountName=, firstName=, password=December@2042, svidName=, primaryCountry=, recordCount=400 records, columnDisplayVisible=, successMessage=Wireline, username=sr644a, responseTime=483 Milliseconds, filterOnEmailAndPhone=, SVID=, primaryState=WA, primaryCity=, primaryPhone=, lastName=, managementLevel=, description=FieldSearch, department=, globalSearch=, primaryZip=, subAcctId=, runmode=Y, title=}}]]>
              </value>
            </param>
          </params>
          <exception class="org.testng.SkipException">
            <message>
              <![CDATA[Test Case[TC08_CONTACTS_ADMIN_FLOW:data-row-28]==>is disabled]]>
            </message>
            <full-stacktrace>
              <![CDATA[org.testng.SkipException: Test Case[TC08_CONTACTS_ADMIN_FLOW:data-row-28]==>is disabled
at com.att.lemonade.listeners.CustomListeners.onTestStart(CustomListeners.java:88)
at org.testng.internal.TestListenerHelper.runTestListeners(TestListenerHelper.java:103)
at org.testng.internal.TestInvoker.runTestResultListener(TestInvoker.java:220)
at org.testng.internal.TestInvoker.invokeMethod(TestInvoker.java:572)
at org.testng.internal.TestInvoker.invokeTestMethod(TestInvoker.java:174)
at org.testng.internal.MethodRunner.runInSequence(MethodRunner.java:46)
at org.testng.internal.TestInvoker$MethodInvocationAgent.invoke(TestInvoker.java:822)
at org.testng.internal.TestInvoker.invokeTestMethods(TestInvoker.java:147)
at org.testng.internal.TestMethodWorker.invokeTestMethods(TestMethodWorker.java:146)
at org.testng.internal.TestMethodWorker.run(TestMethodWorker.java:128)
at java.util.concurrent.ThreadPoolExecutor.runWorker(ThreadPoolExecutor.java:1149)
at java.util.concurrent.ThreadPoolExecutor$Worker.run(ThreadPoolExecutor.java:624)
at java.lang.Thread.run(Thread.java:748)
Caused by: java.lang.Throwable: Test Case[TC08_CONTACTS_ADMIN_FLOW:data-row-28]==>is disabled
... 13 more
]]>
            </full-stacktrace>
          </exception> <!-- org.testng.SkipException -->
          <reporter-output>
          </reporter-output>
        </test-method> <!-- TC08_Contacts_Admin_Flow -->
        <test-method status="SKIP" signature="TC08_Contacts_Admin_Flow(java.util.Hashtable)[pri:0, instance:com.att.lemonade.testcases.TC08_Contacts_Admin@c0c2f8d]" name="TC08_Contacts_Admin_Flow" duration-ms="112" started-at="2021-05-26T18:06:49 IST" data-provider="getGenericTestData" finished-at="2021-05-26T18:06:49 IST">
          <params>
            <param index="0">
              <value>
                <![CDATA[{29={attuid=, accountName=, firstName=, password=December@2029, svidName=, primaryCountry=, recordCount=400 records, columnDisplayVisible=, successMessage=Wireline, username=sr644a, responseTime=562 Milliseconds, filterOnEmailAndPhone=Show Only Contacts with Phone, SVID=, primaryState=, primaryCity=, primaryPhone=, lastName=, managementLevel=, description=FieldSearch, department=, globalSearch=, primaryZip=, subAcctId=, runmode=Y, title=}}]]>
              </value>
            </param>
          </params>
          <exception class="org.testng.SkipException">
            <message>
              <![CDATA[Test Case[TC08_CONTACTS_ADMIN_FLOW:data-row-29]==>is disabled]]>
            </message>
            <full-stacktrace>
              <![CDATA[org.testng.SkipException: Test Case[TC08_CONTACTS_ADMIN_FLOW:data-row-29]==>is disabled
at com.att.lemonade.listeners.CustomListeners.onTestStart(CustomListeners.java:88)
at org.testng.internal.TestListenerHelper.runTestListeners(TestListenerHelper.java:103)
at org.testng.internal.TestInvoker.runTestResultListener(TestInvoker.java:220)
at org.testng.internal.TestInvoker.invokeMethod(TestInvoker.java:572)
at org.testng.internal.TestInvoker.invokeTestMethod(TestInvoker.java:174)
at org.testng.internal.MethodRunner.runInSequence(MethodRunner.java:46)
at org.testng.internal.TestInvoker$MethodInvocationAgent.invoke(TestInvoker.java:822)
at org.testng.internal.TestInvoker.invokeTestMethods(TestInvoker.java:147)
at org.testng.internal.TestMethodWorker.invokeTestMethods(TestMethodWorker.java:146)
at org.testng.internal.TestMethodWorker.run(TestMethodWorker.java:128)
at java.util.concurrent.ThreadPoolExecutor.runWorker(ThreadPoolExecutor.java:1149)
at java.util.concurrent.ThreadPoolExecutor$Worker.run(ThreadPoolExecutor.java:624)
at java.lang.Thread.run(Thread.java:748)
Caused by: java.lang.Throwable: Test Case[TC08_CONTACTS_ADMIN_FLOW:data-row-29]==>is disabled
... 13 more
]]>
            </full-stacktrace>
          </exception> <!-- org.testng.SkipException -->
          <reporter-output>
          </reporter-output>
        </test-method> <!-- TC08_Contacts_Admin_Flow -->
        <test-method status="SKIP" signature="TC08_Contacts_Admin_Flow(java.util.Hashtable)[pri:0, instance:com.att.lemonade.testcases.TC08_Contacts_Admin@c0c2f8d]" name="TC08_Contacts_Admin_Flow" duration-ms="108" started-at="2021-05-26T18:06:49 IST" data-provider="getGenericTestData" finished-at="2021-05-26T18:06:50 IST">
          <params>
            <param index="0">
              <value>
                <![CDATA[{30={attuid=, accountName=, firstName=, password=December@2029, svidName=, primaryCountry=, recordCount=400 records, columnDisplayVisible=, successMessage=Wireline, username=sr644a, responseTime=545 Milliseconds, filterOnEmailAndPhone=Show Only Contacts with Email, SVID=, primaryState=, primaryCity=, primaryPhone=, lastName=, managementLevel=, description=FieldSearch, department=, globalSearch=, primaryZip=, subAcctId=, runmode=Y, title=}}]]>
              </value>
            </param>
          </params>
          <exception class="org.testng.SkipException">
            <message>
              <![CDATA[Test Case[TC08_CONTACTS_ADMIN_FLOW:data-row-30]==>is disabled]]>
            </message>
            <full-stacktrace>
              <![CDATA[org.testng.SkipException: Test Case[TC08_CONTACTS_ADMIN_FLOW:data-row-30]==>is disabled
at com.att.lemonade.listeners.CustomListeners.onTestStart(CustomListeners.java:88)
at org.testng.internal.TestListenerHelper.runTestListeners(TestListenerHelper.java:103)
at org.testng.internal.TestInvoker.runTestResultListener(TestInvoker.java:220)
at org.testng.internal.TestInvoker.invokeMethod(TestInvoker.java:572)
at org.testng.internal.TestInvoker.invokeTestMethod(TestInvoker.java:174)
at org.testng.internal.MethodRunner.runInSequence(MethodRunner.java:46)
at org.testng.internal.TestInvoker$MethodInvocationAgent.invoke(TestInvoker.java:822)
at org.testng.internal.TestInvoker.invokeTestMethods(TestInvoker.java:147)
at org.testng.internal.TestMethodWorker.invokeTestMethods(TestMethodWorker.java:146)
at org.testng.internal.TestMethodWorker.run(TestMethodWorker.java:128)
at java.util.concurrent.ThreadPoolExecutor.runWorker(ThreadPoolExecutor.java:1149)
at java.util.concurrent.ThreadPoolExecutor$Worker.run(ThreadPoolExecutor.java:624)
at java.lang.Thread.run(Thread.java:748)
Caused by: java.lang.Throwable: Test Case[TC08_CONTACTS_ADMIN_FLOW:data-row-30]==>is disabled
... 13 more
]]>
            </full-stacktrace>
          </exception> <!-- org.testng.SkipException -->
          <reporter-output>
          </reporter-output>
        </test-method> <!-- TC08_Contacts_Admin_Flow -->
      </class> <!-- com.att.lemonade.testcases.TC08_Contacts_Admin -->
    </test> <!-- Lemonade Test Cases -->
  </suite> <!-- Lemonade Flow Testing -->
</testng-results>
