<?xml version="1.0" encoding="UTF-8"?>
<testsuite xmlns:xsi="http://www.w3.org/2001/XMLSchema-instance" xsi:schemaLocation="https://maven.apache.org/surefire/maven-surefire-plugin/xsd/surefire-test-report.xsd" name="TestSuite" time="1,593.411" tests="190" errors="0" skipped="175" failures="0">
  <properties>
[...]
</properties>
  <testcase name="TC04_SVIDS_Admin_Flow" classname="com.att.lemonade.testcases.TC04_SVIDS_Admin" time="0">
    <skipped message="Test Case[TC04_SVIDS_ADMIN_FLOW:data-row-2]==&gt;is disabled"/>
    <system-out><![CDATA[Test Data File: C:\Users\SaranyaRamamoorthy\Desktop\Project\Lemonade\Lemonade\Automation\testdata\May 2021\testdata_devtest_search_may_26_1.xlsx
TC05_My_SVIDS_Flowcheck runmodeY
TC04_SVIDS_Admin_Flowcheck runmodeN
TC02_My_Accounts_Flowcheck runmodeN
TC08_Contacts_Admin_Flowcheck runmodeN
TC01_Accounts_Admin_Flowcheck runmodeN
TC07_My_Contacts_Flowcheck runmodeN
SUITE=>===>Lemonade Flow Testing
Coulumn Count=23
Rows Count=59
Coulumn Count=25
Rows Count=30
Coulumn Count=29
Rows Count=43
Coulumn Count=30
Rows Count=22
Coulumn Count=23
Rows Count=26
Coulumn Count=22
Rows Count=16
2021-6-26 18:5:223 0 INFO  [TestNG-test=Lemonade Test Cases-4] (ExtentManager.java:com.att.lemonade.utilities.ExtentManager.getTestKey(ExtentManager.java:104)) - Key=2[{attuid=, SICCode=, password=December@2019, ownerName=, svidName=, primaryCountry=, recordCount=400 records, priorYearTBRMaxValue=, successMessage=Wireline, SICDescription=, username=sr644a, nAICSDescription=, responseTime=376 Milliseconds, DomSubAcct=, SVID=, DUNSNumber=, primaryState=, primaryCity=, nAICSCode=, description=Global Search, globalSearch=1425 LLC, priorYearTBRMinValue=, runmode=Y}]
2021-6-26 18:5:229 6 INFO  [TestNG-test=Lemonade Test Cases-6] (ExtentManager.java:com.att.lemonade.utilities.ExtentManager.getTestKey(ExtentManager.java:104)) - Key=2[{attuid=, accountName=, firstName=, password=December@2019, svidName=, primaryCountry=, recordCount=400 records, columnDisplayVisible=Phone, successMessage=Wireline, username=sr644a, responseTime=1588 Milliseconds, filterOnEmailAndPhone=, SVID=, primaryState=, primaryCity=, primaryPhone=, lastName=, managementLevel=, description=FieldSearch, department=, globalSearch=, primaryZip=, subAcctId=, runmode=N, title=}]
2021-6-26 18:5:225 2 INFO  [TestNG-test=Lemonade Test Cases-3] (ExtentManager.java:com.att.lemonade.utilities.ExtentManager.getTestKey(ExtentManager.java:104)) - Key=2[{attuid=SS8494, accountName=, SICCode=, password=December@2019, ownerName=, svidName=, recordCount=173 records, priorYearTBRMaxValue=, SICDescription=, successMessage=Wireline, username=sr644a, nAICSDescription=, FNIndicator=, responseTime=774 MilliSeconds, SVID=, primaryState=, percentageFiber=, primaryCity=, primaryPhone=, fiberEligible=, accountStatus=, nAICSCode=, description=Global search, globalSearch=New, priorYearTBRMinValue=, primaryZip=, primaryStreet=, subAcctId=, runmode=N, NoOfOpptys=}]
2021-6-26 18:5:224 1 INFO  [TestNG-test=Lemonade Test Cases-1] (ExtentManager.java:com.att.lemonade.utilities.ExtentManager.getTestKey(ExtentManager.java:104)) - Key=2[{accountName=, SICCode=, password=December@2019, ownerName=, svidName=, recordCount=173 records, priorYearTBRMaxValue=, SICDescription=, successMessage=Wireline, username=sr644a, nAICSDescription=, FNIndicator=, responseTime=66 Milliseconds, SVID=, primaryState=, percentageFiber=, primaryCity=, primaryPhone=, fiberEligible=, accountStatus=, nAICSCode=, description=Global search, globalSearch=New, priorYearTBRMinValue=, primaryZip=, primaryStreet=, subAcctId=, runmode=N, NoOfOpptys=}]
2021-6-26 18:5:223 0 INFO  [TestNG-test=Lemonade Test Cases-2] (ExtentManager.java:com.att.lemonade.utilities.ExtentManager.getTestKey(ExtentManager.java:104)) - Key=2[{SICCode=, password=December@2019, ownerName=, svidName=, primaryCountry=, recordCount=, priorYearTBRMaxValue=, successMessage=Wireline, SICDescription=, username=sr644a, nAICSDescription=, responseTime=, DomSubAcct=, SVID=, DUNSNumber=, primaryState=, primaryCity=, nAICSCode=, description=Global Search, globalSearch=CAPITAL ONE, priorYearTBRMinValue=, runmode=Y}]
2021-6-26 18:5:241 18 INFO  [TestNG-test=Lemonade Test Cases-5] (ExtentManager.java:com.att.lemonade.utilities.ExtentManager.getTestKey(ExtentManager.java:104)) - Key=2[{accountName=Bokf, National Association, firstName=, password=December@2019, svidName=, primaryCountry=, recordCount=No data found, successMessage=Wireline, username=sr644a, responseTime=No data found, SVID=, filterOnEmailAndPhone=, primaryState=, primaryCity=, primaryPhone=, lastName=, managementLevel=, description=FieldSearch, department=, globalSearch=, primaryZip=, subAcctId=, runmode=Y, title=}]
String valueN
]]></system-out>
  </testcase>
  <testcase name="TC04_SVIDS_Admin_Flow" classname="com.att.lemonade.testcases.TC04_SVIDS_Admin" time="0">
    <skipped message="Test Case[TC04_SVIDS_ADMIN_FLOW:data-row-3]==&gt;is disabled"/>
    <system-out><![CDATA[String valueN
2021-6-26 18:5:497 1274 INFO  [TestNG-test=Lemonade Test Cases-4] (ExtentManager.java:com.att.lemonade.utilities.ExtentManager.getTestKey(ExtentManager.java:104)) - Key=3[{attuid=, SICCode=, password=December@2019, ownerName=, svidName=, primaryCountry=, recordCount=1 records, priorYearTBRMaxValue=, successMessage=Wireline, SICDescription=, username=sr644a, nAICSDescription=, responseTime=270 Milliseconds, DomSubAcct=, SVID=, DUNSNumber=, primaryState=, primaryCity=, nAICSCode=, description=Global Search, globalSearch=T5AG3Q, priorYearTBRMinValue=, runmode=Y}]
String valueN
]]></system-out>
  </testcase>
  <testcase name="TC04_SVIDS_Admin_Flow" classname="com.att.lemonade.testcases.TC04_SVIDS_Admin" time="0">
    <skipped message="Test Case[TC04_SVIDS_ADMIN_FLOW:data-row-4]==&gt;is disabled"/>
    <system-out><![CDATA[2021-6-26 18:5:498 1275 INFO  [TestNG-test=Lemonade Test Cases-4] (ExtentManager.java:com.att.lemonade.utilities.ExtentManager.getTestKey(ExtentManager.java:104)) - Key=3[{attuid=, SICCode=, password=December@2019, ownerName=, svidName=, primaryCountry=, recordCount=1 records, priorYearTBRMaxValue=, successMessage=Wireline, SICDescription=, username=sr644a, nAICSDescription=, responseTime=270 Milliseconds, DomSubAcct=, SVID=, DUNSNumber=, primaryState=, primaryCity=, nAICSCode=, description=Global Search, globalSearch=T5AG3Q, priorYearTBRMinValue=, runmode=Y}]
2021-6-26 18:5:497 1274 INFO  [TestNG-test=Lemonade Test Cases-1] (ExtentManager.java:com.att.lemonade.utilities.ExtentManager.getTestKey(ExtentManager.java:104)) - Key=2[{accountName=, SICCode=, password=December@2019, ownerName=, svidName=, recordCount=173 records, priorYearTBRMaxValue=, SICDescription=, successMessage=Wireline, username=sr644a, nAICSDescription=, FNIndicator=, responseTime=66 Milliseconds, SVID=, primaryState=, percentageFiber=, primaryCity=, primaryPhone=, fiberEligible=, accountStatus=, nAICSCode=, description=Global search, globalSearch=New, priorYearTBRMinValue=, primaryZip=, primaryStreet=, subAcctId=, runmode=N, NoOfOpptys=}]
2021-6-26 18:5:504 1281 DEBUG [TestNG-test=Lemonade Test Cases-4] (_Log4jLoggerFactory.java:freemarker.log._Log4jLoggerFactory$Log4jLogger.debug(_Log4jLoggerFactory.java:45)) - Couldn't find template in cache for "Extent.ftl"("en_US", UTF-8, parsed); will try to load it.
2021-6-26 18:5:506 1283 DEBUG [TestNG-test=Lemonade Test Cases-4] (_Log4jLoggerFactory.java:freemarker.log._Log4jLoggerFactory$Log4jLogger.debug(_Log4jLoggerFactory.java:45)) - TemplateLoader.findTemplateSource("Extent_en_US.ftl"): Not found
2021-6-26 18:5:503 1280 INFO  [TestNG-test=Lemonade Test Cases-3] (ExtentManager.java:com.att.lemonade.utilities.ExtentManager.getTestKey(ExtentManager.java:104)) - Key=2[{attuid=SS8494, accountName=, SICCode=, password=December@2019, ownerName=, svidName=, recordCount=173 records, priorYearTBRMaxValue=, SICDescription=, successMessage=Wireline, username=sr644a, nAICSDescription=, FNIndicator=, responseTime=774 MilliSeconds, SVID=, primaryState=, percentageFiber=, primaryCity=, primaryPhone=, fiberEligible=, accountStatus=, nAICSCode=, description=Global search, globalSearch=New, priorYearTBRMinValue=, primaryZip=, primaryStreet=, subAcctId=, runmode=N, NoOfOpptys=}]
2021-6-26 18:5:502 1279 INFO  [TestNG-test=Lemonade Test Cases-6] (ExtentManager.java:com.att.lemonade.utilities.ExtentManager.getTestKey(ExtentManager.java:104)) - Key=2[{attuid=, accountName=, firstName=, password=December@2019, svidName=, primaryCountry=, recordCount=400 records, columnDisplayVisible=Phone, successMessage=Wireline, username=sr644a, responseTime=1588 Milliseconds, filterOnEmailAndPhone=, SVID=, primaryState=, primaryCity=, primaryPhone=, lastName=, managementLevel=, description=FieldSearch, department=, globalSearch=, primaryZip=, subAcctId=, runmode=N, title=}]
2021-6-26 18:5:502 1279 INFO  [TestNG-test=Lemonade Test Cases-5] (ExtentManager.java:com.att.lemonade.utilities.ExtentManager.getTestKey(ExtentManager.java:104)) - Key=2[{accountName=Bokf, National Association, firstName=, password=December@2019, svidName=, primaryCountry=, recordCount=No data found, successMessage=Wireline, username=sr644a, responseTime=No data found, SVID=, filterOnEmailAndPhone=, primaryState=, primaryCity=, primaryPhone=, lastName=, managementLevel=, description=FieldSearch, department=, globalSearch=, primaryZip=, subAcctId=, runmode=Y, title=}]
2021-6-26 18:5:508 1285 DEBUG [TestNG-test=Lemonade Test Cases-4] (_Log4jLoggerFactory.java:freemarker.log._Log4jLoggerFactory$Log4jLogger.debug(_Log4jLoggerFactory.java:45)) - TemplateLoader.findTemplateSource("Extent_en.ftl"): Not found
2021-6-26 18:5:511 1288 DEBUG [TestNG-test=Lemonade Test Cases-4] (_Log4jLoggerFactory.java:freemarker.log._Log4jLoggerFactory$Log4jLogger.debug(_Log4jLoggerFactory.java:45)) - TemplateLoader.findTemplateSource("Extent.ftl"): Found
2021-6-26 18:5:511 1288 DEBUG [TestNG-test=Lemonade Test Cases-4] (_Log4jLoggerFactory.java:freemarker.log._Log4jLoggerFactory$Log4jLogger.debug(_Log4jLoggerFactory.java:45)) - Loading template for "Extent.ftl"("en_US", UTF-8, parsed) from "jar:file:/C:/Users/SaranyaRamamoorthy/.m2/repository/com/relevantcodes/extentreports/2.41.2/extentreports-2.41.2.jar!/com/relevantcodes/extentreports/view/Extent.ftl"
2021-6-26 18:5:597 1374 INFO  [TestNG-test=Lemonade Test Cases-4] (ExtentManager.java:com.att.lemonade.utilities.ExtentManager.getTestKey(ExtentManager.java:104)) - Key=4[{attuid=, SICCode=, password=December@2019, ownerName=, svidName=, primaryCountry=, recordCount=400 records, priorYearTBRMaxValue=, successMessage=Wireline, SICDescription=, username=sr644a, nAICSDescription=, responseTime=441 Milliseconds, DomSubAcct=, SVID=, DUNSNumber=, primaryState=, primaryCity=, nAICSCode=, description=Global Search, globalSearch=NATIONAL, priorYearTBRMinValue=, runmode=Y}]
String valueN
]]></system-out>
  </testcase>
  <testcase name="TC04_SVIDS_Admin_Flow" classname="com.att.lemonade.testcases.TC04_SVIDS_Admin" time="0">
    <skipped message="Test Case[TC04_SVIDS_ADMIN_FLOW:data-row-5]==&gt;is disabled"/>
    <system-out><![CDATA[2021-6-26 18:5:90 1867 INFO  [TestNG-test=Lemonade Test Cases-4] (ExtentManager.java:com.att.lemonade.utilities.ExtentManager.getTestKey(ExtentManager.java:104)) - Key=5[{attuid=, SICCode=, password=December@2019, ownerName=, svidName=, primaryCountry=, recordCount=400 records, priorYearTBRMaxValue=, successMessage=Wireline, SICDescription=, username=sr644a, nAICSDescription=, responseTime=427 Milliseconds, DomSubAcct=, SVID=, DUNSNumber=, primaryState=, primaryCity=, nAICSCode=, description=Global Search with ATTUID, globalSearch=SB CENTRAL, priorYearTBRMinValue=, runmode=Y}]
String valueN
]]></system-out>
  </testcase>
  <testcase name="TC04_SVIDS_Admin_Flow" classname="com.att.lemonade.testcases.TC04_SVIDS_Admin" time="0">
    <skipped message="Test Case[TC04_SVIDS_ADMIN_FLOW:data-row-6]==&gt;is disabled"/>
    <system-out><![CDATA[2021-6-26 18:5:376 2153 INFO  [TestNG-test=Lemonade Test Cases-5] (ExtentManager.java:com.att.lemonade.utilities.ExtentManager.getTestKey(ExtentManager.java:104)) - Key=4[{accountName=, firstName=, password=December@2019, svidName=, primaryCountry=, recordCount=, successMessage=Wireline, username=sr644a, responseTime=, SVID=T008T7, filterOnEmailAndPhone=, primaryState=, primaryCity=, primaryPhone=, lastName=, managementLevel=, description=FieldSearch, department=, globalSearch=, primaryZip=, subAcctId=, runmode=Y, title=}]
2021-6-26 18:5:376 2153 INFO  [TestNG-test=Lemonade Test Cases-1] (ExtentManager.java:com.att.lemonade.utilities.ExtentManager.getTestKey(ExtentManager.java:104)) - Key=5[{accountName=, SICCode=, password=December@2019, ownerName=, svidName=, recordCount=400 records, priorYearTBRMaxValue=, SICDescription=, successMessage=Wireline, username=sr644a, nAICSDescription=, FNIndicator=, responseTime=1122 Milliseconds, SVID=, primaryState=, percentageFiber=, primaryCity=, primaryPhone=, fiberEligible=, accountStatus=Prospect, nAICSCode=, description=Global search, globalSearch=, priorYearTBRMinValue=, primaryZip=, primaryStreet=, subAcctId=, runmode=N, NoOfOpptys=}]
String valueN
String valueN
]]></system-out>
  </testcase>
  <testcase name="TC04_SVIDS_Admin_Flow" classname="com.att.lemonade.testcases.TC04_SVIDS_Admin" time="0">
    <skipped message="Test Case[TC04_SVIDS_ADMIN_FLOW:data-row-7]==&gt;is disabled"/>
    <system-out><![CDATA[2021-6-26 18:5:768 2545 INFO  [TestNG-test=Lemonade Test Cases-1] (ExtentManager.java:com.att.lemonade.utilities.ExtentManager.getTestKey(ExtentManager.java:104)) - Key=7[{accountName=, SICCode=, password=December@2019, ownerName=, svidName=, recordCount=400 records, priorYearTBRMaxValue=, SICDescription=, successMessage=Wireline, username=sr644a, nAICSDescription=, FNIndicator=, responseTime=614 Milliseconds, SVID=, primaryState=, percentageFiber=, primaryCity=, primaryPhone=, fiberEligible=, accountStatus=Inactive, nAICSCode=, description=Global search, globalSearch=, priorYearTBRMinValue=, primaryZip=, primaryStreet=, subAcctId=, runmode=N, NoOfOpptys=}]
2021-6-26 18:5:768 2545 DEBUG [TestNG-test=Lemonade Test Cases-6] (_Log4jLoggerFactory.java:freemarker.log._Log4jLoggerFactory$Log4jLogger.debug(_Log4jLoggerFactory.java:45)) - Couldn't find template in cache for "Extent.ftl"("en_US", UTF-8, parsed); will try to load it.
2021-6-26 18:5:774 2551 DEBUG [TestNG-test=Lemonade Test Cases-6] (_Log4jLoggerFactory.java:freemarker.log._Log4jLoggerFactory$Log4jLogger.debug(_Log4jLoggerFactory.java:45)) - TemplateLoader.findTemplateSource("Extent_en_US.ftl"): Not found
2021-6-26 18:5:775 2552 DEBUG [TestNG-test=Lemonade Test Cases-6] (_Log4jLoggerFactory.java:freemarker.log._Log4jLoggerFactory$Log4jLogger.debug(_Log4jLoggerFactory.java:45)) - TemplateLoader.findTemplateSource("Extent_en.ftl"): Not found
2021-6-26 18:5:776 2553 DEBUG [TestNG-test=Lemonade Test Cases-6] (_Log4jLoggerFactory.java:freemarker.log._Log4jLoggerFactory$Log4jLogger.debug(_Log4jLoggerFactory.java:45)) - TemplateLoader.findTemplateSource("Extent.ftl"): Found
2021-6-26 18:5:776 2553 DEBUG [TestNG-test=Lemonade Test Cases-6] (_Log4jLoggerFactory.java:freemarker.log._Log4jLoggerFactory$Log4jLogger.debug(_Log4jLoggerFactory.java:45)) - Loading template for "Extent.ftl"("en_US", UTF-8, parsed) from "jar:file:/C:/Users/SaranyaRamamoorthy/.m2/repository/com/relevantcodes/extentreports/2.41.2/extentreports-2.41.2.jar!/com/relevantcodes/extentreports/view/Extent.ftl"
2021-6-26 18:5:776 2553 INFO  [TestNG-test=Lemonade Test Cases-3] (ExtentManager.java:com.att.lemonade.utilities.ExtentManager.getTestKey(ExtentManager.java:104)) - Key=5[{attuid=DE144B, accountName=, SICCode=, password=December@2019, ownerName=, svidName=, recordCount=5 records, priorYearTBRMaxValue=, SICDescription=, successMessage=Wireline, username=sr644a, nAICSDescription=, FNIndicator=, responseTime=63 MilliSeconds, SVID=, primaryState=, percentageFiber=, primaryCity=, primaryPhone=, fiberEligible=, accountStatus=, nAICSCode=, description=Global search, globalSearch=, priorYearTBRMinValue=, primaryZip=, primaryStreet=, subAcctId=, runmode=N, NoOfOpptys=90.0}]
String valueN
]]></system-out>
  </testcase>
  <testcase name="TC04_SVIDS_Admin_Flow" classname="com.att.lemonade.testcases.TC04_SVIDS_Admin" time="0">
    <skipped message="Test Case[TC04_SVIDS_ADMIN_FLOW:data-row-8]==&gt;is disabled"/>
    <system-out><![CDATA[2021-6-26 18:5:894 2671 DEBUG [TestNG-test=Lemonade Test Cases-5] (_Log4jLoggerFactory.java:freemarker.log._Log4jLoggerFactory$Log4jLogger.debug(_Log4jLoggerFactory.java:45)) - Couldn't find template in cache for "Extent.ftl"("en_US", UTF-8, parsed); will try to load it.
2021-6-26 18:5:897 2674 DEBUG [TestNG-test=Lemonade Test Cases-5] (_Log4jLoggerFactory.java:freemarker.log._Log4jLoggerFactory$Log4jLogger.debug(_Log4jLoggerFactory.java:45)) - TemplateLoader.findTemplateSource("Extent_en_US.ftl"): Not found
2021-6-26 18:5:898 2675 DEBUG [TestNG-test=Lemonade Test Cases-5] (_Log4jLoggerFactory.java:freemarker.log._Log4jLoggerFactory$Log4jLogger.debug(_Log4jLoggerFactory.java:45)) - TemplateLoader.findTemplateSource("Extent_en.ftl"): Not found
2021-6-26 18:5:899 2676 DEBUG [TestNG-test=Lemonade Test Cases-5] (_Log4jLoggerFactory.java:freemarker.log._Log4jLoggerFactory$Log4jLogger.debug(_Log4jLoggerFactory.java:45)) - TemplateLoader.findTemplateSource("Extent.ftl"): Found
2021-6-26 18:5:899 2676 DEBUG [TestNG-test=Lemonade Test Cases-5] (_Log4jLoggerFactory.java:freemarker.log._Log4jLoggerFactory$Log4jLogger.debug(_Log4jLoggerFactory.java:45)) - Loading template for "Extent.ftl"("en_US", UTF-8, parsed) from "jar:file:/C:/Users/SaranyaRamamoorthy/.m2/repository/com/relevantcodes/extentreports/2.41.2/extentreports-2.41.2.jar!/com/relevantcodes/extentreports/view/Extent.ftl"
2021-6-26 18:5:896 2673 INFO  [TestNG-test=Lemonade Test Cases-4] (ExtentManager.java:com.att.lemonade.utilities.ExtentManager.getTestKey(ExtentManager.java:104)) - Key=8[{attuid=, SICCode=, password=December@2019, ownerName=, svidName=, primaryCountry=, recordCount=400 records, priorYearTBRMaxValue=, successMessage=Wireline, SICDescription=, username=sr644a, nAICSDescription=, responseTime=442 Milliseconds, DomSubAcct=, SVID=, DUNSNumber=, primaryState=, primaryCity=, nAICSCode=, description=Global Search, globalSearch=MM OMNI , priorYearTBRMinValue=, runmode=Y}]
2021-6-26 18:5:895 2672 INFO  [TestNG-test=Lemonade Test Cases-3] (ExtentManager.java:com.att.lemonade.utilities.ExtentManager.getTestKey(ExtentManager.java:104)) - Key=5[{attuid=DE144B, accountName=, SICCode=, password=December@2019, ownerName=, svidName=, recordCount=5 records, priorYearTBRMaxValue=, SICDescription=, successMessage=Wireline, username=sr644a, nAICSDescription=, FNIndicator=, responseTime=63 MilliSeconds, SVID=, primaryState=, percentageFiber=, primaryCity=, primaryPhone=, fiberEligible=, accountStatus=, nAICSCode=, description=Global search, globalSearch=, priorYearTBRMinValue=, primaryZip=, primaryStreet=, subAcctId=, runmode=N, NoOfOpptys=90.0}]
2021-6-26 18:5:996 2773 DEBUG [TestNG-test=Lemonade Test Cases-1] (_Log4jLoggerFactory.java:freemarker.log._Log4jLoggerFactory$Log4jLogger.debug(_Log4jLoggerFactory.java:45)) - Couldn't find template in cache for "Extent.ftl"("en_US", UTF-8, parsed); will try to load it.
2021-6-26 18:5:999 2776 DEBUG [TestNG-test=Lemonade Test Cases-1] (_Log4jLoggerFactory.java:freemarker.log._Log4jLoggerFactory$Log4jLogger.debug(_Log4jLoggerFactory.java:45)) - TemplateLoader.findTemplateSource("Extent_en_US.ftl"): Not found
2021-6-26 18:5:0 2777 DEBUG [TestNG-test=Lemonade Test Cases-1] (_Log4jLoggerFactory.java:freemarker.log._Log4jLoggerFactory$Log4jLogger.debug(_Log4jLoggerFactory.java:45)) - TemplateLoader.findTemplateSource("Extent_en.ftl"): Not found
2021-6-26 18:5:1 2778 DEBUG [TestNG-test=Lemonade Test Cases-1] (_Log4jLoggerFactory.java:freemarker.log._Log4jLoggerFactory$Log4jLogger.debug(_Log4jLoggerFactory.java:45)) - TemplateLoader.findTemplateSource("Extent.ftl"): Found
2021-6-26 18:5:1 2778 DEBUG [TestNG-test=Lemonade Test Cases-1] (_Log4jLoggerFactory.java:freemarker.log._Log4jLoggerFactory$Log4jLogger.debug(_Log4jLoggerFactory.java:45)) - Loading template for "Extent.ftl"("en_US", UTF-8, parsed) from "jar:file:/C:/Users/SaranyaRamamoorthy/.m2/repository/com/relevantcodes/extentreports/2.41.2/extentreports-2.41.2.jar!/com/relevantcodes/extentreports/view/Extent.ftl"
2021-6-26 18:5:998 2775 INFO  [TestNG-test=Lemonade Test Cases-5] (ExtentManager.java:com.att.lemonade.utilities.ExtentManager.getTestKey(ExtentManager.java:104)) - Key=6[{accountName=, firstName=dale, password=December@2021, svidName=, primaryCountry=, recordCount=, successMessage=Wireline, username=sr644a, responseTime=, SVID=, filterOnEmailAndPhone=, primaryState=, primaryCity=, primaryPhone=, lastName=, managementLevel=, description=FieldSearch, department=, globalSearch=, primaryZip=, subAcctId=, runmode=Y, title=}]
2021-6-26 18:5:36 2813 DEBUG [TestNG-test=Lemonade Test Cases-3] (_Log4jLoggerFactory.java:freemarker.log._Log4jLoggerFactory$Log4jLogger.debug(_Log4jLoggerFactory.java:45)) - Couldn't find template in cache for "Extent.ftl"("en_US", UTF-8, parsed); will try to load it.
2021-6-26 18:5:37 2814 DEBUG [TestNG-test=Lemonade Test Cases-3] (_Log4jLoggerFactory.java:freemarker.log._Log4jLoggerFactory$Log4jLogger.debug(_Log4jLoggerFactory.java:45)) - TemplateLoader.findTemplateSource("Extent_en_US.ftl"): Not found
2021-6-26 18:5:37 2814 INFO  [TestNG-test=Lemonade Test Cases-1] (ExtentManager.java:com.att.lemonade.utilities.ExtentManager.getTestKey(ExtentManager.java:104)) - Key=8[{accountName=, SICCode=, password=December@2019, ownerName=, svidName=, recordCount=400 records, priorYearTBRMaxValue=, SICDescription=, successMessage=Wireline, username=sr644a, nAICSDescription=, FNIndicator=, responseTime=911 Milliseconds, SVID=, primaryState=, percentageFiber=, primaryCity=, primaryPhone=, fiberEligible=, accountStatus=, nAICSCode=, description=Global search, globalSearch=, priorYearTBRMinValue=, primaryZip=, primaryStreet=, subAcctId=, runmode=N, NoOfOpptys=0.0}]
2021-6-26 18:5:45 2822 DEBUG [TestNG-test=Lemonade Test Cases-3] (_Log4jLoggerFactory.java:freemarker.log._Log4jLoggerFactory$Log4jLogger.debug(_Log4jLoggerFactory.java:45)) - TemplateLoader.findTemplateSource("Extent_en.ftl"): Not found
2021-6-26 18:5:46 2823 DEBUG [TestNG-test=Lemonade Test Cases-3] (_Log4jLoggerFactory.java:freemarker.log._Log4jLoggerFactory$Log4jLogger.debug(_Log4jLoggerFactory.java:45)) - TemplateLoader.findTemplateSource("Extent.ftl"): Found
2021-6-26 18:5:46 2823 DEBUG [TestNG-test=Lemonade Test Cases-3] (_Log4jLoggerFactory.java:freemarker.log._Log4jLoggerFactory$Log4jLogger.debug(_Log4jLoggerFactory.java:45)) - Loading template for "Extent.ftl"("en_US", UTF-8, parsed) from "jar:file:/C:/Users/SaranyaRamamoorthy/.m2/repository/com/relevantcodes/extentreports/2.41.2/extentreports-2.41.2.jar!/com/relevantcodes/extentreports/view/Extent.ftl"
2021-6-26 18:5:78 2855 DEBUG [TestNG-test=Lemonade Test Cases-6] (_Log4jLoggerFactory.java:freemarker.log._Log4jLoggerFactory$Log4jLogger.debug(_Log4jLoggerFactory.java:45)) - Couldn't find template in cache for "Extent.ftl"("en_US", UTF-8, parsed); will try to load it.
2021-6-26 18:5:80 2857 DEBUG [TestNG-test=Lemonade Test Cases-6] (_Log4jLoggerFactory.java:freemarker.log._Log4jLoggerFactory$Log4jLogger.debug(_Log4jLoggerFactory.java:45)) - TemplateLoader.findTemplateSource("Extent_en_US.ftl"): Not found
String valueN
]]></system-out>
  </testcase>
  <testcase name="TC04_SVIDS_Admin_Flow" classname="com.att.lemonade.testcases.TC04_SVIDS_Admin" time="0">
    <skipped message="Test Case[TC04_SVIDS_ADMIN_FLOW:data-row-9]==&gt;is disabled"/>
    <system-out><![CDATA[2021-6-26 18:5:399 3176 INFO  [TestNG-test=Lemonade Test Cases-6] (ExtentManager.java:com.att.lemonade.utilities.ExtentManager.getTestKey(ExtentManager.java:104)) - Key=7[{attuid=lt1615, accountName=, firstName=, password=December@2022, svidName=, primaryCountry=, recordCount=38 records, columnDisplayVisible=City, successMessage=Wireline, username=sr644a, responseTime=73 Milliseconds, filterOnEmailAndPhone=, SVID=, primaryState=, primaryCity=, primaryPhone=, lastName=ram, managementLevel=, description=FieldSearch, department=, globalSearch=, primaryZip=, subAcctId=, runmode=N, title=}]
String valueN
2021-6-26 18:5:399 3176 DEBUG [TestNG-test=Lemonade Test Cases-1] (_Log4jLoggerFactory.java:freemarker.log._Log4jLoggerFactory$Log4jLogger.debug(_Log4jLoggerFactory.java:45)) - TemplateLoader.findTemplateSource("Extent_en_US.ftl"): Not found
]]></system-out>
  </testcase>
  <testcase name="TC04_SVIDS_Admin_Flow" classname="com.att.lemonade.testcases.TC04_SVIDS_Admin" time="0">
    <skipped message="Test Case[TC04_SVIDS_ADMIN_FLOW:data-row-10]==&gt;is disabled"/>
    <system-out><![CDATA[2021-6-26 18:5:889 3666 DEBUG [TestNG-test=Lemonade Test Cases-1] (_Log4jLoggerFactory.java:freemarker.log._Log4jLoggerFactory$Log4jLogger.debug(_Log4jLoggerFactory.java:45)) - TemplateLoader.findTemplateSource("Extent_en.ftl"): Not found
2021-6-26 18:5:891 3668 DEBUG [TestNG-test=Lemonade Test Cases-1] (_Log4jLoggerFactory.java:freemarker.log._Log4jLoggerFactory$Log4jLogger.debug(_Log4jLoggerFactory.java:45)) - TemplateLoader.findTemplateSource("Extent.ftl"): Found
2021-6-26 18:5:892 3669 DEBUG [TestNG-test=Lemonade Test Cases-1] (_Log4jLoggerFactory.java:freemarker.log._Log4jLoggerFactory$Log4jLogger.debug(_Log4jLoggerFactory.java:45)) - Loading template for "Extent.ftl"("en_US", UTF-8, parsed) from "jar:file:/C:/Users/SaranyaRamamoorthy/.m2/repository/com/relevantcodes/extentreports/2.41.2/extentreports-2.41.2.jar!/com/relevantcodes/extentreports/view/Extent.ftl"
String valueN
]]></system-out>
  </testcase>
  <testcase name="TC04_SVIDS_Admin_Flow" classname="com.att.lemonade.testcases.TC04_SVIDS_Admin" time="0">
    <skipped message="Test Case[TC04_SVIDS_ADMIN_FLOW:data-row-11]==&gt;is disabled"/>
    <system-out><![CDATA[2021-6-26 18:5:157 3934 INFO  [TestNG-test=Lemonade Test Cases-6] (ExtentManager.java:com.att.lemonade.utilities.ExtentManager.getTestKey(ExtentManager.java:104)) - Key=9[{attuid=lt1615, accountName=, firstName=, password=December@2024, svidName=, primaryCountry=, recordCount=400 records, columnDisplayVisible=Zip, successMessage=Wireline, username=sr644a, responseTime=1102 Milliseconds, filterOnEmailAndPhone=, SVID=, primaryState=, primaryCity=, primaryPhone=, lastName=, managementLevel=, description=FieldSearch, department=, globalSearch=, primaryZip=, subAcctId=, runmode=N, title=president}]
2021-6-26 18:5:172 3949 INFO  [TestNG-test=Lemonade Test Cases-4] (ExtentManager.java:com.att.lemonade.utilities.ExtentManager.getTestKey(ExtentManager.java:104)) - Key=11[{attuid=, SICCode=, password=December@2019, ownerName=, svidName=2-J WELL SERVICES, primaryCountry=, recordCount=1 records, priorYearTBRMaxValue=, successMessage=Wireline, SICDescription=, username=sr644a, nAICSDescription=, responseTime=243 Milliseconds, DomSubAcct=, SVID=, DUNSNumber=, primaryState=, primaryCity=, nAICSCode=, description=Field level Search ATTUID and svid name, globalSearch=, priorYearTBRMinValue=, runmode=Y}]
2021-6-26 18:5:226 4003 DEBUG [TestNG-test=Lemonade Test Cases-5] (_Log4jLoggerFactory.java:freemarker.log._Log4jLoggerFactory$Log4jLogger.debug(_Log4jLoggerFactory.java:45)) - Couldn't find template in cache for "Extent.ftl"("en_US", UTF-8, parsed); will try to load it.
2021-6-26 18:5:226 4003 INFO  [TestNG-test=Lemonade Test Cases-1] (ExtentManager.java:com.att.lemonade.utilities.ExtentManager.getTestKey(ExtentManager.java:104)) - Key=12[{accountName=, SICCode=, password=December@2019, ownerName=, svidName=, recordCount=33 records, priorYearTBRMaxValue=, SICDescription=, successMessage=Wireline, username=sr644a, nAICSDescription=, FNIndicator=, responseTime=442 Milliseconds, SVID=, primaryState=, percentageFiber=, primaryCity=Memphis, primaryPhone=, fiberEligible=, accountStatus=, nAICSCode=, description=Global search, globalSearch=, priorYearTBRMinValue=, primaryZip=, primaryStreet=, subAcctId=, runmode=Y, NoOfOpptys=}]
2021-6-26 18:5:227 4004 DEBUG [TestNG-test=Lemonade Test Cases-5] (_Log4jLoggerFactory.java:freemarker.log._Log4jLoggerFactory$Log4jLogger.debug(_Log4jLoggerFactory.java:45)) - TemplateLoader.findTemplateSource("Extent_en_US.ftl"): Not found
2021-6-26 18:5:228 4005 DEBUG [TestNG-test=Lemonade Test Cases-5] (_Log4jLoggerFactory.java:freemarker.log._Log4jLoggerFactory$Log4jLogger.debug(_Log4jLoggerFactory.java:45)) - TemplateLoader.findTemplateSource("Extent_en.ftl"): Not found
2021-6-26 18:5:229 4006 DEBUG [TestNG-test=Lemonade Test Cases-5] (_Log4jLoggerFactory.java:freemarker.log._Log4jLoggerFactory$Log4jLogger.debug(_Log4jLoggerFactory.java:45)) - TemplateLoader.findTemplateSource("Extent.ftl"): Found
2021-6-26 18:5:229 4006 DEBUG [TestNG-test=Lemonade Test Cases-5] (_Log4jLoggerFactory.java:freemarker.log._Log4jLoggerFactory$Log4jLogger.debug(_Log4jLoggerFactory.java:45)) - Loading template for "Extent.ftl"("en_US", UTF-8, parsed) from "jar:file:/C:/Users/SaranyaRamamoorthy/.m2/repository/com/relevantcodes/extentreports/2.41.2/extentreports-2.41.2.jar!/com/relevantcodes/extentreports/view/Extent.ftl"
String valueN
]]></system-out>
  </testcase>
  <testcase name="TC04_SVIDS_Admin_Flow" classname="com.att.lemonade.testcases.TC04_SVIDS_Admin" time="0">
    <skipped message="Test Case[TC04_SVIDS_ADMIN_FLOW:data-row-12]==&gt;is disabled"/>
    <system-out><![CDATA[String valueN
]]></system-out>
  </testcase>
  <testcase name="TC04_SVIDS_Admin_Flow" classname="com.att.lemonade.testcases.TC04_SVIDS_Admin" time="0">
    <skipped message="Test Case[TC04_SVIDS_ADMIN_FLOW:data-row-13]==&gt;is disabled"/>
    <system-out><![CDATA[2021-6-26 18:5:691 4468 INFO  [TestNG-test=Lemonade Test Cases-3] (ExtentManager.java:com.att.lemonade.utilities.ExtentManager.getTestKey(ExtentManager.java:104)) - Key=11[{attuid=PM059P, accountName=, SICCode=, password=December@2019, ownerName=, svidName=, recordCount=400 records, priorYearTBRMaxValue=, SICDescription=, successMessage=Wireline, username=sr644a, nAICSDescription=, FNIndicator=, responseTime=926 MilliSeconds, SVID=, primaryState=, percentageFiber=, primaryCity=, primaryPhone=, fiberEligible=No, accountStatus=, nAICSCode=, description=Global search, globalSearch=, priorYearTBRMinValue=, primaryZip=, primaryStreet=, subAcctId=, runmode=N, NoOfOpptys=}]
2021-6-26 18:5:692 4469 INFO  [TestNG-test=Lemonade Test Cases-4] (ExtentManager.java:com.att.lemonade.utilities.ExtentManager.getTestKey(ExtentManager.java:104)) - Key=13[{attuid=SS8494, SICCode=, password=December@2019, ownerName=, svidName=CITY HOLDING COMPANY, primaryCountry=, recordCount=1 records, priorYearTBRMaxValue=, successMessage=Wireline, SICDescription=, username=sr644a, nAICSDescription=, responseTime=269 Milliseconds, DomSubAcct=, SVID=, DUNSNumber=, primaryState=, primaryCity=, nAICSCode=, description=Field level Search ATTUID and svid name, globalSearch=, priorYearTBRMinValue=, runmode=Y}]
2021-6-26 18:5:691 4468 DEBUG [TestNG-test=Lemonade Test Cases-6] (_Log4jLoggerFactory.java:freemarker.log._Log4jLoggerFactory$Log4jLogger.debug(_Log4jLoggerFactory.java:45)) - Couldn't find template in cache for "Extent.ftl"("en_US", UTF-8, parsed); will try to load it.
2021-6-26 18:5:693 4470 DEBUG [TestNG-test=Lemonade Test Cases-6] (_Log4jLoggerFactory.java:freemarker.log._Log4jLoggerFactory$Log4jLogger.debug(_Log4jLoggerFactory.java:45)) - TemplateLoader.findTemplateSource("Extent_en_US.ftl"): Not found
2021-6-26 18:5:694 4471 DEBUG [TestNG-test=Lemonade Test Cases-6] (_Log4jLoggerFactory.java:freemarker.log._Log4jLoggerFactory$Log4jLogger.debug(_Log4jLoggerFactory.java:45)) - TemplateLoader.findTemplateSource("Extent_en.ftl"): Not found
2021-6-26 18:5:695 4472 DEBUG [TestNG-test=Lemonade Test Cases-6] (_Log4jLoggerFactory.java:freemarker.log._Log4jLoggerFactory$Log4jLogger.debug(_Log4jLoggerFactory.java:45)) - TemplateLoader.findTemplateSource("Extent.ftl"): Found
2021-6-26 18:5:695 4472 DEBUG [TestNG-test=Lemonade Test Cases-6] (_Log4jLoggerFactory.java:freemarker.log._Log4jLoggerFactory$Log4jLogger.debug(_Log4jLoggerFactory.java:45)) - Loading template for "Extent.ftl"("en_US", UTF-8, parsed) from "jar:file:/C:/Users/SaranyaRamamoorthy/.m2/repository/com/relevantcodes/extentreports/2.41.2/extentreports-2.41.2.jar!/com/relevantcodes/extentreports/view/Extent.ftl"
2021-6-26 18:5:768 4545 DEBUG [TestNG-test=Lemonade Test Cases-5] (_Log4jLoggerFactory.java:freemarker.log._Log4jLoggerFactory$Log4jLogger.debug(_Log4jLoggerFactory.java:45)) - Couldn't find template in cache for "Extent.ftl"("en_US", UTF-8, parsed); will try to load it.
2021-6-26 18:5:771 4548 DEBUG [TestNG-test=Lemonade Test Cases-5] (_Log4jLoggerFactory.java:freemarker.log._Log4jLoggerFactory$Log4jLogger.debug(_Log4jLoggerFactory.java:45)) - TemplateLoader.findTemplateSource("Extent_en_US.ftl"): Not found
2021-6-26 18:5:768 4545 INFO  [TestNG-test=Lemonade Test Cases-6] (ExtentManager.java:com.att.lemonade.utilities.ExtentManager.getTestKey(ExtentManager.java:104)) - Key=11[{attuid=lt1615, accountName=, firstName=, password=December@2026, svidName=, primaryCountry=, recordCount=394 records, columnDisplayVisible=SVID, successMessage=Wireline, username=sr644a, responseTime=548 Milliseconds, filterOnEmailAndPhone=, SVID=, primaryState=, primaryCity=, primaryPhone=, lastName=, managementLevel=c level, description=FieldSearch, department=, globalSearch=, primaryZip=, subAcctId=, runmode=Y, title=}]
2021-6-26 18:5:772 4549 DEBUG [TestNG-test=Lemonade Test Cases-5] (_Log4jLoggerFactory.java:freemarker.log._Log4jLoggerFactory$Log4jLogger.debug(_Log4jLoggerFactory.java:45)) - TemplateLoader.findTemplateSource("Extent_en.ftl"): Not found
2021-6-26 18:5:773 4550 DEBUG [TestNG-test=Lemonade Test Cases-5] (_Log4jLoggerFactory.java:freemarker.log._Log4jLoggerFactory$Log4jLogger.debug(_Log4jLoggerFactory.java:45)) - TemplateLoader.findTemplateSource("Extent.ftl"): Found
2021-6-26 18:5:773 4550 DEBUG [TestNG-test=Lemonade Test Cases-5] (_Log4jLoggerFactory.java:freemarker.log._Log4jLoggerFactory$Log4jLogger.debug(_Log4jLoggerFactory.java:45)) - Loading template for "Extent.ftl"("en_US", UTF-8, parsed) from "jar:file:/C:/Users/SaranyaRamamoorthy/.m2/repository/com/relevantcodes/extentreports/2.41.2/extentreports-2.41.2.jar!/com/relevantcodes/extentreports/view/Extent.ftl"
String valueN
]]></system-out>
  </testcase>
  <testcase name="TC04_SVIDS_Admin_Flow" classname="com.att.lemonade.testcases.TC04_SVIDS_Admin" time="0">
    <skipped message="Test Case[TC04_SVIDS_ADMIN_FLOW:data-row-14]==&gt;is disabled"/>
    <system-out><![CDATA[2021-6-26 18:5:980 4757 INFO  [TestNG-test=Lemonade Test Cases-4] (ExtentManager.java:com.att.lemonade.utilities.ExtentManager.getTestKey(ExtentManager.java:104)) - Key=14[{attuid=SS8494, SICCode=, password=December@2019, ownerName=, svidName=, primaryCountry=, recordCount=1 records, priorYearTBRMaxValue=, successMessage=Wireline, SICDescription=, username=sr644a, nAICSDescription=, responseTime=223 Milliseconds, DomSubAcct=, SVID=CNJME7, DUNSNumber=, primaryState=, primaryCity=, nAICSCode=, description=Field level Search with Attuid &SVID , globalSearch=, priorYearTBRMinValue=, runmode=Y}]
String valueN
]]></system-out>
  </testcase>
  <testcase name="TC04_SVIDS_Admin_Flow" classname="com.att.lemonade.testcases.TC04_SVIDS_Admin" time="0">
    <skipped message="Test Case[TC04_SVIDS_ADMIN_FLOW:data-row-15]==&gt;is disabled"/>
    <system-out><![CDATA[String valueN
2021-6-26 18:5:442 5219 INFO  [TestNG-test=Lemonade Test Cases-6] (ExtentManager.java:com.att.lemonade.utilities.ExtentManager.getTestKey(ExtentManager.java:104)) - Key=12[{attuid=lt1615, accountName=, firstName=, password=December@2027, svidName=, primaryCountry=, recordCount=400 records, columnDisplayVisible=SVID Name, successMessage=Wireline, username=sr644a, responseTime=427 Milliseconds, filterOnEmailAndPhone=, SVID=, primaryState=, primaryCity=stillwater, primaryPhone=, lastName=, managementLevel=, description=FieldSearch, department=, globalSearch=, primaryZip=, subAcctId=, runmode=Y, title=}]
]]></system-out>
  </testcase>
  <testcase name="TC04_SVIDS_Admin_Flow" classname="com.att.lemonade.testcases.TC04_SVIDS_Admin" time="0">
    <skipped message="Test Case[TC04_SVIDS_ADMIN_FLOW:data-row-16]==&gt;is disabled"/>
    <system-out><![CDATA[2021-6-26 18:5:911 5688 INFO  [TestNG-test=Lemonade Test Cases-3] (ExtentManager.java:com.att.lemonade.utilities.ExtentManager.getTestKey(ExtentManager.java:104)) - Key=16[{attuid=SS8494, accountName=, SICCode=, password=December@2019, ownerName=, svidName=, recordCount=400 records, priorYearTBRMaxValue=, SICDescription=, successMessage=Wireline, username=sr644a, nAICSDescription=Commercial Banking, FNIndicator=, responseTime=642 MilliSeconds, SVID=, primaryState=, percentageFiber=, primaryCity=, primaryPhone=, fiberEligible=, accountStatus=, nAICSCode=, description=Global search, globalSearch=, priorYearTBRMinValue=, primaryZip=, primaryStreet=, subAcctId=, runmode=Y, NoOfOpptys=}]
2021-6-26 18:5:911 5688 INFO  [TestNG-test=Lemonade Test Cases-5] (ExtentManager.java:com.att.lemonade.utilities.ExtentManager.getTestKey(ExtentManager.java:104)) - Key=14[{accountName=, firstName=, password=December@2029, svidName=, primaryCountry=USA, recordCount=, successMessage=Wireline, username=sr644a, responseTime=, SVID=, filterOnEmailAndPhone=, primaryState=, primaryCity=, primaryPhone=, lastName=, managementLevel=, description=FieldSearch, department=, globalSearch=, primaryZip=75225.0, subAcctId=, runmode=Y, title=}]
]]></system-out>
  </testcase>
  <testcase name="TC04_SVIDS_Admin_Flow" classname="com.att.lemonade.testcases.TC04_SVIDS_Admin" time="0">
    <skipped message="Test Case[TC04_SVIDS_ADMIN_FLOW:data-row-17]==&gt;is disabled"/>
    <system-out><![CDATA[2021-6-26 18:5:226 6003 INFO  [TestNG-test=Lemonade Test Cases-6] (ExtentManager.java:com.att.lemonade.utilities.ExtentManager.getTestKey(ExtentManager.java:104)) - Key=14[{attuid=lt1615, accountName=, firstName=, password=December@2029, svidName=, primaryCountry=USA, recordCount=No data found, columnDisplayVisible=, successMessage=Wireline, username=sr644a, responseTime=No data found, filterOnEmailAndPhone=, SVID=, primaryState=, primaryCity=, primaryPhone=, lastName=, managementLevel=, description=FieldSearch, department=, globalSearch=, primaryZip=75225.0, subAcctId=, runmode=Y, title=}]
2021-6-26 18:5:226 6003 DEBUG [TestNG-test=Lemonade Test Cases-1] (_Log4jLoggerFactory.java:freemarker.log._Log4jLoggerFactory$Log4jLogger.debug(_Log4jLoggerFactory.java:45)) - Couldn't find template in cache for "Extent.ftl"("en_US", UTF-8, parsed); will try to load it.
2021-6-26 18:5:227 6004 DEBUG [TestNG-test=Lemonade Test Cases-1] (_Log4jLoggerFactory.java:freemarker.log._Log4jLoggerFactory$Log4jLogger.debug(_Log4jLoggerFactory.java:45)) - TemplateLoader.findTemplateSource("Extent_en_US.ftl"): Not found
2021-6-26 18:5:228 6005 DEBUG [TestNG-test=Lemonade Test Cases-1] (_Log4jLoggerFactory.java:freemarker.log._Log4jLoggerFactory$Log4jLogger.debug(_Log4jLoggerFactory.java:45)) - TemplateLoader.findTemplateSource("Extent_en.ftl"): Not found
2021-6-26 18:5:228 6005 DEBUG [TestNG-test=Lemonade Test Cases-1] (_Log4jLoggerFactory.java:freemarker.log._Log4jLoggerFactory$Log4jLogger.debug(_Log4jLoggerFactory.java:45)) - TemplateLoader.findTemplateSource("Extent.ftl"): Found
2021-6-26 18:5:229 6006 DEBUG [TestNG-test=Lemonade Test Cases-1] (_Log4jLoggerFactory.java:freemarker.log._Log4jLoggerFactory$Log4jLogger.debug(_Log4jLoggerFactory.java:45)) - Loading template for "Extent.ftl"("en_US", UTF-8, parsed) from "jar:file:/C:/Users/SaranyaRamamoorthy/.m2/repository/com/relevantcodes/extentreports/2.41.2/extentreports-2.41.2.jar!/com/relevantcodes/extentreports/view/Extent.ftl"
2021-6-26 18:5:233 6010 INFO  [TestNG-test=Lemonade Test Cases-3] (ExtentManager.java:com.att.lemonade.utilities.ExtentManager.getTestKey(ExtentManager.java:104)) - Key=17[{attuid=SS8494, accountName=, SICCode=, password=December@2019, ownerName=, svidName=, recordCount=No data found, priorYearTBRMaxValue=, SICDescription=, successMessage=Wireline, username=sr644a, nAICSDescription=, FNIndicator=, responseTime=No data found, SVID=, primaryState=, percentageFiber=, primaryCity=, primaryPhone=4.057445892E9, fiberEligible=, accountStatus=, nAICSCode=, description=Global search, globalSearch=, priorYearTBRMinValue=, primaryZip=, primaryStreet=, subAcctId=, runmode=Y, NoOfOpptys=}]
String valueN
]]></system-out>
  </testcase>
  <testcase name="TC04_SVIDS_Admin_Flow" classname="com.att.lemonade.testcases.TC04_SVIDS_Admin" time="0">
    <skipped message="Test Case[TC04_SVIDS_ADMIN_FLOW:data-row-18]==&gt;is disabled"/>
    <system-out><![CDATA[2021-6-26 18:5:764 6541 INFO  [TestNG-test=Lemonade Test Cases-6] (ExtentManager.java:com.att.lemonade.utilities.ExtentManager.getTestKey(ExtentManager.java:104)) - Key=15[{attuid=, accountName=, firstName=, password=December@2029, svidName=, primaryCountry=, recordCount=400 records, columnDisplayVisible=, successMessage=Wireline, username=sr644a, responseTime=497 Milliseconds, filterOnEmailAndPhone=, SVID=, primaryState=, primaryCity=, primaryPhone=, lastName=, managementLevel=, description=FieldSearch, department=, globalSearch=Hole Products, primaryZip=, subAcctId=, runmode=Y, title=}]
2021-6-26 18:5:765 6542 DEBUG [TestNG-test=Lemonade Test Cases-6] (_Log4jLoggerFactory.java:freemarker.log._Log4jLoggerFactory$Log4jLogger.debug(_Log4jLoggerFactory.java:45)) - Couldn't find template in cache for "Extent.ftl"("en_US", UTF-8, parsed); will try to load it.
2021-6-26 18:5:765 6542 INFO  [TestNG-test=Lemonade Test Cases-1] (ExtentManager.java:com.att.lemonade.utilities.ExtentManager.getTestKey(ExtentManager.java:104)) - Key=21[{accountName=, SICCode=, password=December@2019, ownerName=, svidName=, recordCount=4 records, priorYearTBRMaxValue=, SICDescription=Retail, successMessage=Wireline, username=sr644a, nAICSDescription=, FNIndicator=, responseTime=401 Milliseconds, SVID=, primaryState=, percentageFiber=, primaryCity=, primaryPhone=, fiberEligible=, accountStatus=, nAICSCode=, description=Global search, globalSearch=, priorYearTBRMinValue=, primaryZip=, primaryStreet=, subAcctId=, runmode=Y, NoOfOpptys=}]
2021-6-26 18:5:765 6542 DEBUG [TestNG-test=Lemonade Test Cases-6] (_Log4jLoggerFactory.java:freemarker.log._Log4jLoggerFactory$Log4jLogger.debug(_Log4jLoggerFactory.java:45)) - TemplateLoader.findTemplateSource("Extent_en_US.ftl"): Not found
2021-6-26 18:5:766 6543 DEBUG [TestNG-test=Lemonade Test Cases-6] (_Log4jLoggerFactory.java:freemarker.log._Log4jLoggerFactory$Log4jLogger.debug(_Log4jLoggerFactory.java:45)) - TemplateLoader.findTemplateSource("Extent_en.ftl"): Not found
2021-6-26 18:5:767 6544 DEBUG [TestNG-test=Lemonade Test Cases-6] (_Log4jLoggerFactory.java:freemarker.log._Log4jLoggerFactory$Log4jLogger.debug(_Log4jLoggerFactory.java:45)) - TemplateLoader.findTemplateSource("Extent.ftl"): Found
2021-6-26 18:5:767 6544 DEBUG [TestNG-test=Lemonade Test Cases-6] (_Log4jLoggerFactory.java:freemarker.log._Log4jLoggerFactory$Log4jLogger.debug(_Log4jLoggerFactory.java:45)) - Loading template for "Extent.ftl"("en_US", UTF-8, parsed) from "jar:file:/C:/Users/SaranyaRamamoorthy/.m2/repository/com/relevantcodes/extentreports/2.41.2/extentreports-2.41.2.jar!/com/relevantcodes/extentreports/view/Extent.ftl"
String valueN
String valueN
2021-6-26 18:5:815 6592 DEBUG [TestNG-test=Lemonade Test Cases-3] (_Log4jLoggerFactory.java:freemarker.log._Log4jLoggerFactory$Log4jLogger.debug(_Log4jLoggerFactory.java:45)) - Couldn't find template in cache for "Extent.ftl"("en_US", UTF-8, parsed); will try to load it.
]]></system-out>
  </testcase>
  <testcase name="TC04_SVIDS_Admin_Flow" classname="com.att.lemonade.testcases.TC04_SVIDS_Admin" time="0">
    <skipped message="Test Case[TC04_SVIDS_ADMIN_FLOW:data-row-19]==&gt;is disabled"/>
    <system-out><![CDATA[2021-6-26 18:5:965 6742 INFO  [TestNG-test=Lemonade Test Cases-3] (ExtentManager.java:com.att.lemonade.utilities.ExtentManager.getTestKey(ExtentManager.java:104)) - Key=19[{attuid=GR4568, accountName=, SICCode=, password=December@2019, ownerName=, svidName=, recordCount=No data found, priorYearTBRMaxValue=, SICDescription=, successMessage=Wireline, username=sr644a, nAICSDescription=, FNIndicator=, responseTime=No data found, SVID=, primaryState=, percentageFiber=, primaryCity=Stillwater
	, primaryPhone=, fiberEligible=, accountStatus=, nAICSCode=, description=Global search, globalSearch=, priorYearTBRMinValue=, primaryZip=, primaryStreet=, subAcctId=, runmode=Y, NoOfOpptys=}]
2021-6-26 18:5:965 6742 DEBUG [TestNG-test=Lemonade Test Cases-6] (_Log4jLoggerFactory.java:freemarker.log._Log4jLoggerFactory$Log4jLogger.debug(_Log4jLoggerFactory.java:45)) - Couldn't find template in cache for "Extent.ftl"("en_US", UTF-8, parsed); will try to load it.
2021-6-26 18:5:965 6742 INFO  [TestNG-test=Lemonade Test Cases-4] (ExtentManager.java:com.att.lemonade.utilities.ExtentManager.getTestKey(ExtentManager.java:104)) - Key=19[{attuid=, SICCode=, password=December@2019, ownerName=, svidName=, primaryCountry=, recordCount=1 records, priorYearTBRMaxValue=, successMessage=Wireline, SICDescription=, username=sr644a, nAICSDescription=, responseTime=235 Milliseconds, DomSubAcct=, SVID=, DUNSNumber=7.95506513E8, primaryState=, primaryCity=, nAICSCode=, description=Field level Search with Duns, globalSearch=, priorYearTBRMinValue=, runmode=Y}]
2021-6-26 18:5:966 6743 DEBUG [TestNG-test=Lemonade Test Cases-6] (_Log4jLoggerFactory.java:freemarker.log._Log4jLoggerFactory$Log4jLogger.debug(_Log4jLoggerFactory.java:45)) - TemplateLoader.findTemplateSource("Extent_en_US.ftl"): Not found
2021-6-26 18:5:966 6743 DEBUG [TestNG-test=Lemonade Test Cases-6] (_Log4jLoggerFactory.java:freemarker.log._Log4jLoggerFactory$Log4jLogger.debug(_Log4jLoggerFactory.java:45)) - TemplateLoader.findTemplateSource("Extent_en.ftl"): Not found
2021-6-26 18:5:967 6744 DEBUG [TestNG-test=Lemonade Test Cases-6] (_Log4jLoggerFactory.java:freemarker.log._Log4jLoggerFactory$Log4jLogger.debug(_Log4jLoggerFactory.java:45)) - TemplateLoader.findTemplateSource("Extent.ftl"): Found
2021-6-26 18:5:967 6744 DEBUG [TestNG-test=Lemonade Test Cases-6] (_Log4jLoggerFactory.java:freemarker.log._Log4jLoggerFactory$Log4jLogger.debug(_Log4jLoggerFactory.java:45)) - Loading template for "Extent.ftl"("en_US", UTF-8, parsed) from "jar:file:/C:/Users/SaranyaRamamoorthy/.m2/repository/com/relevantcodes/extentreports/2.41.2/extentreports-2.41.2.jar!/com/relevantcodes/extentreports/view/Extent.ftl"
2021-6-26 18:5:11 6788 DEBUG [TestNG-test=Lemonade Test Cases-1] (_Log4jLoggerFactory.java:freemarker.log._Log4jLoggerFactory$Log4jLogger.debug(_Log4jLoggerFactory.java:45)) - Couldn't find template in cache for "Extent.ftl"("en_US", UTF-8, parsed); will try to load it.
2021-6-26 18:5:11 6788 DEBUG [TestNG-test=Lemonade Test Cases-1] (_Log4jLoggerFactory.java:freemarker.log._Log4jLoggerFactory$Log4jLogger.debug(_Log4jLoggerFactory.java:45)) - TemplateLoader.findTemplateSource("Extent_en_US.ftl"): Not found
2021-6-26 18:5:12 6789 DEBUG [TestNG-test=Lemonade Test Cases-1] (_Log4jLoggerFactory.java:freemarker.log._Log4jLoggerFactory$Log4jLogger.debug(_Log4jLoggerFactory.java:45)) - TemplateLoader.findTemplateSource("Extent_en.ftl"): Not found
2021-6-26 18:5:13 6790 DEBUG [TestNG-test=Lemonade Test Cases-1] (_Log4jLoggerFactory.java:freemarker.log._Log4jLoggerFactory$Log4jLogger.debug(_Log4jLoggerFactory.java:45)) - TemplateLoader.findTemplateSource("Extent.ftl"): Found
2021-6-26 18:5:13 6790 DEBUG [TestNG-test=Lemonade Test Cases-1] (_Log4jLoggerFactory.java:freemarker.log._Log4jLoggerFactory$Log4jLogger.debug(_Log4jLoggerFactory.java:45)) - Loading template for "Extent.ftl"("en_US", UTF-8, parsed) from "jar:file:/C:/Users/SaranyaRamamoorthy/.m2/repository/com/relevantcodes/extentreports/2.41.2/extentreports-2.41.2.jar!/com/relevantcodes/extentreports/view/Extent.ftl"
2021-6-26 18:5:14 6791 INFO  [TestNG-test=Lemonade Test Cases-6] (ExtentManager.java:com.att.lemonade.utilities.ExtentManager.getTestKey(ExtentManager.java:104)) - Key=17[{attuid=, accountName=, firstName=, password=December@2031, svidName=, primaryCountry=, recordCount=2 records, columnDisplayVisible=, successMessage=Wireline, username=sr644a, responseTime=320 Milliseconds, filterOnEmailAndPhone=, SVID=, primaryState=, primaryCity=, primaryPhone=, lastName=, managementLevel=, description=FieldSearch, department=, globalSearch=, primaryZip=, subAcctId=TJIRI9, runmode=Y, title=}]
String valueN
]]></system-out>
  </testcase>
  <testcase name="TC04_SVIDS_Admin_Flow" classname="com.att.lemonade.testcases.TC04_SVIDS_Admin" time="0">
    <skipped message="Test Case[TC04_SVIDS_ADMIN_FLOW:data-row-20]==&gt;is disabled"/>
    <system-out><![CDATA[2021-6-26 18:5:242 7019 INFO  [TestNG-test=Lemonade Test Cases-6] (ExtentManager.java:com.att.lemonade.utilities.ExtentManager.getTestKey(ExtentManager.java:104)) - Key=17[{attuid=, accountName=, firstName=, password=December@2031, svidName=, primaryCountry=, recordCount=2 records, columnDisplayVisible=, successMessage=Wireline, username=sr644a, responseTime=320 Milliseconds, filterOnEmailAndPhone=, SVID=, primaryState=, primaryCity=, primaryPhone=, lastName=, managementLevel=, description=FieldSearch, department=, globalSearch=, primaryZip=, subAcctId=TJIRI9, runmode=Y, title=}]
2021-6-26 18:5:242 7019 DEBUG [TestNG-test=Lemonade Test Cases-1] (_Log4jLoggerFactory.java:freemarker.log._Log4jLoggerFactory$Log4jLogger.debug(_Log4jLoggerFactory.java:45)) - TemplateLoader.findTemplateSource("Extent_en_US.ftl"): Not found
2021-6-26 18:5:243 7020 DEBUG [TestNG-test=Lemonade Test Cases-1] (_Log4jLoggerFactory.java:freemarker.log._Log4jLoggerFactory$Log4jLogger.debug(_Log4jLoggerFactory.java:45)) - TemplateLoader.findTemplateSource("Extent_en.ftl"): Not found
2021-6-26 18:5:244 7021 DEBUG [TestNG-test=Lemonade Test Cases-1] (_Log4jLoggerFactory.java:freemarker.log._Log4jLoggerFactory$Log4jLogger.debug(_Log4jLoggerFactory.java:45)) - TemplateLoader.findTemplateSource("Extent.ftl"): Found
2021-6-26 18:5:244 7021 DEBUG [TestNG-test=Lemonade Test Cases-1] (_Log4jLoggerFactory.java:freemarker.log._Log4jLoggerFactory$Log4jLogger.debug(_Log4jLoggerFactory.java:45)) - Loading template for "Extent.ftl"("en_US", UTF-8, parsed) from "jar:file:/C:/Users/SaranyaRamamoorthy/.m2/repository/com/relevantcodes/extentreports/2.41.2/extentreports-2.41.2.jar!/com/relevantcodes/extentreports/view/Extent.ftl"
2021-6-26 18:5:242 7019 INFO  [TestNG-test=Lemonade Test Cases-5] (ExtentManager.java:com.att.lemonade.utilities.ExtentManager.getTestKey(ExtentManager.java:104)) - Key=18[{accountName=, firstName=, password=December@2029, svidName=, primaryCountry=, recordCount=, successMessage=Wireline, username=sr644a, responseTime=, SVID=, filterOnEmailAndPhone=, primaryState=, primaryCity=, primaryPhone=, lastName=, managementLevel=, description=FieldSearch, department=, globalSearch=33021.0, primaryZip=, subAcctId=, runmode=Y, title=}]
2021-6-26 18:5:253 7030 INFO  [TestNG-test=Lemonade Test Cases-4] (ExtentManager.java:com.att.lemonade.utilities.ExtentManager.getTestKey(ExtentManager.java:104)) - Key=20[{attuid=, SICCode=, password=December@2019, ownerName=, svidName=, primaryCountry=, recordCount=1 records, priorYearTBRMaxValue=, successMessage=Wireline, SICDescription=, username=sr644a, nAICSDescription=, responseTime=214 Milliseconds, DomSubAcct=, SVID=, DUNSNumber=8.36162305E8, primaryState=, primaryCity=, nAICSCode=, description=Field level Search with Duns, globalSearch=, priorYearTBRMinValue=, runmode=Y}]
String valueN
]]></system-out>
  </testcase>
  <testcase name="TC04_SVIDS_Admin_Flow" classname="com.att.lemonade.testcases.TC04_SVIDS_Admin" time="0">
    <skipped message="Test Case[TC04_SVIDS_ADMIN_FLOW:data-row-21]==&gt;is disabled"/>
  </testcase>
  <testcase name="TC04_SVIDS_Admin_Flow" classname="com.att.lemonade.testcases.TC04_SVIDS_Admin" time="0">
    <skipped message="Test Case[TC04_SVIDS_ADMIN_FLOW:data-row-22]==&gt;is disabled"/>
    <system-out><![CDATA[2021-6-26 18:5:965 7742 INFO  [TestNG-test=Lemonade Test Cases-3] (ExtentManager.java:com.att.lemonade.utilities.ExtentManager.getTestKey(ExtentManager.java:104)) - Key=22[{attuid=GR4568, accountName=, SICCode=, password=December@2019, ownerName=, svidName=, recordCount=No data found, priorYearTBRMaxValue=, SICDescription=, successMessage=Wireline, username=sr644a, nAICSDescription=, FNIndicator=, responseTime=No data found, SVID=, primaryState=, percentageFiber=, primaryCity=, primaryPhone=, fiberEligible=, accountStatus=, nAICSCode=, description=Global search, globalSearch=The Woodlands, priorYearTBRMinValue=, primaryZip=, primaryStreet=, subAcctId=, runmode=Y, NoOfOpptys=}]
]]></system-out>
  </testcase>
  <testcase name="TC04_SVIDS_Admin_Flow" classname="com.att.lemonade.testcases.TC04_SVIDS_Admin" time="0">
    <skipped message="Test Case[TC04_SVIDS_ADMIN_FLOW:data-row-23]==&gt;is disabled"/>
    <system-out><![CDATA[2021-6-26 18:5:32 7809 DEBUG [TestNG-test=Lemonade Test Cases-4] (_Log4jLoggerFactory.java:freemarker.log._Log4jLoggerFactory$Log4jLogger.debug(_Log4jLoggerFactory.java:45)) - Couldn't find template in cache for "Extent.ftl"("en_US", UTF-8, parsed); will try to load it.
2021-6-26 18:5:33 7810 INFO  [TestNG-test=Lemonade Test Cases-6] (ExtentManager.java:com.att.lemonade.utilities.ExtentManager.getTestKey(ExtentManager.java:104)) - Key=19[{attuid=, accountName=, firstName=, password=December@2033, svidName=VALLEY VIEW SCHOOL DISTRICT 35_MT, primaryCountry=, recordCount=2 records, columnDisplayVisible=, successMessage=Wireline, username=sr644a, responseTime=298 Milliseconds, filterOnEmailAndPhone=, SVID=, primaryState=, primaryCity=, primaryPhone=, lastName=, managementLevel=, description=FieldSearch, department=, globalSearch=, primaryZip=, subAcctId=, runmode=Y, title=}]
2021-6-26 18:5:33 7810 DEBUG [TestNG-test=Lemonade Test Cases-4] (_Log4jLoggerFactory.java:freemarker.log._Log4jLoggerFactory$Log4jLogger.debug(_Log4jLoggerFactory.java:45)) - TemplateLoader.findTemplateSource("Extent_en_US.ftl"): Not found
2021-6-26 18:5:34 7811 DEBUG [TestNG-test=Lemonade Test Cases-4] (_Log4jLoggerFactory.java:freemarker.log._Log4jLoggerFactory$Log4jLogger.debug(_Log4jLoggerFactory.java:45)) - TemplateLoader.findTemplateSource("Extent_en.ftl"): Not found
2021-6-26 18:5:36 7813 DEBUG [TestNG-test=Lemonade Test Cases-4] (_Log4jLoggerFactory.java:freemarker.log._Log4jLoggerFactory$Log4jLogger.debug(_Log4jLoggerFactory.java:45)) - TemplateLoader.findTemplateSource("Extent.ftl"): Found
2021-6-26 18:5:36 7813 DEBUG [TestNG-test=Lemonade Test Cases-4] (_Log4jLoggerFactory.java:freemarker.log._Log4jLoggerFactory$Log4jLogger.debug(_Log4jLoggerFactory.java:45)) - Loading template for "Extent.ftl"("en_US", UTF-8, parsed) from "jar:file:/C:/Users/SaranyaRamamoorthy/.m2/repository/com/relevantcodes/extentreports/2.41.2/extentreports-2.41.2.jar!/com/relevantcodes/extentreports/view/Extent.ftl"
2021-6-26 18:5:36 7813 INFO  [TestNG-test=Lemonade Test Cases-1] (ExtentManager.java:com.att.lemonade.utilities.ExtentManager.getTestKey(ExtentManager.java:104)) - Key=26[{accountName=, SICCode=, password=December@2019, ownerName=, svidName=, recordCount=No data found, priorYearTBRMaxValue=, SICDescription=, successMessage=Wireline, username=sr644a, nAICSDescription=Accommodation and Food Services, FNIndicator=, responseTime=No data found, SVID=, primaryState=, percentageFiber=, primaryCity=, primaryPhone=, fiberEligible=, accountStatus=, nAICSCode=, description=Global search, globalSearch=, priorYearTBRMinValue=, primaryZip=, primaryStreet=, subAcctId=, runmode=Y, NoOfOpptys=}]
2021-6-26 18:5:94 7871 DEBUG [TestNG-test=Lemonade Test Cases-5] (_Log4jLoggerFactory.java:freemarker.log._Log4jLoggerFactory$Log4jLogger.debug(_Log4jLoggerFactory.java:45)) - Couldn't find template in cache for "Extent.ftl"("en_US", UTF-8, parsed); will try to load it.
2021-6-26 18:5:95 7872 DEBUG [TestNG-test=Lemonade Test Cases-5] (_Log4jLoggerFactory.java:freemarker.log._Log4jLoggerFactory$Log4jLogger.debug(_Log4jLoggerFactory.java:45)) - TemplateLoader.findTemplateSource("Extent_en_US.ftl"): Not found
2021-6-26 18:5:96 7873 DEBUG [TestNG-test=Lemonade Test Cases-5] (_Log4jLoggerFactory.java:freemarker.log._Log4jLoggerFactory$Log4jLogger.debug(_Log4jLoggerFactory.java:45)) - TemplateLoader.findTemplateSource("Extent_en.ftl"): Not found
2021-6-26 18:5:97 7874 DEBUG [TestNG-test=Lemonade Test Cases-5] (_Log4jLoggerFactory.java:freemarker.log._Log4jLoggerFactory$Log4jLogger.debug(_Log4jLoggerFactory.java:45)) - TemplateLoader.findTemplateSource("Extent.ftl"): Found
2021-6-26 18:5:97 7874 DEBUG [TestNG-test=Lemonade Test Cases-5] (_Log4jLoggerFactory.java:freemarker.log._Log4jLoggerFactory$Log4jLogger.debug(_Log4jLoggerFactory.java:45)) - Loading template for "Extent.ftl"("en_US", UTF-8, parsed) from "jar:file:/C:/Users/SaranyaRamamoorthy/.m2/repository/com/relevantcodes/extentreports/2.41.2/extentreports-2.41.2.jar!/com/relevantcodes/extentreports/view/Extent.ftl"
2021-6-26 18:5:104 7881 INFO  [TestNG-test=Lemonade Test Cases-4] (ExtentManager.java:com.att.lemonade.utilities.ExtentManager.getTestKey(ExtentManager.java:104)) - Key=23[{attuid=AC1083, SICCode=, password=December@2019, ownerName=, svidName=, primaryCountry=, recordCount=No data found, priorYearTBRMaxValue=0.0, successMessage=Wireline, SICDescription=, username=sr644a, nAICSDescription=, responseTime=No data found, DomSubAcct=, SVID=, DUNSNumber=, primaryState=, primaryCity=, nAICSCode=, description=Field level Search with Attuid &Duns, globalSearch=, priorYearTBRMinValue=-10.0, runmode=Y}]
2021-6-26 18:5:146 7923 DEBUG [TestNG-test=Lemonade Test Cases-3] (_Log4jLoggerFactory.java:freemarker.log._Log4jLoggerFactory$Log4jLogger.debug(_Log4jLoggerFactory.java:45)) - Couldn't find template in cache for "Extent.ftl"("en_US", UTF-8, parsed); will try to load it.
2021-6-26 18:5:146 7923 DEBUG [TestNG-test=Lemonade Test Cases-3] (_Log4jLoggerFactory.java:freemarker.log._Log4jLoggerFactory$Log4jLogger.debug(_Log4jLoggerFactory.java:45)) - TemplateLoader.findTemplateSource("Extent_en_US.ftl"): Not found
2021-6-26 18:5:147 7924 DEBUG [TestNG-test=Lemonade Test Cases-3] (_Log4jLoggerFactory.java:freemarker.log._Log4jLoggerFactory$Log4jLogger.debug(_Log4jLoggerFactory.java:45)) - TemplateLoader.findTemplateSource("Extent_en.ftl"): Not found
2021-6-26 18:5:148 7925 DEBUG [TestNG-test=Lemonade Test Cases-3] (_Log4jLoggerFactory.java:freemarker.log._Log4jLoggerFactory$Log4jLogger.debug(_Log4jLoggerFactory.java:45)) - TemplateLoader.findTemplateSource("Extent.ftl"): Found
2021-6-26 18:5:149 7926 DEBUG [TestNG-test=Lemonade Test Cases-3] (_Log4jLoggerFactory.java:freemarker.log._Log4jLoggerFactory$Log4jLogger.debug(_Log4jLoggerFactory.java:45)) - Loading template for "Extent.ftl"("en_US", UTF-8, parsed) from "jar:file:/C:/Users/SaranyaRamamoorthy/.m2/repository/com/relevantcodes/extentreports/2.41.2/extentreports-2.41.2.jar!/com/relevantcodes/extentreports/view/Extent.ftl"
2021-6-26 18:5:156 7933 INFO  [TestNG-test=Lemonade Test Cases-5] (ExtentManager.java:com.att.lemonade.utilities.ExtentManager.getTestKey(ExtentManager.java:104)) - Key=21[{accountName=, firstName=, password=December@2029, svidName=, primaryCountry=, recordCount=, successMessage=Wireline, username=sr644a, responseTime=, SVID=, filterOnEmailAndPhone=, primaryState=CA, primaryCity=, primaryPhone=, lastName=, managementLevel=, description=FieldSearch, department=, globalSearch=, primaryZip=, subAcctId=, runmode=Y, title=}]
String valueN
]]></system-out>
  </testcase>
  <testcase name="TC04_SVIDS_Admin_Flow" classname="com.att.lemonade.testcases.TC04_SVIDS_Admin" time="0">
    <skipped message="Test Case[TC04_SVIDS_ADMIN_FLOW:data-row-24]==&gt;is disabled"/>
    <system-out><![CDATA[2021-6-26 18:5:200 7977 INFO  [TestNG-test=Lemonade Test Cases-4] (ExtentManager.java:com.att.lemonade.utilities.ExtentManager.getTestKey(ExtentManager.java:104)) - Key=23[{attuid=AC1083, SICCode=, password=December@2019, ownerName=, svidName=, primaryCountry=, recordCount=No data found, priorYearTBRMaxValue=0.0, successMessage=Wireline, SICDescription=, username=sr644a, nAICSDescription=, responseTime=No data found, DomSubAcct=, SVID=, DUNSNumber=, primaryState=, primaryCity=, nAICSCode=, description=Field level Search with Attuid &Duns, globalSearch=, priorYearTBRMinValue=-10.0, runmode=Y}]
2021-6-26 18:5:201 7978 DEBUG [TestNG-test=Lemonade Test Cases-4] (_Log4jLoggerFactory.java:freemarker.log._Log4jLoggerFactory$Log4jLogger.debug(_Log4jLoggerFactory.java:45)) - Couldn't find template in cache for "Extent.ftl"("en_US", UTF-8, parsed); will try to load it.
2021-6-26 18:5:201 7978 DEBUG [TestNG-test=Lemonade Test Cases-4] (_Log4jLoggerFactory.java:freemarker.log._Log4jLoggerFactory$Log4jLogger.debug(_Log4jLoggerFactory.java:45)) - TemplateLoader.findTemplateSource("Extent_en_US.ftl"): Not found
2021-6-26 18:5:204 7981 DEBUG [TestNG-test=Lemonade Test Cases-4] (_Log4jLoggerFactory.java:freemarker.log._Log4jLoggerFactory$Log4jLogger.debug(_Log4jLoggerFactory.java:45)) - TemplateLoader.findTemplateSource("Extent_en.ftl"): Not found
2021-6-26 18:5:204 7981 DEBUG [TestNG-test=Lemonade Test Cases-4] (_Log4jLoggerFactory.java:freemarker.log._Log4jLoggerFactory$Log4jLogger.debug(_Log4jLoggerFactory.java:45)) - TemplateLoader.findTemplateSource("Extent.ftl"): Found
2021-6-26 18:5:205 7982 DEBUG [TestNG-test=Lemonade Test Cases-4] (_Log4jLoggerFactory.java:freemarker.log._Log4jLoggerFactory$Log4jLogger.debug(_Log4jLoggerFactory.java:45)) - Loading template for "Extent.ftl"("en_US", UTF-8, parsed) from "jar:file:/C:/Users/SaranyaRamamoorthy/.m2/repository/com/relevantcodes/extentreports/2.41.2/extentreports-2.41.2.jar!/com/relevantcodes/extentreports/view/Extent.ftl"
2021-6-26 18:5:270 8047 INFO  [TestNG-test=Lemonade Test Cases-4] (ExtentManager.java:com.att.lemonade.utilities.ExtentManager.getTestKey(ExtentManager.java:104)) - Key=24[{attuid=, SICCode=, password=December@2019, ownerName=, svidName=, primaryCountry=, recordCount=1 records, priorYearTBRMaxValue=, successMessage=Wireline, SICDescription=, username=sr644a, nAICSDescription=, responseTime=129 Milliseconds, DomSubAcct=S4NJBL, SVID=, DUNSNumber=, primaryState=, primaryCity=, nAICSCode=, description=Field level Search with DomSubAcct, globalSearch=, priorYearTBRMinValue=, runmode=Y}]
String valueN
String valueN
]]></system-out>
  </testcase>
  <testcase name="TC04_SVIDS_Admin_Flow" classname="com.att.lemonade.testcases.TC04_SVIDS_Admin" time="0">
    <skipped message="Test Case[TC04_SVIDS_ADMIN_FLOW:data-row-25]==&gt;is disabled"/>
    <system-out><![CDATA[String valueN
2021-6-26 18:5:495 8272 INFO  [TestNG-test=Lemonade Test Cases-5] (ExtentManager.java:com.att.lemonade.utilities.ExtentManager.getTestKey(ExtentManager.java:104)) - Key=21[{accountName=, firstName=, password=December@2029, svidName=, primaryCountry=, recordCount=, successMessage=Wireline, username=sr644a, responseTime=, SVID=, filterOnEmailAndPhone=, primaryState=CA, primaryCity=, primaryPhone=, lastName=, managementLevel=, description=FieldSearch, department=, globalSearch=, primaryZip=, subAcctId=, runmode=Y, title=}]
2021-6-26 18:5:495 8272 INFO  [TestNG-test=Lemonade Test Cases-6] (ExtentManager.java:com.att.lemonade.utilities.ExtentManager.getTestKey(ExtentManager.java:104)) - Key=20[{attuid=, accountName=, firstName=Christopher, password=December@2034, svidName=, primaryCountry=, recordCount=400 records, columnDisplayVisible=, successMessage=Wireline, username=sr644a, responseTime=467 Milliseconds, filterOnEmailAndPhone=, SVID=, primaryState=, primaryCity=, primaryPhone=, lastName=, managementLevel=, description=FieldSearch, department=, globalSearch=, primaryZip=, subAcctId=, runmode=Y, title=}]
]]></system-out>
  </testcase>
  <testcase name="TC04_SVIDS_Admin_Flow" classname="com.att.lemonade.testcases.TC04_SVIDS_Admin" time="0">
    <skipped message="Test Case[TC04_SVIDS_ADMIN_FLOW:data-row-26]==&gt;is disabled"/>
    <system-out><![CDATA[2021-6-26 18:5:754 8531 DEBUG [TestNG-test=Lemonade Test Cases-1] (_Log4jLoggerFactory.java:freemarker.log._Log4jLoggerFactory$Log4jLogger.debug(_Log4jLoggerFactory.java:45)) - Couldn't find template in cache for "Extent.ftl"("en_US", UTF-8, parsed); will try to load it.
2021-6-26 18:5:754 8531 INFO  [TestNG-test=Lemonade Test Cases-5] (ExtentManager.java:com.att.lemonade.utilities.ExtentManager.getTestKey(ExtentManager.java:104)) - Key=22[{accountName=, firstName=, password=December@2029, svidName=, primaryCountry=, recordCount=, successMessage=Wireline, username=sr644a, responseTime=, SVID=, filterOnEmailAndPhone=, primaryState=, primaryCity=, primaryPhone=, lastName=, managementLevel=, description=FieldSearch, department=OTHER, globalSearch=, primaryZip=, subAcctId=, runmode=Y, title=}]
2021-6-26 18:5:755 8532 DEBUG [TestNG-test=Lemonade Test Cases-1] (_Log4jLoggerFactory.java:freemarker.log._Log4jLoggerFactory$Log4jLogger.debug(_Log4jLoggerFactory.java:45)) - TemplateLoader.findTemplateSource("Extent_en_US.ftl"): Not found
2021-6-26 18:5:755 8532 DEBUG [TestNG-test=Lemonade Test Cases-1] (_Log4jLoggerFactory.java:freemarker.log._Log4jLoggerFactory$Log4jLogger.debug(_Log4jLoggerFactory.java:45)) - TemplateLoader.findTemplateSource("Extent_en.ftl"): Not found
2021-6-26 18:5:756 8533 DEBUG [TestNG-test=Lemonade Test Cases-1] (_Log4jLoggerFactory.java:freemarker.log._Log4jLoggerFactory$Log4jLogger.debug(_Log4jLoggerFactory.java:45)) - TemplateLoader.findTemplateSource("Extent.ftl"): Found
2021-6-26 18:5:756 8533 DEBUG [TestNG-test=Lemonade Test Cases-1] (_Log4jLoggerFactory.java:freemarker.log._Log4jLoggerFactory$Log4jLogger.debug(_Log4jLoggerFactory.java:45)) - Loading template for "Extent.ftl"("en_US", UTF-8, parsed) from "jar:file:/C:/Users/SaranyaRamamoorthy/.m2/repository/com/relevantcodes/extentreports/2.41.2/extentreports-2.41.2.jar!/com/relevantcodes/extentreports/view/Extent.ftl"
2021-6-26 18:5:767 8544 INFO  [TestNG-test=Lemonade Test Cases-6] (ExtentManager.java:com.att.lemonade.utilities.ExtentManager.getTestKey(ExtentManager.java:104)) - Key=21[{attuid=, accountName=, firstName=, password=December@2035, svidName=, primaryCountry=, recordCount=400 records, columnDisplayVisible=, successMessage=Wireline, username=sr644a, responseTime=473 Milliseconds, filterOnEmailAndPhone=, SVID=, primaryState=, primaryCity=, primaryPhone=, lastName=mond, managementLevel=, description=FieldSearch, department=, globalSearch=, primaryZip=, subAcctId=, runmode=Y, title=}]
String valueN
String valueN
]]></system-out>
  </testcase>
  <testcase name="TC04_SVIDS_Admin_Flow" classname="com.att.lemonade.testcases.TC04_SVIDS_Admin" time="0">
    <skipped message="Test Case[TC04_SVIDS_ADMIN_FLOW:data-row-27]==&gt;is disabled"/>
    <system-out><![CDATA[2021-6-26 18:5:186 8963 INFO  [TestNG-test=Lemonade Test Cases-1] (ExtentManager.java:com.att.lemonade.utilities.ExtentManager.getTestKey(ExtentManager.java:104)) - Key=29[{accountName=, SICCode=, password=December@2019, ownerName=, svidName=, recordCount=No data found, priorYearTBRMaxValue=, SICDescription=, successMessage=Wireline, username=sr644a, nAICSDescription=, FNIndicator=, responseTime=No data found, SVID=, primaryState=, percentageFiber=, primaryCity=, primaryPhone=, fiberEligible=, accountStatus=, nAICSCode=, description=Global search, globalSearch=Pharmacies, priorYearTBRMinValue=, primaryZip=, primaryStreet=, subAcctId=, runmode=Y, NoOfOpptys=}]
String valueN
]]></system-out>
  </testcase>
  <testcase name="TC04_SVIDS_Admin_Flow" classname="com.att.lemonade.testcases.TC04_SVIDS_Admin" time="0">
    <skipped message="Test Case[TC04_SVIDS_ADMIN_FLOW:data-row-28]==&gt;is disabled"/>
    <system-out><![CDATA[2021-6-26 18:5:186 8963 DEBUG [TestNG-test=Lemonade Test Cases-1] (_Log4jLoggerFactory.java:freemarker.log._Log4jLoggerFactory$Log4jLogger.debug(_Log4jLoggerFactory.java:45)) - Couldn't find template in cache for "Extent.ftl"("en_US", UTF-8, parsed); will try to load it.
2021-6-26 18:5:187 8964 DEBUG [TestNG-test=Lemonade Test Cases-1] (_Log4jLoggerFactory.java:freemarker.log._Log4jLoggerFactory$Log4jLogger.debug(_Log4jLoggerFactory.java:45)) - TemplateLoader.findTemplateSource("Extent_en_US.ftl"): Not found
2021-6-26 18:5:186 8963 INFO  [TestNG-test=Lemonade Test Cases-4] (ExtentManager.java:com.att.lemonade.utilities.ExtentManager.getTestKey(ExtentManager.java:104)) - Key=27[{attuid=JH175X, SICCode=, password=December@2019, ownerName=, svidName=, primaryCountry=, recordCount=No data found, priorYearTBRMaxValue=, successMessage=Wireline, SICDescription=, username=sr644a, nAICSDescription=, responseTime=No data found, DomSubAcct=SIVB32	, SVID=, DUNSNumber=, primaryState=, primaryCity=, nAICSCode=, description=Field level Search with Attuid &Dom sub acct, globalSearch=, priorYearTBRMinValue=, runmode=Y}]
2021-6-26 18:5:188 8965 DEBUG [TestNG-test=Lemonade Test Cases-1] (_Log4jLoggerFactory.java:freemarker.log._Log4jLoggerFactory$Log4jLogger.debug(_Log4jLoggerFactory.java:45)) - TemplateLoader.findTemplateSource("Extent_en.ftl"): Not found
2021-6-26 18:5:193 8970 DEBUG [TestNG-test=Lemonade Test Cases-1] (_Log4jLoggerFactory.java:freemarker.log._Log4jLoggerFactory$Log4jLogger.debug(_Log4jLoggerFactory.java:45)) - TemplateLoader.findTemplateSource("Extent.ftl"): Found
2021-6-26 18:5:193 8970 DEBUG [TestNG-test=Lemonade Test Cases-1] (_Log4jLoggerFactory.java:freemarker.log._Log4jLoggerFactory$Log4jLogger.debug(_Log4jLoggerFactory.java:45)) - Loading template for "Extent.ftl"("en_US", UTF-8, parsed) from "jar:file:/C:/Users/SaranyaRamamoorthy/.m2/repository/com/relevantcodes/extentreports/2.41.2/extentreports-2.41.2.jar!/com/relevantcodes/extentreports/view/Extent.ftl"
2021-6-26 18:5:253 9030 DEBUG [TestNG-test=Lemonade Test Cases-5] (_Log4jLoggerFactory.java:freemarker.log._Log4jLoggerFactory$Log4jLogger.debug(_Log4jLoggerFactory.java:45)) - Couldn't find template in cache for "Extent.ftl"("en_US", UTF-8, parsed); will try to load it.
2021-6-26 18:5:254 9031 INFO  [TestNG-test=Lemonade Test Cases-1] (ExtentManager.java:com.att.lemonade.utilities.ExtentManager.getTestKey(ExtentManager.java:104)) - Key=30[{accountName=, SICCode=, password=December@2019, ownerName=, svidName=, recordCount=No data found, priorYearTBRMaxValue=, SICDescription=, successMessage=Wireline, username=sr644a, nAICSDescription=, FNIndicator=, responseTime=No data found, SVID=U36FMD, primaryState=, percentageFiber=, primaryCity=, primaryPhone=, fiberEligible=, accountStatus=, nAICSCode=, description=Global search, globalSearch=, priorYearTBRMinValue=, primaryZip=, primaryStreet=, subAcctId=, runmode=Y, NoOfOpptys=}]
2021-6-26 18:5:254 9031 DEBUG [TestNG-test=Lemonade Test Cases-5] (_Log4jLoggerFactory.java:freemarker.log._Log4jLoggerFactory$Log4jLogger.debug(_Log4jLoggerFactory.java:45)) - TemplateLoader.findTemplateSource("Extent_en_US.ftl"): Not found
2021-6-26 18:5:255 9032 DEBUG [TestNG-test=Lemonade Test Cases-5] (_Log4jLoggerFactory.java:freemarker.log._Log4jLoggerFactory$Log4jLogger.debug(_Log4jLoggerFactory.java:45)) - TemplateLoader.findTemplateSource("Extent_en.ftl"): Not found
2021-6-26 18:5:256 9033 DEBUG [TestNG-test=Lemonade Test Cases-5] (_Log4jLoggerFactory.java:freemarker.log._Log4jLoggerFactory$Log4jLogger.debug(_Log4jLoggerFactory.java:45)) - TemplateLoader.findTemplateSource("Extent.ftl"): Found
2021-6-26 18:5:256 9033 DEBUG [TestNG-test=Lemonade Test Cases-5] (_Log4jLoggerFactory.java:freemarker.log._Log4jLoggerFactory$Log4jLogger.debug(_Log4jLoggerFactory.java:45)) - Loading template for "Extent.ftl"("en_US", UTF-8, parsed) from "jar:file:/C:/Users/SaranyaRamamoorthy/.m2/repository/com/relevantcodes/extentreports/2.41.2/extentreports-2.41.2.jar!/com/relevantcodes/extentreports/view/Extent.ftl"
2021-6-26 18:5:321 9098 DEBUG [TestNG-test=Lemonade Test Cases-6] (_Log4jLoggerFactory.java:freemarker.log._Log4jLoggerFactory$Log4jLogger.debug(_Log4jLoggerFactory.java:45)) - Couldn't find template in cache for "Extent.ftl"("en_US", UTF-8, parsed); will try to load it.
2021-6-26 18:5:322 9099 INFO  [TestNG-test=Lemonade Test Cases-5] (ExtentManager.java:com.att.lemonade.utilities.ExtentManager.getTestKey(ExtentManager.java:104)) - Key=25[{accountName=, firstName=, password=December@2029, svidName=, primaryCountry=, recordCount=, successMessage=Wireline, username=sr644a, responseTime=, SVID=, filterOnEmailAndPhone=Show Only Contacts with Email, primaryState=, primaryCity=, primaryPhone=, lastName=, managementLevel=, description=FieldSearch, department=, globalSearch=, primaryZip=, subAcctId=, runmode=Y, title=}]
2021-6-26 18:5:322 9099 DEBUG [TestNG-test=Lemonade Test Cases-6] (_Log4jLoggerFactory.java:freemarker.log._Log4jLoggerFactory$Log4jLogger.debug(_Log4jLoggerFactory.java:45)) - TemplateLoader.findTemplateSource("Extent_en_US.ftl"): Not found
2021-6-26 18:5:323 9100 DEBUG [TestNG-test=Lemonade Test Cases-6] (_Log4jLoggerFactory.java:freemarker.log._Log4jLoggerFactory$Log4jLogger.debug(_Log4jLoggerFactory.java:45)) - TemplateLoader.findTemplateSource("Extent_en.ftl"): Not found
2021-6-26 18:5:324 9101 DEBUG [TestNG-test=Lemonade Test Cases-6] (_Log4jLoggerFactory.java:freemarker.log._Log4jLoggerFactory$Log4jLogger.debug(_Log4jLoggerFactory.java:45)) - TemplateLoader.findTemplateSource("Extent.ftl"): Found
2021-6-26 18:5:324 9101 DEBUG [TestNG-test=Lemonade Test Cases-6] (_Log4jLoggerFactory.java:freemarker.log._Log4jLoggerFactory$Log4jLogger.debug(_Log4jLoggerFactory.java:45)) - Loading template for "Extent.ftl"("en_US", UTF-8, parsed) from "jar:file:/C:/Users/SaranyaRamamoorthy/.m2/repository/com/relevantcodes/extentreports/2.41.2/extentreports-2.41.2.jar!/com/relevantcodes/extentreports/view/Extent.ftl"
2021-6-26 18:5:378 9155 INFO  [TestNG-test=Lemonade Test Cases-6] (ExtentManager.java:com.att.lemonade.utilities.ExtentManager.getTestKey(ExtentManager.java:104)) - Key=23[{attuid=, accountName=, firstName=, password=December@2037, svidName=, primaryCountry=, recordCount=400 records, columnDisplayVisible=, successMessage=Wireline, username=sr644a, responseTime=690 Milliseconds, filterOnEmailAndPhone=, SVID=, primaryState=, primaryCity=, primaryPhone=, lastName=, managementLevel=, description=FieldSearch, department=, globalSearch=, primaryZip=, subAcctId=, runmode=Y, title=TESTING ENGINEER}]
2021-6-26 18:5:378 9155 DEBUG [TestNG-test=Lemonade Test Cases-4] (_Log4jLoggerFactory.java:freemarker.log._Log4jLoggerFactory$Log4jLogger.debug(_Log4jLoggerFactory.java:45)) - Couldn't find template in cache for "Extent.ftl"("en_US", UTF-8, parsed); will try to load it.
2021-6-26 18:5:379 9156 DEBUG [TestNG-test=Lemonade Test Cases-4] (_Log4jLoggerFactory.java:freemarker.log._Log4jLoggerFactory$Log4jLogger.debug(_Log4jLoggerFactory.java:45)) - TemplateLoader.findTemplateSource("Extent_en_US.ftl"): Not found
2021-6-26 18:5:380 9157 DEBUG [TestNG-test=Lemonade Test Cases-4] (_Log4jLoggerFactory.java:freemarker.log._Log4jLoggerFactory$Log4jLogger.debug(_Log4jLoggerFactory.java:45)) - TemplateLoader.findTemplateSource("Extent_en.ftl"): Not found
2021-6-26 18:5:380 9157 DEBUG [TestNG-test=Lemonade Test Cases-4] (_Log4jLoggerFactory.java:freemarker.log._Log4jLoggerFactory$Log4jLogger.debug(_Log4jLoggerFactory.java:45)) - TemplateLoader.findTemplateSource("Extent.ftl"): Found
2021-6-26 18:5:380 9157 DEBUG [TestNG-test=Lemonade Test Cases-4] (_Log4jLoggerFactory.java:freemarker.log._Log4jLoggerFactory$Log4jLogger.debug(_Log4jLoggerFactory.java:45)) - Loading template for "Extent.ftl"("en_US", UTF-8, parsed) from "jar:file:/C:/Users/SaranyaRamamoorthy/.m2/repository/com/relevantcodes/extentreports/2.41.2/extentreports-2.41.2.jar!/com/relevantcodes/extentreports/view/Extent.ftl"
2021-6-26 18:5:436 9213 INFO  [TestNG-test=Lemonade Test Cases-4] (ExtentManager.java:com.att.lemonade.utilities.ExtentManager.getTestKey(ExtentManager.java:104)) - Key=28[{attuid=JH175X, SICCode=, password=December@2019, ownerName=, svidName=, primaryCountry=, recordCount=No data found, priorYearTBRMaxValue=, successMessage=Wireline, SICDescription=, username=sr644a, nAICSDescription=, responseTime=No data found, DomSubAcct=3NBMQ7, SVID=, DUNSNumber=, primaryState=, primaryCity=, nAICSCode=, description=Field level Search with Attuid &Dom sub acct, globalSearch=, priorYearTBRMinValue=, runmode=Y}]
String valueN
]]></system-out>
  </testcase>
  <testcase name="TC04_SVIDS_Admin_Flow" classname="com.att.lemonade.testcases.TC04_SVIDS_Admin" time="0">
    <skipped message="Test Case[TC04_SVIDS_ADMIN_FLOW:data-row-29]==&gt;is disabled"/>
    <system-out><![CDATA[2021-6-26 18:5:500 9277 INFO  [TestNG-test=Lemonade Test Cases-1] (ExtentManager.java:com.att.lemonade.utilities.ExtentManager.getTestKey(ExtentManager.java:104)) - Key=30[{accountName=, SICCode=, password=December@2019, ownerName=, svidName=, recordCount=No data found, priorYearTBRMaxValue=, SICDescription=, successMessage=Wireline, username=sr644a, nAICSDescription=, FNIndicator=, responseTime=No data found, SVID=U36FMD, primaryState=, percentageFiber=, primaryCity=, primaryPhone=, fiberEligible=, accountStatus=, nAICSCode=, description=Global search, globalSearch=, priorYearTBRMinValue=, primaryZip=, primaryStreet=, subAcctId=, runmode=Y, NoOfOpptys=}]
2021-6-26 18:5:500 9277 DEBUG [TestNG-test=Lemonade Test Cases-5] (_Log4jLoggerFactory.java:freemarker.log._Log4jLoggerFactory$Log4jLogger.debug(_Log4jLoggerFactory.java:45)) - Couldn't find template in cache for "Extent.ftl"("en_US", UTF-8, parsed); will try to load it.
2021-6-26 18:5:503 9280 DEBUG [TestNG-test=Lemonade Test Cases-5] (_Log4jLoggerFactory.java:freemarker.log._Log4jLoggerFactory$Log4jLogger.debug(_Log4jLoggerFactory.java:45)) - TemplateLoader.findTemplateSource("Extent_en_US.ftl"): Not found
2021-6-26 18:5:505 9282 DEBUG [TestNG-test=Lemonade Test Cases-5] (_Log4jLoggerFactory.java:freemarker.log._Log4jLoggerFactory$Log4jLogger.debug(_Log4jLoggerFactory.java:45)) - TemplateLoader.findTemplateSource("Extent_en.ftl"): Not found
2021-6-26 18:5:505 9282 DEBUG [TestNG-test=Lemonade Test Cases-5] (_Log4jLoggerFactory.java:freemarker.log._Log4jLoggerFactory$Log4jLogger.debug(_Log4jLoggerFactory.java:45)) - TemplateLoader.findTemplateSource("Extent.ftl"): Found
2021-6-26 18:5:506 9283 DEBUG [TestNG-test=Lemonade Test Cases-5] (_Log4jLoggerFactory.java:freemarker.log._Log4jLoggerFactory$Log4jLogger.debug(_Log4jLoggerFactory.java:45)) - Loading template for "Extent.ftl"("en_US", UTF-8, parsed) from "jar:file:/C:/Users/SaranyaRamamoorthy/.m2/repository/com/relevantcodes/extentreports/2.41.2/extentreports-2.41.2.jar!/com/relevantcodes/extentreports/view/Extent.ftl"
2021-6-26 18:5:507 9284 INFO  [TestNG-test=Lemonade Test Cases-4] (ExtentManager.java:com.att.lemonade.utilities.ExtentManager.getTestKey(ExtentManager.java:104)) - Key=29[{attuid=, SICCode=, password=December@2019, ownerName=Charles, svidName=, primaryCountry=, recordCount=310 records, priorYearTBRMaxValue=, successMessage=Wireline, SICDescription=, username=sr644a, nAICSDescription=, responseTime=412 Milliseconds, DomSubAcct=, SVID=, DUNSNumber=, primaryState=, primaryCity=, nAICSCode=, description=Field level Search with Owner Name, globalSearch=, priorYearTBRMinValue=, runmode=Y}]
String valueN
2021-6-26 18:5:551 9328 DEBUG [TestNG-test=Lemonade Test Cases-1] (_Log4jLoggerFactory.java:freemarker.log._Log4jLoggerFactory$Log4jLogger.debug(_Log4jLoggerFactory.java:45)) - Couldn't find template in cache for "Extent.ftl"("en_US", UTF-8, parsed); will try to load it.
]]></system-out>
  </testcase>
[...]
2021-6-26 18:5:311 6088 DEBUG [TestNG-test=Lemonade Test Cases-5] (_Log4jLoggerFactory.java:freemarker.log._Log4jLoggerFactory$Log4jLogger.debug(_Log4jLoggerFactory.java:45)) - Loading template for "Extent.ftl"("en_US", UTF-8, parsed) from "jar:file:/C:/Users/SaranyaRamamoorthy/.m2/repository/com/relevantcodes/extentreports/2.41.2/extentreports-2.41.2.jar!/com/relevantcodes/extentreports/view/Extent.ftl"
2021-6-26 18:5:324 6101 INFO  [TestNG-test=Lemonade Test Cases-1] (ExtentManager.java:com.att.lemonade.utilities.ExtentManager.getTestKey(ExtentManager.java:104)) - Key=19[{accountName=, SICCode=6211.0, password=December@2019, ownerName=, svidName=, recordCount=57 records, priorYearTBRMaxValue=, SICDescription=, successMessage=Wireline, username=sr644a, nAICSDescription=, FNIndicator=, responseTime=736 Milliseconds, SVID=, primaryState=, percentageFiber=, primaryCity=, primaryPhone=, fiberEligible=, accountStatus=, nAICSCode=, description=Global search, globalSearch=, priorYearTBRMinValue=, primaryZip=, primaryStreet=, subAcctId=, runmode=Y, NoOfOpptys=}]
String valueN
]]></system-out>
  </testcase>
  <testcase name="TC01_Accounts_Admin_Flow" classname="com.att.lemonade.testcases.TC01_Accounts_Admin" time="0">
    <skipped message="Test Case[TC01_ACCOUNTS_ADMIN_FLOW:data-row-18]==&gt;is disabled"/>
    <system-out><![CDATA[2021-6-26 18:5:463 6240 INFO  [TestNG-test=Lemonade Test Cases-1] (ExtentManager.java:com.att.lemonade.utilities.ExtentManager.getTestKey(ExtentManager.java:104)) - Key=19[{accountName=, SICCode=6211.0, password=December@2019, ownerName=, svidName=, recordCount=57 records, priorYearTBRMaxValue=, SICDescription=, successMessage=Wireline, username=sr644a, nAICSDescription=, FNIndicator=, responseTime=736 Milliseconds, SVID=, primaryState=, percentageFiber=, primaryCity=, primaryPhone=, fiberEligible=, accountStatus=, nAICSCode=, description=Global search, globalSearch=, priorYearTBRMinValue=, primaryZip=, primaryStreet=, subAcctId=, runmode=Y, NoOfOpptys=}]
2021-6-26 18:5:463 6240 DEBUG [TestNG-test=Lemonade Test Cases-4] (_Log4jLoggerFactory.java:freemarker.log._Log4jLoggerFactory$Log4jLogger.debug(_Log4jLoggerFactory.java:45)) - Couldn't find template in cache for "Extent.ftl"("en_US", UTF-8, parsed); will try to load it.
2021-6-26 18:5:462 6239 INFO  [TestNG-test=Lemonade Test Cases-5] (ExtentManager.java:com.att.lemonade.utilities.ExtentManager.getTestKey(ExtentManager.java:104)) - Key=15[{accountName=, firstName=, password=December@2029, svidName=, primaryCountry=, recordCount=, successMessage=Wireline, username=sr644a, responseTime=, SVID=, filterOnEmailAndPhone=, primaryState=, primaryCity=, primaryPhone=, lastName=, managementLevel=, description=FieldSearch, department=, globalSearch=, primaryZip=, subAcctId=, runmode=Y, title=}]
2021-6-26 18:5:465 6242 DEBUG [TestNG-test=Lemonade Test Cases-4] (_Log4jLoggerFactory.java:freemarker.log._Log4jLoggerFactory$Log4jLogger.debug(_Log4jLoggerFactory.java:45)) - TemplateLoader.findTemplateSource("Extent_en_US.ftl"): Not found
2021-6-26 18:5:467 6244 DEBUG [TestNG-test=Lemonade Test Cases-4] (_Log4jLoggerFactory.java:freemarker.log._Log4jLoggerFactory$Log4jLogger.debug(_Log4jLoggerFactory.java:45)) - TemplateLoader.findTemplateSource("Extent_en.ftl"): Not found
2021-6-26 18:5:468 6245 DEBUG [TestNG-test=Lemonade Test Cases-4] (_Log4jLoggerFactory.java:freemarker.log._Log4jLoggerFactory$Log4jLogger.debug(_Log4jLoggerFactory.java:45)) - TemplateLoader.findTemplateSource("Extent.ftl"): Found
2021-6-26 18:5:469 6246 DEBUG [TestNG-test=Lemonade Test Cases-4] (_Log4jLoggerFactory.java:freemarker.log._Log4jLoggerFactory$Log4jLogger.debug(_Log4jLoggerFactory.java:45)) - Loading template for "Extent.ftl"("en_US", UTF-8, parsed) from "jar:file:/C:/Users/SaranyaRamamoorthy/.m2/repository/com/relevantcodes/extentreports/2.41.2/extentreports-2.41.2.jar!/com/relevantcodes/extentreports/view/Extent.ftl"
String valueN
]]></system-out>
  </testcase>
  <testcase name="TC01_Accounts_Admin_Flow" classname="com.att.lemonade.testcases.TC01_Accounts_Admin" time="0">
    <skipped message="Test Case[TC01_ACCOUNTS_ADMIN_FLOW:data-row-19]==&gt;is disabled"/>
    <system-out><![CDATA[2021-6-26 18:5:873 6650 INFO  [TestNG-test=Lemonade Test Cases-6] (ExtentManager.java:com.att.lemonade.utilities.ExtentManager.getTestKey(ExtentManager.java:104)) - Key=16[{attuid=, accountName=INTERNATIONAL BEAMS LLC, firstName=, password=December@2030, svidName=, primaryCountry=, recordCount=18 records, columnDisplayVisible=, successMessage=Wireline, username=sr644a, responseTime=644 Milliseconds, filterOnEmailAndPhone=, SVID=, primaryState=, primaryCity=, primaryPhone=, lastName=, managementLevel=, description=FieldSearch, department=, globalSearch=, primaryZip=, subAcctId=, runmode=Y, title=}]
2021-6-26 18:5:873 6650 DEBUG [TestNG-test=Lemonade Test Cases-5] (_Log4jLoggerFactory.java:freemarker.log._Log4jLoggerFactory$Log4jLogger.debug(_Log4jLoggerFactory.java:45)) - TemplateLoader.findTemplateSource("Extent_en.ftl"): Not found
2021-6-26 18:5:875 6652 DEBUG [TestNG-test=Lemonade Test Cases-5] (_Log4jLoggerFactory.java:freemarker.log._Log4jLoggerFactory$Log4jLogger.debug(_Log4jLoggerFactory.java:45)) - TemplateLoader.findTemplateSource("Extent.ftl"): Found
2021-6-26 18:5:875 6652 DEBUG [TestNG-test=Lemonade Test Cases-5] (_Log4jLoggerFactory.java:freemarker.log._Log4jLoggerFactory$Log4jLogger.debug(_Log4jLoggerFactory.java:45)) - Loading template for "Extent.ftl"("en_US", UTF-8, parsed) from "jar:file:/C:/Users/SaranyaRamamoorthy/.m2/repository/com/relevantcodes/extentreports/2.41.2/extentreports-2.41.2.jar!/com/relevantcodes/extentreports/view/Extent.ftl"
2021-6-26 18:5:876 6653 INFO  [TestNG-test=Lemonade Test Cases-3] (ExtentManager.java:com.att.lemonade.utilities.ExtentManager.getTestKey(ExtentManager.java:104)) - Key=19[{attuid=GR4568, accountName=, SICCode=, password=December@2019, ownerName=, svidName=, recordCount=No data found, priorYearTBRMaxValue=, SICDescription=, successMessage=Wireline, username=sr644a, nAICSDescription=, FNIndicator=, responseTime=No data found, SVID=, primaryState=, percentageFiber=, primaryCity=Stillwater
	, primaryPhone=, fiberEligible=, accountStatus=, nAICSCode=, description=Global search, globalSearch=, priorYearTBRMinValue=, primaryZip=, primaryStreet=, subAcctId=, runmode=Y, NoOfOpptys=}]
2021-6-26 18:5:915 6692 DEBUG [TestNG-test=Lemonade Test Cases-4] (_Log4jLoggerFactory.java:freemarker.log._Log4jLoggerFactory$Log4jLogger.debug(_Log4jLoggerFactory.java:45)) - Couldn't find template in cache for "Extent.ftl"("en_US", UTF-8, parsed); will try to load it.
2021-6-26 18:5:916 6693 DEBUG [TestNG-test=Lemonade Test Cases-4] (_Log4jLoggerFactory.java:freemarker.log._Log4jLoggerFactory$Log4jLogger.debug(_Log4jLoggerFactory.java:45)) - TemplateLoader.findTemplateSource("Extent_en_US.ftl"): Not found
2021-6-26 18:5:917 6694 DEBUG [TestNG-test=Lemonade Test Cases-4] (_Log4jLoggerFactory.java:freemarker.log._Log4jLoggerFactory$Log4jLogger.debug(_Log4jLoggerFactory.java:45)) - TemplateLoader.findTemplateSource("Extent_en.ftl"): Not found
2021-6-26 18:5:917 6694 DEBUG [TestNG-test=Lemonade Test Cases-4] (_Log4jLoggerFactory.java:freemarker.log._Log4jLoggerFactory$Log4jLogger.debug(_Log4jLoggerFactory.java:45)) - TemplateLoader.findTemplateSource("Extent.ftl"): Found
2021-6-26 18:5:918 6695 DEBUG [TestNG-test=Lemonade Test Cases-4] (_Log4jLoggerFactory.java:freemarker.log._Log4jLoggerFactory$Log4jLogger.debug(_Log4jLoggerFactory.java:45)) - Loading template for "Extent.ftl"("en_US", UTF-8, parsed) from "jar:file:/C:/Users/SaranyaRamamoorthy/.m2/repository/com/relevantcodes/extentreports/2.41.2/extentreports-2.41.2.jar!/com/relevantcodes/extentreports/view/Extent.ftl"
2021-6-26 18:5:919 6696 INFO  [TestNG-test=Lemonade Test Cases-5] (ExtentManager.java:com.att.lemonade.utilities.ExtentManager.getTestKey(ExtentManager.java:104)) - Key=17[{accountName=, firstName=, password=December@2029, svidName=, primaryCountry=, recordCount=, successMessage=Wireline, username=sr644a, responseTime=, SVID=, filterOnEmailAndPhone=, primaryState=, primaryCity=, primaryPhone=, lastName=, managementLevel=, description=FieldSearch, department=, globalSearch=UNKNOWN, primaryZip=, subAcctId=, runmode=Y, title=}]
String valueN
]]></system-out>
  </testcase>
  <testcase name="TC01_Accounts_Admin_Flow" classname="com.att.lemonade.testcases.TC01_Accounts_Admin" time="0">
    <skipped message="Test Case[TC01_ACCOUNTS_ADMIN_FLOW:data-row-20]==&gt;is disabled"/>
    <system-out><![CDATA[2021-6-26 18:5:124 6901 INFO  [TestNG-test=Lemonade Test Cases-1] (ExtentManager.java:com.att.lemonade.utilities.ExtentManager.getTestKey(ExtentManager.java:104)) - Key=22[{accountName=, SICCode=, password=December@2019, ownerName=, svidName=, recordCount=19 records, priorYearTBRMaxValue=, SICDescription=Organizations, successMessage=Wireline, username=sr644a, nAICSDescription=, FNIndicator=, responseTime=420 Milliseconds, SVID=, primaryState=, percentageFiber=, primaryCity=, primaryPhone=, fiberEligible=, accountStatus=, nAICSCode=, description=Global search, globalSearch=, priorYearTBRMinValue=, primaryZip=, primaryStreet=, subAcctId=, runmode=Y, NoOfOpptys=}]
2021-6-26 18:5:140 6917 INFO  [TestNG-test=Lemonade Test Cases-3] (ExtentManager.java:com.att.lemonade.utilities.ExtentManager.getTestKey(ExtentManager.java:104)) - Key=20[{attuid=GR4568, accountName=, SICCode=, password=December@2019, ownerName=, svidName=, recordCount=No data found, priorYearTBRMaxValue=, SICDescription=, successMessage=Wireline, username=sr644a, nAICSDescription=, FNIndicator=, responseTime=No data found, SVID=, primaryState=AL, percentageFiber=, primaryCity=, primaryPhone=, fiberEligible=, accountStatus=, nAICSCode=, description=Global search, globalSearch=, priorYearTBRMinValue=, primaryZip=, primaryStreet=, subAcctId=, runmode=Y, NoOfOpptys=}]
2021-6-26 18:5:178 6955 DEBUG [TestNG-test=Lemonade Test Cases-4] (_Log4jLoggerFactory.java:freemarker.log._Log4jLoggerFactory$Log4jLogger.debug(_Log4jLoggerFactory.java:45)) - Couldn't find template in cache for "Extent.ftl"("en_US", UTF-8, parsed); will try to load it.
2021-6-26 18:5:179 6956 DEBUG [TestNG-test=Lemonade Test Cases-4] (_Log4jLoggerFactory.java:freemarker.log._Log4jLoggerFactory$Log4jLogger.debug(_Log4jLoggerFactory.java:45)) - TemplateLoader.findTemplateSource("Extent_en_US.ftl"): Not found
2021-6-26 18:5:181 6958 DEBUG [TestNG-test=Lemonade Test Cases-4] (_Log4jLoggerFactory.java:freemarker.log._Log4jLoggerFactory$Log4jLogger.debug(_Log4jLoggerFactory.java:45)) - TemplateLoader.findTemplateSource("Extent_en.ftl"): Not found
2021-6-26 18:5:181 6958 DEBUG [TestNG-test=Lemonade Test Cases-4] (_Log4jLoggerFactory.java:freemarker.log._Log4jLoggerFactory$Log4jLogger.debug(_Log4jLoggerFactory.java:45)) - TemplateLoader.findTemplateSource("Extent.ftl"): Found
2021-6-26 18:5:182 6959 DEBUG [TestNG-test=Lemonade Test Cases-4] (_Log4jLoggerFactory.java:freemarker.log._Log4jLoggerFactory$Log4jLogger.debug(_Log4jLoggerFactory.java:45)) - Loading template for "Extent.ftl"("en_US", UTF-8, parsed) from "jar:file:/C:/Users/SaranyaRamamoorthy/.m2/repository/com/relevantcodes/extentreports/2.41.2/extentreports-2.41.2.jar!/com/relevantcodes/extentreports/view/Extent.ftl"
2021-6-26 18:5:179 6956 INFO  [TestNG-test=Lemonade Test Cases-5] (ExtentManager.java:com.att.lemonade.utilities.ExtentManager.getTestKey(ExtentManager.java:104)) - Key=18[{accountName=, firstName=, password=December@2029, svidName=, primaryCountry=, recordCount=, successMessage=Wireline, username=sr644a, responseTime=, SVID=, filterOnEmailAndPhone=, primaryState=, primaryCity=, primaryPhone=, lastName=, managementLevel=, description=FieldSearch, department=, globalSearch=33021.0, primaryZip=, subAcctId=, runmode=Y, title=}]
String valueN
String valueN
]]></system-out>
  </testcase>
  <testcase name="TC01_Accounts_Admin_Flow" classname="com.att.lemonade.testcases.TC01_Accounts_Admin" time="0">
    <skipped message="Test Case[TC01_ACCOUNTS_ADMIN_FLOW:data-row-21]==&gt;is disabled"/>
    <system-out><![CDATA[2021-6-26 18:5:436 7213 INFO  [TestNG-test=Lemonade Test Cases-1] (ExtentManager.java:com.att.lemonade.utilities.ExtentManager.getTestKey(ExtentManager.java:104)) - Key=23[{accountName=, SICCode=, password=December@2019, ownerName=, svidName=, recordCount=5 records, priorYearTBRMaxValue=, SICDescription=Miscellaneous, successMessage=Wireline, username=sr644a, nAICSDescription=, FNIndicator=, responseTime=316 Milliseconds, SVID=, primaryState=, percentageFiber=, primaryCity=, primaryPhone=, fiberEligible=, accountStatus=, nAICSCode=, description=Global search, globalSearch=, priorYearTBRMinValue=, primaryZip=, primaryStreet=, subAcctId=, runmode=Y, NoOfOpptys=}]
2021-6-26 18:5:436 7213 DEBUG [TestNG-test=Lemonade Test Cases-4] (_Log4jLoggerFactory.java:freemarker.log._Log4jLoggerFactory$Log4jLogger.debug(_Log4jLoggerFactory.java:45)) - Couldn't find template in cache for "Extent.ftl"("en_US", UTF-8, parsed); will try to load it.
2021-6-26 18:5:437 7214 DEBUG [TestNG-test=Lemonade Test Cases-4] (_Log4jLoggerFactory.java:freemarker.log._Log4jLoggerFactory$Log4jLogger.debug(_Log4jLoggerFactory.java:45)) - TemplateLoader.findTemplateSource("Extent_en_US.ftl"): Not found
2021-6-26 18:5:437 7214 INFO  [TestNG-test=Lemonade Test Cases-3] (ExtentManager.java:com.att.lemonade.utilities.ExtentManager.getTestKey(ExtentManager.java:104)) - Key=21[{attuid=GR4568, accountName=, SICCode=, password=December@2019, ownerName=, svidName=, recordCount=No data found, priorYearTBRMaxValue=, SICDescription=, successMessage=Wireline, username=sr644a, nAICSDescription=, FNIndicator=, responseTime=No data found, SVID=, primaryState=, percentageFiber=, primaryCity=, primaryPhone=, fiberEligible=, accountStatus=, nAICSCode=, description=Global search, globalSearch=, priorYearTBRMinValue=, primaryZip=7.73403513E8, primaryStreet=, subAcctId=, runmode=Y, NoOfOpptys=}]
2021-6-26 18:5:438 7215 DEBUG [TestNG-test=Lemonade Test Cases-4] (_Log4jLoggerFactory.java:freemarker.log._Log4jLoggerFactory$Log4jLogger.debug(_Log4jLoggerFactory.java:45)) - TemplateLoader.findTemplateSource("Extent_en.ftl"): Not found
2021-6-26 18:5:438 7215 DEBUG [TestNG-test=Lemonade Test Cases-4] (_Log4jLoggerFactory.java:freemarker.log._Log4jLoggerFactory$Log4jLogger.debug(_Log4jLoggerFactory.java:45)) - TemplateLoader.findTemplateSource("Extent.ftl"): Found
2021-6-26 18:5:438 7215 DEBUG [TestNG-test=Lemonade Test Cases-4] (_Log4jLoggerFactory.java:freemarker.log._Log4jLoggerFactory$Log4jLogger.debug(_Log4jLoggerFactory.java:45)) - Loading template for "Extent.ftl"("en_US", UTF-8, parsed) from "jar:file:/C:/Users/SaranyaRamamoorthy/.m2/repository/com/relevantcodes/extentreports/2.41.2/extentreports-2.41.2.jar!/com/relevantcodes/extentreports/view/Extent.ftl"
2021-6-26 18:5:493 7270 DEBUG [TestNG-test=Lemonade Test Cases-5] (_Log4jLoggerFactory.java:freemarker.log._Log4jLoggerFactory$Log4jLogger.debug(_Log4jLoggerFactory.java:45)) - Couldn't find template in cache for "Extent.ftl"("en_US", UTF-8, parsed); will try to load it.
2021-6-26 18:5:493 7270 INFO  [TestNG-test=Lemonade Test Cases-4] (ExtentManager.java:com.att.lemonade.utilities.ExtentManager.getTestKey(ExtentManager.java:104)) - Key=21[{attuid=, SICCode=, password=December@2019, ownerName=, svidName=, primaryCountry=, recordCount=1 records, priorYearTBRMaxValue=, successMessage=Wireline, SICDescription=, username=sr644a, nAICSDescription=, responseTime=247 Milliseconds, DomSubAcct=, SVID=, DUNSNumber=8.09746415E8, primaryState=, primaryCity=, nAICSCode=, description=Field level Search with Duns, globalSearch=, priorYearTBRMinValue=, runmode=Y}]
2021-6-26 18:5:494 7271 DEBUG [TestNG-test=Lemonade Test Cases-5] (_Log4jLoggerFactory.java:freemarker.log._Log4jLoggerFactory$Log4jLogger.debug(_Log4jLoggerFactory.java:45)) - TemplateLoader.findTemplateSource("Extent_en_US.ftl"): Not found
2021-6-26 18:5:494 7271 DEBUG [TestNG-test=Lemonade Test Cases-5] (_Log4jLoggerFactory.java:freemarker.log._Log4jLoggerFactory$Log4jLogger.debug(_Log4jLoggerFactory.java:45)) - TemplateLoader.findTemplateSource("Extent_en.ftl"): Not found
2021-6-26 18:5:495 7272 DEBUG [TestNG-test=Lemonade Test Cases-5] (_Log4jLoggerFactory.java:freemarker.log._Log4jLoggerFactory$Log4jLogger.debug(_Log4jLoggerFactory.java:45)) - TemplateLoader.findTemplateSource("Extent.ftl"): Found
2021-6-26 18:5:495 7272 DEBUG [TestNG-test=Lemonade Test Cases-5] (_Log4jLoggerFactory.java:freemarker.log._Log4jLoggerFactory$Log4jLogger.debug(_Log4jLoggerFactory.java:45)) - Loading template for "Extent.ftl"("en_US", UTF-8, parsed) from "jar:file:/C:/Users/SaranyaRamamoorthy/.m2/repository/com/relevantcodes/extentreports/2.41.2/extentreports-2.41.2.jar!/com/relevantcodes/extentreports/view/Extent.ftl"
String valueN
String valueN
]]></system-out>
  </testcase>
  <testcase name="TC01_Accounts_Admin_Flow" classname="com.att.lemonade.testcases.TC01_Accounts_Admin" time="0">
    <skipped message="Test Case[TC01_ACCOUNTS_ADMIN_FLOW:data-row-22]==&gt;is disabled"/>
    <system-out><![CDATA[String valueN
2021-6-26 18:5:964 7741 INFO  [TestNG-test=Lemonade Test Cases-1] (ExtentManager.java:com.att.lemonade.utilities.ExtentManager.getTestKey(ExtentManager.java:104)) - Key=25[{accountName=, SICCode=, password=December@2019, ownerName=, svidName=, recordCount=No data found, priorYearTBRMaxValue=, SICDescription=, successMessage=Wireline, username=sr644a, nAICSDescription=Manufacturing-Metal,Machinery,Computer,Electronic,Electrical,Appliance, FNIndicator=, responseTime=No data found, SVID=, primaryState=, percentageFiber=, primaryCity=, primaryPhone=, fiberEligible=, accountStatus=, nAICSCode=, description=Global search, globalSearch=, priorYearTBRMinValue=, primaryZip=, primaryStreet=, subAcctId=, runmode=Y, NoOfOpptys=}]
2021-6-26 18:5:964 7741 DEBUG [TestNG-test=Lemonade Test Cases-1] (_Log4jLoggerFactory.java:freemarker.log._Log4jLoggerFactory$Log4jLogger.debug(_Log4jLoggerFactory.java:45)) - Couldn't find template in cache for "Extent.ftl"("en_US", UTF-8, parsed); will try to load it.
]]></system-out>
  </testcase>
  <testcase name="TC05_My_SVIDS_Flow" classname="com.att.lemonade.testcases.TC05_My_SVIDS" time="69.79"/>
  <testcase name="TC05_My_SVIDS_Flow" classname="com.att.lemonade.testcases.TC05_My_SVIDS" time="79.521"/>
  <testcase name="TC05_My_SVIDS_Flow" classname="com.att.lemonade.testcases.TC05_My_SVIDS" time="79.207"/>
  <testcase name="TC05_My_SVIDS_Flow" classname="com.att.lemonade.testcases.TC05_My_SVIDS" time="80.153"/>
  <testcase name="TC05_My_SVIDS_Flow" classname="com.att.lemonade.testcases.TC05_My_SVIDS" time="73.009"/>
  <testcase name="TC05_My_SVIDS_Flow" classname="com.att.lemonade.testcases.TC05_My_SVIDS" time="78.147"/>
  <testcase name="TC05_My_SVIDS_Flow" classname="com.att.lemonade.testcases.TC05_My_SVIDS" time="78.959"/>
  <testcase name="TC05_My_SVIDS_Flow" classname="com.att.lemonade.testcases.TC05_My_SVIDS" time="78.371"/>
  <testcase name="TC05_My_SVIDS_Flow" classname="com.att.lemonade.testcases.TC05_My_SVIDS" time="175.447"/>
  <testcase name="TC05_My_SVIDS_Flow" classname="com.att.lemonade.testcases.TC05_My_SVIDS" time="79.738"/>
  <testcase name="TC05_My_SVIDS_Flow" classname="com.att.lemonade.testcases.TC05_My_SVIDS" time="78.999"/>
  <testcase name="TC05_My_SVIDS_Flow" classname="com.att.lemonade.testcases.TC05_My_SVIDS" time="175.246"/>
  <testcase name="TC05_My_SVIDS_Flow" classname="com.att.lemonade.testcases.TC05_My_SVIDS" time="85.743"/>
  <testcase name="TC05_My_SVIDS_Flow" classname="com.att.lemonade.testcases.TC05_My_SVIDS" time="179.68"/>
  <testcase name="TC05_My_SVIDS_Flow" classname="com.att.lemonade.testcases.TC05_My_SVIDS" time="180.757"/>
</testsuite>