<?xml version="1.0" encoding="UTF-8"?>
<!-- Generated by org.testng.reporters.JUnitReportReporter -->
<testsuite skipped="760" hostname="sramamo1" name="com.att.myprice.testcases.TC04_ASE_Firm_10GB_ErateY" tests="760" failures="0" timestamp="20 Sep 2019 11:48:46 GMT" time="1.185" errors="0">
  <testcase name="TC04_ASE_FirmFlow" time="0.003" classname="com.att.myprice.testcases.TC04_ASE_Firm_10GB_ErateY">
    <skipped/>
  </testcase> <!-- TC04_ASE_FirmFlow -->
  <testcase name="TC04_ASE_FirmFlow" time="0.001" classname="com.att.myprice.testcases.TC04_ASE_Firm_10GB_ErateY">
    <skipped/>
  </testcase> <!-- TC04_ASE_FirmFlow -->
  <testcase name="TC04_ASE_FirmFlow" time="0.001" classname="com.att.myprice.testcases.TC04_ASE_Firm_10GB_ErateY">
    <skipped/>
  </testcase> <!-- TC04_ASE_FirmFlow -->
  <testcase name="TC04_ASE_FirmFlow" time="0.001" classname="com.att.myprice.testcases.TC04_ASE_Firm_10GB_ErateY">
    <skipped/>
  </testcase> <!-- TC04_ASE_FirmFlow -->
  <testcase name="TC04_ASE_FirmFlow" time="0.001" classname="com.att.myprice.testcases.TC04_ASE_Firm_10GB_ErateY">
    <skipped/>
  </testcase> <!-- TC04_ASE_FirmFlow -->
  <testcase name="TC04_ASE_FirmFlow" time="0.001" classname="com.att.myprice.testcases.TC04_ASE_Firm_10GB_ErateY">
    <skipped/>
  </testcase> <!-- TC04_ASE_FirmFlow -->
  <testcase name="TC04_ASE_FirmFlow" time="0.001" classname="com.att.myprice.testcases.TC04_ASE_Firm_10GB_ErateY">
    <skipped/>
  </testcase> <!-- TC04_ASE_FirmFlow -->
  <testcase name="TC04_ASE_FirmFlow" time="0.001" classname="com.att.myprice.testcases.TC04_ASE_Firm_10GB_ErateY">
    <skipped/>
  </testcase> <!-- TC04_ASE_FirmFlow -->
  <testcase name="TC04_ASE_FirmFlow" time="0.001" classname="com.att.myprice.testcases.TC04_ASE_Firm_10GB_ErateY">
    <skipped/>
  </testcase> <!-- TC04_ASE_FirmFlow -->
  <testcase name="TC04_ASE_FirmFlow" time="0.000" classname="com.att.myprice.testcases.TC04_ASE_Firm_10GB_ErateY">
    <skipped/>
  </testcase> <!-- TC04_ASE_FirmFlow -->
  <testcase name="TC04_ASE_FirmFlow" time="0.001" classname="com.att.myprice.testcases.TC04_ASE_Firm_10GB_ErateY">
    <skipped/>
  </testcase> <!-- TC04_ASE_FirmFlow -->
  <testcase name="TC04_ASE_FirmFlow" time="0.001" classname="com.att.myprice.testcases.TC04_ASE_Firm_10GB_ErateY">
    <skipped/>
  </testcase> <!-- TC04_ASE_FirmFlow -->
  <testcase name="TC04_ASE_FirmFlow" time="0.001" classname="com.att.myprice.testcases.TC04_ASE_Firm_10GB_ErateY">
    <skipped/>
  </testcase> <!-- TC04_ASE_FirmFlow -->
  <testcase name="TC04_ASE_FirmFlow" time="0.001" classname="com.att.myprice.testcases.TC04_ASE_Firm_10GB_ErateY">
    <skipped/>
  </testcase> <!-- TC04_ASE_FirmFlow -->
  <testcase name="TC04_ASE_FirmFlow" time="0.001" classname="com.att.myprice.testcases.TC04_ASE_Firm_10GB_ErateY">
    <skipped/>
  </testcase> <!-- TC04_ASE_FirmFlow -->
  <testcase name="TC04_ASE_FirmFlow" time="0.001" classname="com.att.myprice.testcases.TC04_ASE_Firm_10GB_ErateY">
    <skipped/>
  </testcase> <!-- TC04_ASE_FirmFlow -->
  <testcase name="TC04_ASE_FirmFlow" time="0.001" classname="com.att.myprice.testcases.TC04_ASE_Firm_10GB_ErateY">
    <skipped/>
  </testcase> <!-- TC04_ASE_FirmFlow -->
  <testcase name="TC04_ASE_FirmFlow" time="0.001" classname="com.att.myprice.testcases.TC04_ASE_Firm_10GB_ErateY">
    <skipped/>
  </testcase> <!-- TC04_ASE_FirmFlow -->
  <testcase name="TC04_ASE_FirmFlow" time="0.001" classname="com.att.myprice.testcases.TC04_ASE_Firm_10GB_ErateY">
    <skipped/>
  </testcase> <!-- TC04_ASE_FirmFlow -->
  <testcase name="TC04_ASE_FirmFlow" time="0.000" classname="com.att.myprice.testcases.TC04_ASE_Firm_10GB_ErateY">
    <skipped/>
  </testcase> <!-- TC04_ASE_FirmFlow -->
  <testcase name="TC04_ASE_FirmFlow" time="0.007" classname="com.att.myprice.testcases.TC04_ASE_Firm_10GB_ErateY">
    <skipped/>
  </testcase> <!-- TC04_ASE_FirmFlow -->
  <testcase name="TC04_ASE_FirmFlow" time="0.001" classname="com.att.myprice.testcases.TC04_ASE_Firm_10GB_ErateY">
    <skipped/>
  </testcase> <!-- TC04_ASE_FirmFlow -->
  <testcase name="TC04_ASE_FirmFlow" time="0.002" classname="com.att.myprice.testcases.TC04_ASE_Firm_10GB_ErateY">
    <skipped/>
  </testcase> <!-- TC04_ASE_FirmFlow -->
  <testcase name="TC04_ASE_FirmFlow" time="0.001" classname="com.att.myprice.testcases.TC04_ASE_Firm_10GB_ErateY">
    <skipped/>
  </testcase> <!-- TC04_ASE_FirmFlow -->
  <testcase name="TC04_ASE_FirmFlow" time="0.005" classname="com.att.myprice.testcases.TC04_ASE_Firm_10GB_ErateY">
    <skipped/>
  </testcase> <!-- TC04_ASE_FirmFlow -->
  <testcase name="TC04_ASE_FirmFlow" time="0.001" classname="com.att.myprice.testcases.TC04_ASE_Firm_10GB_ErateY">
    <skipped/>
  </testcase> <!-- TC04_ASE_FirmFlow -->
  <testcase name="TC04_ASE_FirmFlow" time="0.001" classname="com.att.myprice.testcases.TC04_ASE_Firm_10GB_ErateY">
    <skipped/>
  </testcase> <!-- TC04_ASE_FirmFlow -->
  <testcase name="TC04_ASE_FirmFlow" time="0.001" classname="com.att.myprice.testcases.TC04_ASE_Firm_10GB_ErateY">
    <skipped/>
  </testcase> <!-- TC04_ASE_FirmFlow -->
  <testcase name="TC04_ASE_FirmFlow" time="0.003" classname="com.att.myprice.testcases.TC04_ASE_Firm_10GB_ErateY">
    <skipped/>
  </testcase> <!-- TC04_ASE_FirmFlow -->
  <testcase name="TC04_ASE_FirmFlow" time="0.001" classname="com.att.myprice.testcases.TC04_ASE_Firm_10GB_ErateY">
    <skipped/>
  </testcase> <!-- TC04_ASE_FirmFlow -->
  <testcase name="TC04_ASE_FirmFlow" time="0.001" classname="com.att.myprice.testcases.TC04_ASE_Firm_10GB_ErateY">
    <skipped/>
  </testcase> <!-- TC04_ASE_FirmFlow -->
  <testcase name="TC04_ASE_FirmFlow" time="0.001" classname="com.att.myprice.testcases.TC04_ASE_Firm_10GB_ErateY">
    <skipped/>
  </testcase> <!-- TC04_ASE_FirmFlow -->
  <testcase name="TC04_ASE_FirmFlow" time="0.002" classname="com.att.myprice.testcases.TC04_ASE_Firm_10GB_ErateY">
    <skipped/>
  </testcase> <!-- TC04_ASE_FirmFlow -->
  <testcase name="TC04_ASE_FirmFlow" time="0.002" classname="com.att.myprice.testcases.TC04_ASE_Firm_10GB_ErateY">
    <skipped/>
  </testcase> <!-- TC04_ASE_FirmFlow -->
  <testcase name="TC04_ASE_FirmFlow" time="0.001" classname="com.att.myprice.testcases.TC04_ASE_Firm_10GB_ErateY">
    <skipped/>
  </testcase> <!-- TC04_ASE_FirmFlow -->
  <testcase name="TC04_ASE_FirmFlow" time="0.001" classname="com.att.myprice.testcases.TC04_ASE_Firm_10GB_ErateY">
    <skipped/>
  </testcase> <!-- TC04_ASE_FirmFlow -->
  <testcase name="TC04_ASE_FirmFlow" time="0.002" classname="com.att.myprice.testcases.TC04_ASE_Firm_10GB_ErateY">
    <skipped/>
  </testcase> <!-- TC04_ASE_FirmFlow -->
  <testcase name="TC04_ASE_FirmFlow" time="0.000" classname="com.att.myprice.testcases.TC04_ASE_Firm_10GB_ErateY">
    <skipped/>
  </testcase> <!-- TC04_ASE_FirmFlow -->
  <testcase name="TC04_ASE_FirmFlow" time="0.006" classname="com.att.myprice.testcases.TC04_ASE_Firm_10GB_ErateY">
    <skipped/>
  </testcase> <!-- TC04_ASE_FirmFlow -->
  <testcase name="TC04_ASE_FirmFlow" time="0.001" classname="com.att.myprice.testcases.TC04_ASE_Firm_10GB_ErateY">
    <skipped/>
  </testcase> <!-- TC04_ASE_FirmFlow -->
  <testcase name="TC04_ASE_FirmFlow" time="0.003" classname="com.att.myprice.testcases.TC04_ASE_Firm_10GB_ErateY">
    <skipped/>
  </testcase> <!-- TC04_ASE_FirmFlow -->
  <testcase name="TC04_ASE_FirmFlow" time="0.000" classname="com.att.myprice.testcases.TC04_ASE_Firm_10GB_ErateY">
    <skipped/>
  </testcase> <!-- TC04_ASE_FirmFlow -->
  <testcase name="TC04_ASE_FirmFlow" time="0.001" classname="com.att.myprice.testcases.TC04_ASE_Firm_10GB_ErateY">
    <skipped/>
  </testcase> <!-- TC04_ASE_FirmFlow -->
  <testcase name="TC04_ASE_FirmFlow" time="0.007" classname="com.att.myprice.testcases.TC04_ASE_Firm_10GB_ErateY">
    <skipped/>
  </testcase> <!-- TC04_ASE_FirmFlow -->
  <testcase name="TC04_ASE_FirmFlow" time="0.001" classname="com.att.myprice.testcases.TC04_ASE_Firm_10GB_ErateY">
    <skipped/>
  </testcase> <!-- TC04_ASE_FirmFlow -->
  <testcase name="TC04_ASE_FirmFlow" time="0.002" classname="com.att.myprice.testcases.TC04_ASE_Firm_10GB_ErateY">
    <skipped/>
  </testcase> <!-- TC04_ASE_FirmFlow -->
  <testcase name="TC04_ASE_FirmFlow" time="0.000" classname="com.att.myprice.testcases.TC04_ASE_Firm_10GB_ErateY">
    <skipped/>
  </testcase> <!-- TC04_ASE_FirmFlow -->
  <testcase name="TC04_ASE_FirmFlow" time="0.001" classname="com.att.myprice.testcases.TC04_ASE_Firm_10GB_ErateY">
    <skipped/>
  </testcase> <!-- TC04_ASE_FirmFlow -->
  <testcase name="TC04_ASE_FirmFlow" time="0.002" classname="com.att.myprice.testcases.TC04_ASE_Firm_10GB_ErateY">
    <skipped/>
  </testcase> <!-- TC04_ASE_FirmFlow -->
  <testcase name="TC04_ASE_FirmFlow" time="0.001" classname="com.att.myprice.testcases.TC04_ASE_Firm_10GB_ErateY">
    <skipped/>
  </testcase> <!-- TC04_ASE_FirmFlow -->
  <testcase name="TC04_ASE_FirmFlow" time="0.001" classname="com.att.myprice.testcases.TC04_ASE_Firm_10GB_ErateY">
    <skipped/>
  </testcase> <!-- TC04_ASE_FirmFlow -->
  <testcase name="TC04_ASE_FirmFlow" time="0.000" classname="com.att.myprice.testcases.TC04_ASE_Firm_10GB_ErateY">
    <skipped/>
  </testcase> <!-- TC04_ASE_FirmFlow -->
  <testcase name="TC04_ASE_FirmFlow" time="0.001" classname="com.att.myprice.testcases.TC04_ASE_Firm_10GB_ErateY">
    <skipped/>
  </testcase> <!-- TC04_ASE_FirmFlow -->
  <testcase name="TC04_ASE_FirmFlow" time="0.001" classname="com.att.myprice.testcases.TC04_ASE_Firm_10GB_ErateY">
    <skipped/>
  </testcase> <!-- TC04_ASE_FirmFlow -->
  <testcase name="TC04_ASE_FirmFlow" time="0.001" classname="com.att.myprice.testcases.TC04_ASE_Firm_10GB_ErateY">
    <skipped/>
  </testcase> <!-- TC04_ASE_FirmFlow -->
  <testcase name="TC04_ASE_FirmFlow" time="0.000" classname="com.att.myprice.testcases.TC04_ASE_Firm_10GB_ErateY">
    <skipped/>
  </testcase> <!-- TC04_ASE_FirmFlow -->
  <testcase name="TC04_ASE_FirmFlow" time="0.001" classname="com.att.myprice.testcases.TC04_ASE_Firm_10GB_ErateY">
    <skipped/>
  </testcase> <!-- TC04_ASE_FirmFlow -->
  <testcase name="TC04_ASE_FirmFlow" time="0.001" classname="com.att.myprice.testcases.TC04_ASE_Firm_10GB_ErateY">
    <skipped/>
  </testcase> <!-- TC04_ASE_FirmFlow -->
  <testcase name="TC04_ASE_FirmFlow" time="0.002" classname="com.att.myprice.testcases.TC04_ASE_Firm_10GB_ErateY">
    <skipped/>
  </testcase> <!-- TC04_ASE_FirmFlow -->
  <testcase name="TC04_ASE_FirmFlow" time="0.001" classname="com.att.myprice.testcases.TC04_ASE_Firm_10GB_ErateY">
    <skipped/>
  </testcase> <!-- TC04_ASE_FirmFlow -->
  <testcase name="TC04_ASE_FirmFlow" time="0.001" classname="com.att.myprice.testcases.TC04_ASE_Firm_10GB_ErateY">
    <skipped/>
  </testcase> <!-- TC04_ASE_FirmFlow -->
  <testcase name="TC04_ASE_FirmFlow" time="0.001" classname="com.att.myprice.testcases.TC04_ASE_Firm_10GB_ErateY">
    <skipped/>
  </testcase> <!-- TC04_ASE_FirmFlow -->
  <testcase name="TC04_ASE_FirmFlow" time="0.001" classname="com.att.myprice.testcases.TC04_ASE_Firm_10GB_ErateY">
    <skipped/>
  </testcase> <!-- TC04_ASE_FirmFlow -->
  <testcase name="TC04_ASE_FirmFlow" time="0.002" classname="com.att.myprice.testcases.TC04_ASE_Firm_10GB_ErateY">
    <skipped/>
  </testcase> <!-- TC04_ASE_FirmFlow -->
  <testcase name="TC04_ASE_FirmFlow" time="0.001" classname="com.att.myprice.testcases.TC04_ASE_Firm_10GB_ErateY">
    <skipped/>
  </testcase> <!-- TC04_ASE_FirmFlow -->
  <testcase name="TC04_ASE_FirmFlow" time="0.001" classname="com.att.myprice.testcases.TC04_ASE_Firm_10GB_ErateY">
    <skipped/>
  </testcase> <!-- TC04_ASE_FirmFlow -->
  <testcase name="TC04_ASE_FirmFlow" time="0.001" classname="com.att.myprice.testcases.TC04_ASE_Firm_10GB_ErateY">
    <skipped/>
  </testcase> <!-- TC04_ASE_FirmFlow -->
  <testcase name="TC04_ASE_FirmFlow" time="0.001" classname="com.att.myprice.testcases.TC04_ASE_Firm_10GB_ErateY">
    <skipped/>
  </testcase> <!-- TC04_ASE_FirmFlow -->
  <testcase name="TC04_ASE_FirmFlow" time="0.001" classname="com.att.myprice.testcases.TC04_ASE_Firm_10GB_ErateY">
    <skipped/>
  </testcase> <!-- TC04_ASE_FirmFlow -->
  <testcase name="TC04_ASE_FirmFlow" time="0.001" classname="com.att.myprice.testcases.TC04_ASE_Firm_10GB_ErateY">
    <skipped/>
  </testcase> <!-- TC04_ASE_FirmFlow -->
  <testcase name="TC04_ASE_FirmFlow" time="0.001" classname="com.att.myprice.testcases.TC04_ASE_Firm_10GB_ErateY">
    <skipped/>
  </testcase> <!-- TC04_ASE_FirmFlow -->
  <testcase name="TC04_ASE_FirmFlow" time="0.002" classname="com.att.myprice.testcases.TC04_ASE_Firm_10GB_ErateY">
    <skipped/>
  </testcase> <!-- TC04_ASE_FirmFlow -->
  <testcase name="TC04_ASE_FirmFlow" time="0.001" classname="com.att.myprice.testcases.TC04_ASE_Firm_10GB_ErateY">
    <skipped/>
  </testcase> <!-- TC04_ASE_FirmFlow -->
  <testcase name="TC04_ASE_FirmFlow" time="0.000" classname="com.att.myprice.testcases.TC04_ASE_Firm_10GB_ErateY">
    <skipped/>
  </testcase> <!-- TC04_ASE_FirmFlow -->
  <testcase name="TC04_ASE_FirmFlow" time="0.001" classname="com.att.myprice.testcases.TC04_ASE_Firm_10GB_ErateY">
    <skipped/>
  </testcase> <!-- TC04_ASE_FirmFlow -->
  <testcase name="TC04_ASE_FirmFlow" time="0.001" classname="com.att.myprice.testcases.TC04_ASE_Firm_10GB_ErateY">
    <skipped/>
  </testcase> <!-- TC04_ASE_FirmFlow -->
  <testcase name="TC04_ASE_FirmFlow" time="0.001" classname="com.att.myprice.testcases.TC04_ASE_Firm_10GB_ErateY">
    <skipped/>
  </testcase> <!-- TC04_ASE_FirmFlow -->
  <testcase name="TC04_ASE_FirmFlow" time="0.008" classname="com.att.myprice.testcases.TC04_ASE_Firm_10GB_ErateY">
    <skipped/>
  </testcase> <!-- TC04_ASE_FirmFlow -->
  <testcase name="TC04_ASE_FirmFlow" time="0.003" classname="com.att.myprice.testcases.TC04_ASE_Firm_10GB_ErateY">
    <skipped/>
  </testcase> <!-- TC04_ASE_FirmFlow -->
  <testcase name="TC04_ASE_FirmFlow" time="0.000" classname="com.att.myprice.testcases.TC04_ASE_Firm_10GB_ErateY">
    <skipped/>
  </testcase> <!-- TC04_ASE_FirmFlow -->
  <testcase name="TC04_ASE_FirmFlow" time="0.001" classname="com.att.myprice.testcases.TC04_ASE_Firm_10GB_ErateY">
    <skipped/>
  </testcase> <!-- TC04_ASE_FirmFlow -->
  <testcase name="TC04_ASE_FirmFlow" time="0.001" classname="com.att.myprice.testcases.TC04_ASE_Firm_10GB_ErateY">
    <skipped/>
  </testcase> <!-- TC04_ASE_FirmFlow -->
  <testcase name="TC04_ASE_FirmFlow" time="0.001" classname="com.att.myprice.testcases.TC04_ASE_Firm_10GB_ErateY">
    <skipped/>
  </testcase> <!-- TC04_ASE_FirmFlow -->
  <testcase name="TC04_ASE_FirmFlow" time="0.001" classname="com.att.myprice.testcases.TC04_ASE_Firm_10GB_ErateY">
    <skipped/>
  </testcase> <!-- TC04_ASE_FirmFlow -->
  <testcase name="TC04_ASE_FirmFlow" time="0.001" classname="com.att.myprice.testcases.TC04_ASE_Firm_10GB_ErateY">
    <skipped/>
  </testcase> <!-- TC04_ASE_FirmFlow -->
  <testcase name="TC04_ASE_FirmFlow" time="0.001" classname="com.att.myprice.testcases.TC04_ASE_Firm_10GB_ErateY">
    <skipped/>
  </testcase> <!-- TC04_ASE_FirmFlow -->
  <testcase name="TC04_ASE_FirmFlow" time="0.001" classname="com.att.myprice.testcases.TC04_ASE_Firm_10GB_ErateY">
    <skipped/>
  </testcase> <!-- TC04_ASE_FirmFlow -->
  <testcase name="TC04_ASE_FirmFlow" time="0.003" classname="com.att.myprice.testcases.TC04_ASE_Firm_10GB_ErateY">
    <skipped/>
  </testcase> <!-- TC04_ASE_FirmFlow -->
  <testcase name="TC04_ASE_FirmFlow" time="0.001" classname="com.att.myprice.testcases.TC04_ASE_Firm_10GB_ErateY">
    <skipped/>
  </testcase> <!-- TC04_ASE_FirmFlow -->
  <testcase name="TC04_ASE_FirmFlow" time="0.001" classname="com.att.myprice.testcases.TC04_ASE_Firm_10GB_ErateY">
    <skipped/>
  </testcase> <!-- TC04_ASE_FirmFlow -->
  <testcase name="TC04_ASE_FirmFlow" time="0.001" classname="com.att.myprice.testcases.TC04_ASE_Firm_10GB_ErateY">
    <skipped/>
  </testcase> <!-- TC04_ASE_FirmFlow -->
  <testcase name="TC04_ASE_FirmFlow" time="0.000" classname="com.att.myprice.testcases.TC04_ASE_Firm_10GB_ErateY">
    <skipped/>
  </testcase> <!-- TC04_ASE_FirmFlow -->
  <testcase name="TC04_ASE_FirmFlow" time="0.000" classname="com.att.myprice.testcases.TC04_ASE_Firm_10GB_ErateY">
    <skipped/>
  </testcase> <!-- TC04_ASE_FirmFlow -->
  <testcase name="TC04_ASE_FirmFlow" time="0.002" classname="com.att.myprice.testcases.TC04_ASE_Firm_10GB_ErateY">
    <skipped/>
  </testcase> <!-- TC04_ASE_FirmFlow -->
  <testcase name="TC04_ASE_FirmFlow" time="0.011" classname="com.att.myprice.testcases.TC04_ASE_Firm_10GB_ErateY">
    <skipped/>
  </testcase> <!-- TC04_ASE_FirmFlow -->
  <testcase name="TC04_ASE_FirmFlow" time="0.001" classname="com.att.myprice.testcases.TC04_ASE_Firm_10GB_ErateY">
    <skipped/>
  </testcase> <!-- TC04_ASE_FirmFlow -->
  <testcase name="TC04_ASE_FirmFlow" time="0.000" classname="com.att.myprice.testcases.TC04_ASE_Firm_10GB_ErateY">
    <skipped/>
  </testcase> <!-- TC04_ASE_FirmFlow -->
  <testcase name="TC04_ASE_FirmFlow" time="0.001" classname="com.att.myprice.testcases.TC04_ASE_Firm_10GB_ErateY">
    <skipped/>
  </testcase> <!-- TC04_ASE_FirmFlow -->
  <testcase name="TC04_ASE_FirmFlow" time="0.001" classname="com.att.myprice.testcases.TC04_ASE_Firm_10GB_ErateY">
    <skipped/>
  </testcase> <!-- TC04_ASE_FirmFlow -->
  <testcase name="TC04_ASE_FirmFlow" time="0.002" classname="com.att.myprice.testcases.TC04_ASE_Firm_10GB_ErateY">
    <skipped/>
  </testcase> <!-- TC04_ASE_FirmFlow -->
  <testcase name="TC04_ASE_FirmFlow" time="0.001" classname="com.att.myprice.testcases.TC04_ASE_Firm_10GB_ErateY">
    <skipped/>
  </testcase> <!-- TC04_ASE_FirmFlow -->
  <testcase name="TC04_ASE_FirmFlow" time="0.001" classname="com.att.myprice.testcases.TC04_ASE_Firm_10GB_ErateY">
    <skipped/>
  </testcase> <!-- TC04_ASE_FirmFlow -->
  <testcase name="TC04_ASE_FirmFlow" time="0.001" classname="com.att.myprice.testcases.TC04_ASE_Firm_10GB_ErateY">
    <skipped/>
  </testcase> <!-- TC04_ASE_FirmFlow -->
  <testcase name="TC04_ASE_FirmFlow" time="0.002" classname="com.att.myprice.testcases.TC04_ASE_Firm_10GB_ErateY">
    <skipped/>
  </testcase> <!-- TC04_ASE_FirmFlow -->
  <testcase name="TC04_ASE_FirmFlow" time="0.001" classname="com.att.myprice.testcases.TC04_ASE_Firm_10GB_ErateY">
    <skipped/>
  </testcase> <!-- TC04_ASE_FirmFlow -->
  <testcase name="TC04_ASE_FirmFlow" time="0.002" classname="com.att.myprice.testcases.TC04_ASE_Firm_10GB_ErateY">
    <skipped/>
  </testcase> <!-- TC04_ASE_FirmFlow -->
  <testcase name="TC04_ASE_FirmFlow" time="0.002" classname="com.att.myprice.testcases.TC04_ASE_Firm_10GB_ErateY">
    <skipped/>
  </testcase> <!-- TC04_ASE_FirmFlow -->
  <testcase name="TC04_ASE_FirmFlow" time="0.003" classname="com.att.myprice.testcases.TC04_ASE_Firm_10GB_ErateY">
    <skipped/>
  </testcase> <!-- TC04_ASE_FirmFlow -->
  <testcase name="TC04_ASE_FirmFlow" time="0.001" classname="com.att.myprice.testcases.TC04_ASE_Firm_10GB_ErateY">
    <skipped/>
  </testcase> <!-- TC04_ASE_FirmFlow -->
  <testcase name="TC04_ASE_FirmFlow" time="0.000" classname="com.att.myprice.testcases.TC04_ASE_Firm_10GB_ErateY">
    <skipped/>
  </testcase> <!-- TC04_ASE_FirmFlow -->
  <testcase name="TC04_ASE_FirmFlow" time="0.001" classname="com.att.myprice.testcases.TC04_ASE_Firm_10GB_ErateY">
    <skipped/>
  </testcase> <!-- TC04_ASE_FirmFlow -->
  <testcase name="TC04_ASE_FirmFlow" time="0.001" classname="com.att.myprice.testcases.TC04_ASE_Firm_10GB_ErateY">
    <skipped/>
  </testcase> <!-- TC04_ASE_FirmFlow -->
  <testcase name="TC04_ASE_FirmFlow" time="0.001" classname="com.att.myprice.testcases.TC04_ASE_Firm_10GB_ErateY">
    <skipped/>
  </testcase> <!-- TC04_ASE_FirmFlow -->
  <testcase name="TC04_ASE_FirmFlow" time="0.001" classname="com.att.myprice.testcases.TC04_ASE_Firm_10GB_ErateY">
    <skipped/>
  </testcase> <!-- TC04_ASE_FirmFlow -->
  <testcase name="TC04_ASE_FirmFlow" time="0.000" classname="com.att.myprice.testcases.TC04_ASE_Firm_10GB_ErateY">
    <skipped/>
  </testcase> <!-- TC04_ASE_FirmFlow -->
  <testcase name="TC04_ASE_FirmFlow" time="0.001" classname="com.att.myprice.testcases.TC04_ASE_Firm_10GB_ErateY">
    <skipped/>
  </testcase> <!-- TC04_ASE_FirmFlow -->
  <testcase name="TC04_ASE_FirmFlow" time="0.000" classname="com.att.myprice.testcases.TC04_ASE_Firm_10GB_ErateY">
    <skipped/>
  </testcase> <!-- TC04_ASE_FirmFlow -->
  <testcase name="TC04_ASE_FirmFlow" time="0.000" classname="com.att.myprice.testcases.TC04_ASE_Firm_10GB_ErateY">
    <skipped/>
  </testcase> <!-- TC04_ASE_FirmFlow -->
  <testcase name="TC04_ASE_FirmFlow" time="0.001" classname="com.att.myprice.testcases.TC04_ASE_Firm_10GB_ErateY">
    <skipped/>
  </testcase> <!-- TC04_ASE_FirmFlow -->
  <testcase name="TC04_ASE_FirmFlow" time="0.001" classname="com.att.myprice.testcases.TC04_ASE_Firm_10GB_ErateY">
    <skipped/>
  </testcase> <!-- TC04_ASE_FirmFlow -->
  <testcase name="TC04_ASE_FirmFlow" time="0.000" classname="com.att.myprice.testcases.TC04_ASE_Firm_10GB_ErateY">
    <skipped/>
  </testcase> <!-- TC04_ASE_FirmFlow -->
  <testcase name="TC04_ASE_FirmFlow" time="0.001" classname="com.att.myprice.testcases.TC04_ASE_Firm_10GB_ErateY">
    <skipped/>
  </testcase> <!-- TC04_ASE_FirmFlow -->
  <testcase name="TC04_ASE_FirmFlow" time="0.001" classname="com.att.myprice.testcases.TC04_ASE_Firm_10GB_ErateY">
    <skipped/>
  </testcase> <!-- TC04_ASE_FirmFlow -->
  <testcase name="TC04_ASE_FirmFlow" time="0.001" classname="com.att.myprice.testcases.TC04_ASE_Firm_10GB_ErateY">
    <skipped/>
  </testcase> <!-- TC04_ASE_FirmFlow -->
  <testcase name="TC04_ASE_FirmFlow" time="0.001" classname="com.att.myprice.testcases.TC04_ASE_Firm_10GB_ErateY">
    <skipped/>
  </testcase> <!-- TC04_ASE_FirmFlow -->
  <testcase name="TC04_ASE_FirmFlow" time="0.001" classname="com.att.myprice.testcases.TC04_ASE_Firm_10GB_ErateY">
    <skipped/>
  </testcase> <!-- TC04_ASE_FirmFlow -->
  <testcase name="TC04_ASE_FirmFlow" time="0.001" classname="com.att.myprice.testcases.TC04_ASE_Firm_10GB_ErateY">
    <skipped/>
  </testcase> <!-- TC04_ASE_FirmFlow -->
  <testcase name="TC04_ASE_FirmFlow" time="0.001" classname="com.att.myprice.testcases.TC04_ASE_Firm_10GB_ErateY">
    <skipped/>
  </testcase> <!-- TC04_ASE_FirmFlow -->
  <testcase name="TC04_ASE_FirmFlow" time="0.001" classname="com.att.myprice.testcases.TC04_ASE_Firm_10GB_ErateY">
    <skipped/>
  </testcase> <!-- TC04_ASE_FirmFlow -->
  <testcase name="TC04_ASE_FirmFlow" time="0.002" classname="com.att.myprice.testcases.TC04_ASE_Firm_10GB_ErateY">
    <skipped/>
  </testcase> <!-- TC04_ASE_FirmFlow -->
  <testcase name="TC04_ASE_FirmFlow" time="0.001" classname="com.att.myprice.testcases.TC04_ASE_Firm_10GB_ErateY">
    <skipped/>
  </testcase> <!-- TC04_ASE_FirmFlow -->
  <testcase name="TC04_ASE_FirmFlow" time="0.001" classname="com.att.myprice.testcases.TC04_ASE_Firm_10GB_ErateY">
    <skipped/>
  </testcase> <!-- TC04_ASE_FirmFlow -->
  <testcase name="TC04_ASE_FirmFlow" time="0.000" classname="com.att.myprice.testcases.TC04_ASE_Firm_10GB_ErateY">
    <skipped/>
  </testcase> <!-- TC04_ASE_FirmFlow -->
  <testcase name="TC04_ASE_FirmFlow" time="0.004" classname="com.att.myprice.testcases.TC04_ASE_Firm_10GB_ErateY">
    <skipped/>
  </testcase> <!-- TC04_ASE_FirmFlow -->
  <testcase name="TC04_ASE_FirmFlow" time="0.001" classname="com.att.myprice.testcases.TC04_ASE_Firm_10GB_ErateY">
    <skipped/>
  </testcase> <!-- TC04_ASE_FirmFlow -->
  <testcase name="TC04_ASE_FirmFlow" time="0.005" classname="com.att.myprice.testcases.TC04_ASE_Firm_10GB_ErateY">
    <skipped/>
  </testcase> <!-- TC04_ASE_FirmFlow -->
  <testcase name="TC04_ASE_FirmFlow" time="0.001" classname="com.att.myprice.testcases.TC04_ASE_Firm_10GB_ErateY">
    <skipped/>
  </testcase> <!-- TC04_ASE_FirmFlow -->
  <testcase name="TC04_ASE_FirmFlow" time="0.001" classname="com.att.myprice.testcases.TC04_ASE_Firm_10GB_ErateY">
    <skipped/>
  </testcase> <!-- TC04_ASE_FirmFlow -->
  <testcase name="TC04_ASE_FirmFlow" time="0.011" classname="com.att.myprice.testcases.TC04_ASE_Firm_10GB_ErateY">
    <skipped/>
  </testcase> <!-- TC04_ASE_FirmFlow -->
  <testcase name="TC04_ASE_FirmFlow" time="0.001" classname="com.att.myprice.testcases.TC04_ASE_Firm_10GB_ErateY">
    <skipped/>
  </testcase> <!-- TC04_ASE_FirmFlow -->
  <testcase name="TC04_ASE_FirmFlow" time="0.001" classname="com.att.myprice.testcases.TC04_ASE_Firm_10GB_ErateY">
    <skipped/>
  </testcase> <!-- TC04_ASE_FirmFlow -->
  <testcase name="TC04_ASE_FirmFlow" time="0.001" classname="com.att.myprice.testcases.TC04_ASE_Firm_10GB_ErateY">
    <skipped/>
  </testcase> <!-- TC04_ASE_FirmFlow -->
  <testcase name="TC04_ASE_FirmFlow" time="0.001" classname="com.att.myprice.testcases.TC04_ASE_Firm_10GB_ErateY">
    <skipped/>
  </testcase> <!-- TC04_ASE_FirmFlow -->
  <testcase name="TC04_ASE_FirmFlow" time="0.001" classname="com.att.myprice.testcases.TC04_ASE_Firm_10GB_ErateY">
    <skipped/>
  </testcase> <!-- TC04_ASE_FirmFlow -->
  <testcase name="TC04_ASE_FirmFlow" time="0.000" classname="com.att.myprice.testcases.TC04_ASE_Firm_10GB_ErateY">
    <skipped/>
  </testcase> <!-- TC04_ASE_FirmFlow -->
  <testcase name="TC04_ASE_FirmFlow" time="0.003" classname="com.att.myprice.testcases.TC04_ASE_Firm_10GB_ErateY">
    <skipped/>
  </testcase> <!-- TC04_ASE_FirmFlow -->
  <testcase name="TC04_ASE_FirmFlow" time="0.001" classname="com.att.myprice.testcases.TC04_ASE_Firm_10GB_ErateY">
    <skipped/>
  </testcase> <!-- TC04_ASE_FirmFlow -->
  <testcase name="TC04_ASE_FirmFlow" time="0.001" classname="com.att.myprice.testcases.TC04_ASE_Firm_10GB_ErateY">
    <skipped/>
  </testcase> <!-- TC04_ASE_FirmFlow -->
  <testcase name="TC04_ASE_FirmFlow" time="0.001" classname="com.att.myprice.testcases.TC04_ASE_Firm_10GB_ErateY">
    <skipped/>
  </testcase> <!-- TC04_ASE_FirmFlow -->
  <testcase name="TC04_ASE_FirmFlow" time="0.001" classname="com.att.myprice.testcases.TC04_ASE_Firm_10GB_ErateY">
    <skipped/>
  </testcase> <!-- TC04_ASE_FirmFlow -->
  <testcase name="TC04_ASE_FirmFlow" time="0.000" classname="com.att.myprice.testcases.TC04_ASE_Firm_10GB_ErateY">
    <skipped/>
  </testcase> <!-- TC04_ASE_FirmFlow -->
  <testcase name="TC04_ASE_FirmFlow" time="0.001" classname="com.att.myprice.testcases.TC04_ASE_Firm_10GB_ErateY">
    <skipped/>
  </testcase> <!-- TC04_ASE_FirmFlow -->
  <testcase name="TC04_ASE_FirmFlow" time="0.001" classname="com.att.myprice.testcases.TC04_ASE_Firm_10GB_ErateY">
    <skipped/>
  </testcase> <!-- TC04_ASE_FirmFlow -->
  <testcase name="TC04_ASE_FirmFlow" time="0.001" classname="com.att.myprice.testcases.TC04_ASE_Firm_10GB_ErateY">
    <skipped/>
  </testcase> <!-- TC04_ASE_FirmFlow -->
  <testcase name="TC04_ASE_FirmFlow" time="0.000" classname="com.att.myprice.testcases.TC04_ASE_Firm_10GB_ErateY">
    <skipped/>
  </testcase> <!-- TC04_ASE_FirmFlow -->
  <testcase name="TC04_ASE_FirmFlow" time="0.000" classname="com.att.myprice.testcases.TC04_ASE_Firm_10GB_ErateY">
    <skipped/>
  </testcase> <!-- TC04_ASE_FirmFlow -->
  <testcase name="TC04_ASE_FirmFlow" time="0.000" classname="com.att.myprice.testcases.TC04_ASE_Firm_10GB_ErateY">
    <skipped/>
  </testcase> <!-- TC04_ASE_FirmFlow -->
  <testcase name="TC04_ASE_FirmFlow" time="0.001" classname="com.att.myprice.testcases.TC04_ASE_Firm_10GB_ErateY">
    <skipped/>
  </testcase> <!-- TC04_ASE_FirmFlow -->
  <testcase name="TC04_ASE_FirmFlow" time="0.001" classname="com.att.myprice.testcases.TC04_ASE_Firm_10GB_ErateY">
    <skipped/>
  </testcase> <!-- TC04_ASE_FirmFlow -->
  <testcase name="TC04_ASE_FirmFlow" time="0.001" classname="com.att.myprice.testcases.TC04_ASE_Firm_10GB_ErateY">
    <skipped/>
  </testcase> <!-- TC04_ASE_FirmFlow -->
  <testcase name="TC04_ASE_FirmFlow" time="0.001" classname="com.att.myprice.testcases.TC04_ASE_Firm_10GB_ErateY">
    <skipped/>
  </testcase> <!-- TC04_ASE_FirmFlow -->
  <testcase name="TC04_ASE_FirmFlow" time="0.001" classname="com.att.myprice.testcases.TC04_ASE_Firm_10GB_ErateY">
    <skipped/>
  </testcase> <!-- TC04_ASE_FirmFlow -->
  <testcase name="TC04_ASE_FirmFlow" time="0.002" classname="com.att.myprice.testcases.TC04_ASE_Firm_10GB_ErateY">
    <skipped/>
  </testcase> <!-- TC04_ASE_FirmFlow -->
  <testcase name="TC04_ASE_FirmFlow" time="0.001" classname="com.att.myprice.testcases.TC04_ASE_Firm_10GB_ErateY">
    <skipped/>
  </testcase> <!-- TC04_ASE_FirmFlow -->
  <testcase name="TC04_ASE_FirmFlow" time="0.001" classname="com.att.myprice.testcases.TC04_ASE_Firm_10GB_ErateY">
    <skipped/>
  </testcase> <!-- TC04_ASE_FirmFlow -->
  <testcase name="TC04_ASE_FirmFlow" time="0.001" classname="com.att.myprice.testcases.TC04_ASE_Firm_10GB_ErateY">
    <skipped/>
  </testcase> <!-- TC04_ASE_FirmFlow -->
  <testcase name="TC04_ASE_FirmFlow" time="0.001" classname="com.att.myprice.testcases.TC04_ASE_Firm_10GB_ErateY">
    <skipped/>
  </testcase> <!-- TC04_ASE_FirmFlow -->
  <testcase name="TC04_ASE_FirmFlow" time="0.001" classname="com.att.myprice.testcases.TC04_ASE_Firm_10GB_ErateY">
    <skipped/>
  </testcase> <!-- TC04_ASE_FirmFlow -->
  <testcase name="TC04_ASE_FirmFlow" time="0.002" classname="com.att.myprice.testcases.TC04_ASE_Firm_10GB_ErateY">
    <skipped/>
  </testcase> <!-- TC04_ASE_FirmFlow -->
  <testcase name="TC04_ASE_FirmFlow" time="0.001" classname="com.att.myprice.testcases.TC04_ASE_Firm_10GB_ErateY">
    <skipped/>
  </testcase> <!-- TC04_ASE_FirmFlow -->
  <testcase name="TC04_ASE_FirmFlow" time="0.002" classname="com.att.myprice.testcases.TC04_ASE_Firm_10GB_ErateY">
    <skipped/>
  </testcase> <!-- TC04_ASE_FirmFlow -->
  <testcase name="TC04_ASE_FirmFlow" time="0.001" classname="com.att.myprice.testcases.TC04_ASE_Firm_10GB_ErateY">
    <skipped/>
  </testcase> <!-- TC04_ASE_FirmFlow -->
  <testcase name="TC04_ASE_FirmFlow" time="0.004" classname="com.att.myprice.testcases.TC04_ASE_Firm_10GB_ErateY">
    <skipped/>
  </testcase> <!-- TC04_ASE_FirmFlow -->
  <testcase name="TC04_ASE_FirmFlow" time="0.001" classname="com.att.myprice.testcases.TC04_ASE_Firm_10GB_ErateY">
    <skipped/>
  </testcase> <!-- TC04_ASE_FirmFlow -->
  <testcase name="TC04_ASE_FirmFlow" time="0.001" classname="com.att.myprice.testcases.TC04_ASE_Firm_10GB_ErateY">
    <skipped/>
  </testcase> <!-- TC04_ASE_FirmFlow -->
  <testcase name="TC04_ASE_FirmFlow" time="0.000" classname="com.att.myprice.testcases.TC04_ASE_Firm_10GB_ErateY">
    <skipped/>
  </testcase> <!-- TC04_ASE_FirmFlow -->
  <testcase name="TC04_ASE_FirmFlow" time="0.001" classname="com.att.myprice.testcases.TC04_ASE_Firm_10GB_ErateY">
    <skipped/>
  </testcase> <!-- TC04_ASE_FirmFlow -->
  <testcase name="TC04_ASE_FirmFlow" time="0.000" classname="com.att.myprice.testcases.TC04_ASE_Firm_10GB_ErateY">
    <skipped/>
  </testcase> <!-- TC04_ASE_FirmFlow -->
  <testcase name="TC04_ASE_FirmFlow" time="0.001" classname="com.att.myprice.testcases.TC04_ASE_Firm_10GB_ErateY">
    <skipped/>
  </testcase> <!-- TC04_ASE_FirmFlow -->
  <testcase name="TC04_ASE_FirmFlow" time="0.001" classname="com.att.myprice.testcases.TC04_ASE_Firm_10GB_ErateY">
    <skipped/>
  </testcase> <!-- TC04_ASE_FirmFlow -->
  <testcase name="TC04_ASE_FirmFlow" time="0.000" classname="com.att.myprice.testcases.TC04_ASE_Firm_10GB_ErateY">
    <skipped/>
  </testcase> <!-- TC04_ASE_FirmFlow -->
  <testcase name="TC04_ASE_FirmFlow" time="0.002" classname="com.att.myprice.testcases.TC04_ASE_Firm_10GB_ErateY">
    <skipped/>
  </testcase> <!-- TC04_ASE_FirmFlow -->
  <testcase name="TC04_ASE_FirmFlow" time="0.011" classname="com.att.myprice.testcases.TC04_ASE_Firm_10GB_ErateY">
    <skipped/>
  </testcase> <!-- TC04_ASE_FirmFlow -->
  <testcase name="TC04_ASE_FirmFlow" time="0.000" classname="com.att.myprice.testcases.TC04_ASE_Firm_10GB_ErateY">
    <skipped/>
  </testcase> <!-- TC04_ASE_FirmFlow -->
  <testcase name="TC04_ASE_FirmFlow" time="0.002" classname="com.att.myprice.testcases.TC04_ASE_Firm_10GB_ErateY">
    <skipped/>
  </testcase> <!-- TC04_ASE_FirmFlow -->
  <testcase name="TC04_ASE_FirmFlow" time="0.001" classname="com.att.myprice.testcases.TC04_ASE_Firm_10GB_ErateY">
    <skipped/>
  </testcase> <!-- TC04_ASE_FirmFlow -->
  <testcase name="TC04_ASE_FirmFlow" time="0.005" classname="com.att.myprice.testcases.TC04_ASE_Firm_10GB_ErateY">
    <skipped/>
  </testcase> <!-- TC04_ASE_FirmFlow -->
  <testcase name="TC04_ASE_FirmFlow" time="0.001" classname="com.att.myprice.testcases.TC04_ASE_Firm_10GB_ErateY">
    <skipped/>
  </testcase> <!-- TC04_ASE_FirmFlow -->
  <testcase name="TC04_ASE_FirmFlow" time="0.000" classname="com.att.myprice.testcases.TC04_ASE_Firm_10GB_ErateY">
    <skipped/>
  </testcase> <!-- TC04_ASE_FirmFlow -->
  <testcase name="TC04_ASE_FirmFlow" time="0.004" classname="com.att.myprice.testcases.TC04_ASE_Firm_10GB_ErateY">
    <skipped/>
  </testcase> <!-- TC04_ASE_FirmFlow -->
  <testcase name="TC04_ASE_FirmFlow" time="0.002" classname="com.att.myprice.testcases.TC04_ASE_Firm_10GB_ErateY">
    <skipped/>
  </testcase> <!-- TC04_ASE_FirmFlow -->
  <testcase name="TC04_ASE_FirmFlow" time="0.001" classname="com.att.myprice.testcases.TC04_ASE_Firm_10GB_ErateY">
    <skipped/>
  </testcase> <!-- TC04_ASE_FirmFlow -->
  <testcase name="TC04_ASE_FirmFlow" time="0.002" classname="com.att.myprice.testcases.TC04_ASE_Firm_10GB_ErateY">
    <skipped/>
  </testcase> <!-- TC04_ASE_FirmFlow -->
  <testcase name="TC04_ASE_FirmFlow" time="0.001" classname="com.att.myprice.testcases.TC04_ASE_Firm_10GB_ErateY">
    <skipped/>
  </testcase> <!-- TC04_ASE_FirmFlow -->
  <testcase name="TC04_ASE_FirmFlow" time="0.001" classname="com.att.myprice.testcases.TC04_ASE_Firm_10GB_ErateY">
    <skipped/>
  </testcase> <!-- TC04_ASE_FirmFlow -->
  <testcase name="TC04_ASE_FirmFlow" time="0.002" classname="com.att.myprice.testcases.TC04_ASE_Firm_10GB_ErateY">
    <skipped/>
  </testcase> <!-- TC04_ASE_FirmFlow -->
  <testcase name="TC04_ASE_FirmFlow" time="0.001" classname="com.att.myprice.testcases.TC04_ASE_Firm_10GB_ErateY">
    <skipped/>
  </testcase> <!-- TC04_ASE_FirmFlow -->
  <testcase name="TC04_ASE_FirmFlow" time="0.001" classname="com.att.myprice.testcases.TC04_ASE_Firm_10GB_ErateY">
    <skipped/>
  </testcase> <!-- TC04_ASE_FirmFlow -->
  <testcase name="TC04_ASE_FirmFlow" time="0.001" classname="com.att.myprice.testcases.TC04_ASE_Firm_10GB_ErateY">
    <skipped/>
  </testcase> <!-- TC04_ASE_FirmFlow -->
  <testcase name="TC04_ASE_FirmFlow" time="0.001" classname="com.att.myprice.testcases.TC04_ASE_Firm_10GB_ErateY">
    <skipped/>
  </testcase> <!-- TC04_ASE_FirmFlow -->
  <testcase name="TC04_ASE_FirmFlow" time="0.001" classname="com.att.myprice.testcases.TC04_ASE_Firm_10GB_ErateY">
    <skipped/>
  </testcase> <!-- TC04_ASE_FirmFlow -->
  <testcase name="TC04_ASE_FirmFlow" time="0.000" classname="com.att.myprice.testcases.TC04_ASE_Firm_10GB_ErateY">
    <skipped/>
  </testcase> <!-- TC04_ASE_FirmFlow -->
  <testcase name="TC04_ASE_FirmFlow" time="0.001" classname="com.att.myprice.testcases.TC04_ASE_Firm_10GB_ErateY">
    <skipped/>
  </testcase> <!-- TC04_ASE_FirmFlow -->
  <testcase name="TC04_ASE_FirmFlow" time="0.002" classname="com.att.myprice.testcases.TC04_ASE_Firm_10GB_ErateY">
    <skipped/>
  </testcase> <!-- TC04_ASE_FirmFlow -->
  <testcase name="TC04_ASE_FirmFlow" time="0.001" classname="com.att.myprice.testcases.TC04_ASE_Firm_10GB_ErateY">
    <skipped/>
  </testcase> <!-- TC04_ASE_FirmFlow -->
  <testcase name="TC04_ASE_FirmFlow" time="0.000" classname="com.att.myprice.testcases.TC04_ASE_Firm_10GB_ErateY">
    <skipped/>
  </testcase> <!-- TC04_ASE_FirmFlow -->
  <testcase name="TC04_ASE_FirmFlow" time="0.001" classname="com.att.myprice.testcases.TC04_ASE_Firm_10GB_ErateY">
    <skipped/>
  </testcase> <!-- TC04_ASE_FirmFlow -->
  <testcase name="TC04_ASE_FirmFlow" time="0.000" classname="com.att.myprice.testcases.TC04_ASE_Firm_10GB_ErateY">
    <skipped/>
  </testcase> <!-- TC04_ASE_FirmFlow -->
  <testcase name="TC04_ASE_FirmFlow" time="0.001" classname="com.att.myprice.testcases.TC04_ASE_Firm_10GB_ErateY">
    <skipped/>
  </testcase> <!-- TC04_ASE_FirmFlow -->
  <testcase name="TC04_ASE_FirmFlow" time="0.001" classname="com.att.myprice.testcases.TC04_ASE_Firm_10GB_ErateY">
    <skipped/>
  </testcase> <!-- TC04_ASE_FirmFlow -->
  <testcase name="TC04_ASE_FirmFlow" time="0.001" classname="com.att.myprice.testcases.TC04_ASE_Firm_10GB_ErateY">
    <skipped/>
  </testcase> <!-- TC04_ASE_FirmFlow -->
  <testcase name="TC04_ASE_FirmFlow" time="0.001" classname="com.att.myprice.testcases.TC04_ASE_Firm_10GB_ErateY">
    <skipped/>
  </testcase> <!-- TC04_ASE_FirmFlow -->
  <testcase name="TC04_ASE_FirmFlow" time="0.001" classname="com.att.myprice.testcases.TC04_ASE_Firm_10GB_ErateY">
    <skipped/>
  </testcase> <!-- TC04_ASE_FirmFlow -->
  <testcase name="TC04_ASE_FirmFlow" time="0.001" classname="com.att.myprice.testcases.TC04_ASE_Firm_10GB_ErateY">
    <skipped/>
  </testcase> <!-- TC04_ASE_FirmFlow -->
  <testcase name="TC04_ASE_FirmFlow" time="0.001" classname="com.att.myprice.testcases.TC04_ASE_Firm_10GB_ErateY">
    <skipped/>
  </testcase> <!-- TC04_ASE_FirmFlow -->
  <testcase name="TC04_ASE_FirmFlow" time="0.001" classname="com.att.myprice.testcases.TC04_ASE_Firm_10GB_ErateY">
    <skipped/>
  </testcase> <!-- TC04_ASE_FirmFlow -->
  <testcase name="TC04_ASE_FirmFlow" time="0.001" classname="com.att.myprice.testcases.TC04_ASE_Firm_10GB_ErateY">
    <skipped/>
  </testcase> <!-- TC04_ASE_FirmFlow -->
  <testcase name="TC04_ASE_FirmFlow" time="0.001" classname="com.att.myprice.testcases.TC04_ASE_Firm_10GB_ErateY">
    <skipped/>
  </testcase> <!-- TC04_ASE_FirmFlow -->
  <testcase name="TC04_ASE_FirmFlow" time="0.001" classname="com.att.myprice.testcases.TC04_ASE_Firm_10GB_ErateY">
    <skipped/>
  </testcase> <!-- TC04_ASE_FirmFlow -->
  <testcase name="TC04_ASE_FirmFlow" time="0.000" classname="com.att.myprice.testcases.TC04_ASE_Firm_10GB_ErateY">
    <skipped/>
  </testcase> <!-- TC04_ASE_FirmFlow -->
  <testcase name="TC04_ASE_FirmFlow" time="0.001" classname="com.att.myprice.testcases.TC04_ASE_Firm_10GB_ErateY">
    <skipped/>
  </testcase> <!-- TC04_ASE_FirmFlow -->
  <testcase name="TC04_ASE_FirmFlow" time="0.001" classname="com.att.myprice.testcases.TC04_ASE_Firm_10GB_ErateY">
    <skipped/>
  </testcase> <!-- TC04_ASE_FirmFlow -->
  <testcase name="TC04_ASE_FirmFlow" time="0.001" classname="com.att.myprice.testcases.TC04_ASE_Firm_10GB_ErateY">
    <skipped/>
  </testcase> <!-- TC04_ASE_FirmFlow -->
  <testcase name="TC04_ASE_FirmFlow" time="0.001" classname="com.att.myprice.testcases.TC04_ASE_Firm_10GB_ErateY">
    <skipped/>
  </testcase> <!-- TC04_ASE_FirmFlow -->
  <testcase name="TC04_ASE_FirmFlow" time="0.001" classname="com.att.myprice.testcases.TC04_ASE_Firm_10GB_ErateY">
    <skipped/>
  </testcase> <!-- TC04_ASE_FirmFlow -->
  <testcase name="TC04_ASE_FirmFlow" time="0.001" classname="com.att.myprice.testcases.TC04_ASE_Firm_10GB_ErateY">
    <skipped/>
  </testcase> <!-- TC04_ASE_FirmFlow -->
  <testcase name="TC04_ASE_FirmFlow" time="0.003" classname="com.att.myprice.testcases.TC04_ASE_Firm_10GB_ErateY">
    <skipped/>
  </testcase> <!-- TC04_ASE_FirmFlow -->
  <testcase name="TC04_ASE_FirmFlow" time="0.001" classname="com.att.myprice.testcases.TC04_ASE_Firm_10GB_ErateY">
    <skipped/>
  </testcase> <!-- TC04_ASE_FirmFlow -->
  <testcase name="TC04_ASE_FirmFlow" time="0.002" classname="com.att.myprice.testcases.TC04_ASE_Firm_10GB_ErateY">
    <skipped/>
  </testcase> <!-- TC04_ASE_FirmFlow -->
  <testcase name="TC04_ASE_FirmFlow" time="0.001" classname="com.att.myprice.testcases.TC04_ASE_Firm_10GB_ErateY">
    <skipped/>
  </testcase> <!-- TC04_ASE_FirmFlow -->
  <testcase name="TC04_ASE_FirmFlow" time="0.002" classname="com.att.myprice.testcases.TC04_ASE_Firm_10GB_ErateY">
    <skipped/>
  </testcase> <!-- TC04_ASE_FirmFlow -->
  <testcase name="TC04_ASE_FirmFlow" time="0.001" classname="com.att.myprice.testcases.TC04_ASE_Firm_10GB_ErateY">
    <skipped/>
  </testcase> <!-- TC04_ASE_FirmFlow -->
  <testcase name="TC04_ASE_FirmFlow" time="0.000" classname="com.att.myprice.testcases.TC04_ASE_Firm_10GB_ErateY">
    <skipped/>
  </testcase> <!-- TC04_ASE_FirmFlow -->
  <testcase name="TC04_ASE_FirmFlow" time="0.001" classname="com.att.myprice.testcases.TC04_ASE_Firm_10GB_ErateY">
    <skipped/>
  </testcase> <!-- TC04_ASE_FirmFlow -->
  <testcase name="TC04_ASE_FirmFlow" time="0.001" classname="com.att.myprice.testcases.TC04_ASE_Firm_10GB_ErateY">
    <skipped/>
  </testcase> <!-- TC04_ASE_FirmFlow -->
  <testcase name="TC04_ASE_FirmFlow" time="0.001" classname="com.att.myprice.testcases.TC04_ASE_Firm_10GB_ErateY">
    <skipped/>
  </testcase> <!-- TC04_ASE_FirmFlow -->
  <testcase name="TC04_ASE_FirmFlow" time="0.002" classname="com.att.myprice.testcases.TC04_ASE_Firm_10GB_ErateY">
    <skipped/>
  </testcase> <!-- TC04_ASE_FirmFlow -->
  <testcase name="TC04_ASE_FirmFlow" time="0.001" classname="com.att.myprice.testcases.TC04_ASE_Firm_10GB_ErateY">
    <skipped/>
  </testcase> <!-- TC04_ASE_FirmFlow -->
  <testcase name="TC04_ASE_FirmFlow" time="0.000" classname="com.att.myprice.testcases.TC04_ASE_Firm_10GB_ErateY">
    <skipped/>
  </testcase> <!-- TC04_ASE_FirmFlow -->
  <testcase name="TC04_ASE_FirmFlow" time="0.001" classname="com.att.myprice.testcases.TC04_ASE_Firm_10GB_ErateY">
    <skipped/>
  </testcase> <!-- TC04_ASE_FirmFlow -->
  <testcase name="TC04_ASE_FirmFlow" time="0.001" classname="com.att.myprice.testcases.TC04_ASE_Firm_10GB_ErateY">
    <skipped/>
  </testcase> <!-- TC04_ASE_FirmFlow -->
  <testcase name="TC04_ASE_FirmFlow" time="0.001" classname="com.att.myprice.testcases.TC04_ASE_Firm_10GB_ErateY">
    <skipped/>
  </testcase> <!-- TC04_ASE_FirmFlow -->
  <testcase name="TC04_ASE_FirmFlow" time="0.001" classname="com.att.myprice.testcases.TC04_ASE_Firm_10GB_ErateY">
    <skipped/>
  </testcase> <!-- TC04_ASE_FirmFlow -->
  <testcase name="TC04_ASE_FirmFlow" time="0.001" classname="com.att.myprice.testcases.TC04_ASE_Firm_10GB_ErateY">
    <skipped/>
  </testcase> <!-- TC04_ASE_FirmFlow -->
  <testcase name="TC04_ASE_FirmFlow" time="0.001" classname="com.att.myprice.testcases.TC04_ASE_Firm_10GB_ErateY">
    <skipped/>
  </testcase> <!-- TC04_ASE_FirmFlow -->
  <testcase name="TC04_ASE_FirmFlow" time="0.001" classname="com.att.myprice.testcases.TC04_ASE_Firm_10GB_ErateY">
    <skipped/>
  </testcase> <!-- TC04_ASE_FirmFlow -->
  <testcase name="TC04_ASE_FirmFlow" time="0.001" classname="com.att.myprice.testcases.TC04_ASE_Firm_10GB_ErateY">
    <skipped/>
  </testcase> <!-- TC04_ASE_FirmFlow -->
  <testcase name="TC04_ASE_FirmFlow" time="0.000" classname="com.att.myprice.testcases.TC04_ASE_Firm_10GB_ErateY">
    <skipped/>
  </testcase> <!-- TC04_ASE_FirmFlow -->
  <testcase name="TC04_ASE_FirmFlow" time="0.001" classname="com.att.myprice.testcases.TC04_ASE_Firm_10GB_ErateY">
    <skipped/>
  </testcase> <!-- TC04_ASE_FirmFlow -->
  <testcase name="TC04_ASE_FirmFlow" time="0.001" classname="com.att.myprice.testcases.TC04_ASE_Firm_10GB_ErateY">
    <skipped/>
  </testcase> <!-- TC04_ASE_FirmFlow -->
  <testcase name="TC04_ASE_FirmFlow" time="0.001" classname="com.att.myprice.testcases.TC04_ASE_Firm_10GB_ErateY">
    <skipped/>
  </testcase> <!-- TC04_ASE_FirmFlow -->
  <testcase name="TC04_ASE_FirmFlow" time="0.001" classname="com.att.myprice.testcases.TC04_ASE_Firm_10GB_ErateY">
    <skipped/>
  </testcase> <!-- TC04_ASE_FirmFlow -->
  <testcase name="TC04_ASE_FirmFlow" time="0.000" classname="com.att.myprice.testcases.TC04_ASE_Firm_10GB_ErateY">
    <skipped/>
  </testcase> <!-- TC04_ASE_FirmFlow -->
  <testcase name="TC04_ASE_FirmFlow" time="0.001" classname="com.att.myprice.testcases.TC04_ASE_Firm_10GB_ErateY">
    <skipped/>
  </testcase> <!-- TC04_ASE_FirmFlow -->
  <testcase name="TC04_ASE_FirmFlow" time="0.001" classname="com.att.myprice.testcases.TC04_ASE_Firm_10GB_ErateY">
    <skipped/>
  </testcase> <!-- TC04_ASE_FirmFlow -->
  <testcase name="TC04_ASE_FirmFlow" time="0.001" classname="com.att.myprice.testcases.TC04_ASE_Firm_10GB_ErateY">
    <skipped/>
  </testcase> <!-- TC04_ASE_FirmFlow -->
  <testcase name="TC04_ASE_FirmFlow" time="0.000" classname="com.att.myprice.testcases.TC04_ASE_Firm_10GB_ErateY">
    <skipped/>
  </testcase> <!-- TC04_ASE_FirmFlow -->
  <testcase name="TC04_ASE_FirmFlow" time="0.001" classname="com.att.myprice.testcases.TC04_ASE_Firm_10GB_ErateY">
    <skipped/>
  </testcase> <!-- TC04_ASE_FirmFlow -->
  <testcase name="TC04_ASE_FirmFlow" time="0.001" classname="com.att.myprice.testcases.TC04_ASE_Firm_10GB_ErateY">
    <skipped/>
  </testcase> <!-- TC04_ASE_FirmFlow -->
  <testcase name="TC04_ASE_FirmFlow" time="0.000" classname="com.att.myprice.testcases.TC04_ASE_Firm_10GB_ErateY">
    <skipped/>
  </testcase> <!-- TC04_ASE_FirmFlow -->
  <testcase name="TC04_ASE_FirmFlow" time="0.001" classname="com.att.myprice.testcases.TC04_ASE_Firm_10GB_ErateY">
    <skipped/>
  </testcase> <!-- TC04_ASE_FirmFlow -->
  <testcase name="TC04_ASE_FirmFlow" time="0.001" classname="com.att.myprice.testcases.TC04_ASE_Firm_10GB_ErateY">
    <skipped/>
  </testcase> <!-- TC04_ASE_FirmFlow -->
  <testcase name="TC04_ASE_FirmFlow" time="0.002" classname="com.att.myprice.testcases.TC04_ASE_Firm_10GB_ErateY">
    <skipped/>
  </testcase> <!-- TC04_ASE_FirmFlow -->
  <testcase name="TC04_ASE_FirmFlow" time="0.001" classname="com.att.myprice.testcases.TC04_ASE_Firm_10GB_ErateY">
    <skipped/>
  </testcase> <!-- TC04_ASE_FirmFlow -->
  <testcase name="TC04_ASE_FirmFlow" time="0.002" classname="com.att.myprice.testcases.TC04_ASE_Firm_10GB_ErateY">
    <skipped/>
  </testcase> <!-- TC04_ASE_FirmFlow -->
  <testcase name="TC04_ASE_FirmFlow" time="0.000" classname="com.att.myprice.testcases.TC04_ASE_Firm_10GB_ErateY">
    <skipped/>
  </testcase> <!-- TC04_ASE_FirmFlow -->
  <testcase name="TC04_ASE_FirmFlow" time="0.001" classname="com.att.myprice.testcases.TC04_ASE_Firm_10GB_ErateY">
    <skipped/>
  </testcase> <!-- TC04_ASE_FirmFlow -->
  <testcase name="TC04_ASE_FirmFlow" time="0.001" classname="com.att.myprice.testcases.TC04_ASE_Firm_10GB_ErateY">
    <skipped/>
  </testcase> <!-- TC04_ASE_FirmFlow -->
  <testcase name="TC04_ASE_FirmFlow" time="0.013" classname="com.att.myprice.testcases.TC04_ASE_Firm_10GB_ErateY">
    <skipped/>
  </testcase> <!-- TC04_ASE_FirmFlow -->
  <testcase name="TC04_ASE_FirmFlow" time="0.001" classname="com.att.myprice.testcases.TC04_ASE_Firm_10GB_ErateY">
    <skipped/>
  </testcase> <!-- TC04_ASE_FirmFlow -->
  <testcase name="TC04_ASE_FirmFlow" time="0.001" classname="com.att.myprice.testcases.TC04_ASE_Firm_10GB_ErateY">
    <skipped/>
  </testcase> <!-- TC04_ASE_FirmFlow -->
  <testcase name="TC04_ASE_FirmFlow" time="0.001" classname="com.att.myprice.testcases.TC04_ASE_Firm_10GB_ErateY">
    <skipped/>
  </testcase> <!-- TC04_ASE_FirmFlow -->
  <testcase name="TC04_ASE_FirmFlow" time="0.001" classname="com.att.myprice.testcases.TC04_ASE_Firm_10GB_ErateY">
    <skipped/>
  </testcase> <!-- TC04_ASE_FirmFlow -->
  <testcase name="TC04_ASE_FirmFlow" time="0.002" classname="com.att.myprice.testcases.TC04_ASE_Firm_10GB_ErateY">
    <skipped/>
  </testcase> <!-- TC04_ASE_FirmFlow -->
  <testcase name="TC04_ASE_FirmFlow" time="0.000" classname="com.att.myprice.testcases.TC04_ASE_Firm_10GB_ErateY">
    <skipped/>
  </testcase> <!-- TC04_ASE_FirmFlow -->
  <testcase name="TC04_ASE_FirmFlow" time="0.001" classname="com.att.myprice.testcases.TC04_ASE_Firm_10GB_ErateY">
    <skipped/>
  </testcase> <!-- TC04_ASE_FirmFlow -->
  <testcase name="TC04_ASE_FirmFlow" time="0.001" classname="com.att.myprice.testcases.TC04_ASE_Firm_10GB_ErateY">
    <skipped/>
  </testcase> <!-- TC04_ASE_FirmFlow -->
  <testcase name="TC04_ASE_FirmFlow" time="0.001" classname="com.att.myprice.testcases.TC04_ASE_Firm_10GB_ErateY">
    <skipped/>
  </testcase> <!-- TC04_ASE_FirmFlow -->
  <testcase name="TC04_ASE_FirmFlow" time="0.035" classname="com.att.myprice.testcases.TC04_ASE_Firm_10GB_ErateY">
    <skipped/>
  </testcase> <!-- TC04_ASE_FirmFlow -->
  <testcase name="TC04_ASE_FirmFlow" time="0.001" classname="com.att.myprice.testcases.TC04_ASE_Firm_10GB_ErateY">
    <skipped/>
  </testcase> <!-- TC04_ASE_FirmFlow -->
  <testcase name="TC04_ASE_FirmFlow" time="0.002" classname="com.att.myprice.testcases.TC04_ASE_Firm_10GB_ErateY">
    <skipped/>
  </testcase> <!-- TC04_ASE_FirmFlow -->
  <testcase name="TC04_ASE_FirmFlow" time="0.001" classname="com.att.myprice.testcases.TC04_ASE_Firm_10GB_ErateY">
    <skipped/>
  </testcase> <!-- TC04_ASE_FirmFlow -->
  <testcase name="TC04_ASE_FirmFlow" time="0.001" classname="com.att.myprice.testcases.TC04_ASE_Firm_10GB_ErateY">
    <skipped/>
  </testcase> <!-- TC04_ASE_FirmFlow -->
  <testcase name="TC04_ASE_FirmFlow" time="0.002" classname="com.att.myprice.testcases.TC04_ASE_Firm_10GB_ErateY">
    <skipped/>
  </testcase> <!-- TC04_ASE_FirmFlow -->
  <testcase name="TC04_ASE_FirmFlow" time="0.001" classname="com.att.myprice.testcases.TC04_ASE_Firm_10GB_ErateY">
    <skipped/>
  </testcase> <!-- TC04_ASE_FirmFlow -->
  <testcase name="TC04_ASE_FirmFlow" time="0.002" classname="com.att.myprice.testcases.TC04_ASE_Firm_10GB_ErateY">
    <skipped/>
  </testcase> <!-- TC04_ASE_FirmFlow -->
  <testcase name="TC04_ASE_FirmFlow" time="0.001" classname="com.att.myprice.testcases.TC04_ASE_Firm_10GB_ErateY">
    <skipped/>
  </testcase> <!-- TC04_ASE_FirmFlow -->
  <testcase name="TC04_ASE_FirmFlow" time="0.002" classname="com.att.myprice.testcases.TC04_ASE_Firm_10GB_ErateY">
    <skipped/>
  </testcase> <!-- TC04_ASE_FirmFlow -->
  <testcase name="TC04_ASE_FirmFlow" time="0.001" classname="com.att.myprice.testcases.TC04_ASE_Firm_10GB_ErateY">
    <skipped/>
  </testcase> <!-- TC04_ASE_FirmFlow -->
  <testcase name="TC04_ASE_FirmFlow" time="0.001" classname="com.att.myprice.testcases.TC04_ASE_Firm_10GB_ErateY">
    <skipped/>
  </testcase> <!-- TC04_ASE_FirmFlow -->
  <testcase name="TC04_ASE_FirmFlow" time="0.001" classname="com.att.myprice.testcases.TC04_ASE_Firm_10GB_ErateY">
    <skipped/>
  </testcase> <!-- TC04_ASE_FirmFlow -->
  <testcase name="TC04_ASE_FirmFlow" time="0.001" classname="com.att.myprice.testcases.TC04_ASE_Firm_10GB_ErateY">
    <skipped/>
  </testcase> <!-- TC04_ASE_FirmFlow -->
  <testcase name="TC04_ASE_FirmFlow" time="0.000" classname="com.att.myprice.testcases.TC04_ASE_Firm_10GB_ErateY">
    <skipped/>
  </testcase> <!-- TC04_ASE_FirmFlow -->
  <testcase name="TC04_ASE_FirmFlow" time="0.001" classname="com.att.myprice.testcases.TC04_ASE_Firm_10GB_ErateY">
    <skipped/>
  </testcase> <!-- TC04_ASE_FirmFlow -->
  <testcase name="TC04_ASE_FirmFlow" time="0.001" classname="com.att.myprice.testcases.TC04_ASE_Firm_10GB_ErateY">
    <skipped/>
  </testcase> <!-- TC04_ASE_FirmFlow -->
  <testcase name="TC04_ASE_FirmFlow" time="0.002" classname="com.att.myprice.testcases.TC04_ASE_Firm_10GB_ErateY">
    <skipped/>
  </testcase> <!-- TC04_ASE_FirmFlow -->
  <testcase name="TC04_ASE_FirmFlow" time="0.001" classname="com.att.myprice.testcases.TC04_ASE_Firm_10GB_ErateY">
    <skipped/>
  </testcase> <!-- TC04_ASE_FirmFlow -->
  <testcase name="TC04_ASE_FirmFlow" time="0.001" classname="com.att.myprice.testcases.TC04_ASE_Firm_10GB_ErateY">
    <skipped/>
  </testcase> <!-- TC04_ASE_FirmFlow -->
  <testcase name="TC04_ASE_FirmFlow" time="0.001" classname="com.att.myprice.testcases.TC04_ASE_Firm_10GB_ErateY">
    <skipped/>
  </testcase> <!-- TC04_ASE_FirmFlow -->
  <testcase name="TC04_ASE_FirmFlow" time="0.000" classname="com.att.myprice.testcases.TC04_ASE_Firm_10GB_ErateY">
    <skipped/>
  </testcase> <!-- TC04_ASE_FirmFlow -->
  <testcase name="TC04_ASE_FirmFlow" time="0.002" classname="com.att.myprice.testcases.TC04_ASE_Firm_10GB_ErateY">
    <skipped/>
  </testcase> <!-- TC04_ASE_FirmFlow -->
  <testcase name="TC04_ASE_FirmFlow" time="0.000" classname="com.att.myprice.testcases.TC04_ASE_Firm_10GB_ErateY">
    <skipped/>
  </testcase> <!-- TC04_ASE_FirmFlow -->
  <testcase name="TC04_ASE_FirmFlow" time="0.001" classname="com.att.myprice.testcases.TC04_ASE_Firm_10GB_ErateY">
    <skipped/>
  </testcase> <!-- TC04_ASE_FirmFlow -->
  <testcase name="TC04_ASE_FirmFlow" time="0.000" classname="com.att.myprice.testcases.TC04_ASE_Firm_10GB_ErateY">
    <skipped/>
  </testcase> <!-- TC04_ASE_FirmFlow -->
  <testcase name="TC04_ASE_FirmFlow" time="0.001" classname="com.att.myprice.testcases.TC04_ASE_Firm_10GB_ErateY">
    <skipped/>
  </testcase> <!-- TC04_ASE_FirmFlow -->
  <testcase name="TC04_ASE_FirmFlow" time="0.001" classname="com.att.myprice.testcases.TC04_ASE_Firm_10GB_ErateY">
    <skipped/>
  </testcase> <!-- TC04_ASE_FirmFlow -->
  <testcase name="TC04_ASE_FirmFlow" time="0.008" classname="com.att.myprice.testcases.TC04_ASE_Firm_10GB_ErateY">
    <skipped/>
  </testcase> <!-- TC04_ASE_FirmFlow -->
  <testcase name="TC04_ASE_FirmFlow" time="0.000" classname="com.att.myprice.testcases.TC04_ASE_Firm_10GB_ErateY">
    <skipped/>
  </testcase> <!-- TC04_ASE_FirmFlow -->
  <testcase name="TC04_ASE_FirmFlow" time="0.001" classname="com.att.myprice.testcases.TC04_ASE_Firm_10GB_ErateY">
    <skipped/>
  </testcase> <!-- TC04_ASE_FirmFlow -->
  <testcase name="TC04_ASE_FirmFlow" time="0.001" classname="com.att.myprice.testcases.TC04_ASE_Firm_10GB_ErateY">
    <skipped/>
  </testcase> <!-- TC04_ASE_FirmFlow -->
  <testcase name="TC04_ASE_FirmFlow" time="0.003" classname="com.att.myprice.testcases.TC04_ASE_Firm_10GB_ErateY">
    <skipped/>
  </testcase> <!-- TC04_ASE_FirmFlow -->
  <testcase name="TC04_ASE_FirmFlow" time="0.001" classname="com.att.myprice.testcases.TC04_ASE_Firm_10GB_ErateY">
    <skipped/>
  </testcase> <!-- TC04_ASE_FirmFlow -->
  <testcase name="TC04_ASE_FirmFlow" time="0.001" classname="com.att.myprice.testcases.TC04_ASE_Firm_10GB_ErateY">
    <skipped/>
  </testcase> <!-- TC04_ASE_FirmFlow -->
  <testcase name="TC04_ASE_FirmFlow" time="0.001" classname="com.att.myprice.testcases.TC04_ASE_Firm_10GB_ErateY">
    <skipped/>
  </testcase> <!-- TC04_ASE_FirmFlow -->
  <testcase name="TC04_ASE_FirmFlow" time="0.002" classname="com.att.myprice.testcases.TC04_ASE_Firm_10GB_ErateY">
    <skipped/>
  </testcase> <!-- TC04_ASE_FirmFlow -->
  <testcase name="TC04_ASE_FirmFlow" time="0.001" classname="com.att.myprice.testcases.TC04_ASE_Firm_10GB_ErateY">
    <skipped/>
  </testcase> <!-- TC04_ASE_FirmFlow -->
  <testcase name="TC04_ASE_FirmFlow" time="0.001" classname="com.att.myprice.testcases.TC04_ASE_Firm_10GB_ErateY">
    <skipped/>
  </testcase> <!-- TC04_ASE_FirmFlow -->
  <testcase name="TC04_ASE_FirmFlow" time="0.002" classname="com.att.myprice.testcases.TC04_ASE_Firm_10GB_ErateY">
    <skipped/>
  </testcase> <!-- TC04_ASE_FirmFlow -->
  <testcase name="TC04_ASE_FirmFlow" time="0.001" classname="com.att.myprice.testcases.TC04_ASE_Firm_10GB_ErateY">
    <skipped/>
  </testcase> <!-- TC04_ASE_FirmFlow -->
  <testcase name="TC04_ASE_FirmFlow" time="0.003" classname="com.att.myprice.testcases.TC04_ASE_Firm_10GB_ErateY">
    <skipped/>
  </testcase> <!-- TC04_ASE_FirmFlow -->
  <testcase name="TC04_ASE_FirmFlow" time="0.001" classname="com.att.myprice.testcases.TC04_ASE_Firm_10GB_ErateY">
    <skipped/>
  </testcase> <!-- TC04_ASE_FirmFlow -->
  <testcase name="TC04_ASE_FirmFlow" time="0.005" classname="com.att.myprice.testcases.TC04_ASE_Firm_10GB_ErateY">
    <skipped/>
  </testcase> <!-- TC04_ASE_FirmFlow -->
  <testcase name="TC04_ASE_FirmFlow" time="0.001" classname="com.att.myprice.testcases.TC04_ASE_Firm_10GB_ErateY">
    <skipped/>
  </testcase> <!-- TC04_ASE_FirmFlow -->
  <testcase name="TC04_ASE_FirmFlow" time="0.001" classname="com.att.myprice.testcases.TC04_ASE_Firm_10GB_ErateY">
    <skipped/>
  </testcase> <!-- TC04_ASE_FirmFlow -->
  <testcase name="TC04_ASE_FirmFlow" time="0.007" classname="com.att.myprice.testcases.TC04_ASE_Firm_10GB_ErateY">
    <skipped/>
  </testcase> <!-- TC04_ASE_FirmFlow -->
  <testcase name="TC04_ASE_FirmFlow" time="0.001" classname="com.att.myprice.testcases.TC04_ASE_Firm_10GB_ErateY">
    <skipped/>
  </testcase> <!-- TC04_ASE_FirmFlow -->
  <testcase name="TC04_ASE_FirmFlow" time="0.001" classname="com.att.myprice.testcases.TC04_ASE_Firm_10GB_ErateY">
    <skipped/>
  </testcase> <!-- TC04_ASE_FirmFlow -->
  <testcase name="TC04_ASE_FirmFlow" time="0.001" classname="com.att.myprice.testcases.TC04_ASE_Firm_10GB_ErateY">
    <skipped/>
  </testcase> <!-- TC04_ASE_FirmFlow -->
  <testcase name="TC04_ASE_FirmFlow" time="0.001" classname="com.att.myprice.testcases.TC04_ASE_Firm_10GB_ErateY">
    <skipped/>
  </testcase> <!-- TC04_ASE_FirmFlow -->
  <testcase name="TC04_ASE_FirmFlow" time="0.001" classname="com.att.myprice.testcases.TC04_ASE_Firm_10GB_ErateY">
    <skipped/>
  </testcase> <!-- TC04_ASE_FirmFlow -->
  <testcase name="TC04_ASE_FirmFlow" time="0.001" classname="com.att.myprice.testcases.TC04_ASE_Firm_10GB_ErateY">
    <skipped/>
  </testcase> <!-- TC04_ASE_FirmFlow -->
  <testcase name="TC04_ASE_FirmFlow" time="0.001" classname="com.att.myprice.testcases.TC04_ASE_Firm_10GB_ErateY">
    <skipped/>
  </testcase> <!-- TC04_ASE_FirmFlow -->
  <testcase name="TC04_ASE_FirmFlow" time="0.001" classname="com.att.myprice.testcases.TC04_ASE_Firm_10GB_ErateY">
    <skipped/>
  </testcase> <!-- TC04_ASE_FirmFlow -->
  <testcase name="TC04_ASE_FirmFlow" time="0.001" classname="com.att.myprice.testcases.TC04_ASE_Firm_10GB_ErateY">
    <skipped/>
  </testcase> <!-- TC04_ASE_FirmFlow -->
  <testcase name="TC04_ASE_FirmFlow" time="0.001" classname="com.att.myprice.testcases.TC04_ASE_Firm_10GB_ErateY">
    <skipped/>
  </testcase> <!-- TC04_ASE_FirmFlow -->
  <testcase name="TC04_ASE_FirmFlow" time="0.001" classname="com.att.myprice.testcases.TC04_ASE_Firm_10GB_ErateY">
    <skipped/>
  </testcase> <!-- TC04_ASE_FirmFlow -->
  <testcase name="TC04_ASE_FirmFlow" time="0.001" classname="com.att.myprice.testcases.TC04_ASE_Firm_10GB_ErateY">
    <skipped/>
  </testcase> <!-- TC04_ASE_FirmFlow -->
  <testcase name="TC04_ASE_FirmFlow" time="0.001" classname="com.att.myprice.testcases.TC04_ASE_Firm_10GB_ErateY">
    <skipped/>
  </testcase> <!-- TC04_ASE_FirmFlow -->
  <testcase name="TC04_ASE_FirmFlow" time="0.000" classname="com.att.myprice.testcases.TC04_ASE_Firm_10GB_ErateY">
    <skipped/>
  </testcase> <!-- TC04_ASE_FirmFlow -->
  <testcase name="TC04_ASE_FirmFlow" time="0.001" classname="com.att.myprice.testcases.TC04_ASE_Firm_10GB_ErateY">
    <skipped/>
  </testcase> <!-- TC04_ASE_FirmFlow -->
  <testcase name="TC04_ASE_FirmFlow" time="0.001" classname="com.att.myprice.testcases.TC04_ASE_Firm_10GB_ErateY">
    <skipped/>
  </testcase> <!-- TC04_ASE_FirmFlow -->
  <testcase name="TC04_ASE_FirmFlow" time="0.001" classname="com.att.myprice.testcases.TC04_ASE_Firm_10GB_ErateY">
    <skipped/>
  </testcase> <!-- TC04_ASE_FirmFlow -->
  <testcase name="TC04_ASE_FirmFlow" time="0.001" classname="com.att.myprice.testcases.TC04_ASE_Firm_10GB_ErateY">
    <skipped/>
  </testcase> <!-- TC04_ASE_FirmFlow -->
  <testcase name="TC04_ASE_FirmFlow" time="0.000" classname="com.att.myprice.testcases.TC04_ASE_Firm_10GB_ErateY">
    <skipped/>
  </testcase> <!-- TC04_ASE_FirmFlow -->
  <testcase name="TC04_ASE_FirmFlow" time="0.001" classname="com.att.myprice.testcases.TC04_ASE_Firm_10GB_ErateY">
    <skipped/>
  </testcase> <!-- TC04_ASE_FirmFlow -->
  <testcase name="TC04_ASE_FirmFlow" time="0.001" classname="com.att.myprice.testcases.TC04_ASE_Firm_10GB_ErateY">
    <skipped/>
  </testcase> <!-- TC04_ASE_FirmFlow -->
  <testcase name="TC04_ASE_FirmFlow" time="0.001" classname="com.att.myprice.testcases.TC04_ASE_Firm_10GB_ErateY">
    <skipped/>
  </testcase> <!-- TC04_ASE_FirmFlow -->
  <testcase name="TC04_ASE_FirmFlow" time="0.001" classname="com.att.myprice.testcases.TC04_ASE_Firm_10GB_ErateY">
    <skipped/>
  </testcase> <!-- TC04_ASE_FirmFlow -->
  <testcase name="TC04_ASE_FirmFlow" time="0.001" classname="com.att.myprice.testcases.TC04_ASE_Firm_10GB_ErateY">
    <skipped/>
  </testcase> <!-- TC04_ASE_FirmFlow -->
  <testcase name="TC04_ASE_FirmFlow" time="0.000" classname="com.att.myprice.testcases.TC04_ASE_Firm_10GB_ErateY">
    <skipped/>
  </testcase> <!-- TC04_ASE_FirmFlow -->
  <testcase name="TC04_ASE_FirmFlow" time="0.003" classname="com.att.myprice.testcases.TC04_ASE_Firm_10GB_ErateY">
    <skipped/>
  </testcase> <!-- TC04_ASE_FirmFlow -->
  <testcase name="TC04_ASE_FirmFlow" time="0.001" classname="com.att.myprice.testcases.TC04_ASE_Firm_10GB_ErateY">
    <skipped/>
  </testcase> <!-- TC04_ASE_FirmFlow -->
  <testcase name="TC04_ASE_FirmFlow" time="0.002" classname="com.att.myprice.testcases.TC04_ASE_Firm_10GB_ErateY">
    <skipped/>
  </testcase> <!-- TC04_ASE_FirmFlow -->
  <testcase name="TC04_ASE_FirmFlow" time="0.001" classname="com.att.myprice.testcases.TC04_ASE_Firm_10GB_ErateY">
    <skipped/>
  </testcase> <!-- TC04_ASE_FirmFlow -->
  <testcase name="TC04_ASE_FirmFlow" time="0.000" classname="com.att.myprice.testcases.TC04_ASE_Firm_10GB_ErateY">
    <skipped/>
  </testcase> <!-- TC04_ASE_FirmFlow -->
  <testcase name="TC04_ASE_FirmFlow" time="0.001" classname="com.att.myprice.testcases.TC04_ASE_Firm_10GB_ErateY">
    <skipped/>
  </testcase> <!-- TC04_ASE_FirmFlow -->
  <testcase name="TC04_ASE_FirmFlow" time="0.002" classname="com.att.myprice.testcases.TC04_ASE_Firm_10GB_ErateY">
    <skipped/>
  </testcase> <!-- TC04_ASE_FirmFlow -->
  <testcase name="TC04_ASE_FirmFlow" time="0.001" classname="com.att.myprice.testcases.TC04_ASE_Firm_10GB_ErateY">
    <skipped/>
  </testcase> <!-- TC04_ASE_FirmFlow -->
  <testcase name="TC04_ASE_FirmFlow" time="0.001" classname="com.att.myprice.testcases.TC04_ASE_Firm_10GB_ErateY">
    <skipped/>
  </testcase> <!-- TC04_ASE_FirmFlow -->
  <testcase name="TC04_ASE_FirmFlow" time="0.001" classname="com.att.myprice.testcases.TC04_ASE_Firm_10GB_ErateY">
    <skipped/>
  </testcase> <!-- TC04_ASE_FirmFlow -->
  <testcase name="TC04_ASE_FirmFlow" time="0.001" classname="com.att.myprice.testcases.TC04_ASE_Firm_10GB_ErateY">
    <skipped/>
  </testcase> <!-- TC04_ASE_FirmFlow -->
  <testcase name="TC04_ASE_FirmFlow" time="0.001" classname="com.att.myprice.testcases.TC04_ASE_Firm_10GB_ErateY">
    <skipped/>
  </testcase> <!-- TC04_ASE_FirmFlow -->
  <testcase name="TC04_ASE_FirmFlow" time="0.001" classname="com.att.myprice.testcases.TC04_ASE_Firm_10GB_ErateY">
    <skipped/>
  </testcase> <!-- TC04_ASE_FirmFlow -->
  <testcase name="TC04_ASE_FirmFlow" time="0.001" classname="com.att.myprice.testcases.TC04_ASE_Firm_10GB_ErateY">
    <skipped/>
  </testcase> <!-- TC04_ASE_FirmFlow -->
  <testcase name="TC04_ASE_FirmFlow" time="0.001" classname="com.att.myprice.testcases.TC04_ASE_Firm_10GB_ErateY">
    <skipped/>
  </testcase> <!-- TC04_ASE_FirmFlow -->
  <testcase name="TC04_ASE_FirmFlow" time="0.001" classname="com.att.myprice.testcases.TC04_ASE_Firm_10GB_ErateY">
    <skipped/>
  </testcase> <!-- TC04_ASE_FirmFlow -->
  <testcase name="TC04_ASE_FirmFlow" time="0.001" classname="com.att.myprice.testcases.TC04_ASE_Firm_10GB_ErateY">
    <skipped/>
  </testcase> <!-- TC04_ASE_FirmFlow -->
  <testcase name="TC04_ASE_FirmFlow" time="0.001" classname="com.att.myprice.testcases.TC04_ASE_Firm_10GB_ErateY">
    <skipped/>
  </testcase> <!-- TC04_ASE_FirmFlow -->
  <testcase name="TC04_ASE_FirmFlow" time="0.001" classname="com.att.myprice.testcases.TC04_ASE_Firm_10GB_ErateY">
    <skipped/>
  </testcase> <!-- TC04_ASE_FirmFlow -->
  <testcase name="TC04_ASE_FirmFlow" time="0.001" classname="com.att.myprice.testcases.TC04_ASE_Firm_10GB_ErateY">
    <skipped/>
  </testcase> <!-- TC04_ASE_FirmFlow -->
  <testcase name="TC04_ASE_FirmFlow" time="0.001" classname="com.att.myprice.testcases.TC04_ASE_Firm_10GB_ErateY">
    <skipped/>
  </testcase> <!-- TC04_ASE_FirmFlow -->
  <testcase name="TC04_ASE_FirmFlow" time="0.002" classname="com.att.myprice.testcases.TC04_ASE_Firm_10GB_ErateY">
    <skipped/>
  </testcase> <!-- TC04_ASE_FirmFlow -->
  <testcase name="TC04_ASE_FirmFlow" time="0.001" classname="com.att.myprice.testcases.TC04_ASE_Firm_10GB_ErateY">
    <skipped/>
  </testcase> <!-- TC04_ASE_FirmFlow -->
  <testcase name="TC04_ASE_FirmFlow" time="0.001" classname="com.att.myprice.testcases.TC04_ASE_Firm_10GB_ErateY">
    <skipped/>
  </testcase> <!-- TC04_ASE_FirmFlow -->
  <testcase name="TC04_ASE_FirmFlow" time="0.001" classname="com.att.myprice.testcases.TC04_ASE_Firm_10GB_ErateY">
    <skipped/>
  </testcase> <!-- TC04_ASE_FirmFlow -->
  <testcase name="TC04_ASE_FirmFlow" time="0.001" classname="com.att.myprice.testcases.TC04_ASE_Firm_10GB_ErateY">
    <skipped/>
  </testcase> <!-- TC04_ASE_FirmFlow -->
  <testcase name="TC04_ASE_FirmFlow" time="0.000" classname="com.att.myprice.testcases.TC04_ASE_Firm_10GB_ErateY">
    <skipped/>
  </testcase> <!-- TC04_ASE_FirmFlow -->
  <testcase name="TC04_ASE_FirmFlow" time="0.002" classname="com.att.myprice.testcases.TC04_ASE_Firm_10GB_ErateY">
    <skipped/>
  </testcase> <!-- TC04_ASE_FirmFlow -->
  <testcase name="TC04_ASE_FirmFlow" time="0.001" classname="com.att.myprice.testcases.TC04_ASE_Firm_10GB_ErateY">
    <skipped/>
  </testcase> <!-- TC04_ASE_FirmFlow -->
  <testcase name="TC04_ASE_FirmFlow" time="0.000" classname="com.att.myprice.testcases.TC04_ASE_Firm_10GB_ErateY">
    <skipped/>
  </testcase> <!-- TC04_ASE_FirmFlow -->
  <testcase name="TC04_ASE_FirmFlow" time="0.001" classname="com.att.myprice.testcases.TC04_ASE_Firm_10GB_ErateY">
    <skipped/>
  </testcase> <!-- TC04_ASE_FirmFlow -->
  <testcase name="TC04_ASE_FirmFlow" time="0.001" classname="com.att.myprice.testcases.TC04_ASE_Firm_10GB_ErateY">
    <skipped/>
  </testcase> <!-- TC04_ASE_FirmFlow -->
  <testcase name="TC04_ASE_FirmFlow" time="0.002" classname="com.att.myprice.testcases.TC04_ASE_Firm_10GB_ErateY">
    <skipped/>
  </testcase> <!-- TC04_ASE_FirmFlow -->
  <testcase name="TC04_ASE_FirmFlow" time="0.001" classname="com.att.myprice.testcases.TC04_ASE_Firm_10GB_ErateY">
    <skipped/>
  </testcase> <!-- TC04_ASE_FirmFlow -->
  <testcase name="TC04_ASE_FirmFlow" time="0.001" classname="com.att.myprice.testcases.TC04_ASE_Firm_10GB_ErateY">
    <skipped/>
  </testcase> <!-- TC04_ASE_FirmFlow -->
  <testcase name="TC04_ASE_FirmFlow" time="0.004" classname="com.att.myprice.testcases.TC04_ASE_Firm_10GB_ErateY">
    <skipped/>
  </testcase> <!-- TC04_ASE_FirmFlow -->
  <testcase name="TC04_ASE_FirmFlow" time="0.001" classname="com.att.myprice.testcases.TC04_ASE_Firm_10GB_ErateY">
    <skipped/>
  </testcase> <!-- TC04_ASE_FirmFlow -->
  <testcase name="TC04_ASE_FirmFlow" time="0.000" classname="com.att.myprice.testcases.TC04_ASE_Firm_10GB_ErateY">
    <skipped/>
  </testcase> <!-- TC04_ASE_FirmFlow -->
  <testcase name="TC04_ASE_FirmFlow" time="0.002" classname="com.att.myprice.testcases.TC04_ASE_Firm_10GB_ErateY">
    <skipped/>
  </testcase> <!-- TC04_ASE_FirmFlow -->
  <testcase name="TC04_ASE_FirmFlow" time="0.001" classname="com.att.myprice.testcases.TC04_ASE_Firm_10GB_ErateY">
    <skipped/>
  </testcase> <!-- TC04_ASE_FirmFlow -->
  <testcase name="TC04_ASE_FirmFlow" time="0.001" classname="com.att.myprice.testcases.TC04_ASE_Firm_10GB_ErateY">
    <skipped/>
  </testcase> <!-- TC04_ASE_FirmFlow -->
  <testcase name="TC04_ASE_FirmFlow" time="0.001" classname="com.att.myprice.testcases.TC04_ASE_Firm_10GB_ErateY">
    <skipped/>
  </testcase> <!-- TC04_ASE_FirmFlow -->
  <testcase name="TC04_ASE_FirmFlow" time="0.001" classname="com.att.myprice.testcases.TC04_ASE_Firm_10GB_ErateY">
    <skipped/>
  </testcase> <!-- TC04_ASE_FirmFlow -->
  <testcase name="TC04_ASE_FirmFlow" time="0.001" classname="com.att.myprice.testcases.TC04_ASE_Firm_10GB_ErateY">
    <skipped/>
  </testcase> <!-- TC04_ASE_FirmFlow -->
  <testcase name="TC04_ASE_FirmFlow" time="0.002" classname="com.att.myprice.testcases.TC04_ASE_Firm_10GB_ErateY">
    <skipped/>
  </testcase> <!-- TC04_ASE_FirmFlow -->
  <testcase name="TC04_ASE_FirmFlow" time="0.001" classname="com.att.myprice.testcases.TC04_ASE_Firm_10GB_ErateY">
    <skipped/>
  </testcase> <!-- TC04_ASE_FirmFlow -->
  <testcase name="TC04_ASE_FirmFlow" time="0.001" classname="com.att.myprice.testcases.TC04_ASE_Firm_10GB_ErateY">
    <skipped/>
  </testcase> <!-- TC04_ASE_FirmFlow -->
  <testcase name="TC04_ASE_FirmFlow" time="0.001" classname="com.att.myprice.testcases.TC04_ASE_Firm_10GB_ErateY">
    <skipped/>
  </testcase> <!-- TC04_ASE_FirmFlow -->
  <testcase name="TC04_ASE_FirmFlow" time="0.001" classname="com.att.myprice.testcases.TC04_ASE_Firm_10GB_ErateY">
    <skipped/>
  </testcase> <!-- TC04_ASE_FirmFlow -->
  <testcase name="TC04_ASE_FirmFlow" time="0.001" classname="com.att.myprice.testcases.TC04_ASE_Firm_10GB_ErateY">
    <skipped/>
  </testcase> <!-- TC04_ASE_FirmFlow -->
  <testcase name="TC04_ASE_FirmFlow" time="0.001" classname="com.att.myprice.testcases.TC04_ASE_Firm_10GB_ErateY">
    <skipped/>
  </testcase> <!-- TC04_ASE_FirmFlow -->
  <testcase name="TC04_ASE_FirmFlow" time="0.001" classname="com.att.myprice.testcases.TC04_ASE_Firm_10GB_ErateY">
    <skipped/>
  </testcase> <!-- TC04_ASE_FirmFlow -->
  <testcase name="TC04_ASE_FirmFlow" time="0.001" classname="com.att.myprice.testcases.TC04_ASE_Firm_10GB_ErateY">
    <skipped/>
  </testcase> <!-- TC04_ASE_FirmFlow -->
  <testcase name="TC04_ASE_FirmFlow" time="0.001" classname="com.att.myprice.testcases.TC04_ASE_Firm_10GB_ErateY">
    <skipped/>
  </testcase> <!-- TC04_ASE_FirmFlow -->
  <testcase name="TC04_ASE_FirmFlow" time="0.001" classname="com.att.myprice.testcases.TC04_ASE_Firm_10GB_ErateY">
    <skipped/>
  </testcase> <!-- TC04_ASE_FirmFlow -->
  <testcase name="TC04_ASE_FirmFlow" time="0.002" classname="com.att.myprice.testcases.TC04_ASE_Firm_10GB_ErateY">
    <skipped/>
  </testcase> <!-- TC04_ASE_FirmFlow -->
  <testcase name="TC04_ASE_FirmFlow" time="0.001" classname="com.att.myprice.testcases.TC04_ASE_Firm_10GB_ErateY">
    <skipped/>
  </testcase> <!-- TC04_ASE_FirmFlow -->
  <testcase name="TC04_ASE_FirmFlow" time="0.026" classname="com.att.myprice.testcases.TC04_ASE_Firm_10GB_ErateY">
    <skipped/>
  </testcase> <!-- TC04_ASE_FirmFlow -->
  <testcase name="TC04_ASE_FirmFlow" time="0.001" classname="com.att.myprice.testcases.TC04_ASE_Firm_10GB_ErateY">
    <skipped/>
  </testcase> <!-- TC04_ASE_FirmFlow -->
  <testcase name="TC04_ASE_FirmFlow" time="0.001" classname="com.att.myprice.testcases.TC04_ASE_Firm_10GB_ErateY">
    <skipped/>
  </testcase> <!-- TC04_ASE_FirmFlow -->
  <testcase name="TC04_ASE_FirmFlow" time="0.001" classname="com.att.myprice.testcases.TC04_ASE_Firm_10GB_ErateY">
    <skipped/>
  </testcase> <!-- TC04_ASE_FirmFlow -->
  <testcase name="TC04_ASE_FirmFlow" time="0.001" classname="com.att.myprice.testcases.TC04_ASE_Firm_10GB_ErateY">
    <skipped/>
  </testcase> <!-- TC04_ASE_FirmFlow -->
  <testcase name="TC04_ASE_FirmFlow" time="0.000" classname="com.att.myprice.testcases.TC04_ASE_Firm_10GB_ErateY">
    <skipped/>
  </testcase> <!-- TC04_ASE_FirmFlow -->
  <testcase name="TC04_ASE_FirmFlow" time="0.001" classname="com.att.myprice.testcases.TC04_ASE_Firm_10GB_ErateY">
    <skipped/>
  </testcase> <!-- TC04_ASE_FirmFlow -->
  <testcase name="TC04_ASE_FirmFlow" time="0.001" classname="com.att.myprice.testcases.TC04_ASE_Firm_10GB_ErateY">
    <skipped/>
  </testcase> <!-- TC04_ASE_FirmFlow -->
  <testcase name="TC04_ASE_FirmFlow" time="0.001" classname="com.att.myprice.testcases.TC04_ASE_Firm_10GB_ErateY">
    <skipped/>
  </testcase> <!-- TC04_ASE_FirmFlow -->
  <testcase name="TC04_ASE_FirmFlow" time="0.001" classname="com.att.myprice.testcases.TC04_ASE_Firm_10GB_ErateY">
    <skipped/>
  </testcase> <!-- TC04_ASE_FirmFlow -->
  <testcase name="TC04_ASE_FirmFlow" time="0.001" classname="com.att.myprice.testcases.TC04_ASE_Firm_10GB_ErateY">
    <skipped/>
  </testcase> <!-- TC04_ASE_FirmFlow -->
  <testcase name="TC04_ASE_FirmFlow" time="0.001" classname="com.att.myprice.testcases.TC04_ASE_Firm_10GB_ErateY">
    <skipped/>
  </testcase> <!-- TC04_ASE_FirmFlow -->
  <testcase name="TC04_ASE_FirmFlow" time="0.001" classname="com.att.myprice.testcases.TC04_ASE_Firm_10GB_ErateY">
    <skipped/>
  </testcase> <!-- TC04_ASE_FirmFlow -->
  <testcase name="TC04_ASE_FirmFlow" time="0.001" classname="com.att.myprice.testcases.TC04_ASE_Firm_10GB_ErateY">
    <skipped/>
  </testcase> <!-- TC04_ASE_FirmFlow -->
  <testcase name="TC04_ASE_FirmFlow" time="0.001" classname="com.att.myprice.testcases.TC04_ASE_Firm_10GB_ErateY">
    <skipped/>
  </testcase> <!-- TC04_ASE_FirmFlow -->
  <testcase name="TC04_ASE_FirmFlow" time="0.002" classname="com.att.myprice.testcases.TC04_ASE_Firm_10GB_ErateY">
    <skipped/>
  </testcase> <!-- TC04_ASE_FirmFlow -->
  <testcase name="TC04_ASE_FirmFlow" time="0.001" classname="com.att.myprice.testcases.TC04_ASE_Firm_10GB_ErateY">
    <skipped/>
  </testcase> <!-- TC04_ASE_FirmFlow -->
  <testcase name="TC04_ASE_FirmFlow" time="0.001" classname="com.att.myprice.testcases.TC04_ASE_Firm_10GB_ErateY">
    <skipped/>
  </testcase> <!-- TC04_ASE_FirmFlow -->
  <testcase name="TC04_ASE_FirmFlow" time="0.001" classname="com.att.myprice.testcases.TC04_ASE_Firm_10GB_ErateY">
    <skipped/>
  </testcase> <!-- TC04_ASE_FirmFlow -->
  <testcase name="TC04_ASE_FirmFlow" time="0.001" classname="com.att.myprice.testcases.TC04_ASE_Firm_10GB_ErateY">
    <skipped/>
  </testcase> <!-- TC04_ASE_FirmFlow -->
  <testcase name="TC04_ASE_FirmFlow" time="0.019" classname="com.att.myprice.testcases.TC04_ASE_Firm_10GB_ErateY">
    <skipped/>
  </testcase> <!-- TC04_ASE_FirmFlow -->
  <testcase name="TC04_ASE_FirmFlow" time="0.001" classname="com.att.myprice.testcases.TC04_ASE_Firm_10GB_ErateY">
    <skipped/>
  </testcase> <!-- TC04_ASE_FirmFlow -->
  <testcase name="TC04_ASE_FirmFlow" time="0.001" classname="com.att.myprice.testcases.TC04_ASE_Firm_10GB_ErateY">
    <skipped/>
  </testcase> <!-- TC04_ASE_FirmFlow -->
  <testcase name="TC04_ASE_FirmFlow" time="0.001" classname="com.att.myprice.testcases.TC04_ASE_Firm_10GB_ErateY">
    <skipped/>
  </testcase> <!-- TC04_ASE_FirmFlow -->
  <testcase name="TC04_ASE_FirmFlow" time="0.002" classname="com.att.myprice.testcases.TC04_ASE_Firm_10GB_ErateY">
    <skipped/>
  </testcase> <!-- TC04_ASE_FirmFlow -->
  <testcase name="TC04_ASE_FirmFlow" time="0.001" classname="com.att.myprice.testcases.TC04_ASE_Firm_10GB_ErateY">
    <skipped/>
  </testcase> <!-- TC04_ASE_FirmFlow -->
  <testcase name="TC04_ASE_FirmFlow" time="0.001" classname="com.att.myprice.testcases.TC04_ASE_Firm_10GB_ErateY">
    <skipped/>
  </testcase> <!-- TC04_ASE_FirmFlow -->
  <testcase name="TC04_ASE_FirmFlow" time="0.001" classname="com.att.myprice.testcases.TC04_ASE_Firm_10GB_ErateY">
    <skipped/>
  </testcase> <!-- TC04_ASE_FirmFlow -->
  <testcase name="TC04_ASE_FirmFlow" time="0.001" classname="com.att.myprice.testcases.TC04_ASE_Firm_10GB_ErateY">
    <skipped/>
  </testcase> <!-- TC04_ASE_FirmFlow -->
  <testcase name="TC04_ASE_FirmFlow" time="0.001" classname="com.att.myprice.testcases.TC04_ASE_Firm_10GB_ErateY">
    <skipped/>
  </testcase> <!-- TC04_ASE_FirmFlow -->
  <testcase name="TC04_ASE_FirmFlow" time="0.001" classname="com.att.myprice.testcases.TC04_ASE_Firm_10GB_ErateY">
    <skipped/>
  </testcase> <!-- TC04_ASE_FirmFlow -->
  <testcase name="TC04_ASE_FirmFlow" time="0.001" classname="com.att.myprice.testcases.TC04_ASE_Firm_10GB_ErateY">
    <skipped/>
  </testcase> <!-- TC04_ASE_FirmFlow -->
  <testcase name="TC04_ASE_FirmFlow" time="0.001" classname="com.att.myprice.testcases.TC04_ASE_Firm_10GB_ErateY">
    <skipped/>
  </testcase> <!-- TC04_ASE_FirmFlow -->
  <testcase name="TC04_ASE_FirmFlow" time="0.001" classname="com.att.myprice.testcases.TC04_ASE_Firm_10GB_ErateY">
    <skipped/>
  </testcase> <!-- TC04_ASE_FirmFlow -->
  <testcase name="TC04_ASE_FirmFlow" time="0.002" classname="com.att.myprice.testcases.TC04_ASE_Firm_10GB_ErateY">
    <skipped/>
  </testcase> <!-- TC04_ASE_FirmFlow -->
  <testcase name="TC04_ASE_FirmFlow" time="0.001" classname="com.att.myprice.testcases.TC04_ASE_Firm_10GB_ErateY">
    <skipped/>
  </testcase> <!-- TC04_ASE_FirmFlow -->
  <testcase name="TC04_ASE_FirmFlow" time="0.001" classname="com.att.myprice.testcases.TC04_ASE_Firm_10GB_ErateY">
    <skipped/>
  </testcase> <!-- TC04_ASE_FirmFlow -->
  <testcase name="TC04_ASE_FirmFlow" time="0.001" classname="com.att.myprice.testcases.TC04_ASE_Firm_10GB_ErateY">
    <skipped/>
  </testcase> <!-- TC04_ASE_FirmFlow -->
  <testcase name="TC04_ASE_FirmFlow" time="0.001" classname="com.att.myprice.testcases.TC04_ASE_Firm_10GB_ErateY">
    <skipped/>
  </testcase> <!-- TC04_ASE_FirmFlow -->
  <testcase name="TC04_ASE_FirmFlow" time="0.000" classname="com.att.myprice.testcases.TC04_ASE_Firm_10GB_ErateY">
    <skipped/>
  </testcase> <!-- TC04_ASE_FirmFlow -->
  <testcase name="TC04_ASE_FirmFlow" time="0.002" classname="com.att.myprice.testcases.TC04_ASE_Firm_10GB_ErateY">
    <skipped/>
  </testcase> <!-- TC04_ASE_FirmFlow -->
  <testcase name="TC04_ASE_FirmFlow" time="0.001" classname="com.att.myprice.testcases.TC04_ASE_Firm_10GB_ErateY">
    <skipped/>
  </testcase> <!-- TC04_ASE_FirmFlow -->
  <testcase name="TC04_ASE_FirmFlow" time="0.002" classname="com.att.myprice.testcases.TC04_ASE_Firm_10GB_ErateY">
    <skipped/>
  </testcase> <!-- TC04_ASE_FirmFlow -->
  <testcase name="TC04_ASE_FirmFlow" time="0.001" classname="com.att.myprice.testcases.TC04_ASE_Firm_10GB_ErateY">
    <skipped/>
  </testcase> <!-- TC04_ASE_FirmFlow -->
  <testcase name="TC04_ASE_FirmFlow" time="0.002" classname="com.att.myprice.testcases.TC04_ASE_Firm_10GB_ErateY">
    <skipped/>
  </testcase> <!-- TC04_ASE_FirmFlow -->
  <testcase name="TC04_ASE_FirmFlow" time="0.000" classname="com.att.myprice.testcases.TC04_ASE_Firm_10GB_ErateY">
    <skipped/>
  </testcase> <!-- TC04_ASE_FirmFlow -->
  <testcase name="TC04_ASE_FirmFlow" time="0.001" classname="com.att.myprice.testcases.TC04_ASE_Firm_10GB_ErateY">
    <skipped/>
  </testcase> <!-- TC04_ASE_FirmFlow -->
  <testcase name="TC04_ASE_FirmFlow" time="0.001" classname="com.att.myprice.testcases.TC04_ASE_Firm_10GB_ErateY">
    <skipped/>
  </testcase> <!-- TC04_ASE_FirmFlow -->
  <testcase name="TC04_ASE_FirmFlow" time="0.002" classname="com.att.myprice.testcases.TC04_ASE_Firm_10GB_ErateY">
    <skipped/>
  </testcase> <!-- TC04_ASE_FirmFlow -->
  <testcase name="TC04_ASE_FirmFlow" time="0.015" classname="com.att.myprice.testcases.TC04_ASE_Firm_10GB_ErateY">
    <skipped/>
  </testcase> <!-- TC04_ASE_FirmFlow -->
  <testcase name="TC04_ASE_FirmFlow" time="0.001" classname="com.att.myprice.testcases.TC04_ASE_Firm_10GB_ErateY">
    <skipped/>
  </testcase> <!-- TC04_ASE_FirmFlow -->
  <testcase name="TC04_ASE_FirmFlow" time="0.001" classname="com.att.myprice.testcases.TC04_ASE_Firm_10GB_ErateY">
    <skipped/>
  </testcase> <!-- TC04_ASE_FirmFlow -->
  <testcase name="TC04_ASE_FirmFlow" time="0.001" classname="com.att.myprice.testcases.TC04_ASE_Firm_10GB_ErateY">
    <skipped/>
  </testcase> <!-- TC04_ASE_FirmFlow -->
  <testcase name="TC04_ASE_FirmFlow" time="0.001" classname="com.att.myprice.testcases.TC04_ASE_Firm_10GB_ErateY">
    <skipped/>
  </testcase> <!-- TC04_ASE_FirmFlow -->
  <testcase name="TC04_ASE_FirmFlow" time="0.001" classname="com.att.myprice.testcases.TC04_ASE_Firm_10GB_ErateY">
    <skipped/>
  </testcase> <!-- TC04_ASE_FirmFlow -->
  <testcase name="TC04_ASE_FirmFlow" time="0.000" classname="com.att.myprice.testcases.TC04_ASE_Firm_10GB_ErateY">
    <skipped/>
  </testcase> <!-- TC04_ASE_FirmFlow -->
  <testcase name="TC04_ASE_FirmFlow" time="0.001" classname="com.att.myprice.testcases.TC04_ASE_Firm_10GB_ErateY">
    <skipped/>
  </testcase> <!-- TC04_ASE_FirmFlow -->
  <testcase name="TC04_ASE_FirmFlow" time="0.002" classname="com.att.myprice.testcases.TC04_ASE_Firm_10GB_ErateY">
    <skipped/>
  </testcase> <!-- TC04_ASE_FirmFlow -->
  <testcase name="TC04_ASE_FirmFlow" time="0.001" classname="com.att.myprice.testcases.TC04_ASE_Firm_10GB_ErateY">
    <skipped/>
  </testcase> <!-- TC04_ASE_FirmFlow -->
[...]
    <skipped/>
  </testcase> <!-- TC04_ASE_FirmFlow -->
  <testcase name="TC04_ASE_FirmFlow" time="0.002" classname="com.att.myprice.testcases.TC04_ASE_Firm_10GB_ErateY">
    <skipped/>
  </testcase> <!-- TC04_ASE_FirmFlow -->
  <testcase name="TC04_ASE_FirmFlow" time="0.001" classname="com.att.myprice.testcases.TC04_ASE_Firm_10GB_ErateY">
    <skipped/>
  </testcase> <!-- TC04_ASE_FirmFlow -->
  <testcase name="TC04_ASE_FirmFlow" time="0.002" classname="com.att.myprice.testcases.TC04_ASE_Firm_10GB_ErateY">
    <skipped/>
  </testcase> <!-- TC04_ASE_FirmFlow -->
  <testcase name="TC04_ASE_FirmFlow" time="0.002" classname="com.att.myprice.testcases.TC04_ASE_Firm_10GB_ErateY">
    <skipped/>
  </testcase> <!-- TC04_ASE_FirmFlow -->
  <testcase name="TC04_ASE_FirmFlow" time="0.001" classname="com.att.myprice.testcases.TC04_ASE_Firm_10GB_ErateY">
    <skipped/>
  </testcase> <!-- TC04_ASE_FirmFlow -->
  <testcase name="TC04_ASE_FirmFlow" time="0.000" classname="com.att.myprice.testcases.TC04_ASE_Firm_10GB_ErateY">
    <skipped/>
  </testcase> <!-- TC04_ASE_FirmFlow -->
  <testcase name="TC04_ASE_FirmFlow" time="0.000" classname="com.att.myprice.testcases.TC04_ASE_Firm_10GB_ErateY">
    <skipped/>
  </testcase> <!-- TC04_ASE_FirmFlow -->
  <testcase name="TC04_ASE_FirmFlow" time="0.000" classname="com.att.myprice.testcases.TC04_ASE_Firm_10GB_ErateY">
    <skipped/>
  </testcase> <!-- TC04_ASE_FirmFlow -->
  <testcase name="TC04_ASE_FirmFlow" time="0.001" classname="com.att.myprice.testcases.TC04_ASE_Firm_10GB_ErateY">
    <skipped/>
  </testcase> <!-- TC04_ASE_FirmFlow -->
  <testcase name="TC04_ASE_FirmFlow" time="0.001" classname="com.att.myprice.testcases.TC04_ASE_Firm_10GB_ErateY">
    <skipped/>
  </testcase> <!-- TC04_ASE_FirmFlow -->
  <testcase name="TC04_ASE_FirmFlow" time="0.001" classname="com.att.myprice.testcases.TC04_ASE_Firm_10GB_ErateY">
    <skipped/>
  </testcase> <!-- TC04_ASE_FirmFlow -->
  <testcase name="TC04_ASE_FirmFlow" time="0.002" classname="com.att.myprice.testcases.TC04_ASE_Firm_10GB_ErateY">
    <skipped/>
  </testcase> <!-- TC04_ASE_FirmFlow -->
  <testcase name="TC04_ASE_FirmFlow" time="0.001" classname="com.att.myprice.testcases.TC04_ASE_Firm_10GB_ErateY">
    <skipped/>
  </testcase> <!-- TC04_ASE_FirmFlow -->
  <testcase name="TC04_ASE_FirmFlow" time="0.001" classname="com.att.myprice.testcases.TC04_ASE_Firm_10GB_ErateY">
    <skipped/>
  </testcase> <!-- TC04_ASE_FirmFlow -->
  <testcase name="TC04_ASE_FirmFlow" time="0.002" classname="com.att.myprice.testcases.TC04_ASE_Firm_10GB_ErateY">
    <skipped/>
  </testcase> <!-- TC04_ASE_FirmFlow -->
  <testcase name="TC04_ASE_FirmFlow" time="0.001" classname="com.att.myprice.testcases.TC04_ASE_Firm_10GB_ErateY">
    <skipped/>
  </testcase> <!-- TC04_ASE_FirmFlow -->
  <testcase name="TC04_ASE_FirmFlow" time="0.001" classname="com.att.myprice.testcases.TC04_ASE_Firm_10GB_ErateY">
    <skipped/>
  </testcase> <!-- TC04_ASE_FirmFlow -->
  <testcase name="TC04_ASE_FirmFlow" time="0.001" classname="com.att.myprice.testcases.TC04_ASE_Firm_10GB_ErateY">
    <skipped/>
  </testcase> <!-- TC04_ASE_FirmFlow -->
  <testcase name="TC04_ASE_FirmFlow" time="0.001" classname="com.att.myprice.testcases.TC04_ASE_Firm_10GB_ErateY">
    <skipped/>
  </testcase> <!-- TC04_ASE_FirmFlow -->
  <testcase name="TC04_ASE_FirmFlow" time="0.001" classname="com.att.myprice.testcases.TC04_ASE_Firm_10GB_ErateY">
    <skipped/>
  </testcase> <!-- TC04_ASE_FirmFlow -->
  <testcase name="TC04_ASE_FirmFlow" time="0.001" classname="com.att.myprice.testcases.TC04_ASE_Firm_10GB_ErateY">
    <skipped/>
  </testcase> <!-- TC04_ASE_FirmFlow -->
  <testcase name="TC04_ASE_FirmFlow" time="0.000" classname="com.att.myprice.testcases.TC04_ASE_Firm_10GB_ErateY">
    <skipped/>
  </testcase> <!-- TC04_ASE_FirmFlow -->
  <testcase name="TC04_ASE_FirmFlow" time="0.001" classname="com.att.myprice.testcases.TC04_ASE_Firm_10GB_ErateY">
    <skipped/>
  </testcase> <!-- TC04_ASE_FirmFlow -->
  <testcase name="TC04_ASE_FirmFlow" time="0.001" classname="com.att.myprice.testcases.TC04_ASE_Firm_10GB_ErateY">
    <skipped/>
  </testcase> <!-- TC04_ASE_FirmFlow -->
  <testcase name="TC04_ASE_FirmFlow" time="0.001" classname="com.att.myprice.testcases.TC04_ASE_Firm_10GB_ErateY">
    <skipped/>
  </testcase> <!-- TC04_ASE_FirmFlow -->
  <testcase name="TC04_ASE_FirmFlow" time="0.001" classname="com.att.myprice.testcases.TC04_ASE_Firm_10GB_ErateY">
    <skipped/>
  </testcase> <!-- TC04_ASE_FirmFlow -->
  <testcase name="TC04_ASE_FirmFlow" time="0.001" classname="com.att.myprice.testcases.TC04_ASE_Firm_10GB_ErateY">
    <skipped/>
  </testcase> <!-- TC04_ASE_FirmFlow -->
  <testcase name="TC04_ASE_FirmFlow" time="0.002" classname="com.att.myprice.testcases.TC04_ASE_Firm_10GB_ErateY">
    <skipped/>
  </testcase> <!-- TC04_ASE_FirmFlow -->
  <testcase name="TC04_ASE_FirmFlow" time="0.002" classname="com.att.myprice.testcases.TC04_ASE_Firm_10GB_ErateY">
    <skipped/>
  </testcase> <!-- TC04_ASE_FirmFlow -->
  <testcase name="TC04_ASE_FirmFlow" time="0.001" classname="com.att.myprice.testcases.TC04_ASE_Firm_10GB_ErateY">
    <skipped/>
  </testcase> <!-- TC04_ASE_FirmFlow -->
  <testcase name="TC04_ASE_FirmFlow" time="0.001" classname="com.att.myprice.testcases.TC04_ASE_Firm_10GB_ErateY">
    <skipped/>
  </testcase> <!-- TC04_ASE_FirmFlow -->
  <testcase name="TC04_ASE_FirmFlow" time="0.001" classname="com.att.myprice.testcases.TC04_ASE_Firm_10GB_ErateY">
    <skipped/>
  </testcase> <!-- TC04_ASE_FirmFlow -->
  <testcase name="TC04_ASE_FirmFlow" time="0.000" classname="com.att.myprice.testcases.TC04_ASE_Firm_10GB_ErateY">
    <skipped/>
  </testcase> <!-- TC04_ASE_FirmFlow -->
  <testcase name="TC04_ASE_FirmFlow" time="0.001" classname="com.att.myprice.testcases.TC04_ASE_Firm_10GB_ErateY">
    <skipped/>
  </testcase> <!-- TC04_ASE_FirmFlow -->
  <testcase name="TC04_ASE_FirmFlow" time="0.001" classname="com.att.myprice.testcases.TC04_ASE_Firm_10GB_ErateY">
    <skipped/>
  </testcase> <!-- TC04_ASE_FirmFlow -->
  <testcase name="TC04_ASE_FirmFlow" time="0.001" classname="com.att.myprice.testcases.TC04_ASE_Firm_10GB_ErateY">
    <skipped/>
  </testcase> <!-- TC04_ASE_FirmFlow -->
  <testcase name="TC04_ASE_FirmFlow" time="0.000" classname="com.att.myprice.testcases.TC04_ASE_Firm_10GB_ErateY">
    <skipped/>
  </testcase> <!-- TC04_ASE_FirmFlow -->
  <testcase name="TC04_ASE_FirmFlow" time="0.001" classname="com.att.myprice.testcases.TC04_ASE_Firm_10GB_ErateY">
    <skipped/>
  </testcase> <!-- TC04_ASE_FirmFlow -->
  <testcase name="TC04_ASE_FirmFlow" time="0.002" classname="com.att.myprice.testcases.TC04_ASE_Firm_10GB_ErateY">
    <skipped/>
  </testcase> <!-- TC04_ASE_FirmFlow -->
  <testcase name="TC04_ASE_FirmFlow" time="0.001" classname="com.att.myprice.testcases.TC04_ASE_Firm_10GB_ErateY">
    <skipped/>
  </testcase> <!-- TC04_ASE_FirmFlow -->
  <testcase name="TC04_ASE_FirmFlow" time="0.001" classname="com.att.myprice.testcases.TC04_ASE_Firm_10GB_ErateY">
    <skipped/>
  </testcase> <!-- TC04_ASE_FirmFlow -->
  <testcase name="TC04_ASE_FirmFlow" time="0.001" classname="com.att.myprice.testcases.TC04_ASE_Firm_10GB_ErateY">
    <skipped/>
  </testcase> <!-- TC04_ASE_FirmFlow -->
  <testcase name="TC04_ASE_FirmFlow" time="0.001" classname="com.att.myprice.testcases.TC04_ASE_Firm_10GB_ErateY">
    <skipped/>
  </testcase> <!-- TC04_ASE_FirmFlow -->
  <testcase name="TC04_ASE_FirmFlow" time="0.000" classname="com.att.myprice.testcases.TC04_ASE_Firm_10GB_ErateY">
    <skipped/>
  </testcase> <!-- TC04_ASE_FirmFlow -->
  <testcase name="TC04_ASE_FirmFlow" time="0.001" classname="com.att.myprice.testcases.TC04_ASE_Firm_10GB_ErateY">
    <skipped/>
  </testcase> <!-- TC04_ASE_FirmFlow -->
  <testcase name="TC04_ASE_FirmFlow" time="0.001" classname="com.att.myprice.testcases.TC04_ASE_Firm_10GB_ErateY">
    <skipped/>
  </testcase> <!-- TC04_ASE_FirmFlow -->
  <testcase name="TC04_ASE_FirmFlow" time="0.001" classname="com.att.myprice.testcases.TC04_ASE_Firm_10GB_ErateY">
    <skipped/>
  </testcase> <!-- TC04_ASE_FirmFlow -->
  <testcase name="TC04_ASE_FirmFlow" time="0.001" classname="com.att.myprice.testcases.TC04_ASE_Firm_10GB_ErateY">
    <skipped/>
  </testcase> <!-- TC04_ASE_FirmFlow -->
  <testcase name="TC04_ASE_FirmFlow" time="0.001" classname="com.att.myprice.testcases.TC04_ASE_Firm_10GB_ErateY">
    <skipped/>
  </testcase> <!-- TC04_ASE_FirmFlow -->
  <testcase name="TC04_ASE_FirmFlow" time="0.001" classname="com.att.myprice.testcases.TC04_ASE_Firm_10GB_ErateY">
    <skipped/>
  </testcase> <!-- TC04_ASE_FirmFlow -->
  <testcase name="TC04_ASE_FirmFlow" time="0.001" classname="com.att.myprice.testcases.TC04_ASE_Firm_10GB_ErateY">
    <skipped/>
  </testcase> <!-- TC04_ASE_FirmFlow -->
  <testcase name="TC04_ASE_FirmFlow" time="0.001" classname="com.att.myprice.testcases.TC04_ASE_Firm_10GB_ErateY">
    <skipped/>
  </testcase> <!-- TC04_ASE_FirmFlow -->
  <testcase name="TC04_ASE_FirmFlow" time="0.001" classname="com.att.myprice.testcases.TC04_ASE_Firm_10GB_ErateY">
    <skipped/>
  </testcase> <!-- TC04_ASE_FirmFlow -->
  <testcase name="TC04_ASE_FirmFlow" time="0.001" classname="com.att.myprice.testcases.TC04_ASE_Firm_10GB_ErateY">
    <skipped/>
  </testcase> <!-- TC04_ASE_FirmFlow -->
  <testcase name="TC04_ASE_FirmFlow" time="0.001" classname="com.att.myprice.testcases.TC04_ASE_Firm_10GB_ErateY">
    <skipped/>
  </testcase> <!-- TC04_ASE_FirmFlow -->
  <testcase name="TC04_ASE_FirmFlow" time="0.001" classname="com.att.myprice.testcases.TC04_ASE_Firm_10GB_ErateY">
    <skipped/>
  </testcase> <!-- TC04_ASE_FirmFlow -->
  <testcase name="TC04_ASE_FirmFlow" time="0.001" classname="com.att.myprice.testcases.TC04_ASE_Firm_10GB_ErateY">
    <skipped/>
  </testcase> <!-- TC04_ASE_FirmFlow -->
  <testcase name="TC04_ASE_FirmFlow" time="0.004" classname="com.att.myprice.testcases.TC04_ASE_Firm_10GB_ErateY">
    <skipped/>
  </testcase> <!-- TC04_ASE_FirmFlow -->
  <testcase name="TC04_ASE_FirmFlow" time="0.001" classname="com.att.myprice.testcases.TC04_ASE_Firm_10GB_ErateY">
    <skipped/>
  </testcase> <!-- TC04_ASE_FirmFlow -->
  <testcase name="TC04_ASE_FirmFlow" time="0.001" classname="com.att.myprice.testcases.TC04_ASE_Firm_10GB_ErateY">
    <skipped/>
  </testcase> <!-- TC04_ASE_FirmFlow -->
  <testcase name="TC04_ASE_FirmFlow" time="0.001" classname="com.att.myprice.testcases.TC04_ASE_Firm_10GB_ErateY">
    <skipped/>
  </testcase> <!-- TC04_ASE_FirmFlow -->
  <testcase name="TC04_ASE_FirmFlow" time="0.001" classname="com.att.myprice.testcases.TC04_ASE_Firm_10GB_ErateY">
    <skipped/>
  </testcase> <!-- TC04_ASE_FirmFlow -->
  <testcase name="TC04_ASE_FirmFlow" time="0.000" classname="com.att.myprice.testcases.TC04_ASE_Firm_10GB_ErateY">
    <skipped/>
  </testcase> <!-- TC04_ASE_FirmFlow -->
  <testcase name="TC04_ASE_FirmFlow" time="0.001" classname="com.att.myprice.testcases.TC04_ASE_Firm_10GB_ErateY">
    <skipped/>
  </testcase> <!-- TC04_ASE_FirmFlow -->
  <testcase name="TC04_ASE_FirmFlow" time="0.001" classname="com.att.myprice.testcases.TC04_ASE_Firm_10GB_ErateY">
    <skipped/>
  </testcase> <!-- TC04_ASE_FirmFlow -->
  <testcase name="TC04_ASE_FirmFlow" time="0.000" classname="com.att.myprice.testcases.TC04_ASE_Firm_10GB_ErateY">
    <skipped/>
  </testcase> <!-- TC04_ASE_FirmFlow -->
  <testcase name="TC04_ASE_FirmFlow" time="0.001" classname="com.att.myprice.testcases.TC04_ASE_Firm_10GB_ErateY">
    <skipped/>
  </testcase> <!-- TC04_ASE_FirmFlow -->
  <testcase name="TC04_ASE_FirmFlow" time="0.001" classname="com.att.myprice.testcases.TC04_ASE_Firm_10GB_ErateY">
    <skipped/>
  </testcase> <!-- TC04_ASE_FirmFlow -->
  <testcase name="TC04_ASE_FirmFlow" time="0.078" classname="com.att.myprice.testcases.TC04_ASE_Firm_10GB_ErateY">
    <skipped/>
  </testcase> <!-- TC04_ASE_FirmFlow -->
  <testcase name="TC04_ASE_FirmFlow" time="0.001" classname="com.att.myprice.testcases.TC04_ASE_Firm_10GB_ErateY">
    <skipped/>
  </testcase> <!-- TC04_ASE_FirmFlow -->
  <testcase name="TC04_ASE_FirmFlow" time="0.001" classname="com.att.myprice.testcases.TC04_ASE_Firm_10GB_ErateY">
    <skipped/>
  </testcase> <!-- TC04_ASE_FirmFlow -->
  <testcase name="TC04_ASE_FirmFlow" time="0.001" classname="com.att.myprice.testcases.TC04_ASE_Firm_10GB_ErateY">
    <skipped/>
  </testcase> <!-- TC04_ASE_FirmFlow -->
  <testcase name="TC04_ASE_FirmFlow" time="0.002" classname="com.att.myprice.testcases.TC04_ASE_Firm_10GB_ErateY">
    <skipped/>
  </testcase> <!-- TC04_ASE_FirmFlow -->
  <testcase name="TC04_ASE_FirmFlow" time="0.001" classname="com.att.myprice.testcases.TC04_ASE_Firm_10GB_ErateY">
    <skipped/>
  </testcase> <!-- TC04_ASE_FirmFlow -->
  <testcase name="TC04_ASE_FirmFlow" time="0.001" classname="com.att.myprice.testcases.TC04_ASE_Firm_10GB_ErateY">
    <skipped/>
  </testcase> <!-- TC04_ASE_FirmFlow -->
  <testcase name="TC04_ASE_FirmFlow" time="0.000" classname="com.att.myprice.testcases.TC04_ASE_Firm_10GB_ErateY">
    <skipped/>
  </testcase> <!-- TC04_ASE_FirmFlow -->
  <testcase name="TC04_ASE_FirmFlow" time="0.000" classname="com.att.myprice.testcases.TC04_ASE_Firm_10GB_ErateY">
    <skipped/>
  </testcase> <!-- TC04_ASE_FirmFlow -->
  <testcase name="TC04_ASE_FirmFlow" time="0.003" classname="com.att.myprice.testcases.TC04_ASE_Firm_10GB_ErateY">
    <skipped/>
  </testcase> <!-- TC04_ASE_FirmFlow -->
  <testcase name="TC04_ASE_FirmFlow" time="0.002" classname="com.att.myprice.testcases.TC04_ASE_Firm_10GB_ErateY">
    <skipped/>
  </testcase> <!-- TC04_ASE_FirmFlow -->
  <testcase name="TC04_ASE_FirmFlow" time="0.008" classname="com.att.myprice.testcases.TC04_ASE_Firm_10GB_ErateY">
    <skipped/>
  </testcase> <!-- TC04_ASE_FirmFlow -->
  <testcase name="TC04_ASE_FirmFlow" time="0.001" classname="com.att.myprice.testcases.TC04_ASE_Firm_10GB_ErateY">
    <skipped/>
  </testcase> <!-- TC04_ASE_FirmFlow -->
  <testcase name="TC04_ASE_FirmFlow" time="0.001" classname="com.att.myprice.testcases.TC04_ASE_Firm_10GB_ErateY">
    <skipped/>
  </testcase> <!-- TC04_ASE_FirmFlow -->
  <testcase name="TC04_ASE_FirmFlow" time="0.001" classname="com.att.myprice.testcases.TC04_ASE_Firm_10GB_ErateY">
    <skipped/>
  </testcase> <!-- TC04_ASE_FirmFlow -->
  <testcase name="TC04_ASE_FirmFlow" time="0.000" classname="com.att.myprice.testcases.TC04_ASE_Firm_10GB_ErateY">
    <skipped/>
  </testcase> <!-- TC04_ASE_FirmFlow -->
  <testcase name="TC04_ASE_FirmFlow" time="0.001" classname="com.att.myprice.testcases.TC04_ASE_Firm_10GB_ErateY">
    <skipped/>
  </testcase> <!-- TC04_ASE_FirmFlow -->
  <testcase name="TC04_ASE_FirmFlow" time="0.002" classname="com.att.myprice.testcases.TC04_ASE_Firm_10GB_ErateY">
    <skipped/>
  </testcase> <!-- TC04_ASE_FirmFlow -->
  <testcase name="TC04_ASE_FirmFlow" time="0.002" classname="com.att.myprice.testcases.TC04_ASE_Firm_10GB_ErateY">
    <skipped/>
  </testcase> <!-- TC04_ASE_FirmFlow -->
  <testcase name="TC04_ASE_FirmFlow" time="0.002" classname="com.att.myprice.testcases.TC04_ASE_Firm_10GB_ErateY">
    <skipped/>
  </testcase> <!-- TC04_ASE_FirmFlow -->
  <testcase name="TC04_ASE_FirmFlow" time="0.002" classname="com.att.myprice.testcases.TC04_ASE_Firm_10GB_ErateY">
    <skipped/>
  </testcase> <!-- TC04_ASE_FirmFlow -->
  <testcase name="TC04_ASE_FirmFlow" time="0.001" classname="com.att.myprice.testcases.TC04_ASE_Firm_10GB_ErateY">
    <skipped/>
  </testcase> <!-- TC04_ASE_FirmFlow -->
  <testcase name="TC04_ASE_FirmFlow" time="0.001" classname="com.att.myprice.testcases.TC04_ASE_Firm_10GB_ErateY">
    <skipped/>
  </testcase> <!-- TC04_ASE_FirmFlow -->
  <testcase name="TC04_ASE_FirmFlow" time="0.002" classname="com.att.myprice.testcases.TC04_ASE_Firm_10GB_ErateY">
    <skipped/>
  </testcase> <!-- TC04_ASE_FirmFlow -->
  <testcase name="TC04_ASE_FirmFlow" time="0.001" classname="com.att.myprice.testcases.TC04_ASE_Firm_10GB_ErateY">
    <skipped/>
  </testcase> <!-- TC04_ASE_FirmFlow -->
  <testcase name="TC04_ASE_FirmFlow" time="0.001" classname="com.att.myprice.testcases.TC04_ASE_Firm_10GB_ErateY">
    <skipped/>
  </testcase> <!-- TC04_ASE_FirmFlow -->
  <testcase name="TC04_ASE_FirmFlow" time="0.001" classname="com.att.myprice.testcases.TC04_ASE_Firm_10GB_ErateY">
    <skipped/>
  </testcase> <!-- TC04_ASE_FirmFlow -->
  <testcase name="TC04_ASE_FirmFlow" time="0.001" classname="com.att.myprice.testcases.TC04_ASE_Firm_10GB_ErateY">
    <skipped/>
  </testcase> <!-- TC04_ASE_FirmFlow -->
  <testcase name="TC04_ASE_FirmFlow" time="0.001" classname="com.att.myprice.testcases.TC04_ASE_Firm_10GB_ErateY">
    <skipped/>
  </testcase> <!-- TC04_ASE_FirmFlow -->
  <testcase name="TC04_ASE_FirmFlow" time="0.002" classname="com.att.myprice.testcases.TC04_ASE_Firm_10GB_ErateY">
    <skipped/>
  </testcase> <!-- TC04_ASE_FirmFlow -->
  <testcase name="TC04_ASE_FirmFlow" time="0.001" classname="com.att.myprice.testcases.TC04_ASE_Firm_10GB_ErateY">
    <skipped/>
  </testcase> <!-- TC04_ASE_FirmFlow -->
  <testcase name="TC04_ASE_FirmFlow" time="0.001" classname="com.att.myprice.testcases.TC04_ASE_Firm_10GB_ErateY">
    <skipped/>
  </testcase> <!-- TC04_ASE_FirmFlow -->
  <testcase name="TC04_ASE_FirmFlow" time="0.001" classname="com.att.myprice.testcases.TC04_ASE_Firm_10GB_ErateY">
    <skipped/>
  </testcase> <!-- TC04_ASE_FirmFlow -->
  <testcase name="TC04_ASE_FirmFlow" time="0.001" classname="com.att.myprice.testcases.TC04_ASE_Firm_10GB_ErateY">
    <skipped/>
  </testcase> <!-- TC04_ASE_FirmFlow -->
  <testcase name="TC04_ASE_FirmFlow" time="0.002" classname="com.att.myprice.testcases.TC04_ASE_Firm_10GB_ErateY">
    <skipped/>
  </testcase> <!-- TC04_ASE_FirmFlow -->
  <testcase name="TC04_ASE_FirmFlow" time="0.001" classname="com.att.myprice.testcases.TC04_ASE_Firm_10GB_ErateY">
    <skipped/>
  </testcase> <!-- TC04_ASE_FirmFlow -->
  <testcase name="TC04_ASE_FirmFlow" time="0.000" classname="com.att.myprice.testcases.TC04_ASE_Firm_10GB_ErateY">
    <skipped/>
  </testcase> <!-- TC04_ASE_FirmFlow -->
  <testcase name="TC04_ASE_FirmFlow" time="0.001" classname="com.att.myprice.testcases.TC04_ASE_Firm_10GB_ErateY">
    <skipped/>
  </testcase> <!-- TC04_ASE_FirmFlow -->
  <testcase name="TC04_ASE_FirmFlow" time="0.001" classname="com.att.myprice.testcases.TC04_ASE_Firm_10GB_ErateY">
    <skipped/>
  </testcase> <!-- TC04_ASE_FirmFlow -->
  <testcase name="TC04_ASE_FirmFlow" time="0.004" classname="com.att.myprice.testcases.TC04_ASE_Firm_10GB_ErateY">
    <skipped/>
  </testcase> <!-- TC04_ASE_FirmFlow -->
  <testcase name="TC04_ASE_FirmFlow" time="0.001" classname="com.att.myprice.testcases.TC04_ASE_Firm_10GB_ErateY">
    <skipped/>
  </testcase> <!-- TC04_ASE_FirmFlow -->
  <testcase name="TC04_ASE_FirmFlow" time="0.001" classname="com.att.myprice.testcases.TC04_ASE_Firm_10GB_ErateY">
    <skipped/>
  </testcase> <!-- TC04_ASE_FirmFlow -->
  <testcase name="TC04_ASE_FirmFlow" time="0.001" classname="com.att.myprice.testcases.TC04_ASE_Firm_10GB_ErateY">
    <skipped/>
  </testcase> <!-- TC04_ASE_FirmFlow -->
  <testcase name="TC04_ASE_FirmFlow" time="0.004" classname="com.att.myprice.testcases.TC04_ASE_Firm_10GB_ErateY">
    <skipped/>
  </testcase> <!-- TC04_ASE_FirmFlow -->
  <testcase name="TC04_ASE_FirmFlow" time="0.001" classname="com.att.myprice.testcases.TC04_ASE_Firm_10GB_ErateY">
    <skipped/>
  </testcase> <!-- TC04_ASE_FirmFlow -->
  <testcase name="TC04_ASE_FirmFlow" time="0.001" classname="com.att.myprice.testcases.TC04_ASE_Firm_10GB_ErateY">
    <skipped/>
  </testcase> <!-- TC04_ASE_FirmFlow -->
  <testcase name="TC04_ASE_FirmFlow" time="0.000" classname="com.att.myprice.testcases.TC04_ASE_Firm_10GB_ErateY">
    <skipped/>
  </testcase> <!-- TC04_ASE_FirmFlow -->
  <testcase name="TC04_ASE_FirmFlow" time="0.000" classname="com.att.myprice.testcases.TC04_ASE_Firm_10GB_ErateY">
    <skipped/>
  </testcase> <!-- TC04_ASE_FirmFlow -->
</testsuite> <!-- com.att.myprice.testcases.TC04_ASE_Firm_10GB_ErateY -->
