<?xml version="1.0" encoding="UTF-8"?>
<testsuite name="Lemonade Test Cases"
           tests="29"
           failures="0"
           errors="0"
           skipped="29"
           time="4.834">
  <properties />
  
            <testcase name="TC08_Contacts_Admin_Flow" time="0.0" classname="com.att.lemonade.testcases.TC08_Contacts_Admin">
          <skipped />
    </testcase>
            <testcase name="TC08_Contacts_Admin_Flow" time="0.0" classname="com.att.lemonade.testcases.TC08_Contacts_Admin">
          <skipped />
    </testcase>
            <testcase name="TC08_Contacts_Admin_Flow" time="0.0" classname="com.att.lemonade.testcases.TC08_Contacts_Admin">
          <skipped />
    </testcase>
            <testcase name="TC08_Contacts_Admin_Flow" time="0.0" classname="com.att.lemonade.testcases.TC08_Contacts_Admin">
          <skipped />
    </testcase>
            <testcase name="TC08_Contacts_Admin_Flow" time="0.0" classname="com.att.lemonade.testcases.TC08_Contacts_Admin">
          <skipped />
    </testcase>
            <testcase name="TC08_Contacts_Admin_Flow" time="0.0" classname="com.att.lemonade.testcases.TC08_Contacts_Admin">
          <skipped />
    </testcase>
            <testcase name="TC08_Contacts_Admin_Flow" time="0.0" classname="com.att.lemonade.testcases.TC08_Contacts_Admin">
          <skipped />
    </testcase>
            <testcase name="TC08_Contacts_Admin_Flow" time="0.0" classname="com.att.lemonade.testcases.TC08_Contacts_Admin">
          <skipped />
    </testcase>
            <testcase name="TC08_Contacts_Admin_Flow" time="0.0" classname="com.att.lemonade.testcases.TC08_Contacts_Admin">
          <skipped />
    </testcase>
            <testcase name="TC08_Contacts_Admin_Flow" time="0.0" classname="com.att.lemonade.testcases.TC08_Contacts_Admin">
          <skipped />
    </testcase>
            <testcase name="TC08_Contacts_Admin_Flow" time="0.0" classname="com.att.lemonade.testcases.TC08_Contacts_Admin">
          <skipped />
    </testcase>
            <testcase name="TC08_Contacts_Admin_Flow" time="0.0" classname="com.att.lemonade.testcases.TC08_Contacts_Admin">
          <skipped />
    </testcase>
            <testcase name="TC08_Contacts_Admin_Flow" time="0.0" classname="com.att.lemonade.testcases.TC08_Contacts_Admin">
          <skipped />
    </testcase>
            <testcase name="TC08_Contacts_Admin_Flow" time="0.0" classname="com.att.lemonade.testcases.TC08_Contacts_Admin">
          <skipped />
    </testcase>
            <testcase name="TC08_Contacts_Admin_Flow" time="0.0" classname="com.att.lemonade.testcases.TC08_Contacts_Admin">
          <skipped />
    </testcase>
            <testcase name="TC08_Contacts_Admin_Flow" time="0.0" classname="com.att.lemonade.testcases.TC08_Contacts_Admin">
          <skipped />
    </testcase>
            <testcase name="TC08_Contacts_Admin_Flow" time="0.0" classname="com.att.lemonade.testcases.TC08_Contacts_Admin">
          <skipped />
    </testcase>
            <testcase name="TC08_Contacts_Admin_Flow" time="0.0" classname="com.att.lemonade.testcases.TC08_Contacts_Admin">
          <skipped />
    </testcase>
            <testcase name="TC08_Contacts_Admin_Flow" time="0.0" classname="com.att.lemonade.testcases.TC08_Contacts_Admin">
          <skipped />
    </testcase>
            <testcase name="TC08_Contacts_Admin_Flow" time="0.0" classname="com.att.lemonade.testcases.TC08_Contacts_Admin">
          <skipped />
    </testcase>
            <testcase name="TC08_Contacts_Admin_Flow" time="0.0" classname="com.att.lemonade.testcases.TC08_Contacts_Admin">
          <skipped />
    </testcase>
            <testcase name="TC08_Contacts_Admin_Flow" time="0.0" classname="com.att.lemonade.testcases.TC08_Contacts_Admin">
          <skipped />
    </testcase>
            <testcase name="TC08_Contacts_Admin_Flow" time="0.0" classname="com.att.lemonade.testcases.TC08_Contacts_Admin">
          <skipped />
    </testcase>
            <testcase name="TC08_Contacts_Admin_Flow" time="0.0" classname="com.att.lemonade.testcases.TC08_Contacts_Admin">
          <skipped />
    </testcase>
            <testcase name="TC08_Contacts_Admin_Flow" time="0.0" classname="com.att.lemonade.testcases.TC08_Contacts_Admin">
          <skipped />
    </testcase>
            <testcase name="TC08_Contacts_Admin_Flow" time="0.0" classname="com.att.lemonade.testcases.TC08_Contacts_Admin">
          <skipped />
    </testcase>
            <testcase name="TC08_Contacts_Admin_Flow" time="0.0" classname="com.att.lemonade.testcases.TC08_Contacts_Admin">
          <skipped />
    </testcase>
            <testcase name="TC08_Contacts_Admin_Flow" time="0.0" classname="com.att.lemonade.testcases.TC08_Contacts_Admin">
          <skipped />
    </testcase>
            <testcase name="TC08_Contacts_Admin_Flow" time="0.0" classname="com.att.lemonade.testcases.TC08_Contacts_Admin">
          <skipped />
    </testcase>
  
  
</testsuite>
